2018-11-15 10:36:59.703 [main] INFO  com.winterchen.Springboot2MybatisDemoApplication - Starting Springboot2MybatisDemoApplication on yangfengdeMacBook-Pro.local with PID 95136 (/Users/yangfeng/plugs/important/w_lunwen/newJava/w-java-manage/target/classes started by yangfeng in /Users/yangfeng/plugs/important/w_lunwen/newJava/w-java-manage)
2018-11-15 10:36:59.708 [main] DEBUG com.winterchen.Springboot2MybatisDemoApplication - Running with Spring Boot v2.0.1.RELEASE, Spring v5.0.5.RELEASE
2018-11-15 10:36:59.710 [main] INFO  com.winterchen.Springboot2MybatisDemoApplication - No active profile set, falling back to default profiles: default
2018-11-15 10:36:59.819 [main] INFO  o.s.b.w.s.c.AnnotationConfigServletWebServerApplicationContext - Refreshing org.springframework.boot.web.servlet.context.AnnotationConfigServletWebServerApplicationContext@5f7b97da: startup date [Thu Nov 15 10:36:59 CST 2018]; root of context hierarchy
2018-11-15 10:37:01.326 [main] INFO  o.s.c.s.PostProcessorRegistrationDelegate$BeanPostProcessorChecker - Bean 'org.springframework.transaction.annotation.ProxyTransactionManagementConfiguration' of type [org.springframework.transaction.annotation.ProxyTransactionManagementConfiguration$$EnhancerBySpringCGLIB$$5a4c5512] is not eligible for getting processed by all BeanPostProcessors (for example: not eligible for auto-proxying)
2018-11-15 10:37:01.949 [main] INFO  o.s.boot.web.embedded.tomcat.TomcatWebServer - Tomcat initialized with port(s): 8099 (http)
2018-11-15 10:37:01.967 [main] INFO  org.apache.coyote.http11.Http11NioProtocol - Initializing ProtocolHandler ["http-nio-8099"]
2018-11-15 10:37:01.976 [main] INFO  org.apache.catalina.core.StandardService - Starting service [Tomcat]
2018-11-15 10:37:01.976 [main] INFO  org.apache.catalina.core.StandardEngine - Starting Servlet Engine: Apache Tomcat/8.5.29
2018-11-15 10:37:01.981 [localhost-startStop-1] INFO  org.apache.catalina.core.AprLifecycleListener - The APR based Apache Tomcat Native library which allows optimal performance in production environments was not found on the java.library.path: [/Users/yangfeng/Library/Java/Extensions:/Library/Java/Extensions:/Network/Library/Java/Extensions:/System/Library/Java/Extensions:/usr/lib/java:.]
2018-11-15 10:37:01.988 [localhost-startStop-1] WARN  org.apache.catalina.core.StandardContext - Failed to create work directory [/data/apps/temp/work/Tomcat/localhost/ROOT] for context []
2018-11-15 10:37:02.074 [localhost-startStop-1] INFO  o.a.c.core.ContainerBase.[Tomcat].[localhost].[/] - Initializing Spring embedded WebApplicationContext
2018-11-15 10:37:02.074 [localhost-startStop-1] INFO  org.springframework.web.context.ContextLoader - Root WebApplicationContext: initialization completed in 2255 ms
2018-11-15 10:37:02.476 [localhost-startStop-1] INFO  o.s.boot.web.servlet.ServletRegistrationBean - Servlet dispatcherServlet mapped to [/]
2018-11-15 10:37:02.478 [localhost-startStop-1] INFO  o.s.boot.web.servlet.ServletRegistrationBean - Servlet statViewServlet mapped to [/druid/*]
2018-11-15 10:37:02.481 [localhost-startStop-1] INFO  o.s.boot.web.servlet.FilterRegistrationBean - Mapping filter: 'characterEncodingFilter' to: [/*]
2018-11-15 10:37:02.481 [localhost-startStop-1] INFO  o.s.boot.web.servlet.FilterRegistrationBean - Mapping filter: 'hiddenHttpMethodFilter' to: [/*]
2018-11-15 10:37:02.482 [localhost-startStop-1] INFO  o.s.boot.web.servlet.FilterRegistrationBean - Mapping filter: 'httpPutFormContentFilter' to: [/*]
2018-11-15 10:37:02.482 [localhost-startStop-1] INFO  o.s.boot.web.servlet.FilterRegistrationBean - Mapping filter: 'requestContextFilter' to: [/*]
2018-11-15 10:37:02.482 [localhost-startStop-1] INFO  o.s.boot.web.servlet.FilterRegistrationBean - Mapping filter: 'webStatFilter' to urls: [/*]
2018-11-15 10:37:02.482 [localhost-startStop-1] INFO  o.s.boot.web.servlet.FilterRegistrationBean - Mapping filter: 'corsFilter' to: [/*]
2018-11-15 10:37:02.557 [main] INFO  c.a.d.s.b.a.DruidDataSourceAutoConfigure - Init DruidDataSource
2018-11-15 10:37:03.388 [main] INFO  com.alibaba.druid.pool.DruidDataSource - {dataSource-1} inited
2018-11-15 10:37:04.622 [main] INFO  o.s.w.s.m.m.a.RequestMappingHandlerMapping - Mapped "{[/account/vlogin],methods=[POST]}" onto public java.util.Map<java.lang.String, java.lang.Object> com.winterchen.controller.AccountController.ilogin(java.lang.String,java.lang.String)
2018-11-15 10:37:04.623 [main] INFO  o.s.w.s.m.m.a.RequestMappingHandlerMapping - Mapped "{[/account/delAccount],methods=[POST]}" onto public java.util.Map<java.lang.String, java.lang.Object> com.winterchen.controller.AccountController.delAccount(java.lang.Integer)
2018-11-15 10:37:04.624 [main] INFO  o.s.w.s.m.m.a.RequestMappingHandlerMapping - Mapped "{[/account/deleteAccount],methods=[POST]}" onto public java.util.Map<java.lang.String, java.lang.Object> com.winterchen.controller.AccountController.deleteAccount(java.lang.String)
2018-11-15 10:37:04.624 [main] INFO  o.s.w.s.m.m.a.RequestMappingHandlerMapping - Mapped "{[/account/AddEditAccount],methods=[POST]}" onto public java.util.Map<java.lang.String, java.lang.Object> com.winterchen.controller.AccountController.AddEditAccount(com.winterchen.model.AccountDomain)
2018-11-15 10:37:04.624 [main] INFO  o.s.w.s.m.m.a.RequestMappingHandlerMapping - Mapped "{[/account/allAccount],methods=[GET]}" onto public java.lang.Object com.winterchen.controller.AccountController.allAccount(int,int)
2018-11-15 10:37:04.625 [main] INFO  o.s.w.s.m.m.a.RequestMappingHandlerMapping - Mapped "{[/account/updatePwd],methods=[POST]}" onto public java.util.Map<java.lang.String, java.lang.Object> com.winterchen.controller.AccountController.updatePwd(java.lang.String,java.lang.String,java.lang.String)
2018-11-15 10:37:04.625 [main] INFO  o.s.w.s.m.m.a.RequestMappingHandlerMapping - Mapped "{[/article/getList],methods=[GET]}" onto public java.util.List<com.winterchen.model.ArticleTypeDomain> com.winterchen.controller.ArticleTypeController.getList(java.lang.String)
2018-11-15 10:37:04.628 [main] INFO  o.s.w.s.m.m.a.RequestMappingHandlerMapping - Mapped "{[/bulletin/saveBulletin],methods=[POST]}" onto public java.util.Map<java.lang.String, java.lang.Object> com.winterchen.controller.BulletinController.WithdrawInfo(com.winterchen.model.Bulletin) throws java.lang.Exception
2018-11-15 10:37:04.628 [main] INFO  o.s.w.s.m.m.a.RequestMappingHandlerMapping - Mapped "{[/bulletin/listBulletin],methods=[POST]}" onto public java.lang.Object com.winterchen.controller.BulletinController.selectWithdraws(java.util.Map<java.lang.String, java.lang.Object>) throws java.lang.Exception
2018-11-15 10:37:04.629 [main] INFO  o.s.w.s.m.m.a.RequestMappingHandlerMapping - Mapped "{[/bulletin/updateBulletin],methods=[POST]}" onto public java.util.Map<java.lang.String, java.lang.Object> com.winterchen.controller.BulletinController.updateBulletinInfo(com.winterchen.model.Bulletin) throws java.lang.Exception
2018-11-15 10:37:04.630 [main] INFO  o.s.w.s.m.m.a.RequestMappingHandlerMapping - Mapped "{[/capitalDetail/saveCapitalDetail],methods=[POST]}" onto public java.util.Map<java.lang.String, java.lang.Object> com.winterchen.controller.CapitalDetailController.CapitalDetailInfo(com.winterchen.model.CapitalDetail) throws java.lang.Exception
2018-11-15 10:37:04.631 [main] INFO  o.s.w.s.m.m.a.RequestMappingHandlerMapping - Mapped "{[/capitalDetail/listCapitalDetail],methods=[POST]}" onto public java.lang.Object com.winterchen.controller.CapitalDetailController.selectCapitalDetails(java.util.Map<java.lang.String, java.lang.Object>) throws java.lang.Exception
2018-11-15 10:37:04.632 [main] INFO  o.s.w.s.m.m.a.RequestMappingHandlerMapping - Mapped "{[/dl/select],methods=[GET]}" onto public java.util.Map<java.lang.String, java.lang.Object> com.winterchen.controller.DLManageController.select(int,int,java.lang.String)
2018-11-15 10:37:04.632 [main] INFO  o.s.w.s.m.m.a.RequestMappingHandlerMapping - Mapped "{[/email/htmlEmail]}" onto public com.winterchen.util.email.result.ServerResponse com.winterchen.controller.EmailController.htmlEmail(java.lang.String,java.lang.String,java.lang.String,java.lang.String,java.lang.String,int)
2018-11-15 10:37:04.634 [main] INFO  o.s.w.s.m.m.a.RequestMappingHandlerMapping - Mapped "{[/test4],methods=[GET]}" onto public java.lang.String com.winterchen.controller.ExceptionController.test4()
2018-11-15 10:37:04.635 [main] INFO  o.s.w.s.m.m.a.RequestMappingHandlerMapping - Mapped "{[/test2],methods=[GET]}" onto public java.util.Map<java.lang.String, java.lang.String> com.winterchen.controller.ExceptionController.test2()
2018-11-15 10:37:04.635 [main] INFO  o.s.w.s.m.m.a.RequestMappingHandlerMapping - Mapped "{[/test1],methods=[GET]}" onto public java.lang.String com.winterchen.controller.ExceptionController.test1()
2018-11-15 10:37:04.635 [main] INFO  o.s.w.s.m.m.a.RequestMappingHandlerMapping - Mapped "{[/post2],methods=[POST]}" onto public int com.winterchen.controller.ExceptionController.post2(int)
2018-11-15 10:37:04.636 [main] INFO  o.s.w.s.m.m.a.RequestMappingHandlerMapping - Mapped "{[/test3],methods=[GET]}" onto public java.lang.String com.winterchen.controller.ExceptionController.test3(java.lang.Integer)
2018-11-15 10:37:04.636 [main] INFO  o.s.w.s.m.m.a.RequestMappingHandlerMapping - Mapped "{[/post1],methods=[POST]}" onto public int com.winterchen.controller.ExceptionController.post1(int)
2018-11-15 10:37:04.636 [main] INFO  o.s.w.s.m.m.a.RequestMappingHandlerMapping - Mapped "{[/yf1],methods=[GET]}" onto public int com.winterchen.controller.ExceptionController.yf1(int)
2018-11-15 10:37:04.637 [main] INFO  o.s.w.s.m.m.a.RequestMappingHandlerMapping - Mapped "{[/yf2],methods=[GET]}" onto public int com.winterchen.controller.ExceptionController.yf2(int)
2018-11-15 10:37:04.637 [main] INFO  o.s.w.s.m.m.a.RequestMappingHandlerMapping - Mapped "{[/yf11/{id}],methods=[GET]}" onto public int com.winterchen.controller.ExceptionController.yf11(int)
2018-11-15 10:37:04.637 [main] INFO  o.s.w.s.m.m.a.RequestMappingHandlerMapping - Mapped "{[/post0],methods=[POST]}" onto public int com.winterchen.controller.ExceptionController.post0(int)
2018-11-15 10:37:04.637 [main] INFO  o.s.w.s.m.m.a.RequestMappingHandlerMapping - Mapped "{[/yf0],methods=[GET]}" onto public int com.winterchen.controller.ExceptionController.yf0(int)
2018-11-15 10:37:04.642 [main] INFO  o.s.w.s.m.m.a.RequestMappingHandlerMapping - Mapped "{[/uploads/index.html],methods=[GET]}" onto public java.lang.String com.winterchen.controller.FileUploadController.index()
2018-11-15 10:37:04.643 [main] INFO  o.s.w.s.m.m.a.RequestMappingHandlerMapping - Mapped "{[/uploads/down.html],methods=[GET]}" onto public java.lang.String com.winterchen.controller.FileUploadController.down()
2018-11-15 10:37:04.644 [main] INFO  o.s.w.s.m.m.a.RequestMappingHandlerMapping - Mapped "{[/uploads/teacher.html],methods=[GET]}" onto public java.lang.String com.winterchen.controller.FileUploadController.teacher()
2018-11-15 10:37:04.644 [main] INFO  o.s.w.s.m.m.a.RequestMappingHandlerMapping - Mapped "{[/uploads/upload1],methods=[POST]}" onto public java.util.Map<java.lang.String, java.lang.String> com.winterchen.controller.FileUploadController.upload1(org.springframework.web.multipart.MultipartFile,java.lang.String,java.lang.String,javax.servlet.http.HttpServletRequest) throws java.io.IOException
2018-11-15 10:37:04.645 [main] INFO  o.s.w.s.m.m.a.RequestMappingHandlerMapping - Mapped "{[/uploads/upload_1],methods=[POST]}" onto public java.util.Map<java.lang.String, java.lang.String> com.winterchen.controller.FileUploadController.upload_1(org.springframework.web.multipart.MultipartFile,java.lang.String,java.lang.String,javax.servlet.http.HttpServletRequest) throws java.io.IOException
2018-11-15 10:37:04.645 [main] INFO  o.s.w.s.m.m.a.RequestMappingHandlerMapping - Mapped "{[/uploads/userDownLoad],methods=[POST]}" onto public java.util.Map<java.lang.String, java.lang.Object> com.winterchen.controller.FileUploadController.userDownLoad(java.lang.String,java.lang.String,javax.servlet.http.HttpServletRequest) throws java.io.IOException
2018-11-15 10:37:04.646 [main] INFO  o.s.w.s.m.m.a.RequestMappingHandlerMapping - Mapped "{[/uploads/getUserFile],methods=[POST]}" onto public java.util.Map<java.lang.String, java.lang.Object> com.winterchen.controller.FileUploadController.getUserFile(java.lang.String,java.lang.String,javax.servlet.http.HttpServletRequest) throws java.io.IOException
2018-11-15 10:37:04.646 [main] INFO  o.s.w.s.m.m.a.RequestMappingHandlerMapping - Mapped "{[/uploads/upload2],methods=[POST]}" onto public java.util.List<java.util.Map<java.lang.String, java.lang.String>> com.winterchen.controller.FileUploadController.upload2(org.springframework.web.multipart.MultipartFile[]) throws java.io.IOException
2018-11-15 10:37:04.647 [main] INFO  o.s.w.s.m.m.a.RequestMappingHandlerMapping - Mapped "{[/uploads/upload3],methods=[POST]}" onto public void com.winterchen.controller.FileUploadController.upload2(java.lang.String) throws java.io.IOException
2018-11-15 10:37:04.648 [main] INFO  o.s.w.s.m.m.a.RequestMappingHandlerMapping - Mapped "{[/account/getPhone],methods=[POST]}" onto public java.lang.Object com.winterchen.controller.GetPhoneController.JsonResult(java.lang.String,java.lang.String,java.lang.String)
2018-11-15 10:37:04.651 [main] INFO  o.s.w.s.m.m.a.RequestMappingHandlerMapping - Mapped "{[/record/select],methods=[GET]}" onto public java.util.Map<java.lang.String, java.lang.Object> com.winterchen.controller.IntegralRecordController.select(int,int,java.lang.String)
2018-11-15 10:37:04.651 [main] INFO  o.s.w.s.m.m.a.RequestMappingHandlerMapping - Mapped "{[/record/outInter],methods=[GET]}" onto public java.util.Map<java.lang.String, java.lang.Object> com.winterchen.controller.IntegralRecordController.outInter(int,int,java.lang.String)
2018-11-15 10:37:04.652 [main] INFO  o.s.w.s.m.m.a.RequestMappingHandlerMapping - Mapped "{[/log/list],methods=[GET]}" onto public java.lang.Object com.winterchen.controller.LogController.findAllLog(int,int)
2018-11-15 10:37:04.656 [main] INFO  o.s.w.s.m.m.a.RequestMappingHandlerMapping - Mapped "{[/wx/api/list],methods=[GET]}" onto public java.util.Map<java.lang.String, java.lang.Object> com.winterchen.controller.OrderInfoController.list(int,int,int,java.lang.String,java.lang.String,int,java.lang.String)
2018-11-15 10:37:04.656 [main] INFO  o.s.w.s.m.m.a.RequestMappingHandlerMapping - Mapped "{[/wx/api/insert],methods=[POST]}" onto public java.util.Map<java.lang.String, java.lang.Object> com.winterchen.controller.OrderInfoController.insert(com.winterchen.model.OrderInfoDomain)
2018-11-15 10:37:04.657 [main] INFO  o.s.w.s.m.m.a.RequestMappingHandlerMapping - Mapped "{[/wx/api/status],methods=[GET]}" onto public java.util.Map<java.lang.String, java.lang.Object> com.winterchen.controller.OrderInfoController.status(java.lang.String,int)
2018-11-15 10:37:04.657 [main] INFO  o.s.w.s.m.m.a.RequestMappingHandlerMapping - Mapped "{[/wx/api/getOrder],methods=[GET]}" onto public java.lang.Object com.winterchen.controller.OrderInfoController.getOrder(java.lang.String,java.lang.String)
2018-11-15 10:37:04.657 [main] INFO  o.s.w.s.m.m.a.RequestMappingHandlerMapping - Mapped "{[/wx/api/orderDetail],methods=[GET]}" onto public java.lang.Object com.winterchen.controller.OrderInfoController.orderDetail(java.lang.String)
2018-11-15 10:37:04.658 [main] INFO  o.s.w.s.m.m.a.RequestMappingHandlerMapping - Mapped "{[/wx/api/getMoney],methods=[GET]}" onto public java.util.Map<java.lang.String, java.lang.Integer> com.winterchen.controller.OrderInfoController.getMoney(java.lang.String)
2018-11-15 10:37:04.658 [main] INFO  o.s.w.s.m.m.a.RequestMappingHandlerMapping - Mapped "{[/wx/api/closeOrder],methods=[GET]}" onto public java.util.Map<java.lang.String, java.lang.Object> com.winterchen.controller.OrderInfoController.closeOrder(java.lang.String)
2018-11-15 10:37:04.658 [main] INFO  o.s.w.s.m.m.a.RequestMappingHandlerMapping - Mapped "{[/wx/api/robOrder],methods=[GET]}" onto public java.util.Map<java.lang.String, java.lang.Object> com.winterchen.controller.OrderInfoController.robOrder(java.lang.String,java.lang.String)
2018-11-15 10:37:04.658 [main] INFO  o.s.w.s.m.m.a.RequestMappingHandlerMapping - Mapped "{[/wx/api/getUserStatistics],methods=[GET]}" onto public java.lang.Object com.winterchen.controller.OrderInfoController.getUserStatistics(java.lang.String)
2018-11-15 10:37:04.659 [main] INFO  o.s.w.s.m.m.a.RequestMappingHandlerMapping - Mapped "{[/wx/api/getAgentStatistics],methods=[GET]}" onto public java.lang.Object com.winterchen.controller.OrderInfoController.getAgentStatistics(java.lang.String)
2018-11-15 10:37:04.659 [main] INFO  o.s.w.s.m.m.a.RequestMappingHandlerMapping - Mapped "{[/wx/api/returno],methods=[GET]}" onto public java.util.Map<java.lang.String, java.lang.Object> com.winterchen.controller.OrderInfoController.returno(java.lang.String,int,int)
2018-11-15 10:37:04.659 [main] INFO  o.s.w.s.m.m.a.RequestMappingHandlerMapping - Mapped "{[/wx/api/fpTeacher],methods=[GET]}" onto public java.util.Map<java.lang.String, java.lang.Object> com.winterchen.controller.OrderInfoController.fpTeacher(java.lang.String,java.lang.String)
2018-11-15 10:37:04.660 [main] INFO  o.s.w.s.m.m.a.RequestMappingHandlerMapping - Mapped "{[/wx/api/confirm],methods=[POST]}" onto public java.util.Map<java.lang.String, java.lang.Object> com.winterchen.controller.OrderInfoController.confirm(java.lang.String,java.lang.String) throws java.lang.Exception
2018-11-15 10:37:04.660 [main] INFO  o.s.w.s.m.m.a.RequestMappingHandlerMapping - Mapped "{[/wx/api/getUserStatisticsBalance],methods=[GET]}" onto public java.lang.Double com.winterchen.controller.OrderInfoController.getUserStatisticsBalance(java.lang.String) throws java.lang.Exception
2018-11-15 10:37:04.660 [main] INFO  o.s.w.s.m.m.a.RequestMappingHandlerMapping - Mapped "{[/wx/api/getStatus],methods=[GET]}" onto public java.util.Map<java.lang.String, java.lang.Object> com.winterchen.controller.OrderInfoController.getStatus(java.lang.String)
2018-11-15 10:37:04.662 [main] INFO  o.s.w.s.m.m.a.RequestMappingHandlerMapping - Mapped "{[/order/list],methods=[GET]}" onto public java.util.Map<java.lang.String, java.lang.Object> com.winterchen.controller.OrderManageController.list(int,int,int,java.lang.String,int,int,java.lang.String,java.lang.String,java.lang.String)
2018-11-15 10:37:04.662 [main] INFO  o.s.w.s.m.m.a.RequestMappingHandlerMapping - Mapped "{[/order/list7],methods=[GET]}" onto public java.util.Map<java.lang.String, java.lang.Object> com.winterchen.controller.OrderManageController.list7(int,int,java.lang.String,java.lang.String,java.lang.String)
2018-11-15 10:37:04.662 [main] INFO  o.s.w.s.m.m.a.RequestMappingHandlerMapping - Mapped "{[/order/show],methods=[GET]}" onto public java.util.Map<java.lang.String, java.lang.Object> com.winterchen.controller.OrderManageController.show(java.lang.String,java.lang.String)
2018-11-15 10:37:04.662 [main] INFO  o.s.w.s.m.m.a.RequestMappingHandlerMapping - Mapped "{[/order/getTeachInfo],methods=[GET]}" onto public java.lang.Object com.winterchen.controller.OrderManageController.getTeachInfo(java.lang.String)
2018-11-15 10:37:04.663 [main] INFO  o.s.w.s.m.m.a.RequestMappingHandlerMapping - Mapped "{[/wx/api/evaluate],methods=[POST]}" onto public java.util.Map<java.lang.String, java.lang.Object> com.winterchen.controller.OrderPxController.evaluate(com.winterchen.model.OrderPxDomain)
2018-11-15 10:37:04.664 [main] INFO  o.s.w.s.m.m.a.RequestMappingHandlerMapping - Mapped "{[/money/list],methods=[GET]}" onto public java.util.Map<java.lang.String, java.lang.Object> com.winterchen.controller.ProportionController.list()
2018-11-15 10:37:04.664 [main] INFO  o.s.w.s.m.m.a.RequestMappingHandlerMapping - Mapped "{[/money/fp],methods=[POST]}" onto public java.util.Map<java.lang.String, java.lang.Object> com.winterchen.controller.ProportionController.fp(com.winterchen.model.ProportionDomain)
2018-11-15 10:37:04.665 [main] INFO  o.s.w.s.m.m.a.RequestMappingHandlerMapping - Mapped "{[/evaluate/info],methods=[GET]}" onto public java.lang.Object com.winterchen.controller.PxInfoController.info(java.lang.String)
2018-11-15 10:37:04.667 [main] INFO  o.s.w.s.m.m.a.RequestMappingHandlerMapping - Mapped "{[/wx/user/update],methods=[POST]}" onto public java.util.Map<java.lang.String, java.lang.Object> com.winterchen.controller.RoleController.update(com.winterchen.model.RoleDomain)
2018-11-15 10:37:04.667 [main] INFO  o.s.w.s.m.m.a.RequestMappingHandlerMapping - Mapped "{[/wx/user/list],methods=[GET]}" onto public java.util.List<com.winterchen.model.RoleDomain> com.winterchen.controller.RoleController.list(java.lang.String)
2018-11-15 10:37:04.667 [main] INFO  o.s.w.s.m.m.a.RequestMappingHandlerMapping - Mapped "{[/wx/user/getEmail],methods=[GET]}" onto public com.winterchen.model.RoleDomain com.winterchen.controller.RoleController.getEmail(java.lang.String)
2018-11-15 10:37:04.668 [main] INFO  o.s.w.s.m.m.a.RequestMappingHandlerMapping - Mapped "{[/wx/user/setRole],methods=[POST]}" onto public java.util.Map<java.lang.String, java.lang.Object> com.winterchen.controller.RoleController.setRole(java.lang.String,java.lang.String,java.lang.String)
2018-11-15 10:37:04.668 [main] INFO  o.s.w.s.m.m.a.RequestMappingHandlerMapping - Mapped "{[/wx/user/setEmail],methods=[GET]}" onto public java.util.Map<java.lang.String, java.lang.Object> com.winterchen.controller.RoleController.setEmail(java.lang.String,java.lang.String)
2018-11-15 10:37:04.668 [main] INFO  o.s.w.s.m.m.a.RequestMappingHandlerMapping - Mapped "{[/wx/user/allRole],methods=[GET]}" onto public java.util.Map<java.lang.String, java.lang.Object> com.winterchen.controller.RoleController.allRole(int,int,java.lang.String,java.lang.String,java.lang.String)
2018-11-15 10:37:04.669 [main] INFO  o.s.w.s.m.m.a.RequestMappingHandlerMapping - Mapped "{[/wx/user/baseInfo],methods=[POST]}" onto public java.util.Map<java.lang.String, java.lang.Object> com.winterchen.controller.RoleController.baseInfo(com.winterchen.model.RoleDomain)
2018-11-15 10:37:04.669 [main] INFO  o.s.w.s.m.m.a.RequestMappingHandlerMapping - Mapped "{[/wx/user/getInfo],methods=[GET]}" onto public com.winterchen.model.RoleDomain com.winterchen.controller.RoleController.getInfo(java.lang.String)
2018-11-15 10:37:04.670 [main] INFO  o.s.w.s.m.m.a.RequestMappingHandlerMapping - Mapped "{[/index],methods=[GET]}" onto public java.lang.String com.winterchen.controller.TESTs.index()
2018-11-15 10:37:04.670 [main] INFO  o.s.w.s.m.m.a.RequestMappingHandlerMapping - Mapped "{[/teacher/select],methods=[GET]}" onto public java.util.Map<java.lang.String, java.lang.Object> com.winterchen.controller.TeacherManageController.select(int,int,java.lang.String)
2018-11-15 10:37:04.672 [main] INFO  o.s.w.s.m.m.a.RequestMappingHandlerMapping - Mapped "{[/team/add],methods=[POST]}" onto public java.util.Map<java.lang.String, java.lang.Object> com.winterchen.controller.TeamController.add(com.winterchen.model.TeamDomain)
2018-11-15 10:37:04.672 [main] INFO  o.s.w.s.m.m.a.RequestMappingHandlerMapping - Mapped "{[/team/show],methods=[GET]}" onto public java.util.Map<java.lang.String, java.lang.Object> com.winterchen.controller.TeamController.show()
2018-11-15 10:37:04.672 [main] INFO  o.s.w.s.m.m.a.RequestMappingHandlerMapping - Mapped "{[/team/more],methods=[GET]}" onto public java.util.List<com.winterchen.model.dto.UserDto> com.winterchen.controller.TeamController.more()
2018-11-15 10:37:04.673 [main] INFO  o.s.w.s.m.m.a.RequestMappingHandlerMapping - Mapped "{[/team/dict],methods=[GET]}" onto public java.util.Map<java.lang.String, java.lang.Object> com.winterchen.controller.TeamController.dict(java.lang.String)
2018-11-15 10:37:04.674 [main] INFO  o.s.w.s.m.m.a.RequestMappingHandlerMapping - Mapped "{[/teamDes/findOne],methods=[GET]}" onto public java.util.Map<java.lang.String, java.lang.Object> com.winterchen.controller.TeamDesController.findOne(java.lang.String)
2018-11-15 10:37:04.674 [main] INFO  o.s.w.s.m.m.a.RequestMappingHandlerMapping - Mapped "{[/transfer/pay],methods=[GET]}" onto public void com.winterchen.controller.TransferController.transferPay(javax.servlet.http.HttpServletRequest,javax.servlet.http.HttpServletResponse,java.lang.String,java.lang.String)
2018-11-15 10:37:04.674 [main] INFO  o.s.w.s.m.m.a.RequestMappingHandlerMapping - Mapped "{[/transfer/pay/query],methods=[POST]}" onto public void com.winterchen.controller.TransferController.orderPayQuery(javax.servlet.http.HttpServletRequest,javax.servlet.http.HttpServletResponse,java.lang.String,java.lang.String)
2018-11-15 10:37:04.675 [main] INFO  o.s.w.s.m.m.a.RequestMappingHandlerMapping - Mapped "{[/user/all],methods=[GET]}" onto public java.lang.Object com.winterchen.controller.UserController.findAllUser(int,int,java.lang.String,java.lang.String)
2018-11-15 10:37:04.676 [main] INFO  o.s.w.s.m.m.a.RequestMappingHandlerMapping - Mapped "{[/user/alone],methods=[POST]}" onto public java.util.Map<java.lang.String, java.lang.Object> com.winterchen.controller.UserController.alone(java.lang.Integer)
2018-11-15 10:37:04.676 [main] INFO  o.s.w.s.m.m.a.RequestMappingHandlerMapping - Mapped "{[/user/del],methods=[POST]}" onto public java.util.Map<java.lang.String, java.lang.Object> com.winterchen.controller.UserController.removeArea(java.lang.Integer)
2018-11-15 10:37:04.677 [main] INFO  o.s.w.s.m.m.a.RequestMappingHandlerMapping - Mapped "{[/user/add],methods=[POST]}" onto public java.util.Map<java.lang.String, java.lang.Object> com.winterchen.controller.UserController.addUser(com.winterchen.model.UserDomain)
2018-11-15 10:37:04.677 [main] INFO  o.s.w.s.m.m.a.RequestMappingHandlerMapping - Mapped "{[/weixin/wxPay]}" onto public com.winterchen.util.wx.weixin.Json com.winterchen.controller.WeixinController.wxPay(java.lang.String,java.lang.String,java.lang.String,java.lang.String,int,javax.servlet.http.HttpServletRequest)
2018-11-15 10:37:04.677 [main] INFO  o.s.w.s.m.m.a.RequestMappingHandlerMapping - Mapped "{[/weixin/wxNotify]}" onto public void com.winterchen.controller.WeixinController.wxNotify(javax.servlet.http.HttpServletRequest,javax.servlet.http.HttpServletResponse) throws java.lang.Exception
2018-11-15 10:37:04.679 [main] INFO  o.s.w.s.m.m.a.RequestMappingHandlerMapping - Mapped "{[/withdraw/saveWithdraw],methods=[POST]}" onto public java.util.Map<java.lang.String, java.lang.Object> com.winterchen.controller.WithdrawController.WithdrawInfo(com.winterchen.model.Withdraw) throws java.lang.Exception
2018-11-15 10:37:04.679 [main] INFO  o.s.w.s.m.m.a.RequestMappingHandlerMapping - Mapped "{[/withdraw/listWithdraw.do],methods=[POST]}" onto public java.lang.Object com.winterchen.controller.WithdrawController.selectWithdraws(java.util.Map<java.lang.String, java.lang.Object>) throws java.lang.Exception
2018-11-15 10:37:04.680 [main] INFO  o.s.w.s.m.m.a.RequestMappingHandlerMapping - Mapped "{[/withdraw/updateWithdraw],methods=[POST]}" onto public java.util.Map<java.lang.String, java.lang.Object> com.winterchen.controller.WithdrawController.updateWithdrawInfo(com.winterchen.model.Withdraw) throws java.lang.Exception
2018-11-15 10:37:04.680 [main] INFO  o.s.w.s.m.m.a.RequestMappingHandlerMapping - Mapped "{[/zj/select],methods=[GET]}" onto public java.util.Map<java.lang.String, java.lang.Object> com.winterchen.controller.ZJManageController.select(int,int,java.lang.String)
2018-11-15 10:37:04.687 [main] INFO  o.s.w.s.m.m.a.RequestMappingHandlerMapping - Mapped "{[/swagger-resources/configuration/security]}" onto public org.springframework.http.ResponseEntity<springfox.documentation.swagger.web.SecurityConfiguration> springfox.documentation.swagger.web.ApiResourceController.securityConfiguration()
2018-11-15 10:37:04.687 [main] INFO  o.s.w.s.m.m.a.RequestMappingHandlerMapping - Mapped "{[/swagger-resources/configuration/ui]}" onto public org.springframework.http.ResponseEntity<springfox.documentation.swagger.web.UiConfiguration> springfox.documentation.swagger.web.ApiResourceController.uiConfiguration()
2018-11-15 10:37:04.688 [main] INFO  o.s.w.s.m.m.a.RequestMappingHandlerMapping - Mapped "{[/swagger-resources]}" onto public org.springframework.http.ResponseEntity<java.util.List<springfox.documentation.swagger.web.SwaggerResource>> springfox.documentation.swagger.web.ApiResourceController.swaggerResources()
2018-11-15 10:37:04.691 [main] INFO  o.s.w.s.m.m.a.RequestMappingHandlerMapping - Mapped "{[/error]}" onto public org.springframework.http.ResponseEntity<java.util.Map<java.lang.String, java.lang.Object>> org.springframework.boot.autoconfigure.web.servlet.error.BasicErrorController.error(javax.servlet.http.HttpServletRequest)
2018-11-15 10:37:04.692 [main] INFO  o.s.w.s.m.m.a.RequestMappingHandlerMapping - Mapped "{[/error],produces=[text/html]}" onto public org.springframework.web.servlet.ModelAndView org.springframework.boot.autoconfigure.web.servlet.error.BasicErrorController.errorHtml(javax.servlet.http.HttpServletRequest,javax.servlet.http.HttpServletResponse)
2018-11-15 10:37:04.898 [main] INFO  s.d.s.w.PropertySourcedRequestMappingHandlerMapping - Mapped URL path [/v2/api-docs] onto method [public org.springframework.http.ResponseEntity<springfox.documentation.spring.web.json.Json> springfox.documentation.swagger2.web.Swagger2Controller.getDocumentation(java.lang.String,javax.servlet.http.HttpServletRequest)]
2018-11-15 10:37:05.123 [main] INFO  o.s.web.servlet.handler.SimpleUrlHandlerMapping - Mapped URL path [/**/favicon.ico] onto handler of type [class org.springframework.web.servlet.resource.ResourceHttpRequestHandler]
2018-11-15 10:37:05.356 [main] INFO  o.s.w.s.m.m.a.RequestMappingHandlerAdapter - Looking for @ControllerAdvice: org.springframework.boot.web.servlet.context.AnnotationConfigServletWebServerApplicationContext@5f7b97da: startup date [Thu Nov 15 10:36:59 CST 2018]; root of context hierarchy
2018-11-15 10:37:05.418 [main] INFO  o.s.web.servlet.handler.SimpleUrlHandlerMapping - Mapped URL path [/webjars/**] onto handler of type [class org.springframework.web.servlet.resource.ResourceHttpRequestHandler]
2018-11-15 10:37:05.418 [main] INFO  o.s.web.servlet.handler.SimpleUrlHandlerMapping - Mapped URL path [/**] onto handler of type [class org.springframework.web.servlet.resource.ResourceHttpRequestHandler]
2018-11-15 10:37:05.436 [main] INFO  o.s.w.s.m.m.a.ExceptionHandlerExceptionResolver - Detected @ExceptionHandler methods in globalExceptionHandler
2018-11-15 10:37:05.604 [main] INFO  o.s.b.a.web.servlet.WelcomePageHandlerMapping - Adding welcome page template: index
2018-11-15 10:37:05.811 [main] INFO  o.s.w.servlet.view.freemarker.FreeMarkerConfigurer - ClassTemplateLoader for Spring macros added to FreeMarker configuration
2018-11-15 10:37:06.087 [main] INFO  o.s.jmx.export.annotation.AnnotationMBeanExporter - Registering beans for JMX exposure on startup
2018-11-15 10:37:06.089 [main] INFO  o.s.jmx.export.annotation.AnnotationMBeanExporter - Bean with name 'statFilter' has been autodetected for JMX exposure
2018-11-15 10:37:06.089 [main] INFO  o.s.jmx.export.annotation.AnnotationMBeanExporter - Bean with name 'dataSource' has been autodetected for JMX exposure
2018-11-15 10:37:06.097 [main] INFO  o.s.jmx.export.annotation.AnnotationMBeanExporter - Located MBean 'dataSource': registering with JMX server as MBean [com.alibaba.druid.spring.boot.autoconfigure:name=dataSource,type=DruidDataSourceWrapper]
2018-11-15 10:37:06.098 [main] INFO  o.s.jmx.export.annotation.AnnotationMBeanExporter - Located MBean 'statFilter': registering with JMX server as MBean [com.alibaba.druid.filter.stat:name=statFilter,type=StatFilter]
2018-11-15 10:37:06.104 [main] INFO  o.s.context.support.DefaultLifecycleProcessor - Starting beans in phase 2147483647
2018-11-15 10:37:06.104 [main] INFO  s.d.s.web.plugins.DocumentationPluginsBootstrapper - Context refreshed
2018-11-15 10:37:06.127 [main] INFO  s.d.s.web.plugins.DocumentationPluginsBootstrapper - Found 1 custom documentation plugin(s)
2018-11-15 10:37:06.171 [main] INFO  s.d.spring.web.scanners.ApiListingReferenceScanner - Scanning for api listing references
2018-11-15 10:37:06.486 [main] INFO  s.d.s.w.r.operation.CachingOperationNameGenerator - Generating unique operation named: upload2UsingPOST_1
2018-11-15 10:37:06.503 [main] INFO  s.d.s.w.r.operation.CachingOperationNameGenerator - Generating unique operation named: selectUsingGET_1
2018-11-15 10:37:06.601 [main] INFO  s.d.s.w.r.operation.CachingOperationNameGenerator - Generating unique operation named: listUsingGET_1
2018-11-15 10:37:06.623 [main] INFO  s.d.s.w.r.operation.CachingOperationNameGenerator - Generating unique operation named: listUsingGET_2
2018-11-15 10:37:06.654 [main] INFO  s.d.s.w.r.operation.CachingOperationNameGenerator - Generating unique operation named: listUsingGET_3
2018-11-15 10:37:06.667 [main] INFO  s.d.s.w.r.operation.CachingOperationNameGenerator - Generating unique operation named: selectUsingGET_2
2018-11-15 10:37:06.678 [main] INFO  s.d.s.w.r.operation.CachingOperationNameGenerator - Generating unique operation named: showUsingGET_1
2018-11-15 10:37:06.681 [main] INFO  s.d.s.w.r.operation.CachingOperationNameGenerator - Generating unique operation named: indexUsingGET_1
2018-11-15 10:37:06.720 [main] INFO  s.d.s.w.r.operation.CachingOperationNameGenerator - Generating unique operation named: WithdrawInfoUsingPOST_1
2018-11-15 10:37:06.723 [main] INFO  s.d.s.w.r.operation.CachingOperationNameGenerator - Generating unique operation named: selectWithdrawsUsingPOST_1
2018-11-15 10:37:06.729 [main] INFO  s.d.s.w.r.operation.CachingOperationNameGenerator - Generating unique operation named: selectUsingGET_3
2018-11-15 10:37:06.751 [main] INFO  org.apache.coyote.http11.Http11NioProtocol - Starting ProtocolHandler ["http-nio-8099"]
2018-11-15 10:37:06.776 [main] INFO  org.apache.tomcat.util.net.NioSelectorPool - Using a shared selector for servlet write/read
2018-11-15 10:37:06.793 [main] INFO  o.s.boot.web.embedded.tomcat.TomcatWebServer - Tomcat started on port(s): 8099 (http) with context path ''
2018-11-15 10:37:06.798 [main] INFO  com.winterchen.Springboot2MybatisDemoApplication - Started Springboot2MybatisDemoApplication in 7.802 seconds (JVM running for 8.537)
2018-11-15 10:37:39.035 [http-nio-8099-exec-1] INFO  o.a.c.core.ContainerBase.[Tomcat].[localhost].[/] - Initializing Spring FrameworkServlet 'dispatcherServlet'
2018-11-15 10:37:39.036 [http-nio-8099-exec-1] INFO  org.springframework.web.servlet.DispatcherServlet - FrameworkServlet 'dispatcherServlet': initialization started
2018-11-15 10:37:39.059 [http-nio-8099-exec-1] INFO  org.springframework.web.servlet.DispatcherServlet - FrameworkServlet 'dispatcherServlet': initialization completed in 23 ms
2018-11-15 10:37:39.110 [http-nio-8099-exec-1] INFO  com.winterchen.aspectj.AopLog - 【请求类名】：com.winterchen.controller.AccountController，【请求方法名】：ilogin
2018-11-15 10:37:39.141 [http-nio-8099-exec-1] DEBUG com.winterchen.dao.AccountDao.ilogin - ==>  Preparing: select * from w_account where name = ? and password = ? and identifying = 1 
2018-11-15 10:37:39.161 [http-nio-8099-exec-1] DEBUG com.winterchen.dao.AccountDao.ilogin - ==> Parameters: admin(String), 123456(String)
2018-11-15 10:37:39.197 [http-nio-8099-exec-1] DEBUG com.winterchen.dao.AccountDao.ilogin - <==      Total: 1
2018-11-15 10:37:39.200 [http-nio-8099-exec-1] DEBUG com.winterchen.dao.LogDao.insertLog - ==>  Preparing: insert into log ( uuid, res_url, time, req_url ) value ( ?, ?, ?, ? ) 
2018-11-15 10:37:39.201 [http-nio-8099-exec-1] DEBUG com.winterchen.dao.LogDao.insertLog - ==> Parameters: 7a681d68d85e46bb8d383c847d488a2f(String), /account/vlogin(String), 89(Long), ilogin(String)
2018-11-15 10:37:39.235 [http-nio-8099-exec-1] DEBUG com.winterchen.dao.LogDao.insertLog - <==    Updates: 1
2018-11-15 10:37:41.483 [http-nio-8099-exec-2] INFO  com.winterchen.aspectj.AopLog - 【请求类名】：com.winterchen.controller.CapitalDetailController，【请求方法名】：selectCapitalDetails
2018-11-15 10:37:41.546 [http-nio-8099-exec-2] DEBUG c.w.d.CapitalDetailDao.getListPrmMapRtnBean_COUNT - ==>  Preparing: SELECT count(0) FROM w_capital_detail tb WHERE 1 = 1 
2018-11-15 10:37:41.547 [http-nio-8099-exec-2] DEBUG c.w.d.CapitalDetailDao.getListPrmMapRtnBean_COUNT - ==> Parameters: 
2018-11-15 10:37:41.689 [http-nio-8099-exec-2] DEBUG c.w.d.CapitalDetailDao.getListPrmMapRtnBean_COUNT - <==      Total: 1
2018-11-15 10:37:41.690 [http-nio-8099-exec-2] DEBUG c.w.dao.CapitalDetailDao.getListPrmMapRtnBean - ==>  Preparing: SELECT /* getBean+@com.winterchen.model.CapitalDetail */ * FROM w_capital_detail tb /* */ WHERE 1 = 1 LIMIT ? 
2018-11-15 10:37:41.691 [http-nio-8099-exec-2] DEBUG c.w.dao.CapitalDetailDao.getListPrmMapRtnBean - ==> Parameters: 10(Integer)
2018-11-15 10:37:42.002 [http-nio-8099-exec-2] DEBUG c.w.dao.CapitalDetailDao.getListPrmMapRtnBean - <==      Total: 1
2018-11-15 10:37:42.003 [http-nio-8099-exec-2] DEBUG com.winterchen.dao.LogDao.insertLog - ==>  Preparing: insert into log ( uuid, res_url, time, req_url ) value ( ?, ?, ?, ? ) 
2018-11-15 10:37:42.003 [http-nio-8099-exec-2] DEBUG com.winterchen.dao.LogDao.insertLog - ==> Parameters: 2657af376a1e4aa592534b219bb596ae(String), /capitalDetail/listCapitalDetail(String), 519(Long), selectCapitalDetails(String)
2018-11-15 10:37:42.426 [http-nio-8099-exec-2] DEBUG com.winterchen.dao.LogDao.insertLog - <==    Updates: 1
2018-11-15 10:37:42.484 [http-nio-8099-exec-3] INFO  com.winterchen.aspectj.AopLog - 【请求类名】：com.winterchen.controller.ProportionController，【请求方法名】：list
2018-11-15 10:37:42.487 [http-nio-8099-exec-3] DEBUG com.winterchen.dao.ProportionDao.list - ==>  Preparing: select * from w_proportion where id = 1 
2018-11-15 10:37:42.488 [http-nio-8099-exec-3] DEBUG com.winterchen.dao.ProportionDao.list - ==> Parameters: 
2018-11-15 10:37:42.506 [http-nio-8099-exec-3] DEBUG com.winterchen.dao.ProportionDao.list - <==      Total: 1
2018-11-15 10:37:42.507 [http-nio-8099-exec-3] DEBUG com.winterchen.dao.LogDao.insertLog - ==>  Preparing: insert into log ( uuid, res_url, time, req_url ) value ( ?, ?, ?, ? ) 
2018-11-15 10:37:42.507 [http-nio-8099-exec-3] DEBUG com.winterchen.dao.LogDao.insertLog - ==> Parameters: 2913a9254073415b97b42603f51bce4c(String), /money/list(String), 22(Long), list(String)
2018-11-15 10:37:42.546 [http-nio-8099-exec-3] DEBUG com.winterchen.dao.LogDao.insertLog - <==    Updates: 1
2018-11-15 10:37:45.852 [http-nio-8099-exec-4] INFO  com.winterchen.aspectj.AopLog - 【请求类名】：com.winterchen.controller.WithdrawController，【请求方法名】：selectWithdraws
2018-11-15 10:37:45.865 [http-nio-8099-exec-4] DEBUG c.w.dao.WithdrawDao.getListPrmMapRtnBean_COUNT - ==>  Preparing: SELECT count(0) FROM w_withdraw tb WHERE 1 = 1 AND tb.status = ? 
2018-11-15 10:37:45.865 [http-nio-8099-exec-4] DEBUG c.w.dao.WithdrawDao.getListPrmMapRtnBean_COUNT - ==> Parameters: 0(String)
2018-11-15 10:37:45.882 [http-nio-8099-exec-4] DEBUG c.w.dao.WithdrawDao.getListPrmMapRtnBean_COUNT - <==      Total: 1
2018-11-15 10:37:45.883 [http-nio-8099-exec-4] DEBUG com.winterchen.dao.LogDao.insertLog - ==>  Preparing: insert into log ( uuid, res_url, time, req_url ) value ( ?, ?, ?, ? ) 
2018-11-15 10:37:45.883 [http-nio-8099-exec-4] DEBUG com.winterchen.dao.LogDao.insertLog - ==> Parameters: ce5c6c3472d84509a4c90b8c746ef1ef(String), /withdraw/listWithdraw.do(String), 30(Long), selectWithdraws(String)
2018-11-15 10:37:45.918 [http-nio-8099-exec-4] DEBUG com.winterchen.dao.LogDao.insertLog - <==    Updates: 1
2018-11-15 10:37:47.686 [http-nio-8099-exec-5] INFO  com.winterchen.aspectj.AopLog - 【请求类名】：com.winterchen.controller.CapitalDetailController，【请求方法名】：selectCapitalDetails
2018-11-15 10:37:47.688 [http-nio-8099-exec-5] DEBUG c.w.d.CapitalDetailDao.getListPrmMapRtnBean_COUNT - ==>  Preparing: SELECT count(0) FROM w_capital_detail tb WHERE 1 = 1 
2018-11-15 10:37:47.688 [http-nio-8099-exec-5] DEBUG c.w.d.CapitalDetailDao.getListPrmMapRtnBean_COUNT - ==> Parameters: 
2018-11-15 10:37:47.712 [http-nio-8099-exec-5] DEBUG c.w.d.CapitalDetailDao.getListPrmMapRtnBean_COUNT - <==      Total: 1
2018-11-15 10:37:47.713 [http-nio-8099-exec-5] DEBUG c.w.dao.CapitalDetailDao.getListPrmMapRtnBean - ==>  Preparing: SELECT /* getBean+@com.winterchen.model.CapitalDetail */ * FROM w_capital_detail tb /* */ WHERE 1 = 1 LIMIT ? 
2018-11-15 10:37:47.714 [http-nio-8099-exec-5] DEBUG c.w.dao.CapitalDetailDao.getListPrmMapRtnBean - ==> Parameters: 10(Integer)
2018-11-15 10:37:47.734 [http-nio-8099-exec-5] DEBUG c.w.dao.CapitalDetailDao.getListPrmMapRtnBean - <==      Total: 1
2018-11-15 10:37:47.734 [http-nio-8099-exec-5] DEBUG com.winterchen.dao.LogDao.insertLog - ==>  Preparing: insert into log ( uuid, res_url, time, req_url ) value ( ?, ?, ?, ? ) 
2018-11-15 10:37:47.735 [http-nio-8099-exec-5] DEBUG com.winterchen.dao.LogDao.insertLog - ==> Parameters: 1fba7e3101e342dd9b239cb647424545(String), /capitalDetail/listCapitalDetail(String), 48(Long), selectCapitalDetails(String)
2018-11-15 10:37:47.770 [http-nio-8099-exec-5] DEBUG com.winterchen.dao.LogDao.insertLog - <==    Updates: 1
2018-11-15 10:37:47.790 [http-nio-8099-exec-6] INFO  com.winterchen.aspectj.AopLog - 【请求类名】：com.winterchen.controller.ProportionController，【请求方法名】：list
2018-11-15 10:37:47.790 [http-nio-8099-exec-6] DEBUG com.winterchen.dao.ProportionDao.list - ==>  Preparing: select * from w_proportion where id = 1 
2018-11-15 10:37:47.790 [http-nio-8099-exec-6] DEBUG com.winterchen.dao.ProportionDao.list - ==> Parameters: 
2018-11-15 10:37:47.809 [http-nio-8099-exec-6] DEBUG com.winterchen.dao.ProportionDao.list - <==      Total: 1
2018-11-15 10:37:47.810 [http-nio-8099-exec-6] DEBUG com.winterchen.dao.LogDao.insertLog - ==>  Preparing: insert into log ( uuid, res_url, time, req_url ) value ( ?, ?, ?, ? ) 
2018-11-15 10:37:47.810 [http-nio-8099-exec-6] DEBUG com.winterchen.dao.LogDao.insertLog - ==> Parameters: 3cf4121fb5dc487488af4146fec600b6(String), /money/list(String), 20(Long), list(String)
2018-11-15 10:37:47.856 [http-nio-8099-exec-6] DEBUG com.winterchen.dao.LogDao.insertLog - <==    Updates: 1
2018-11-15 10:38:29.356 [http-nio-8099-exec-7] INFO  com.winterchen.aspectj.AopLog - 【请求类名】：com.winterchen.controller.CapitalDetailController，【请求方法名】：selectCapitalDetails
2018-11-15 10:38:29.357 [http-nio-8099-exec-7] DEBUG c.w.d.CapitalDetailDao.getListPrmMapRtnBean_COUNT - ==>  Preparing: SELECT count(0) FROM w_capital_detail tb WHERE 1 = 1 
2018-11-15 10:38:29.357 [http-nio-8099-exec-7] DEBUG c.w.d.CapitalDetailDao.getListPrmMapRtnBean_COUNT - ==> Parameters: 
2018-11-15 10:38:29.374 [http-nio-8099-exec-7] DEBUG c.w.d.CapitalDetailDao.getListPrmMapRtnBean_COUNT - <==      Total: 1
2018-11-15 10:38:29.376 [http-nio-8099-exec-7] DEBUG c.w.dao.CapitalDetailDao.getListPrmMapRtnBean - ==>  Preparing: SELECT /* getBean+@com.winterchen.model.CapitalDetail */ * FROM w_capital_detail tb /* */ WHERE 1 = 1 LIMIT ? 
2018-11-15 10:38:29.376 [http-nio-8099-exec-7] DEBUG c.w.dao.CapitalDetailDao.getListPrmMapRtnBean - ==> Parameters: 10(Integer)
2018-11-15 10:38:29.396 [http-nio-8099-exec-7] DEBUG c.w.dao.CapitalDetailDao.getListPrmMapRtnBean - <==      Total: 1
2018-11-15 10:38:29.397 [http-nio-8099-exec-7] DEBUG com.winterchen.dao.LogDao.insertLog - ==>  Preparing: insert into log ( uuid, res_url, time, req_url ) value ( ?, ?, ?, ? ) 
2018-11-15 10:38:29.398 [http-nio-8099-exec-7] DEBUG com.winterchen.dao.LogDao.insertLog - ==> Parameters: 7ce4e5d3f84441928673c31e445b49f6(String), /capitalDetail/listCapitalDetail(String), 41(Long), selectCapitalDetails(String)
2018-11-15 10:38:29.434 [http-nio-8099-exec-7] DEBUG com.winterchen.dao.LogDao.insertLog - <==    Updates: 1
2018-11-15 10:38:29.468 [http-nio-8099-exec-8] INFO  com.winterchen.aspectj.AopLog - 【请求类名】：com.winterchen.controller.ProportionController，【请求方法名】：list
2018-11-15 10:38:29.469 [http-nio-8099-exec-8] DEBUG com.winterchen.dao.ProportionDao.list - ==>  Preparing: select * from w_proportion where id = 1 
2018-11-15 10:38:29.469 [http-nio-8099-exec-8] DEBUG com.winterchen.dao.ProportionDao.list - ==> Parameters: 
2018-11-15 10:38:29.485 [http-nio-8099-exec-8] DEBUG com.winterchen.dao.ProportionDao.list - <==      Total: 1
2018-11-15 10:38:29.487 [http-nio-8099-exec-8] DEBUG com.winterchen.dao.LogDao.insertLog - ==>  Preparing: insert into log ( uuid, res_url, time, req_url ) value ( ?, ?, ?, ? ) 
2018-11-15 10:38:29.487 [http-nio-8099-exec-8] DEBUG com.winterchen.dao.LogDao.insertLog - ==> Parameters: 331ea49a552e43999693ccfa51e7be0e(String), /money/list(String), 18(Long), list(String)
2018-11-15 10:38:29.521 [http-nio-8099-exec-8] DEBUG com.winterchen.dao.LogDao.insertLog - <==    Updates: 1
2018-11-15 15:19:55.736 [Thread-22] INFO  o.s.b.w.s.c.AnnotationConfigServletWebServerApplicationContext - Closing org.springframework.boot.web.servlet.context.AnnotationConfigServletWebServerApplicationContext@5f7b97da: startup date [Thu Nov 15 10:36:59 CST 2018]; root of context hierarchy
2018-11-15 15:19:55.738 [Thread-22] INFO  o.s.context.support.DefaultLifecycleProcessor - Stopping beans in phase 2147483647
2018-11-15 15:19:55.739 [Thread-22] INFO  o.s.jmx.export.annotation.AnnotationMBeanExporter - Unregistering JMX-exposed beans on shutdown
2018-11-15 15:19:55.740 [Thread-22] INFO  o.s.jmx.export.annotation.AnnotationMBeanExporter - Unregistering JMX-exposed beans
2018-11-15 15:19:55.754 [Thread-22] INFO  com.alibaba.druid.pool.DruidDataSource - {dataSource-1} closed
