2018-12-08 17:13:30.894 [background-preinit] DEBUG o.h.v.m.ResourceBundleMessageInterpolator - Loaded expression factory via original TCCL
2018-12-08 17:13:31.376 [main] INFO  com.winterchen.Springboot2MybatisDemoApplication - Starting Springboot2MybatisDemoApplication on yangfengdeMacBook-Pro.local with PID 89258 (/Users/yangfeng/plugs/important/w_lunwen/newJava/w-java-manage/target/classes started by yangfeng in /Users/yangfeng/plugs/important/w_lunwen/newJava/w-java-manage)
2018-12-08 17:13:31.379 [main] DEBUG com.winterchen.Springboot2MybatisDemoApplication - Running with Spring Boot v2.0.1.RELEASE, Spring v5.0.5.RELEASE
2018-12-08 17:13:31.381 [main] INFO  com.winterchen.Springboot2MybatisDemoApplication - No active profile set, falling back to default profiles: default
2018-12-08 17:13:31.500 [main] INFO  o.s.b.w.s.c.AnnotationConfigServletWebServerApplicationContext - Refreshing org.springframework.boot.web.servlet.context.AnnotationConfigServletWebServerApplicationContext@7f6f61c8: startup date [Sat Dec 08 17:13:31 CST 2018]; root of context hierarchy
2018-12-08 17:13:33.878 [main] INFO  o.s.c.s.PostProcessorRegistrationDelegate$BeanPostProcessorChecker - Bean 'org.springframework.transaction.annotation.ProxyTransactionManagementConfiguration' of type [org.springframework.transaction.annotation.ProxyTransactionManagementConfiguration$$EnhancerBySpringCGLIB$$b96216f2] is not eligible for getting processed by all BeanPostProcessors (for example: not eligible for auto-proxying)
2018-12-08 17:13:34.548 [main] INFO  o.s.boot.web.embedded.tomcat.TomcatWebServer - Tomcat initialized with port(s): 8099 (http)
2018-12-08 17:13:34.653 [main] INFO  org.apache.coyote.http11.Http11NioProtocol - Initializing ProtocolHandler ["http-nio-8099"]
2018-12-08 17:13:34.665 [main] INFO  org.apache.catalina.core.StandardService - Starting service [Tomcat]
2018-12-08 17:13:34.665 [main] INFO  org.apache.catalina.core.StandardEngine - Starting Servlet Engine: Apache Tomcat/8.5.29
2018-12-08 17:13:34.670 [localhost-startStop-1] INFO  org.apache.catalina.core.AprLifecycleListener - The APR based Apache Tomcat Native library which allows optimal performance in production environments was not found on the java.library.path: [/Users/yangfeng/Library/Java/Extensions:/Library/Java/Extensions:/Network/Library/Java/Extensions:/System/Library/Java/Extensions:/usr/lib/java:.]
2018-12-08 17:13:34.677 [localhost-startStop-1] WARN  org.apache.catalina.core.StandardContext - Failed to create work directory [/data/apps/temp/work/Tomcat/localhost/ROOT] for context []
2018-12-08 17:13:34.770 [localhost-startStop-1] INFO  o.a.c.core.ContainerBase.[Tomcat].[localhost].[/] - Initializing Spring embedded WebApplicationContext
2018-12-08 17:13:34.771 [localhost-startStop-1] INFO  org.springframework.web.context.ContextLoader - Root WebApplicationContext: initialization completed in 3270 ms
2018-12-08 17:13:35.438 [localhost-startStop-1] INFO  o.s.boot.web.servlet.ServletRegistrationBean - Servlet dispatcherServlet mapped to [/]
2018-12-08 17:13:35.440 [localhost-startStop-1] INFO  o.s.boot.web.servlet.ServletRegistrationBean - Servlet statViewServlet mapped to [/druid/*]
2018-12-08 17:13:35.443 [localhost-startStop-1] INFO  o.s.boot.web.servlet.FilterRegistrationBean - Mapping filter: 'characterEncodingFilter' to: [/*]
2018-12-08 17:13:35.444 [localhost-startStop-1] INFO  o.s.boot.web.servlet.FilterRegistrationBean - Mapping filter: 'hiddenHttpMethodFilter' to: [/*]
2018-12-08 17:13:35.444 [localhost-startStop-1] INFO  o.s.boot.web.servlet.FilterRegistrationBean - Mapping filter: 'httpPutFormContentFilter' to: [/*]
2018-12-08 17:13:35.444 [localhost-startStop-1] INFO  o.s.boot.web.servlet.FilterRegistrationBean - Mapping filter: 'requestContextFilter' to: [/*]
2018-12-08 17:13:35.444 [localhost-startStop-1] INFO  o.s.boot.web.servlet.FilterRegistrationBean - Mapping filter: 'webStatFilter' to urls: [/*]
2018-12-08 17:13:35.444 [localhost-startStop-1] INFO  o.s.boot.web.servlet.FilterRegistrationBean - Mapping filter: 'corsFilter' to: [/*]
2018-12-08 17:13:35.524 [main] INFO  c.a.d.s.b.a.DruidDataSourceAutoConfigure - Init DruidDataSource
2018-12-08 17:13:36.241 [main] INFO  com.alibaba.druid.pool.DruidDataSource - {dataSource-1} inited
2018-12-08 17:13:37.788 [main] INFO  o.s.w.s.m.m.a.RequestMappingHandlerMapping - Mapped "{[/account/vlogin],methods=[POST]}" onto public java.util.Map<java.lang.String, java.lang.Object> com.winterchen.controller.AccountController.ilogin(java.lang.String,java.lang.String)
2018-12-08 17:13:37.790 [main] INFO  o.s.w.s.m.m.a.RequestMappingHandlerMapping - Mapped "{[/account/delAccount],methods=[POST]}" onto public java.util.Map<java.lang.String, java.lang.Object> com.winterchen.controller.AccountController.delAccount(java.lang.Integer)
2018-12-08 17:13:37.790 [main] INFO  o.s.w.s.m.m.a.RequestMappingHandlerMapping - Mapped "{[/account/deleteAccount],methods=[POST]}" onto public java.util.Map<java.lang.String, java.lang.Object> com.winterchen.controller.AccountController.deleteAccount(java.lang.String)
2018-12-08 17:13:37.790 [main] INFO  o.s.w.s.m.m.a.RequestMappingHandlerMapping - Mapped "{[/account/AddEditAccount],methods=[POST]}" onto public java.util.Map<java.lang.String, java.lang.Object> com.winterchen.controller.AccountController.AddEditAccount(com.winterchen.model.AccountDomain)
2018-12-08 17:13:37.790 [main] INFO  o.s.w.s.m.m.a.RequestMappingHandlerMapping - Mapped "{[/account/allAccount],methods=[GET]}" onto public java.lang.Object com.winterchen.controller.AccountController.allAccount(int,int)
2018-12-08 17:13:37.791 [main] INFO  o.s.w.s.m.m.a.RequestMappingHandlerMapping - Mapped "{[/account/updatePwd],methods=[POST]}" onto public java.util.Map<java.lang.String, java.lang.Object> com.winterchen.controller.AccountController.updatePwd(java.lang.String,java.lang.String,java.lang.String)
2018-12-08 17:13:37.791 [main] INFO  o.s.w.s.m.m.a.RequestMappingHandlerMapping - Mapped "{[/article/getList],methods=[GET]}" onto public java.util.List<com.winterchen.model.ArticleTypeDomain> com.winterchen.controller.ArticleTypeController.getList(java.lang.String)
2018-12-08 17:13:37.794 [main] INFO  o.s.w.s.m.m.a.RequestMappingHandlerMapping - Mapped "{[/bulletin/saveBulletin],methods=[POST]}" onto public java.util.Map<java.lang.String, java.lang.Object> com.winterchen.controller.BulletinController.WithdrawInfo(com.winterchen.model.Bulletin) throws java.lang.Exception
2018-12-08 17:13:37.794 [main] INFO  o.s.w.s.m.m.a.RequestMappingHandlerMapping - Mapped "{[/bulletin/listBulletin],methods=[POST]}" onto public java.lang.Object com.winterchen.controller.BulletinController.selectWithdraws(java.util.Map<java.lang.String, java.lang.Object>) throws java.lang.Exception
2018-12-08 17:13:37.795 [main] INFO  o.s.w.s.m.m.a.RequestMappingHandlerMapping - Mapped "{[/bulletin/updateBulletin],methods=[POST]}" onto public java.util.Map<java.lang.String, java.lang.Object> com.winterchen.controller.BulletinController.updateBulletinInfo(com.winterchen.model.Bulletin) throws java.lang.Exception
2018-12-08 17:13:37.796 [main] INFO  o.s.w.s.m.m.a.RequestMappingHandlerMapping - Mapped "{[/capitalDetail/saveCapitalDetail],methods=[POST]}" onto public java.util.Map<java.lang.String, java.lang.Object> com.winterchen.controller.CapitalDetailController.CapitalDetailInfo(com.winterchen.model.CapitalDetail) throws java.lang.Exception
2018-12-08 17:13:37.797 [main] INFO  o.s.w.s.m.m.a.RequestMappingHandlerMapping - Mapped "{[/capitalDetail/listCapitalDetail],methods=[POST]}" onto public java.lang.Object com.winterchen.controller.CapitalDetailController.selectCapitalDetails(java.util.Map<java.lang.String, java.lang.Object>) throws java.lang.Exception
2018-12-08 17:13:37.797 [main] INFO  o.s.w.s.m.m.a.RequestMappingHandlerMapping - Mapped "{[/dl/select],methods=[GET]}" onto public java.util.Map<java.lang.String, java.lang.Object> com.winterchen.controller.DLManageController.select(int,int,java.lang.String)
2018-12-08 17:13:37.798 [main] INFO  o.s.w.s.m.m.a.RequestMappingHandlerMapping - Mapped "{[/email/htmlEmail]}" onto public com.winterchen.util.email.result.ServerResponse com.winterchen.controller.EmailController.htmlEmail(java.lang.String,java.lang.String,java.lang.String,java.lang.String,java.lang.String,int)
2018-12-08 17:13:37.800 [main] INFO  o.s.w.s.m.m.a.RequestMappingHandlerMapping - Mapped "{[/test4],methods=[GET]}" onto public java.lang.String com.winterchen.controller.ExceptionController.test4()
2018-12-08 17:13:37.800 [main] INFO  o.s.w.s.m.m.a.RequestMappingHandlerMapping - Mapped "{[/post1],methods=[POST]}" onto public int com.winterchen.controller.ExceptionController.post1(int)
2018-12-08 17:13:37.800 [main] INFO  o.s.w.s.m.m.a.RequestMappingHandlerMapping - Mapped "{[/yf2],methods=[GET]}" onto public int com.winterchen.controller.ExceptionController.yf2(int)
2018-12-08 17:13:37.800 [main] INFO  o.s.w.s.m.m.a.RequestMappingHandlerMapping - Mapped "{[/yf1],methods=[GET]}" onto public int com.winterchen.controller.ExceptionController.yf1(int)
2018-12-08 17:13:37.801 [main] INFO  o.s.w.s.m.m.a.RequestMappingHandlerMapping - Mapped "{[/yf11/{id}],methods=[GET]}" onto public int com.winterchen.controller.ExceptionController.yf11(int)
2018-12-08 17:13:37.801 [main] INFO  o.s.w.s.m.m.a.RequestMappingHandlerMapping - Mapped "{[/test1],methods=[GET]}" onto public java.lang.String com.winterchen.controller.ExceptionController.test1()
2018-12-08 17:13:37.801 [main] INFO  o.s.w.s.m.m.a.RequestMappingHandlerMapping - Mapped "{[/test3],methods=[GET]}" onto public java.lang.String com.winterchen.controller.ExceptionController.test3(java.lang.Integer)
2018-12-08 17:13:37.801 [main] INFO  o.s.w.s.m.m.a.RequestMappingHandlerMapping - Mapped "{[/yf0],methods=[GET]}" onto public int com.winterchen.controller.ExceptionController.yf0(int)
2018-12-08 17:13:37.802 [main] INFO  o.s.w.s.m.m.a.RequestMappingHandlerMapping - Mapped "{[/post2],methods=[POST]}" onto public int com.winterchen.controller.ExceptionController.post2(int)
2018-12-08 17:13:37.802 [main] INFO  o.s.w.s.m.m.a.RequestMappingHandlerMapping - Mapped "{[/test2],methods=[GET]}" onto public java.util.Map<java.lang.String, java.lang.String> com.winterchen.controller.ExceptionController.test2()
2018-12-08 17:13:37.802 [main] INFO  o.s.w.s.m.m.a.RequestMappingHandlerMapping - Mapped "{[/post0],methods=[POST]}" onto public int com.winterchen.controller.ExceptionController.post0(int)
2018-12-08 17:13:37.807 [main] INFO  o.s.w.s.m.m.a.RequestMappingHandlerMapping - Mapped "{[/uploads/index.html],methods=[GET]}" onto public java.lang.String com.winterchen.controller.FileUploadController.index()
2018-12-08 17:13:37.808 [main] INFO  o.s.w.s.m.m.a.RequestMappingHandlerMapping - Mapped "{[/uploads/down.html],methods=[GET]}" onto public java.lang.String com.winterchen.controller.FileUploadController.down()
2018-12-08 17:13:37.809 [main] INFO  o.s.w.s.m.m.a.RequestMappingHandlerMapping - Mapped "{[/uploads/upload_1],methods=[POST]}" onto public java.util.Map<java.lang.String, java.lang.String> com.winterchen.controller.FileUploadController.upload_1(org.springframework.web.multipart.MultipartFile,java.lang.String,java.lang.String,javax.servlet.http.HttpServletRequest) throws java.io.IOException
2018-12-08 17:13:37.809 [main] INFO  o.s.w.s.m.m.a.RequestMappingHandlerMapping - Mapped "{[/uploads/upload1],methods=[POST]}" onto public java.util.Map<java.lang.String, java.lang.String> com.winterchen.controller.FileUploadController.upload1(org.springframework.web.multipart.MultipartFile,java.lang.String,java.lang.String,javax.servlet.http.HttpServletRequest) throws java.io.IOException
2018-12-08 17:13:37.810 [main] INFO  o.s.w.s.m.m.a.RequestMappingHandlerMapping - Mapped "{[/uploads/userDownLoad],methods=[POST]}" onto public java.util.Map<java.lang.String, java.lang.Object> com.winterchen.controller.FileUploadController.userDownLoad(java.lang.String,java.lang.String,javax.servlet.http.HttpServletRequest) throws java.io.IOException
2018-12-08 17:13:37.810 [main] INFO  o.s.w.s.m.m.a.RequestMappingHandlerMapping - Mapped "{[/uploads/teacher.html],methods=[GET]}" onto public java.lang.String com.winterchen.controller.FileUploadController.teacher()
2018-12-08 17:13:37.811 [main] INFO  o.s.w.s.m.m.a.RequestMappingHandlerMapping - Mapped "{[/uploads/upload3],methods=[POST]}" onto public void com.winterchen.controller.FileUploadController.upload2(java.lang.String) throws java.io.IOException
2018-12-08 17:13:37.811 [main] INFO  o.s.w.s.m.m.a.RequestMappingHandlerMapping - Mapped "{[/uploads/upload2],methods=[POST]}" onto public java.util.List<java.util.Map<java.lang.String, java.lang.String>> com.winterchen.controller.FileUploadController.upload2(org.springframework.web.multipart.MultipartFile[]) throws java.io.IOException
2018-12-08 17:13:37.812 [main] INFO  o.s.w.s.m.m.a.RequestMappingHandlerMapping - Mapped "{[/uploads/getUserFile],methods=[POST]}" onto public java.util.Map<java.lang.String, java.lang.Object> com.winterchen.controller.FileUploadController.getUserFile(java.lang.String,java.lang.String,javax.servlet.http.HttpServletRequest) throws java.io.IOException
2018-12-08 17:13:37.812 [main] INFO  o.s.w.s.m.m.a.RequestMappingHandlerMapping - Mapped "{[/account/getPhone],methods=[POST]}" onto public java.lang.Object com.winterchen.controller.GetPhoneController.JsonResult(java.lang.String,java.lang.String,java.lang.String)
2018-12-08 17:13:37.816 [main] INFO  o.s.w.s.m.m.a.RequestMappingHandlerMapping - Mapped "{[/record/select],methods=[GET]}" onto public java.util.Map<java.lang.String, java.lang.Object> com.winterchen.controller.IntegralRecordController.select(int,int,java.lang.String)
2018-12-08 17:13:37.816 [main] INFO  o.s.w.s.m.m.a.RequestMappingHandlerMapping - Mapped "{[/record/outInter],methods=[GET]}" onto public java.util.Map<java.lang.String, java.lang.Object> com.winterchen.controller.IntegralRecordController.outInter(int,int,java.lang.String)
2018-12-08 17:13:37.817 [main] INFO  o.s.w.s.m.m.a.RequestMappingHandlerMapping - Mapped "{[/log/list],methods=[GET]}" onto public java.lang.Object com.winterchen.controller.LogController.findAllLog(int,int)
2018-12-08 17:13:37.821 [main] INFO  o.s.w.s.m.m.a.RequestMappingHandlerMapping - Mapped "{[/wx/api/list],methods=[GET]}" onto public java.util.Map<java.lang.String, java.lang.Object> com.winterchen.controller.OrderInfoController.list(int,int,int,java.lang.String,java.lang.String,int,java.lang.String)
2018-12-08 17:13:37.822 [main] INFO  o.s.w.s.m.m.a.RequestMappingHandlerMapping - Mapped "{[/wx/api/insert],methods=[POST]}" onto public java.util.Map<java.lang.String, java.lang.Object> com.winterchen.controller.OrderInfoController.insert(com.winterchen.model.OrderInfoDomain)
2018-12-08 17:13:37.822 [main] INFO  o.s.w.s.m.m.a.RequestMappingHandlerMapping - Mapped "{[/wx/api/status],methods=[GET]}" onto public java.util.Map<java.lang.String, java.lang.Object> com.winterchen.controller.OrderInfoController.status(java.lang.String,int)
2018-12-08 17:13:37.823 [main] INFO  o.s.w.s.m.m.a.RequestMappingHandlerMapping - Mapped "{[/wx/api/getStatus],methods=[GET]}" onto public java.util.Map<java.lang.String, java.lang.Object> com.winterchen.controller.OrderInfoController.getStatus(java.lang.String)
2018-12-08 17:13:37.823 [main] INFO  o.s.w.s.m.m.a.RequestMappingHandlerMapping - Mapped "{[/wx/api/getOrder],methods=[GET]}" onto public java.lang.Object com.winterchen.controller.OrderInfoController.getOrder(java.lang.String,java.lang.String)
2018-12-08 17:13:37.823 [main] INFO  o.s.w.s.m.m.a.RequestMappingHandlerMapping - Mapped "{[/wx/api/orderDetail],methods=[GET]}" onto public java.lang.Object com.winterchen.controller.OrderInfoController.orderDetail(java.lang.String)
2018-12-08 17:13:37.823 [main] INFO  o.s.w.s.m.m.a.RequestMappingHandlerMapping - Mapped "{[/wx/api/getMoney],methods=[GET]}" onto public java.util.Map<java.lang.String, java.lang.Integer> com.winterchen.controller.OrderInfoController.getMoney(java.lang.String)
2018-12-08 17:13:37.824 [main] INFO  o.s.w.s.m.m.a.RequestMappingHandlerMapping - Mapped "{[/wx/api/closeOrder],methods=[GET]}" onto public java.util.Map<java.lang.String, java.lang.Object> com.winterchen.controller.OrderInfoController.closeOrder(java.lang.String)
2018-12-08 17:13:37.824 [main] INFO  o.s.w.s.m.m.a.RequestMappingHandlerMapping - Mapped "{[/wx/api/robOrder],methods=[GET]}" onto public java.util.Map<java.lang.String, java.lang.Object> com.winterchen.controller.OrderInfoController.robOrder(java.lang.String,java.lang.String)
2018-12-08 17:13:37.824 [main] INFO  o.s.w.s.m.m.a.RequestMappingHandlerMapping - Mapped "{[/wx/api/getUserStatistics],methods=[GET]}" onto public java.lang.Object com.winterchen.controller.OrderInfoController.getUserStatistics(java.lang.String)
2018-12-08 17:13:37.824 [main] INFO  o.s.w.s.m.m.a.RequestMappingHandlerMapping - Mapped "{[/wx/api/getAgentStatistics],methods=[GET]}" onto public java.lang.Object com.winterchen.controller.OrderInfoController.getAgentStatistics(java.lang.String)
2018-12-08 17:13:37.825 [main] INFO  o.s.w.s.m.m.a.RequestMappingHandlerMapping - Mapped "{[/wx/api/returno],methods=[GET]}" onto public java.util.Map<java.lang.String, java.lang.Object> com.winterchen.controller.OrderInfoController.returno(java.lang.String,int,int)
2018-12-08 17:13:37.825 [main] INFO  o.s.w.s.m.m.a.RequestMappingHandlerMapping - Mapped "{[/wx/api/fpTeacher],methods=[GET]}" onto public java.util.Map<java.lang.String, java.lang.Object> com.winterchen.controller.OrderInfoController.fpTeacher(java.lang.String,java.lang.String)
2018-12-08 17:13:37.826 [main] INFO  o.s.w.s.m.m.a.RequestMappingHandlerMapping - Mapped "{[/wx/api/confirm],methods=[POST]}" onto public java.util.Map<java.lang.String, java.lang.Object> com.winterchen.controller.OrderInfoController.confirm(java.lang.String,java.lang.String) throws java.lang.Exception
2018-12-08 17:13:37.826 [main] INFO  o.s.w.s.m.m.a.RequestMappingHandlerMapping - Mapped "{[/wx/api/getUserStatisticsBalance],methods=[GET]}" onto public java.lang.Double com.winterchen.controller.OrderInfoController.getUserStatisticsBalance(java.lang.String) throws java.lang.Exception
2018-12-08 17:13:37.827 [main] INFO  o.s.w.s.m.m.a.RequestMappingHandlerMapping - Mapped "{[/order/list],methods=[GET]}" onto public java.util.Map<java.lang.String, java.lang.Object> com.winterchen.controller.OrderManageController.list(int,int,int,java.lang.String,int,int,java.lang.String,java.lang.String,java.lang.String)
2018-12-08 17:13:37.828 [main] INFO  o.s.w.s.m.m.a.RequestMappingHandlerMapping - Mapped "{[/order/list7],methods=[GET]}" onto public java.util.Map<java.lang.String, java.lang.Object> com.winterchen.controller.OrderManageController.list7(int,int,java.lang.String,java.lang.String,java.lang.String)
2018-12-08 17:13:37.828 [main] INFO  o.s.w.s.m.m.a.RequestMappingHandlerMapping - Mapped "{[/order/show],methods=[GET]}" onto public java.util.Map<java.lang.String, java.lang.Object> com.winterchen.controller.OrderManageController.show(java.lang.String,java.lang.String)
2018-12-08 17:13:37.829 [main] INFO  o.s.w.s.m.m.a.RequestMappingHandlerMapping - Mapped "{[/order/getTeachInfo],methods=[GET]}" onto public java.lang.Object com.winterchen.controller.OrderManageController.getTeachInfo(java.lang.String)
2018-12-08 17:13:37.829 [main] INFO  o.s.w.s.m.m.a.RequestMappingHandlerMapping - Mapped "{[/wx/api/evaluate],methods=[POST]}" onto public java.util.Map<java.lang.String, java.lang.Object> com.winterchen.controller.OrderPxController.evaluate(com.winterchen.model.OrderPxDomain)
2018-12-08 17:13:37.830 [main] INFO  o.s.w.s.m.m.a.RequestMappingHandlerMapping - Mapped "{[/money/list],methods=[GET]}" onto public java.util.Map<java.lang.String, java.lang.Object> com.winterchen.controller.ProportionController.list()
2018-12-08 17:13:37.830 [main] INFO  o.s.w.s.m.m.a.RequestMappingHandlerMapping - Mapped "{[/money/fp],methods=[POST]}" onto public java.util.Map<java.lang.String, java.lang.Object> com.winterchen.controller.ProportionController.fp(com.winterchen.model.ProportionDomain)
2018-12-08 17:13:37.831 [main] INFO  o.s.w.s.m.m.a.RequestMappingHandlerMapping - Mapped "{[/evaluate/info],methods=[GET]}" onto public java.lang.Object com.winterchen.controller.PxInfoController.info(java.lang.String)
2018-12-08 17:13:37.834 [main] INFO  o.s.w.s.m.m.a.RequestMappingHandlerMapping - Mapped "{[/wx/user/update],methods=[POST]}" onto public java.util.Map<java.lang.String, java.lang.Object> com.winterchen.controller.RoleController.update(com.winterchen.model.RoleDomain)
2018-12-08 17:13:37.834 [main] INFO  o.s.w.s.m.m.a.RequestMappingHandlerMapping - Mapped "{[/wx/user/list],methods=[GET]}" onto public java.util.List<com.winterchen.model.RoleDomain> com.winterchen.controller.RoleController.list(java.lang.String)
2018-12-08 17:13:37.835 [main] INFO  o.s.w.s.m.m.a.RequestMappingHandlerMapping - Mapped "{[/wx/user/setRole],methods=[POST]}" onto public java.util.Map<java.lang.String, java.lang.Object> com.winterchen.controller.RoleController.setRole(java.lang.String,java.lang.String,java.lang.String)
2018-12-08 17:13:37.835 [main] INFO  o.s.w.s.m.m.a.RequestMappingHandlerMapping - Mapped "{[/wx/user/getInfo],methods=[GET]}" onto public com.winterchen.model.RoleDomain com.winterchen.controller.RoleController.getInfo(java.lang.String)
2018-12-08 17:13:37.835 [main] INFO  o.s.w.s.m.m.a.RequestMappingHandlerMapping - Mapped "{[/wx/user/baseInfo],methods=[POST]}" onto public java.util.Map<java.lang.String, java.lang.Object> com.winterchen.controller.RoleController.baseInfo(com.winterchen.model.RoleDomain)
2018-12-08 17:13:37.836 [main] INFO  o.s.w.s.m.m.a.RequestMappingHandlerMapping - Mapped "{[/wx/user/allRole],methods=[GET]}" onto public java.util.Map<java.lang.String, java.lang.Object> com.winterchen.controller.RoleController.allRole(int,int,java.lang.String,java.lang.String,java.lang.String)
2018-12-08 17:13:37.836 [main] INFO  o.s.w.s.m.m.a.RequestMappingHandlerMapping - Mapped "{[/wx/user/setEmail],methods=[GET]}" onto public java.util.Map<java.lang.String, java.lang.Object> com.winterchen.controller.RoleController.setEmail(java.lang.String,java.lang.String)
2018-12-08 17:13:37.836 [main] INFO  o.s.w.s.m.m.a.RequestMappingHandlerMapping - Mapped "{[/wx/user/getEmail],methods=[GET]}" onto public com.winterchen.model.RoleDomain com.winterchen.controller.RoleController.getEmail(java.lang.String)
2018-12-08 17:13:37.837 [main] INFO  o.s.w.s.m.m.a.RequestMappingHandlerMapping - Mapped "{[/index],methods=[GET]}" onto public java.lang.String com.winterchen.controller.TESTs.index()
2018-12-08 17:13:37.837 [main] INFO  o.s.w.s.m.m.a.RequestMappingHandlerMapping - Mapped "{[/teacher/select],methods=[GET]}" onto public java.util.Map<java.lang.String, java.lang.Object> com.winterchen.controller.TeacherManageController.select(int,int,java.lang.String)
2018-12-08 17:13:37.839 [main] INFO  o.s.w.s.m.m.a.RequestMappingHandlerMapping - Mapped "{[/team/add],methods=[POST]}" onto public java.util.Map<java.lang.String, java.lang.Object> com.winterchen.controller.TeamController.add(com.winterchen.model.TeamDomain)
2018-12-08 17:13:37.839 [main] INFO  o.s.w.s.m.m.a.RequestMappingHandlerMapping - Mapped "{[/team/more],methods=[GET]}" onto public java.util.List<com.winterchen.model.dto.UserDto> com.winterchen.controller.TeamController.more()
2018-12-08 17:13:37.840 [main] INFO  o.s.w.s.m.m.a.RequestMappingHandlerMapping - Mapped "{[/team/dict],methods=[GET]}" onto public java.util.Map<java.lang.String, java.lang.Object> com.winterchen.controller.TeamController.dict(java.lang.String)
2018-12-08 17:13:37.840 [main] INFO  o.s.w.s.m.m.a.RequestMappingHandlerMapping - Mapped "{[/team/show],methods=[GET]}" onto public java.util.Map<java.lang.String, java.lang.Object> com.winterchen.controller.TeamController.show()
2018-12-08 17:13:37.841 [main] INFO  o.s.w.s.m.m.a.RequestMappingHandlerMapping - Mapped "{[/teamDes/findOne],methods=[GET]}" onto public java.util.Map<java.lang.String, java.lang.Object> com.winterchen.controller.TeamDesController.findOne(java.lang.String)
2018-12-08 17:13:37.841 [main] INFO  o.s.w.s.m.m.a.RequestMappingHandlerMapping - Mapped "{[/transfer/pay],methods=[GET]}" onto public void com.winterchen.controller.TransferController.transferPay(javax.servlet.http.HttpServletRequest,javax.servlet.http.HttpServletResponse,java.lang.String,java.lang.String)
2018-12-08 17:13:37.842 [main] INFO  o.s.w.s.m.m.a.RequestMappingHandlerMapping - Mapped "{[/transfer/pay/query],methods=[POST]}" onto public void com.winterchen.controller.TransferController.orderPayQuery(javax.servlet.http.HttpServletRequest,javax.servlet.http.HttpServletResponse,java.lang.String,java.lang.String)
2018-12-08 17:13:37.846 [main] INFO  o.s.w.s.m.m.a.RequestMappingHandlerMapping - Mapped "{[/user/alone],methods=[POST]}" onto public java.util.Map<java.lang.String, java.lang.Object> com.winterchen.controller.UserController.alone(java.lang.Integer)
2018-12-08 17:13:37.846 [main] INFO  o.s.w.s.m.m.a.RequestMappingHandlerMapping - Mapped "{[/user/getPoolAndNormalTotal],methods=[POST]}" onto public java.util.Map<java.lang.String, java.lang.Object> com.winterchen.controller.UserController.getPoolAndNormalTotal()
2018-12-08 17:13:37.847 [main] INFO  o.s.w.s.m.m.a.RequestMappingHandlerMapping - Mapped "{[/user/getUserTotalByDay],methods=[POST]}" onto public java.util.Map com.winterchen.controller.UserController.getUserTotalByDay(java.lang.String,java.lang.String)
2018-12-08 17:13:37.848 [main] INFO  o.s.w.s.m.m.a.RequestMappingHandlerMapping - Mapped "{[/user/getCompleteOrderByMonth],methods=[POST]}" onto public java.util.Map com.winterchen.controller.UserController.getCompleteOrderByMonth(java.lang.String,java.lang.String) throws java.lang.Exception
2018-12-08 17:13:37.848 [main] INFO  o.s.w.s.m.m.a.RequestMappingHandlerMapping - Mapped "{[/user/getOrderAmountByDay],methods=[POST]}" onto public java.util.Map com.winterchen.controller.UserController.getOrderAmountByDay()
2018-12-08 17:13:37.848 [main] INFO  o.s.w.s.m.m.a.RequestMappingHandlerMapping - Mapped "{[/user/getTeamOrderTotal],methods=[POST]}" onto public java.util.Map com.winterchen.controller.UserController.getTeamOrderTotal()
2018-12-08 17:13:37.848 [main] INFO  o.s.w.s.m.m.a.RequestMappingHandlerMapping - Mapped "{[/user/getDivideAmountByDay],methods=[POST]}" onto public java.util.Map com.winterchen.controller.UserController.getDivideAmountByDay(java.lang.String,java.lang.String)
2018-12-08 17:13:37.849 [main] INFO  o.s.w.s.m.m.a.RequestMappingHandlerMapping - Mapped "{[/user/getTeamAvg],methods=[POST]}" onto public java.util.Map com.winterchen.controller.UserController.getTeamAvg(java.lang.String,java.lang.String)
2018-12-08 17:13:37.849 [main] INFO  o.s.w.s.m.m.a.RequestMappingHandlerMapping - Mapped "{[/user/all],methods=[GET]}" onto public java.lang.Object com.winterchen.controller.UserController.findAllUser(int,int,java.lang.String,java.lang.String)
2018-12-08 17:13:37.849 [main] INFO  o.s.w.s.m.m.a.RequestMappingHandlerMapping - Mapped "{[/user/del],methods=[POST]}" onto public java.util.Map<java.lang.String, java.lang.Object> com.winterchen.controller.UserController.removeArea(java.lang.Integer)
2018-12-08 17:13:37.850 [main] INFO  o.s.w.s.m.m.a.RequestMappingHandlerMapping - Mapped "{[/user/add],methods=[POST]}" onto public java.util.Map<java.lang.String, java.lang.Object> com.winterchen.controller.UserController.addUser(com.winterchen.model.UserDomain)
2018-12-08 17:13:37.851 [main] INFO  o.s.w.s.m.m.a.RequestMappingHandlerMapping - Mapped "{[/weixin/wxPay]}" onto public com.winterchen.util.wx.weixin.Json com.winterchen.controller.WeixinController.wxPay(java.lang.String,java.lang.String,java.lang.String,java.lang.String,int,javax.servlet.http.HttpServletRequest)
2018-12-08 17:13:37.852 [main] INFO  o.s.w.s.m.m.a.RequestMappingHandlerMapping - Mapped "{[/weixin/wxNotify]}" onto public void com.winterchen.controller.WeixinController.wxNotify(javax.servlet.http.HttpServletRequest,javax.servlet.http.HttpServletResponse) throws java.lang.Exception
2018-12-08 17:13:37.854 [main] INFO  o.s.w.s.m.m.a.RequestMappingHandlerMapping - Mapped "{[/withdraw/saveWithdraw],methods=[POST]}" onto public java.util.Map<java.lang.String, java.lang.Object> com.winterchen.controller.WithdrawController.WithdrawInfo(com.winterchen.model.Withdraw) throws java.lang.Exception
2018-12-08 17:13:37.855 [main] INFO  o.s.w.s.m.m.a.RequestMappingHandlerMapping - Mapped "{[/withdraw/listWithdraw.do],methods=[POST]}" onto public java.lang.Object com.winterchen.controller.WithdrawController.selectWithdraws(java.util.Map<java.lang.String, java.lang.Object>) throws java.lang.Exception
2018-12-08 17:13:37.855 [main] INFO  o.s.w.s.m.m.a.RequestMappingHandlerMapping - Mapped "{[/withdraw/updateWithdraw],methods=[POST]}" onto public java.util.Map<java.lang.String, java.lang.Object> com.winterchen.controller.WithdrawController.updateWithdrawInfo(com.winterchen.model.Withdraw) throws java.lang.Exception
2018-12-08 17:13:37.856 [main] INFO  o.s.w.s.m.m.a.RequestMappingHandlerMapping - Mapped "{[/zj/select],methods=[GET]}" onto public java.util.Map<java.lang.String, java.lang.Object> com.winterchen.controller.ZJManageController.select(int,int,java.lang.String)
2018-12-08 17:13:37.862 [main] INFO  o.s.w.s.m.m.a.RequestMappingHandlerMapping - Mapped "{[/swagger-resources/configuration/security]}" onto public org.springframework.http.ResponseEntity<springfox.documentation.swagger.web.SecurityConfiguration> springfox.documentation.swagger.web.ApiResourceController.securityConfiguration()
2018-12-08 17:13:37.863 [main] INFO  o.s.w.s.m.m.a.RequestMappingHandlerMapping - Mapped "{[/swagger-resources/configuration/ui]}" onto public org.springframework.http.ResponseEntity<springfox.documentation.swagger.web.UiConfiguration> springfox.documentation.swagger.web.ApiResourceController.uiConfiguration()
2018-12-08 17:13:37.864 [main] INFO  o.s.w.s.m.m.a.RequestMappingHandlerMapping - Mapped "{[/swagger-resources]}" onto public org.springframework.http.ResponseEntity<java.util.List<springfox.documentation.swagger.web.SwaggerResource>> springfox.documentation.swagger.web.ApiResourceController.swaggerResources()
2018-12-08 17:13:37.868 [main] INFO  o.s.w.s.m.m.a.RequestMappingHandlerMapping - Mapped "{[/error]}" onto public org.springframework.http.ResponseEntity<java.util.Map<java.lang.String, java.lang.Object>> org.springframework.boot.autoconfigure.web.servlet.error.BasicErrorController.error(javax.servlet.http.HttpServletRequest)
2018-12-08 17:13:37.868 [main] INFO  o.s.w.s.m.m.a.RequestMappingHandlerMapping - Mapped "{[/error],produces=[text/html]}" onto public org.springframework.web.servlet.ModelAndView org.springframework.boot.autoconfigure.web.servlet.error.BasicErrorController.errorHtml(javax.servlet.http.HttpServletRequest,javax.servlet.http.HttpServletResponse)
2018-12-08 17:13:38.143 [main] INFO  s.d.s.w.PropertySourcedRequestMappingHandlerMapping - Mapped URL path [/v2/api-docs] onto method [public org.springframework.http.ResponseEntity<springfox.documentation.spring.web.json.Json> springfox.documentation.swagger2.web.Swagger2Controller.getDocumentation(java.lang.String,javax.servlet.http.HttpServletRequest)]
2018-12-08 17:13:38.511 [main] INFO  o.s.web.servlet.handler.SimpleUrlHandlerMapping - Mapped URL path [/**/favicon.ico] onto handler of type [class org.springframework.web.servlet.resource.ResourceHttpRequestHandler]
2018-12-08 17:13:38.851 [main] INFO  o.s.w.s.m.m.a.RequestMappingHandlerAdapter - Looking for @ControllerAdvice: org.springframework.boot.web.servlet.context.AnnotationConfigServletWebServerApplicationContext@7f6f61c8: startup date [Sat Dec 08 17:13:31 CST 2018]; root of context hierarchy
2018-12-08 17:13:38.974 [main] INFO  o.s.web.servlet.handler.SimpleUrlHandlerMapping - Mapped URL path [/webjars/**] onto handler of type [class org.springframework.web.servlet.resource.ResourceHttpRequestHandler]
2018-12-08 17:13:38.975 [main] INFO  o.s.web.servlet.handler.SimpleUrlHandlerMapping - Mapped URL path [/**] onto handler of type [class org.springframework.web.servlet.resource.ResourceHttpRequestHandler]
2018-12-08 17:13:39.002 [main] INFO  o.s.w.s.m.m.a.ExceptionHandlerExceptionResolver - Detected @ExceptionHandler methods in globalExceptionHandler
2018-12-08 17:13:39.544 [main] INFO  o.s.b.a.web.servlet.WelcomePageHandlerMapping - Adding welcome page template: index
2018-12-08 17:13:40.070 [main] INFO  o.s.w.servlet.view.freemarker.FreeMarkerConfigurer - ClassTemplateLoader for Spring macros added to FreeMarker configuration
2018-12-08 17:13:40.374 [main] INFO  o.s.jmx.export.annotation.AnnotationMBeanExporter - Registering beans for JMX exposure on startup
2018-12-08 17:13:40.377 [main] INFO  o.s.jmx.export.annotation.AnnotationMBeanExporter - Bean with name 'statFilter' has been autodetected for JMX exposure
2018-12-08 17:13:40.377 [main] INFO  o.s.jmx.export.annotation.AnnotationMBeanExporter - Bean with name 'dataSource' has been autodetected for JMX exposure
2018-12-08 17:13:40.386 [main] INFO  o.s.jmx.export.annotation.AnnotationMBeanExporter - Located MBean 'dataSource': registering with JMX server as MBean [com.alibaba.druid.spring.boot.autoconfigure:name=dataSource,type=DruidDataSourceWrapper]
2018-12-08 17:13:40.388 [main] INFO  o.s.jmx.export.annotation.AnnotationMBeanExporter - Located MBean 'statFilter': registering with JMX server as MBean [com.alibaba.druid.filter.stat:name=statFilter,type=StatFilter]
2018-12-08 17:13:40.394 [main] INFO  o.s.context.support.DefaultLifecycleProcessor - Starting beans in phase 2147483647
2018-12-08 17:13:40.395 [main] INFO  s.d.s.web.plugins.DocumentationPluginsBootstrapper - Context refreshed
2018-12-08 17:13:40.417 [main] INFO  s.d.s.web.plugins.DocumentationPluginsBootstrapper - Found 1 custom documentation plugin(s)
2018-12-08 17:13:40.454 [main] INFO  s.d.spring.web.scanners.ApiListingReferenceScanner - Scanning for api listing references
2018-12-08 17:13:40.802 [main] INFO  s.d.s.w.r.operation.CachingOperationNameGenerator - Generating unique operation named: upload2UsingPOST_1
2018-12-08 17:13:40.821 [main] INFO  s.d.s.w.r.operation.CachingOperationNameGenerator - Generating unique operation named: selectUsingGET_1
2018-12-08 17:13:40.955 [main] INFO  s.d.s.w.r.operation.CachingOperationNameGenerator - Generating unique operation named: listUsingGET_1
2018-12-08 17:13:40.975 [main] INFO  s.d.s.w.r.operation.CachingOperationNameGenerator - Generating unique operation named: listUsingGET_2
2018-12-08 17:13:41.010 [main] INFO  s.d.s.w.r.operation.CachingOperationNameGenerator - Generating unique operation named: listUsingGET_3
2018-12-08 17:13:41.031 [main] INFO  s.d.s.w.r.operation.CachingOperationNameGenerator - Generating unique operation named: selectUsingGET_2
2018-12-08 17:13:41.049 [main] INFO  s.d.s.w.r.operation.CachingOperationNameGenerator - Generating unique operation named: showUsingGET_1
2018-12-08 17:13:41.052 [main] INFO  s.d.s.w.r.operation.CachingOperationNameGenerator - Generating unique operation named: indexUsingGET_1
2018-12-08 17:13:41.138 [main] INFO  s.d.s.w.r.operation.CachingOperationNameGenerator - Generating unique operation named: WithdrawInfoUsingPOST_1
2018-12-08 17:13:41.141 [main] INFO  s.d.s.w.r.operation.CachingOperationNameGenerator - Generating unique operation named: selectWithdrawsUsingPOST_1
2018-12-08 17:13:41.149 [main] INFO  s.d.s.w.r.operation.CachingOperationNameGenerator - Generating unique operation named: selectUsingGET_3
2018-12-08 17:13:41.175 [main] INFO  org.apache.coyote.http11.Http11NioProtocol - Starting ProtocolHandler ["http-nio-8099"]
2018-12-08 17:13:41.201 [main] INFO  org.apache.tomcat.util.net.NioSelectorPool - Using a shared selector for servlet write/read
2018-12-08 17:13:41.217 [main] INFO  o.s.boot.web.embedded.tomcat.TomcatWebServer - Tomcat started on port(s): 8099 (http) with context path ''
2018-12-08 17:13:41.224 [main] INFO  com.winterchen.Springboot2MybatisDemoApplication - Started Springboot2MybatisDemoApplication in 11.271 seconds (JVM running for 13.106)
2018-12-08 17:15:34.939 [http-nio-8099-exec-1] INFO  o.a.c.core.ContainerBase.[Tomcat].[localhost].[/] - Initializing Spring FrameworkServlet 'dispatcherServlet'
2018-12-08 17:15:34.939 [http-nio-8099-exec-1] INFO  org.springframework.web.servlet.DispatcherServlet - FrameworkServlet 'dispatcherServlet': initialization started
2018-12-08 17:15:34.962 [http-nio-8099-exec-1] INFO  org.springframework.web.servlet.DispatcherServlet - FrameworkServlet 'dispatcherServlet': initialization completed in 23 ms
2018-12-08 17:15:35.004 [http-nio-8099-exec-1] INFO  com.winterchen.aspectj.AopLog - 【请求类名】：com.winterchen.controller.RoleController，【请求方法名】：allRole
2018-12-08 17:15:35.155 [http-nio-8099-exec-1] DEBUG com.winterchen.dao.RoleDao.selectAll_COUNT - ==>  Preparing: SELECT count(0) FROM w_role WHERE 1 = 1 AND openid = ? 
2018-12-08 17:15:35.221 [http-nio-8099-exec-1] DEBUG com.winterchen.dao.RoleDao.selectAll_COUNT - ==> Parameters: oBhap5Uq_lCWy5wiz61mzm2-IBko(String)
2018-12-08 17:15:35.255 [http-nio-8099-exec-1] DEBUG com.winterchen.dao.RoleDao.selectAll_COUNT - <==      Total: 1
2018-12-08 17:15:35.258 [http-nio-8099-exec-1] DEBUG com.winterchen.dao.LogDao.insertLog - ==>  Preparing: insert into log ( uuid, res_url, time, req_url ) value ( ?, ?, ?, ? ) 
2018-12-08 17:15:35.259 [http-nio-8099-exec-1] DEBUG com.winterchen.dao.LogDao.insertLog - ==> Parameters: 0bade939714a489083dd02c88ef4187e(String), /wx/user/allRole(String), 253(Long), allRole(String)
2018-12-08 17:15:35.300 [http-nio-8099-exec-1] DEBUG com.winterchen.dao.LogDao.insertLog - <==    Updates: 1
2018-12-08 17:16:24.710 [http-nio-8099-exec-2] INFO  com.winterchen.aspectj.AopLog - 【请求类名】：com.winterchen.controller.RoleController，【请求方法名】：allRole
2018-12-08 17:16:24.712 [http-nio-8099-exec-2] DEBUG com.winterchen.dao.RoleDao.selectAll_COUNT - ==>  Preparing: SELECT count(0) FROM w_role WHERE 1 = 1 AND openid = ? 
2018-12-08 17:16:24.712 [http-nio-8099-exec-2] DEBUG com.winterchen.dao.RoleDao.selectAll_COUNT - ==> Parameters: oBhap5Uq_lCWy5wiz61mzm2-IBko(String)
2018-12-08 17:16:24.728 [http-nio-8099-exec-2] DEBUG com.winterchen.dao.RoleDao.selectAll_COUNT - <==      Total: 1
2018-12-08 17:16:24.729 [http-nio-8099-exec-2] DEBUG com.winterchen.dao.LogDao.insertLog - ==>  Preparing: insert into log ( uuid, res_url, time, req_url ) value ( ?, ?, ?, ? ) 
2018-12-08 17:16:24.729 [http-nio-8099-exec-2] DEBUG com.winterchen.dao.LogDao.insertLog - ==> Parameters: fac60cb81bfa494a822b6d0b3fc282f2(String), /wx/user/allRole(String), 19(Long), allRole(String)
2018-12-08 17:16:24.764 [http-nio-8099-exec-2] DEBUG com.winterchen.dao.LogDao.insertLog - <==    Updates: 1
2018-12-08 17:16:29.610 [http-nio-8099-exec-3] INFO  com.winterchen.aspectj.AopLog - 【请求类名】：com.winterchen.controller.RoleController，【请求方法名】：baseInfo
2018-12-08 17:16:29.610 [http-nio-8099-exec-3] DEBUG com.winterchen.dao.RoleDao.insert - ==>  Preparing: insert into w_role(openid,avatarUrl,nickName) values (?,?,?) 
2018-12-08 17:16:29.611 [http-nio-8099-exec-3] DEBUG com.winterchen.dao.RoleDao.insert - ==> Parameters: oBhap5Uq_lCWy5wiz61mzm2-IBko(String), https://wx.qlogo.cn/mmopen/vi_32/Q0j4TwGTfTKrL86yVQoqjutCg5sBHOOuPILLRNaAskBenMmnnbHMUfKibmKaWhTyXshq2ucKhbib5tlvhLJRpTRw/132(String), Cko(String)
2018-12-08 17:16:29.672 [http-nio-8099-exec-3] INFO  o.s.beans.factory.xml.XmlBeanDefinitionReader - Loading XML bean definitions from class path resource [org/springframework/jdbc/support/sql-error-codes.xml]
2018-12-08 17:16:29.699 [http-nio-8099-exec-3] INFO  o.s.jdbc.support.SQLErrorCodesFactory - SQLErrorCodes loaded: [DB2, Derby, H2, HDB, HSQL, Informix, MS-SQL, MySQL, Oracle, PostgreSQL, Sybase]
