【xkcoding】2018-09-29 13:49:16.664 INFO  [main] c.w.Springboot2MybatisDemoApplication - Starting Springboot2MybatisDemoApplication on yangfengdeMacBook-Pro.local with PID 28682 (/Users/yangfeng/plugs/important/w_lunwen/java/w-java-manage/target/classes started by yangfeng in /Users/yangfeng/plugs/important/w_lunwen/java/w-java-manage)
【xkcoding】2018-09-29 13:49:16.669 INFO  [main] c.w.Springboot2MybatisDemoApplication - No active profile set, falling back to default profiles: default
【xkcoding】2018-09-29 13:49:16.749 INFO  [main] o.s.b.w.s.c.AnnotationConfigServletWebServerApplicationContext - Refreshing org.springframework.boot.web.servlet.context.AnnotationConfigServletWebServerApplicationContext@41d426b5: startup date [Sat Sep 29 13:49:16 CST 2018]; root of context hierarchy
【xkcoding】2018-09-29 13:49:18.239 INFO  [main] o.s.c.s.PostProcessorRegistrationDelegate$BeanPostProcessorChecker - Bean 'org.springframework.transaction.annotation.ProxyTransactionManagementConfiguration' of type [org.springframework.transaction.annotation.ProxyTransactionManagementConfiguration$$EnhancerBySpringCGLIB$$f8edef34] is not eligible for getting processed by all BeanPostProcessors (for example: not eligible for auto-proxying)
【xkcoding】2018-09-29 13:49:18.722 INFO  [main] o.s.b.w.e.tomcat.TomcatWebServer - Tomcat initialized with port(s): 8099 (http)
【xkcoding】2018-09-29 13:49:18.737 INFO  [main] o.a.coyote.http11.Http11NioProtocol - Initializing ProtocolHandler ["http-nio-8099"]
【xkcoding】2018-09-29 13:49:18.747 INFO  [main] o.a.catalina.core.StandardService - Starting service [Tomcat]
【xkcoding】2018-09-29 13:49:18.747 INFO  [main] o.a.catalina.core.StandardEngine - Starting Servlet Engine: Apache Tomcat/8.5.29
【xkcoding】2018-09-29 13:49:18.752 INFO  [localhost-startStop-1] o.a.c.core.AprLifecycleListener - The APR based Apache Tomcat Native library which allows optimal performance in production environments was not found on the java.library.path: [/Users/yangfeng/Library/Java/Extensions:/Library/Java/Extensions:/Network/Library/Java/Extensions:/System/Library/Java/Extensions:/usr/lib/java:.]
【xkcoding】2018-09-29 13:49:18.846 INFO  [localhost-startStop-1] o.a.c.c.C.[Tomcat].[localhost].[/] - Initializing Spring embedded WebApplicationContext
【xkcoding】2018-09-29 13:49:18.847 INFO  [localhost-startStop-1] o.s.web.context.ContextLoader - Root WebApplicationContext: initialization completed in 2098 ms
【xkcoding】2018-09-29 13:49:19.168 INFO  [localhost-startStop-1] o.s.b.w.s.ServletRegistrationBean - Servlet dispatcherServlet mapped to [/]
【xkcoding】2018-09-29 13:49:19.170 INFO  [localhost-startStop-1] o.s.b.w.s.ServletRegistrationBean - Servlet statViewServlet mapped to [/druid/*]
【xkcoding】2018-09-29 13:49:19.173 INFO  [localhost-startStop-1] o.s.b.w.s.FilterRegistrationBean - Mapping filter: 'characterEncodingFilter' to: [/*]
【xkcoding】2018-09-29 13:49:19.174 INFO  [localhost-startStop-1] o.s.b.w.s.FilterRegistrationBean - Mapping filter: 'hiddenHttpMethodFilter' to: [/*]
【xkcoding】2018-09-29 13:49:19.174 INFO  [localhost-startStop-1] o.s.b.w.s.FilterRegistrationBean - Mapping filter: 'httpPutFormContentFilter' to: [/*]
【xkcoding】2018-09-29 13:49:19.174 INFO  [localhost-startStop-1] o.s.b.w.s.FilterRegistrationBean - Mapping filter: 'requestContextFilter' to: [/*]
【xkcoding】2018-09-29 13:49:19.174 INFO  [localhost-startStop-1] o.s.b.w.s.FilterRegistrationBean - Mapping filter: 'webStatFilter' to urls: [/*]
【xkcoding】2018-09-29 13:49:19.175 INFO  [localhost-startStop-1] o.s.b.w.s.FilterRegistrationBean - Mapping filter: 'corsFilter' to: [/*]
【xkcoding】2018-09-29 13:49:19.254 INFO  [main] c.a.d.s.b.a.DruidDataSourceAutoConfigure - Init DruidDataSource
【xkcoding】2018-09-29 13:49:19.922 INFO  [main] c.alibaba.druid.pool.DruidDataSource - {dataSource-1} inited
【xkcoding】2018-09-29 13:49:21.299 INFO  [main] o.s.w.s.m.m.a.RequestMappingHandlerMapping - Mapped "{[/account/vlogin],methods=[POST]}" onto public java.util.Map<java.lang.String, java.lang.Object> com.winterchen.controller.AccountController.ilogin(java.lang.String,java.lang.String)
【xkcoding】2018-09-29 13:49:21.305 INFO  [main] o.s.w.s.m.m.a.RequestMappingHandlerMapping - Mapped "{[/account/delAccount],methods=[POST]}" onto public java.util.Map<java.lang.String, java.lang.Object> com.winterchen.controller.AccountController.delAccount(java.lang.Integer)
【xkcoding】2018-09-29 13:49:21.307 INFO  [main] o.s.w.s.m.m.a.RequestMappingHandlerMapping - Mapped "{[/account/deleteAccount],methods=[POST]}" onto public java.util.Map<java.lang.String, java.lang.Object> com.winterchen.controller.AccountController.deleteAccount(java.lang.String)
【xkcoding】2018-09-29 13:49:21.311 INFO  [main] o.s.w.s.m.m.a.RequestMappingHandlerMapping - Mapped "{[/account/AddEditAccount],methods=[POST]}" onto public java.util.Map<java.lang.String, java.lang.Object> com.winterchen.controller.AccountController.AddEditAccount(com.winterchen.model.AccountDomain)
【xkcoding】2018-09-29 13:49:21.312 INFO  [main] o.s.w.s.m.m.a.RequestMappingHandlerMapping - Mapped "{[/account/allAccount],methods=[GET]}" onto public java.lang.Object com.winterchen.controller.AccountController.allAccount(int,int)
【xkcoding】2018-09-29 13:49:21.312 INFO  [main] o.s.w.s.m.m.a.RequestMappingHandlerMapping - Mapped "{[/account/updatePwd],methods=[POST]}" onto public java.util.Map<java.lang.String, java.lang.Object> com.winterchen.controller.AccountController.updatePwd(java.lang.String,java.lang.String,java.lang.String)
【xkcoding】2018-09-29 13:49:21.313 INFO  [main] o.s.w.s.m.m.a.RequestMappingHandlerMapping - Mapped "{[/article/getList],methods=[GET]}" onto public java.util.List<com.winterchen.model.ArticleTypeDomain> com.winterchen.controller.ArticleTypeController.getList(java.lang.String)
【xkcoding】2018-09-29 13:49:21.316 INFO  [main] o.s.w.s.m.m.a.RequestMappingHandlerMapping - Mapped "{[/yf2],methods=[GET]}" onto public int com.winterchen.controller.ExceptionController.yf2(int)
【xkcoding】2018-09-29 13:49:21.316 INFO  [main] o.s.w.s.m.m.a.RequestMappingHandlerMapping - Mapped "{[/yf0],methods=[GET]}" onto public int com.winterchen.controller.ExceptionController.yf0(int)
【xkcoding】2018-09-29 13:49:21.316 INFO  [main] o.s.w.s.m.m.a.RequestMappingHandlerMapping - Mapped "{[/post0],methods=[POST]}" onto public int com.winterchen.controller.ExceptionController.post0(int)
【xkcoding】2018-09-29 13:49:21.317 INFO  [main] o.s.w.s.m.m.a.RequestMappingHandlerMapping - Mapped "{[/yf1],methods=[GET]}" onto public int com.winterchen.controller.ExceptionController.yf1(int)
【xkcoding】2018-09-29 13:49:21.317 INFO  [main] o.s.w.s.m.m.a.RequestMappingHandlerMapping - Mapped "{[/yf11/{id}],methods=[GET]}" onto public int com.winterchen.controller.ExceptionController.yf11(int)
【xkcoding】2018-09-29 13:49:21.318 INFO  [main] o.s.w.s.m.m.a.RequestMappingHandlerMapping - Mapped "{[/post1],methods=[POST]}" onto public int com.winterchen.controller.ExceptionController.post1(int)
【xkcoding】2018-09-29 13:49:21.318 INFO  [main] o.s.w.s.m.m.a.RequestMappingHandlerMapping - Mapped "{[/post2],methods=[POST]}" onto public int com.winterchen.controller.ExceptionController.post2(int)
【xkcoding】2018-09-29 13:49:21.318 INFO  [main] o.s.w.s.m.m.a.RequestMappingHandlerMapping - Mapped "{[/test1],methods=[GET]}" onto public java.lang.String com.winterchen.controller.ExceptionController.test1()
【xkcoding】2018-09-29 13:49:21.318 INFO  [main] o.s.w.s.m.m.a.RequestMappingHandlerMapping - Mapped "{[/test2],methods=[GET]}" onto public java.util.Map<java.lang.String, java.lang.String> com.winterchen.controller.ExceptionController.test2()
【xkcoding】2018-09-29 13:49:21.319 INFO  [main] o.s.w.s.m.m.a.RequestMappingHandlerMapping - Mapped "{[/test3],methods=[GET]}" onto public java.lang.String com.winterchen.controller.ExceptionController.test3(java.lang.Integer)
【xkcoding】2018-09-29 13:49:21.319 INFO  [main] o.s.w.s.m.m.a.RequestMappingHandlerMapping - Mapped "{[/test4],methods=[GET]}" onto public java.lang.String com.winterchen.controller.ExceptionController.test4()
【xkcoding】2018-09-29 13:49:21.323 INFO  [main] o.s.w.s.m.m.a.RequestMappingHandlerMapping - Mapped "{[/uploads],methods=[GET]}" onto public java.lang.String com.winterchen.controller.FileUploadController.index()
【xkcoding】2018-09-29 13:49:21.326 INFO  [main] o.s.w.s.m.m.a.RequestMappingHandlerMapping - Mapped "{[/uploads/upload3],methods=[POST]}" onto public void com.winterchen.controller.FileUploadController.upload2(java.lang.String) throws java.io.IOException
【xkcoding】2018-09-29 13:49:21.326 INFO  [main] o.s.w.s.m.m.a.RequestMappingHandlerMapping - Mapped "{[/uploads/upload2],methods=[POST]}" onto public java.util.List<java.util.Map<java.lang.String, java.lang.String>> com.winterchen.controller.FileUploadController.upload2(org.springframework.web.multipart.MultipartFile[]) throws java.io.IOException
【xkcoding】2018-09-29 13:49:21.327 INFO  [main] o.s.w.s.m.m.a.RequestMappingHandlerMapping - Mapped "{[/uploads/upload1],methods=[POST]}" onto public java.util.Map<java.lang.String, java.lang.String> com.winterchen.controller.FileUploadController.upload1(org.springframework.web.multipart.MultipartFile) throws java.io.IOException
【xkcoding】2018-09-29 13:49:21.328 INFO  [main] o.s.w.s.m.m.a.RequestMappingHandlerMapping - Mapped "{[/account/getPhone],methods=[POST]}" onto public java.lang.Object com.winterchen.controller.GetPhoneController.JsonResult(java.lang.String,java.lang.String,java.lang.String)
【xkcoding】2018-09-29 13:49:21.329 INFO  [main] o.s.w.s.m.m.a.RequestMappingHandlerMapping - Mapped "{[/log/list],methods=[GET]}" onto public java.lang.Object com.winterchen.controller.LogController.findAllLog(int,int)
【xkcoding】2018-09-29 13:49:21.330 INFO  [main] o.s.w.s.m.m.a.RequestMappingHandlerMapping - Mapped "{[/wx/api/insert],methods=[POST]}" onto public java.util.Map<java.lang.String, java.lang.Object> com.winterchen.controller.OrderInfoController.insert(com.winterchen.model.OrderInfoDomain)
【xkcoding】2018-09-29 13:49:21.331 INFO  [main] o.s.w.s.m.m.a.RequestMappingHandlerMapping - Mapped "{[/order/list],methods=[GET]}" onto public java.util.Map<java.lang.String, java.lang.Object> com.winterchen.controller.OrderManageController.list(int,int,int,java.lang.String,int,int,java.lang.String,java.lang.String)
【xkcoding】2018-09-29 13:49:21.339 INFO  [main] o.s.w.s.m.m.a.RequestMappingHandlerMapping - Mapped "{[/wx/user/update],methods=[POST]}" onto public java.util.Map<java.lang.String, java.lang.Object> com.winterchen.controller.RoleController.update(com.winterchen.model.RoleDomain)
【xkcoding】2018-09-29 13:49:21.340 INFO  [main] o.s.w.s.m.m.a.RequestMappingHandlerMapping - Mapped "{[/wx/user/baseInfo],methods=[POST]}" onto public java.util.Map<java.lang.String, java.lang.Object> com.winterchen.controller.RoleController.baseInfo(com.winterchen.model.RoleDomain)
【xkcoding】2018-09-29 13:49:21.340 INFO  [main] o.s.w.s.m.m.a.RequestMappingHandlerMapping - Mapped "{[/wx/user/allRole],methods=[GET]}" onto public java.util.Map<java.lang.String, java.lang.Object> com.winterchen.controller.RoleController.allRole(int,int,java.lang.String,java.lang.String,java.lang.String)
【xkcoding】2018-09-29 13:49:21.341 INFO  [main] o.s.w.s.m.m.a.RequestMappingHandlerMapping - Mapped "{[/wx/user/setRole],methods=[POST]}" onto public java.util.Map<java.lang.String, java.lang.Object> com.winterchen.controller.RoleController.setRole(java.lang.String,java.lang.String,java.lang.String)
【xkcoding】2018-09-29 13:49:21.350 INFO  [main] o.s.w.s.m.m.a.RequestMappingHandlerMapping - Mapped "{[/team/add],methods=[POST]}" onto public java.util.Map<java.lang.String, java.lang.Object> com.winterchen.controller.TeamController.add(com.winterchen.model.TeamDomain)
【xkcoding】2018-09-29 13:49:21.351 INFO  [main] o.s.w.s.m.m.a.RequestMappingHandlerMapping - Mapped "{[/team/show],methods=[GET]}" onto public java.util.Map<java.lang.String, java.lang.Object> com.winterchen.controller.TeamController.show()
【xkcoding】2018-09-29 13:49:21.351 INFO  [main] o.s.w.s.m.m.a.RequestMappingHandlerMapping - Mapped "{[/team/dict],methods=[GET]}" onto public java.util.Map<java.lang.String, java.lang.Object> com.winterchen.controller.TeamController.dict(java.lang.String)
【xkcoding】2018-09-29 13:49:21.351 INFO  [main] o.s.w.s.m.m.a.RequestMappingHandlerMapping - Mapped "{[/team/more],methods=[GET]}" onto public java.util.List<com.winterchen.model.dto.UserDto> com.winterchen.controller.TeamController.more()
【xkcoding】2018-09-29 13:49:21.353 INFO  [main] o.s.w.s.m.m.a.RequestMappingHandlerMapping - Mapped "{[/teamDes/findOne],methods=[GET]}" onto public java.util.Map<java.lang.String, java.lang.Object> com.winterchen.controller.TeamDesController.findOne(java.lang.String)
【xkcoding】2018-09-29 13:49:21.358 INFO  [main] o.s.w.s.m.m.a.RequestMappingHandlerMapping - Mapped "{[/user/add],methods=[POST]}" onto public java.util.Map<java.lang.String, java.lang.Object> com.winterchen.controller.UserController.addUser(com.winterchen.model.UserDomain)
【xkcoding】2018-09-29 13:49:21.359 INFO  [main] o.s.w.s.m.m.a.RequestMappingHandlerMapping - Mapped "{[/user/alone],methods=[POST]}" onto public java.util.Map<java.lang.String, java.lang.Object> com.winterchen.controller.UserController.alone(java.lang.Integer)
【xkcoding】2018-09-29 13:49:21.359 INFO  [main] o.s.w.s.m.m.a.RequestMappingHandlerMapping - Mapped "{[/user/all],methods=[GET]}" onto public java.lang.Object com.winterchen.controller.UserController.findAllUser(int,int,java.lang.String,java.lang.String)
【xkcoding】2018-09-29 13:49:21.360 INFO  [main] o.s.w.s.m.m.a.RequestMappingHandlerMapping - Mapped "{[/user/del],methods=[POST]}" onto public java.util.Map<java.lang.String, java.lang.Object> com.winterchen.controller.UserController.removeArea(java.lang.Integer)
【xkcoding】2018-09-29 13:49:21.365 INFO  [main] o.s.w.s.m.m.a.RequestMappingHandlerMapping - Mapped "{[/swagger-resources]}" onto public org.springframework.http.ResponseEntity<java.util.List<springfox.documentation.swagger.web.SwaggerResource>> springfox.documentation.swagger.web.ApiResourceController.swaggerResources()
【xkcoding】2018-09-29 13:49:21.366 INFO  [main] o.s.w.s.m.m.a.RequestMappingHandlerMapping - Mapped "{[/swagger-resources/configuration/security]}" onto public org.springframework.http.ResponseEntity<springfox.documentation.swagger.web.SecurityConfiguration> springfox.documentation.swagger.web.ApiResourceController.securityConfiguration()
【xkcoding】2018-09-29 13:49:21.366 INFO  [main] o.s.w.s.m.m.a.RequestMappingHandlerMapping - Mapped "{[/swagger-resources/configuration/ui]}" onto public org.springframework.http.ResponseEntity<springfox.documentation.swagger.web.UiConfiguration> springfox.documentation.swagger.web.ApiResourceController.uiConfiguration()
【xkcoding】2018-09-29 13:49:21.369 INFO  [main] o.s.w.s.m.m.a.RequestMappingHandlerMapping - Mapped "{[/error]}" onto public org.springframework.http.ResponseEntity<java.util.Map<java.lang.String, java.lang.Object>> org.springframework.boot.autoconfigure.web.servlet.error.BasicErrorController.error(javax.servlet.http.HttpServletRequest)
【xkcoding】2018-09-29 13:49:21.370 INFO  [main] o.s.w.s.m.m.a.RequestMappingHandlerMapping - Mapped "{[/error],produces=[text/html]}" onto public org.springframework.web.servlet.ModelAndView org.springframework.boot.autoconfigure.web.servlet.error.BasicErrorController.errorHtml(javax.servlet.http.HttpServletRequest,javax.servlet.http.HttpServletResponse)
【xkcoding】2018-09-29 13:49:21.543 INFO  [main] s.d.s.w.PropertySourcedRequestMappingHandlerMapping - Mapped URL path [/v2/api-docs] onto method [public org.springframework.http.ResponseEntity<springfox.documentation.spring.web.json.Json> springfox.documentation.swagger2.web.Swagger2Controller.getDocumentation(java.lang.String,javax.servlet.http.HttpServletRequest)]
【xkcoding】2018-09-29 13:49:21.792 INFO  [main] o.s.w.s.h.SimpleUrlHandlerMapping - Mapped URL path [/**/favicon.ico] onto handler of type [class org.springframework.web.servlet.resource.ResourceHttpRequestHandler]
【xkcoding】2018-09-29 13:49:22.039 INFO  [main] o.s.w.s.m.m.a.RequestMappingHandlerAdapter - Looking for @ControllerAdvice: org.springframework.boot.web.servlet.context.AnnotationConfigServletWebServerApplicationContext@41d426b5: startup date [Sat Sep 29 13:49:16 CST 2018]; root of context hierarchy
【xkcoding】2018-09-29 13:49:22.110 INFO  [main] o.s.w.s.h.SimpleUrlHandlerMapping - Mapped URL path [/webjars/**] onto handler of type [class org.springframework.web.servlet.resource.ResourceHttpRequestHandler]
【xkcoding】2018-09-29 13:49:22.110 INFO  [main] o.s.w.s.h.SimpleUrlHandlerMapping - Mapped URL path [/**] onto handler of type [class org.springframework.web.servlet.resource.ResourceHttpRequestHandler]
【xkcoding】2018-09-29 13:49:22.129 INFO  [main] o.s.w.s.m.m.a.ExceptionHandlerExceptionResolver - Detected @ExceptionHandler methods in globalExceptionHandler
【xkcoding】2018-09-29 13:49:22.649 INFO  [main] o.s.j.e.a.AnnotationMBeanExporter - Registering beans for JMX exposure on startup
【xkcoding】2018-09-29 13:49:22.651 INFO  [main] o.s.j.e.a.AnnotationMBeanExporter - Bean with name 'statFilter' has been autodetected for JMX exposure
【xkcoding】2018-09-29 13:49:22.651 INFO  [main] o.s.j.e.a.AnnotationMBeanExporter - Bean with name 'dataSource' has been autodetected for JMX exposure
【xkcoding】2018-09-29 13:49:22.660 INFO  [main] o.s.j.e.a.AnnotationMBeanExporter - Located MBean 'dataSource': registering with JMX server as MBean [com.alibaba.druid.spring.boot.autoconfigure:name=dataSource,type=DruidDataSourceWrapper]
【xkcoding】2018-09-29 13:49:22.662 INFO  [main] o.s.j.e.a.AnnotationMBeanExporter - Located MBean 'statFilter': registering with JMX server as MBean [com.alibaba.druid.filter.stat:name=statFilter,type=StatFilter]
【xkcoding】2018-09-29 13:49:22.668 INFO  [main] o.s.c.s.DefaultLifecycleProcessor - Starting beans in phase 2147483647
【xkcoding】2018-09-29 13:49:22.668 INFO  [main] s.d.s.w.p.DocumentationPluginsBootstrapper - Context refreshed
【xkcoding】2018-09-29 13:49:22.693 INFO  [main] s.d.s.w.p.DocumentationPluginsBootstrapper - Found 1 custom documentation plugin(s)
【xkcoding】2018-09-29 13:49:22.743 INFO  [main] s.d.s.w.s.ApiListingReferenceScanner - Scanning for api listing references
【xkcoding】2018-09-29 13:49:23.010 INFO  [main] s.d.s.w.r.o.CachingOperationNameGenerator - Generating unique operation named: upload2UsingPOST_1
【xkcoding】2018-09-29 13:49:23.125 INFO  [main] o.a.coyote.http11.Http11NioProtocol - Starting ProtocolHandler ["http-nio-8099"]
【xkcoding】2018-09-29 13:49:23.150 INFO  [main] o.a.tomcat.util.net.NioSelectorPool - Using a shared selector for servlet write/read
【xkcoding】2018-09-29 13:49:23.169 INFO  [main] o.s.b.w.e.tomcat.TomcatWebServer - Tomcat started on port(s): 8099 (http) with context path ''
【xkcoding】2018-09-29 13:49:23.175 INFO  [main] c.w.Springboot2MybatisDemoApplication - Started Springboot2MybatisDemoApplication in 7.284 seconds (JVM running for 8.41)
【xkcoding】2018-09-29 13:50:03.674 INFO  [http-nio-8099-exec-1] o.a.c.c.C.[Tomcat].[localhost].[/] - Initializing Spring FrameworkServlet 'dispatcherServlet'
【xkcoding】2018-09-29 13:50:03.674 INFO  [http-nio-8099-exec-1] o.s.web.servlet.DispatcherServlet - FrameworkServlet 'dispatcherServlet': initialization started
【xkcoding】2018-09-29 13:50:03.696 INFO  [http-nio-8099-exec-1] o.s.web.servlet.DispatcherServlet - FrameworkServlet 'dispatcherServlet': initialization completed in 22 ms
【xkcoding】2018-09-29 13:50:03.734 INFO  [http-nio-8099-exec-1] com.winterchen.aspectj.AopLog - 【请求类名】：com.winterchen.controller.RoleController，【请求方法名】：allRole
【xkcoding】2018-09-29 13:54:30.336 INFO  [http-nio-8099-exec-3] com.winterchen.aspectj.AopLog - 【请求类名】：com.winterchen.controller.RoleController，【请求方法名】：allRole
【xkcoding】2018-09-29 15:32:26.722 INFO  [http-nio-8099-exec-5] com.winterchen.aspectj.AopLog - 【请求类名】：com.winterchen.controller.RoleController，【请求方法名】：allRole
【xkcoding】2018-09-29 17:25:50.212 INFO  [http-nio-8099-exec-7] com.winterchen.aspectj.AopLog - 【请求类名】：com.winterchen.controller.RoleController，【请求方法名】：allRole
【xkcoding】2018-09-29 18:10:07.502 INFO  [Thread-18] o.s.b.w.s.c.AnnotationConfigServletWebServerApplicationContext - Closing org.springframework.boot.web.servlet.context.AnnotationConfigServletWebServerApplicationContext@41d426b5: startup date [Sat Sep 29 13:49:16 CST 2018]; root of context hierarchy
【xkcoding】2018-09-29 18:10:07.778 INFO  [Thread-18] o.s.c.s.DefaultLifecycleProcessor - Stopping beans in phase 2147483647
【xkcoding】2018-09-29 18:10:07.859 INFO  [Thread-18] o.s.j.e.a.AnnotationMBeanExporter - Unregistering JMX-exposed beans on shutdown
【xkcoding】2018-09-29 18:10:07.875 INFO  [Thread-18] o.s.j.e.a.AnnotationMBeanExporter - Unregistering JMX-exposed beans
【xkcoding】2018-09-29 18:10:07.945 INFO  [Thread-18] c.alibaba.druid.pool.DruidDataSource - {dataSource-1} closed
