【xkcoding】2018-09-19 09:19:05.275 INFO  [http-nio-8099-exec-9] com.winterchen.aspectj.AopLog - 【请求类名】：com.winterchen.controller.AccountController，【请求方法名】：ilogin
【xkcoding】2018-09-19 09:19:16.063 INFO  [http-nio-8099-exec-10] com.winterchen.aspectj.AopLog - 【请求类名】：com.winterchen.controller.AccountController，【请求方法名】：ilogin
【xkcoding】2018-09-19 10:53:21.570 INFO  [Thread-14] o.s.b.w.s.c.AnnotationConfigServletWebServerApplicationContext - Closing org.springframework.boot.web.servlet.context.AnnotationConfigServletWebServerApplicationContext@61a88b8c: startup date [Tue Sep 18 21:42:01 CST 2018]; root of context hierarchy
【xkcoding】2018-09-19 10:53:21.630 INFO  [Thread-14] o.s.c.s.DefaultLifecycleProcessor - Stopping beans in phase 2147483647
【xkcoding】2018-09-19 10:53:21.636 INFO  [Thread-14] o.s.j.e.a.AnnotationMBeanExporter - Unregistering JMX-exposed beans on shutdown
【xkcoding】2018-09-19 10:53:21.639 INFO  [Thread-14] o.s.j.e.a.AnnotationMBeanExporter - Unregistering JMX-exposed beans
【xkcoding】2018-09-19 10:53:21.651 INFO  [Thread-14] c.alibaba.druid.pool.DruidDataSource - {dataSource-1} closed
【xkcoding】2018-09-19 18:38:45.266 INFO  [main] c.w.Springboot2MybatisDemoApplication - Starting Springboot2MybatisDemoApplication on yangfengdeMacBook-Pro.local with PID 8937 (/Users/yangfeng/plugs/important/w_lunwen/java/w-java-manage/target/classes started by yangfeng in /Users/yangfeng/plugs/important/w_lunwen/java/w-java-manage)
【xkcoding】2018-09-19 18:38:45.271 INFO  [main] c.w.Springboot2MybatisDemoApplication - No active profile set, falling back to default profiles: default
【xkcoding】2018-09-19 18:38:45.335 INFO  [main] o.s.b.w.s.c.AnnotationConfigServletWebServerApplicationContext - Refreshing org.springframework.boot.web.servlet.context.AnnotationConfigServletWebServerApplicationContext@61a88b8c: startup date [Wed Sep 19 18:38:45 CST 2018]; root of context hierarchy
【xkcoding】2018-09-19 18:38:46.556 INFO  [main] o.s.c.s.PostProcessorRegistrationDelegate$BeanPostProcessorChecker - Bean 'org.springframework.transaction.annotation.ProxyTransactionManagementConfiguration' of type [org.springframework.transaction.annotation.ProxyTransactionManagementConfiguration$$EnhancerBySpringCGLIB$$4fe74dee] is not eligible for getting processed by all BeanPostProcessors (for example: not eligible for auto-proxying)
【xkcoding】2018-09-19 18:38:47.091 INFO  [main] o.s.b.w.e.tomcat.TomcatWebServer - Tomcat initialized with port(s): 8099 (http)
【xkcoding】2018-09-19 18:38:47.112 INFO  [main] o.a.coyote.http11.Http11NioProtocol - Initializing ProtocolHandler ["http-nio-8099"]
【xkcoding】2018-09-19 18:38:47.133 INFO  [main] o.a.catalina.core.StandardService - Starting service [Tomcat]
【xkcoding】2018-09-19 18:38:47.133 INFO  [main] o.a.catalina.core.StandardEngine - Starting Servlet Engine: Apache Tomcat/8.5.29
【xkcoding】2018-09-19 18:38:47.138 INFO  [localhost-startStop-1] o.a.c.core.AprLifecycleListener - The APR based Apache Tomcat Native library which allows optimal performance in production environments was not found on the java.library.path: [/Users/yangfeng/Library/Java/Extensions:/Library/Java/Extensions:/Network/Library/Java/Extensions:/System/Library/Java/Extensions:/usr/lib/java:.]
【xkcoding】2018-09-19 18:38:47.255 INFO  [localhost-startStop-1] o.a.c.c.C.[Tomcat].[localhost].[/] - Initializing Spring embedded WebApplicationContext
【xkcoding】2018-09-19 18:38:47.255 INFO  [localhost-startStop-1] o.s.web.context.ContextLoader - Root WebApplicationContext: initialization completed in 1920 ms
【xkcoding】2018-09-19 18:38:47.558 INFO  [localhost-startStop-1] o.s.b.w.s.ServletRegistrationBean - Servlet dispatcherServlet mapped to [/]
【xkcoding】2018-09-19 18:38:47.560 INFO  [localhost-startStop-1] o.s.b.w.s.ServletRegistrationBean - Servlet statViewServlet mapped to [/druid/*]
【xkcoding】2018-09-19 18:38:47.563 INFO  [localhost-startStop-1] o.s.b.w.s.FilterRegistrationBean - Mapping filter: 'characterEncodingFilter' to: [/*]
【xkcoding】2018-09-19 18:38:47.563 INFO  [localhost-startStop-1] o.s.b.w.s.FilterRegistrationBean - Mapping filter: 'hiddenHttpMethodFilter' to: [/*]
【xkcoding】2018-09-19 18:38:47.564 INFO  [localhost-startStop-1] o.s.b.w.s.FilterRegistrationBean - Mapping filter: 'httpPutFormContentFilter' to: [/*]
【xkcoding】2018-09-19 18:38:47.564 INFO  [localhost-startStop-1] o.s.b.w.s.FilterRegistrationBean - Mapping filter: 'requestContextFilter' to: [/*]
【xkcoding】2018-09-19 18:38:47.564 INFO  [localhost-startStop-1] o.s.b.w.s.FilterRegistrationBean - Mapping filter: 'webStatFilter' to urls: [/*]
【xkcoding】2018-09-19 18:38:47.564 INFO  [localhost-startStop-1] o.s.b.w.s.FilterRegistrationBean - Mapping filter: 'corsFilter' to: [/*]
【xkcoding】2018-09-19 18:38:47.647 INFO  [main] c.a.d.s.b.a.DruidDataSourceAutoConfigure - Init DruidDataSource
【xkcoding】2018-09-19 18:38:48.167 INFO  [main] c.alibaba.druid.pool.DruidDataSource - {dataSource-1} inited
【xkcoding】2018-09-19 18:38:49.548 INFO  [main] o.s.w.s.m.m.a.RequestMappingHandlerMapping - Mapped "{[/account/vlogin],methods=[POST]}" onto public java.util.Map<java.lang.String, java.lang.Object> com.winterchen.controller.AccountController.ilogin(java.lang.String,java.lang.String)
【xkcoding】2018-09-19 18:38:49.549 INFO  [main] o.s.w.s.m.m.a.RequestMappingHandlerMapping - Mapped "{[/account/delAccount],methods=[POST]}" onto public java.util.Map<java.lang.String, java.lang.Object> com.winterchen.controller.AccountController.delAccount(java.lang.Integer)
【xkcoding】2018-09-19 18:38:49.550 INFO  [main] o.s.w.s.m.m.a.RequestMappingHandlerMapping - Mapped "{[/account/deleteAccount],methods=[POST]}" onto public java.util.Map<java.lang.String, java.lang.Object> com.winterchen.controller.AccountController.deleteAccount(java.lang.String)
【xkcoding】2018-09-19 18:38:49.550 INFO  [main] o.s.w.s.m.m.a.RequestMappingHandlerMapping - Mapped "{[/account/AddEditAccount],methods=[POST]}" onto public java.util.Map<java.lang.String, java.lang.Object> com.winterchen.controller.AccountController.AddEditAccount(com.winterchen.model.AccountDomain)
【xkcoding】2018-09-19 18:38:49.551 INFO  [main] o.s.w.s.m.m.a.RequestMappingHandlerMapping - Mapped "{[/account/allAccount],methods=[GET]}" onto public java.lang.Object com.winterchen.controller.AccountController.allAccount(int,int)
【xkcoding】2018-09-19 18:38:49.551 INFO  [main] o.s.w.s.m.m.a.RequestMappingHandlerMapping - Mapped "{[/account/updatePwd],methods=[POST]}" onto public java.util.Map<java.lang.String, java.lang.Object> com.winterchen.controller.AccountController.updatePwd(java.lang.String,java.lang.String,java.lang.String)
【xkcoding】2018-09-19 18:38:49.553 INFO  [main] o.s.w.s.m.m.a.RequestMappingHandlerMapping - Mapped "{[/test2],methods=[GET]}" onto public java.util.Map<java.lang.String, java.lang.String> com.winterchen.controller.ExceptionController.test2()
【xkcoding】2018-09-19 18:38:49.553 INFO  [main] o.s.w.s.m.m.a.RequestMappingHandlerMapping - Mapped "{[/test1],methods=[GET]}" onto public java.lang.String com.winterchen.controller.ExceptionController.test1()
【xkcoding】2018-09-19 18:38:49.554 INFO  [main] o.s.w.s.m.m.a.RequestMappingHandlerMapping - Mapped "{[/test4],methods=[GET]}" onto public java.lang.String com.winterchen.controller.ExceptionController.test4()
【xkcoding】2018-09-19 18:38:49.554 INFO  [main] o.s.w.s.m.m.a.RequestMappingHandlerMapping - Mapped "{[/test3],methods=[GET]}" onto public java.lang.String com.winterchen.controller.ExceptionController.test3(java.lang.Integer)
【xkcoding】2018-09-19 18:38:49.554 INFO  [main] o.s.w.s.m.m.a.RequestMappingHandlerMapping - Mapped "{[/post1],methods=[POST]}" onto public int com.winterchen.controller.ExceptionController.post1(int)
【xkcoding】2018-09-19 18:38:49.555 INFO  [main] o.s.w.s.m.m.a.RequestMappingHandlerMapping - Mapped "{[/post2],methods=[POST]}" onto public int com.winterchen.controller.ExceptionController.post2(int)
【xkcoding】2018-09-19 18:38:49.555 INFO  [main] o.s.w.s.m.m.a.RequestMappingHandlerMapping - Mapped "{[/yf2],methods=[GET]}" onto public int com.winterchen.controller.ExceptionController.yf2(int)
【xkcoding】2018-09-19 18:38:49.555 INFO  [main] o.s.w.s.m.m.a.RequestMappingHandlerMapping - Mapped "{[/post0],methods=[POST]}" onto public int com.winterchen.controller.ExceptionController.post0(int)
【xkcoding】2018-09-19 18:38:49.556 INFO  [main] o.s.w.s.m.m.a.RequestMappingHandlerMapping - Mapped "{[/yf11/{id}],methods=[GET]}" onto public int com.winterchen.controller.ExceptionController.yf11(int)
【xkcoding】2018-09-19 18:38:49.556 INFO  [main] o.s.w.s.m.m.a.RequestMappingHandlerMapping - Mapped "{[/yf1],methods=[GET]}" onto public int com.winterchen.controller.ExceptionController.yf1(int)
【xkcoding】2018-09-19 18:38:49.556 INFO  [main] o.s.w.s.m.m.a.RequestMappingHandlerMapping - Mapped "{[/yf0],methods=[GET]}" onto public int com.winterchen.controller.ExceptionController.yf0(int)
【xkcoding】2018-09-19 18:38:49.558 INFO  [main] o.s.w.s.m.m.a.RequestMappingHandlerMapping - Mapped "{[/uploads],methods=[GET]}" onto public java.lang.String com.winterchen.controller.FileUploadController.index()
【xkcoding】2018-09-19 18:38:49.559 INFO  [main] o.s.w.s.m.m.a.RequestMappingHandlerMapping - Mapped "{[/uploads/upload1],methods=[POST]}" onto public java.util.Map<java.lang.String, java.lang.String> com.winterchen.controller.FileUploadController.upload1(org.springframework.web.multipart.MultipartFile) throws java.io.IOException
【xkcoding】2018-09-19 18:38:49.560 INFO  [main] o.s.w.s.m.m.a.RequestMappingHandlerMapping - Mapped "{[/uploads/upload3],methods=[POST]}" onto public void com.winterchen.controller.FileUploadController.upload2(java.lang.String) throws java.io.IOException
【xkcoding】2018-09-19 18:38:49.560 INFO  [main] o.s.w.s.m.m.a.RequestMappingHandlerMapping - Mapped "{[/uploads/upload2],methods=[POST]}" onto public java.util.List<java.util.Map<java.lang.String, java.lang.String>> com.winterchen.controller.FileUploadController.upload2(org.springframework.web.multipart.MultipartFile[]) throws java.io.IOException
【xkcoding】2018-09-19 18:38:49.561 INFO  [main] o.s.w.s.m.m.a.RequestMappingHandlerMapping - Mapped "{[/log/list],methods=[GET]}" onto public java.lang.Object com.winterchen.controller.LogController.findAllLog(int,int)
【xkcoding】2018-09-19 18:38:49.562 INFO  [main] o.s.w.s.m.m.a.RequestMappingHandlerMapping - Mapped "{[/wx/user/baseInfo],methods=[POST]}" onto public java.util.Map<java.lang.String, java.lang.Object> com.winterchen.controller.RoleController.baseInfo(com.winterchen.model.RoleDomain)
【xkcoding】2018-09-19 18:38:49.563 INFO  [main] o.s.w.s.m.m.a.RequestMappingHandlerMapping - Mapped "{[/team/add],methods=[POST]}" onto public java.util.Map<java.lang.String, java.lang.Object> com.winterchen.controller.TeamController.add(com.winterchen.model.TeamDomain)
【xkcoding】2018-09-19 18:38:49.563 INFO  [main] o.s.w.s.m.m.a.RequestMappingHandlerMapping - Mapped "{[/team/show],methods=[GET]}" onto public java.util.Map<java.lang.String, java.lang.Object> com.winterchen.controller.TeamController.show()
【xkcoding】2018-09-19 18:38:49.567 INFO  [main] o.s.w.s.m.m.a.RequestMappingHandlerMapping - Mapped "{[/user/add],methods=[POST]}" onto public java.util.Map<java.lang.String, java.lang.Object> com.winterchen.controller.UserController.addUser(com.winterchen.model.UserDomain)
【xkcoding】2018-09-19 18:38:49.567 INFO  [main] o.s.w.s.m.m.a.RequestMappingHandlerMapping - Mapped "{[/user/alone],methods=[POST]}" onto public java.util.Map<java.lang.String, java.lang.Object> com.winterchen.controller.UserController.alone(java.lang.Integer)
【xkcoding】2018-09-19 18:38:49.568 INFO  [main] o.s.w.s.m.m.a.RequestMappingHandlerMapping - Mapped "{[/user/all],methods=[GET]}" onto public java.lang.Object com.winterchen.controller.UserController.findAllUser(int,int,java.lang.String,java.lang.String)
【xkcoding】2018-09-19 18:38:49.568 INFO  [main] o.s.w.s.m.m.a.RequestMappingHandlerMapping - Mapped "{[/user/del],methods=[POST]}" onto public java.util.Map<java.lang.String, java.lang.Object> com.winterchen.controller.UserController.removeArea(java.lang.Integer)
【xkcoding】2018-09-19 18:38:49.572 INFO  [main] o.s.w.s.m.m.a.RequestMappingHandlerMapping - Mapped "{[/swagger-resources/configuration/security]}" onto public org.springframework.http.ResponseEntity<springfox.documentation.swagger.web.SecurityConfiguration> springfox.documentation.swagger.web.ApiResourceController.securityConfiguration()
【xkcoding】2018-09-19 18:38:49.573 INFO  [main] o.s.w.s.m.m.a.RequestMappingHandlerMapping - Mapped "{[/swagger-resources/configuration/ui]}" onto public org.springframework.http.ResponseEntity<springfox.documentation.swagger.web.UiConfiguration> springfox.documentation.swagger.web.ApiResourceController.uiConfiguration()
【xkcoding】2018-09-19 18:38:49.574 INFO  [main] o.s.w.s.m.m.a.RequestMappingHandlerMapping - Mapped "{[/swagger-resources]}" onto public org.springframework.http.ResponseEntity<java.util.List<springfox.documentation.swagger.web.SwaggerResource>> springfox.documentation.swagger.web.ApiResourceController.swaggerResources()
【xkcoding】2018-09-19 18:38:49.577 INFO  [main] o.s.w.s.m.m.a.RequestMappingHandlerMapping - Mapped "{[/error]}" onto public org.springframework.http.ResponseEntity<java.util.Map<java.lang.String, java.lang.Object>> org.springframework.boot.autoconfigure.web.servlet.error.BasicErrorController.error(javax.servlet.http.HttpServletRequest)
【xkcoding】2018-09-19 18:38:49.579 INFO  [main] o.s.w.s.m.m.a.RequestMappingHandlerMapping - Mapped "{[/error],produces=[text/html]}" onto public org.springframework.web.servlet.ModelAndView org.springframework.boot.autoconfigure.web.servlet.error.BasicErrorController.errorHtml(javax.servlet.http.HttpServletRequest,javax.servlet.http.HttpServletResponse)
【xkcoding】2018-09-19 18:38:49.754 INFO  [main] s.d.s.w.PropertySourcedRequestMappingHandlerMapping - Mapped URL path [/v2/api-docs] onto method [public org.springframework.http.ResponseEntity<springfox.documentation.spring.web.json.Json> springfox.documentation.swagger2.web.Swagger2Controller.getDocumentation(java.lang.String,javax.servlet.http.HttpServletRequest)]
【xkcoding】2018-09-19 18:38:49.973 INFO  [main] o.s.w.s.h.SimpleUrlHandlerMapping - Mapped URL path [/**/favicon.ico] onto handler of type [class org.springframework.web.servlet.resource.ResourceHttpRequestHandler]
【xkcoding】2018-09-19 18:38:50.195 INFO  [main] o.s.w.s.m.m.a.RequestMappingHandlerAdapter - Looking for @ControllerAdvice: org.springframework.boot.web.servlet.context.AnnotationConfigServletWebServerApplicationContext@61a88b8c: startup date [Wed Sep 19 18:38:45 CST 2018]; root of context hierarchy
【xkcoding】2018-09-19 18:38:50.260 INFO  [main] o.s.w.s.h.SimpleUrlHandlerMapping - Mapped URL path [/webjars/**] onto handler of type [class org.springframework.web.servlet.resource.ResourceHttpRequestHandler]
【xkcoding】2018-09-19 18:38:50.261 INFO  [main] o.s.w.s.h.SimpleUrlHandlerMapping - Mapped URL path [/**] onto handler of type [class org.springframework.web.servlet.resource.ResourceHttpRequestHandler]
【xkcoding】2018-09-19 18:38:50.277 INFO  [main] o.s.w.s.m.m.a.ExceptionHandlerExceptionResolver - Detected @ExceptionHandler methods in globalExceptionHandler
【xkcoding】2018-09-19 18:38:50.708 INFO  [main] o.s.j.e.a.AnnotationMBeanExporter - Registering beans for JMX exposure on startup
【xkcoding】2018-09-19 18:38:50.710 INFO  [main] o.s.j.e.a.AnnotationMBeanExporter - Bean with name 'statFilter' has been autodetected for JMX exposure
【xkcoding】2018-09-19 18:38:50.710 INFO  [main] o.s.j.e.a.AnnotationMBeanExporter - Bean with name 'dataSource' has been autodetected for JMX exposure
【xkcoding】2018-09-19 18:38:50.716 INFO  [main] o.s.j.e.a.AnnotationMBeanExporter - Located MBean 'dataSource': registering with JMX server as MBean [com.alibaba.druid.spring.boot.autoconfigure:name=dataSource,type=DruidDataSourceWrapper]
【xkcoding】2018-09-19 18:38:50.717 INFO  [main] o.s.j.e.a.AnnotationMBeanExporter - Located MBean 'statFilter': registering with JMX server as MBean [com.alibaba.druid.filter.stat:name=statFilter,type=StatFilter]
【xkcoding】2018-09-19 18:38:50.722 INFO  [main] o.s.c.s.DefaultLifecycleProcessor - Starting beans in phase 2147483647
【xkcoding】2018-09-19 18:38:50.722 INFO  [main] s.d.s.w.p.DocumentationPluginsBootstrapper - Context refreshed
【xkcoding】2018-09-19 18:38:50.745 INFO  [main] s.d.s.w.p.DocumentationPluginsBootstrapper - Found 1 custom documentation plugin(s)
【xkcoding】2018-09-19 18:38:50.780 INFO  [main] s.d.s.w.s.ApiListingReferenceScanner - Scanning for api listing references
【xkcoding】2018-09-19 18:38:50.961 INFO  [main] s.d.s.w.r.o.CachingOperationNameGenerator - Generating unique operation named: upload2UsingPOST_1
【xkcoding】2018-09-19 18:38:51.032 INFO  [main] o.a.coyote.http11.Http11NioProtocol - Starting ProtocolHandler ["http-nio-8099"]
【xkcoding】2018-09-19 18:38:51.060 INFO  [main] o.a.tomcat.util.net.NioSelectorPool - Using a shared selector for servlet write/read
【xkcoding】2018-09-19 18:38:51.077 INFO  [main] o.s.b.w.e.tomcat.TomcatWebServer - Tomcat started on port(s): 8099 (http) with context path ''
【xkcoding】2018-09-19 18:38:51.085 INFO  [main] c.w.Springboot2MybatisDemoApplication - Started Springboot2MybatisDemoApplication in 6.386 seconds (JVM running for 7.213)
【xkcoding】2018-09-19 18:41:24.314 INFO  [http-nio-8099-exec-1] o.a.c.c.C.[Tomcat].[localhost].[/] - Initializing Spring FrameworkServlet 'dispatcherServlet'
【xkcoding】2018-09-19 18:41:24.314 INFO  [http-nio-8099-exec-1] o.s.web.servlet.DispatcherServlet - FrameworkServlet 'dispatcherServlet': initialization started
【xkcoding】2018-09-19 18:41:24.336 INFO  [http-nio-8099-exec-1] o.s.web.servlet.DispatcherServlet - FrameworkServlet 'dispatcherServlet': initialization completed in 22 ms
【xkcoding】2018-09-19 18:47:12.556 INFO  [http-nio-8099-exec-3] com.winterchen.aspectj.AopLog - 【请求类名】：com.winterchen.controller.RoleController，【请求方法名】：baseInfo
【xkcoding】2018-09-19 18:48:47.076 INFO  [http-nio-8099-exec-5] com.winterchen.aspectj.AopLog - 【请求类名】：com.winterchen.controller.AccountController，【请求方法名】：allAccount
【xkcoding】2018-09-19 18:49:49.712 INFO  [http-nio-8099-exec-7] com.winterchen.aspectj.AopLog - 【请求类名】：com.winterchen.controller.RoleController，【请求方法名】：baseInfo
【xkcoding】2018-09-19 18:50:22.043 INFO  [Thread-15] o.s.b.w.s.c.AnnotationConfigServletWebServerApplicationContext - Closing org.springframework.boot.web.servlet.context.AnnotationConfigServletWebServerApplicationContext@61a88b8c: startup date [Wed Sep 19 18:38:45 CST 2018]; root of context hierarchy
【xkcoding】2018-09-19 18:50:22.045 INFO  [Thread-15] o.s.c.s.DefaultLifecycleProcessor - Stopping beans in phase 2147483647
【xkcoding】2018-09-19 18:50:22.046 INFO  [Thread-15] o.s.j.e.a.AnnotationMBeanExporter - Unregistering JMX-exposed beans on shutdown
【xkcoding】2018-09-19 18:50:22.047 INFO  [Thread-15] o.s.j.e.a.AnnotationMBeanExporter - Unregistering JMX-exposed beans
【xkcoding】2018-09-19 18:50:22.051 INFO  [Thread-15] c.alibaba.druid.pool.DruidDataSource - {dataSource-1} closed
【xkcoding】2018-09-19 18:50:25.059 INFO  [main] c.w.Springboot2MybatisDemoApplication - Starting Springboot2MybatisDemoApplication on yangfengdeMacBook-Pro.local with PID 8989 (/Users/yangfeng/plugs/important/w_lunwen/java/w-java-manage/target/classes started by yangfeng in /Users/yangfeng/plugs/important/w_lunwen/java/w-java-manage)
【xkcoding】2018-09-19 18:50:25.064 INFO  [main] c.w.Springboot2MybatisDemoApplication - No active profile set, falling back to default profiles: default
【xkcoding】2018-09-19 18:50:25.188 INFO  [main] o.s.b.w.s.c.AnnotationConfigServletWebServerApplicationContext - Refreshing org.springframework.boot.web.servlet.context.AnnotationConfigServletWebServerApplicationContext@4f1bfe23: startup date [Wed Sep 19 18:50:25 CST 2018]; root of context hierarchy
【xkcoding】2018-09-19 18:50:26.349 INFO  [main] o.s.c.s.PostProcessorRegistrationDelegate$BeanPostProcessorChecker - Bean 'org.springframework.transaction.annotation.ProxyTransactionManagementConfiguration' of type [org.springframework.transaction.annotation.ProxyTransactionManagementConfiguration$$EnhancerBySpringCGLIB$$a469db4c] is not eligible for getting processed by all BeanPostProcessors (for example: not eligible for auto-proxying)
【xkcoding】2018-09-19 18:50:26.822 INFO  [main] o.s.b.w.e.tomcat.TomcatWebServer - Tomcat initialized with port(s): 8099 (http)
【xkcoding】2018-09-19 18:50:26.833 INFO  [main] o.a.coyote.http11.Http11NioProtocol - Initializing ProtocolHandler ["http-nio-8099"]
【xkcoding】2018-09-19 18:50:26.843 INFO  [main] o.a.catalina.core.StandardService - Starting service [Tomcat]
【xkcoding】2018-09-19 18:50:26.843 INFO  [main] o.a.catalina.core.StandardEngine - Starting Servlet Engine: Apache Tomcat/8.5.29
【xkcoding】2018-09-19 18:50:26.847 INFO  [localhost-startStop-1] o.a.c.core.AprLifecycleListener - The APR based Apache Tomcat Native library which allows optimal performance in production environments was not found on the java.library.path: [/Users/yangfeng/Library/Java/Extensions:/Library/Java/Extensions:/Network/Library/Java/Extensions:/System/Library/Java/Extensions:/usr/lib/java:.]
【xkcoding】2018-09-19 18:50:26.924 INFO  [localhost-startStop-1] o.a.c.c.C.[Tomcat].[localhost].[/] - Initializing Spring embedded WebApplicationContext
【xkcoding】2018-09-19 18:50:26.924 INFO  [localhost-startStop-1] o.s.web.context.ContextLoader - Root WebApplicationContext: initialization completed in 1737 ms
【xkcoding】2018-09-19 18:50:27.238 INFO  [localhost-startStop-1] o.s.b.w.s.ServletRegistrationBean - Servlet dispatcherServlet mapped to [/]
【xkcoding】2018-09-19 18:50:27.239 INFO  [localhost-startStop-1] o.s.b.w.s.ServletRegistrationBean - Servlet statViewServlet mapped to [/druid/*]
【xkcoding】2018-09-19 18:50:27.242 INFO  [localhost-startStop-1] o.s.b.w.s.FilterRegistrationBean - Mapping filter: 'characterEncodingFilter' to: [/*]
【xkcoding】2018-09-19 18:50:27.242 INFO  [localhost-startStop-1] o.s.b.w.s.FilterRegistrationBean - Mapping filter: 'hiddenHttpMethodFilter' to: [/*]
【xkcoding】2018-09-19 18:50:27.243 INFO  [localhost-startStop-1] o.s.b.w.s.FilterRegistrationBean - Mapping filter: 'httpPutFormContentFilter' to: [/*]
【xkcoding】2018-09-19 18:50:27.243 INFO  [localhost-startStop-1] o.s.b.w.s.FilterRegistrationBean - Mapping filter: 'requestContextFilter' to: [/*]
【xkcoding】2018-09-19 18:50:27.243 INFO  [localhost-startStop-1] o.s.b.w.s.FilterRegistrationBean - Mapping filter: 'webStatFilter' to urls: [/*]
【xkcoding】2018-09-19 18:50:27.243 INFO  [localhost-startStop-1] o.s.b.w.s.FilterRegistrationBean - Mapping filter: 'corsFilter' to: [/*]
【xkcoding】2018-09-19 18:50:27.319 INFO  [main] c.a.d.s.b.a.DruidDataSourceAutoConfigure - Init DruidDataSource
【xkcoding】2018-09-19 18:50:27.824 INFO  [main] c.alibaba.druid.pool.DruidDataSource - {dataSource-1} inited
【xkcoding】2018-09-19 18:50:35.759 INFO  [main] o.s.w.s.m.m.a.RequestMappingHandlerMapping - Mapped "{[/account/delAccount],methods=[POST]}" onto public java.util.Map<java.lang.String, java.lang.Object> com.winterchen.controller.AccountController.delAccount(java.lang.Integer)
【xkcoding】2018-09-19 18:50:35.760 INFO  [main] o.s.w.s.m.m.a.RequestMappingHandlerMapping - Mapped "{[/account/vlogin],methods=[POST]}" onto public java.util.Map<java.lang.String, java.lang.Object> com.winterchen.controller.AccountController.ilogin(java.lang.String,java.lang.String)
【xkcoding】2018-09-19 18:50:35.760 INFO  [main] o.s.w.s.m.m.a.RequestMappingHandlerMapping - Mapped "{[/account/deleteAccount],methods=[POST]}" onto public java.util.Map<java.lang.String, java.lang.Object> com.winterchen.controller.AccountController.deleteAccount(java.lang.String)
【xkcoding】2018-09-19 18:50:35.760 INFO  [main] o.s.w.s.m.m.a.RequestMappingHandlerMapping - Mapped "{[/account/AddEditAccount],methods=[POST]}" onto public java.util.Map<java.lang.String, java.lang.Object> com.winterchen.controller.AccountController.AddEditAccount(com.winterchen.model.AccountDomain)
【xkcoding】2018-09-19 18:50:35.761 INFO  [main] o.s.w.s.m.m.a.RequestMappingHandlerMapping - Mapped "{[/account/allAccount],methods=[GET]}" onto public java.lang.Object com.winterchen.controller.AccountController.allAccount(int,int)
【xkcoding】2018-09-19 18:50:35.761 INFO  [main] o.s.w.s.m.m.a.RequestMappingHandlerMapping - Mapped "{[/account/updatePwd],methods=[POST]}" onto public java.util.Map<java.lang.String, java.lang.Object> com.winterchen.controller.AccountController.updatePwd(java.lang.String,java.lang.String,java.lang.String)
【xkcoding】2018-09-19 18:50:35.764 INFO  [main] o.s.w.s.m.m.a.RequestMappingHandlerMapping - Mapped "{[/post0],methods=[POST]}" onto public int com.winterchen.controller.ExceptionController.post0(int)
【xkcoding】2018-09-19 18:50:35.764 INFO  [main] o.s.w.s.m.m.a.RequestMappingHandlerMapping - Mapped "{[/test2],methods=[GET]}" onto public java.util.Map<java.lang.String, java.lang.String> com.winterchen.controller.ExceptionController.test2()
【xkcoding】2018-09-19 18:50:35.764 INFO  [main] o.s.w.s.m.m.a.RequestMappingHandlerMapping - Mapped "{[/test4],methods=[GET]}" onto public java.lang.String com.winterchen.controller.ExceptionController.test4()
【xkcoding】2018-09-19 18:50:35.765 INFO  [main] o.s.w.s.m.m.a.RequestMappingHandlerMapping - Mapped "{[/test3],methods=[GET]}" onto public java.lang.String com.winterchen.controller.ExceptionController.test3(java.lang.Integer)
【xkcoding】2018-09-19 18:50:35.765 INFO  [main] o.s.w.s.m.m.a.RequestMappingHandlerMapping - Mapped "{[/yf1],methods=[GET]}" onto public int com.winterchen.controller.ExceptionController.yf1(int)
【xkcoding】2018-09-19 18:50:35.765 INFO  [main] o.s.w.s.m.m.a.RequestMappingHandlerMapping - Mapped "{[/yf11/{id}],methods=[GET]}" onto public int com.winterchen.controller.ExceptionController.yf11(int)
【xkcoding】2018-09-19 18:50:35.766 INFO  [main] o.s.w.s.m.m.a.RequestMappingHandlerMapping - Mapped "{[/post1],methods=[POST]}" onto public int com.winterchen.controller.ExceptionController.post1(int)
【xkcoding】2018-09-19 18:50:35.766 INFO  [main] o.s.w.s.m.m.a.RequestMappingHandlerMapping - Mapped "{[/test1],methods=[GET]}" onto public java.lang.String com.winterchen.controller.ExceptionController.test1()
【xkcoding】2018-09-19 18:50:35.766 INFO  [main] o.s.w.s.m.m.a.RequestMappingHandlerMapping - Mapped "{[/yf2],methods=[GET]}" onto public int com.winterchen.controller.ExceptionController.yf2(int)
【xkcoding】2018-09-19 18:50:35.766 INFO  [main] o.s.w.s.m.m.a.RequestMappingHandlerMapping - Mapped "{[/post2],methods=[POST]}" onto public int com.winterchen.controller.ExceptionController.post2(int)
【xkcoding】2018-09-19 18:50:35.766 INFO  [main] o.s.w.s.m.m.a.RequestMappingHandlerMapping - Mapped "{[/yf0],methods=[GET]}" onto public int com.winterchen.controller.ExceptionController.yf0(int)
【xkcoding】2018-09-19 18:50:35.768 INFO  [main] o.s.w.s.m.m.a.RequestMappingHandlerMapping - Mapped "{[/uploads],methods=[GET]}" onto public java.lang.String com.winterchen.controller.FileUploadController.index()
【xkcoding】2018-09-19 18:50:35.769 INFO  [main] o.s.w.s.m.m.a.RequestMappingHandlerMapping - Mapped "{[/uploads/upload1],methods=[POST]}" onto public java.util.Map<java.lang.String, java.lang.String> com.winterchen.controller.FileUploadController.upload1(org.springframework.web.multipart.MultipartFile) throws java.io.IOException
【xkcoding】2018-09-19 18:50:35.769 INFO  [main] o.s.w.s.m.m.a.RequestMappingHandlerMapping - Mapped "{[/uploads/upload3],methods=[POST]}" onto public void com.winterchen.controller.FileUploadController.upload2(java.lang.String) throws java.io.IOException
【xkcoding】2018-09-19 18:50:35.770 INFO  [main] o.s.w.s.m.m.a.RequestMappingHandlerMapping - Mapped "{[/uploads/upload2],methods=[POST]}" onto public java.util.List<java.util.Map<java.lang.String, java.lang.String>> com.winterchen.controller.FileUploadController.upload2(org.springframework.web.multipart.MultipartFile[]) throws java.io.IOException
【xkcoding】2018-09-19 18:50:35.771 INFO  [main] o.s.w.s.m.m.a.RequestMappingHandlerMapping - Mapped "{[/log/list],methods=[GET]}" onto public java.lang.Object com.winterchen.controller.LogController.findAllLog(int,int)
【xkcoding】2018-09-19 18:50:35.771 INFO  [main] o.s.w.s.m.m.a.RequestMappingHandlerMapping - Mapped "{[/wx/user/baseInfo],methods=[POST]}" onto public java.util.Map<java.lang.String, java.lang.Object> com.winterchen.controller.RoleController.baseInfo(com.winterchen.model.RoleDomain)
【xkcoding】2018-09-19 18:50:35.772 INFO  [main] o.s.w.s.m.m.a.RequestMappingHandlerMapping - Mapped "{[/team/add],methods=[POST]}" onto public java.util.Map<java.lang.String, java.lang.Object> com.winterchen.controller.TeamController.add(com.winterchen.model.TeamDomain)
【xkcoding】2018-09-19 18:50:35.773 INFO  [main] o.s.w.s.m.m.a.RequestMappingHandlerMapping - Mapped "{[/team/show],methods=[GET]}" onto public java.util.Map<java.lang.String, java.lang.Object> com.winterchen.controller.TeamController.show()
【xkcoding】2018-09-19 18:50:35.777 INFO  [main] o.s.w.s.m.m.a.RequestMappingHandlerMapping - Mapped "{[/user/add],methods=[POST]}" onto public java.util.Map<java.lang.String, java.lang.Object> com.winterchen.controller.UserController.addUser(com.winterchen.model.UserDomain)
【xkcoding】2018-09-19 18:50:35.777 INFO  [main] o.s.w.s.m.m.a.RequestMappingHandlerMapping - Mapped "{[/user/all],methods=[GET]}" onto public java.lang.Object com.winterchen.controller.UserController.findAllUser(int,int,java.lang.String,java.lang.String)
【xkcoding】2018-09-19 18:50:35.778 INFO  [main] o.s.w.s.m.m.a.RequestMappingHandlerMapping - Mapped "{[/user/alone],methods=[POST]}" onto public java.util.Map<java.lang.String, java.lang.Object> com.winterchen.controller.UserController.alone(java.lang.Integer)
【xkcoding】2018-09-19 18:50:35.779 INFO  [main] o.s.w.s.m.m.a.RequestMappingHandlerMapping - Mapped "{[/user/del],methods=[POST]}" onto public java.util.Map<java.lang.String, java.lang.Object> com.winterchen.controller.UserController.removeArea(java.lang.Integer)
【xkcoding】2018-09-19 18:50:35.783 INFO  [main] o.s.w.s.m.m.a.RequestMappingHandlerMapping - Mapped "{[/swagger-resources/configuration/security]}" onto public org.springframework.http.ResponseEntity<springfox.documentation.swagger.web.SecurityConfiguration> springfox.documentation.swagger.web.ApiResourceController.securityConfiguration()
【xkcoding】2018-09-19 18:50:35.784 INFO  [main] o.s.w.s.m.m.a.RequestMappingHandlerMapping - Mapped "{[/swagger-resources/configuration/ui]}" onto public org.springframework.http.ResponseEntity<springfox.documentation.swagger.web.UiConfiguration> springfox.documentation.swagger.web.ApiResourceController.uiConfiguration()
【xkcoding】2018-09-19 18:50:35.785 INFO  [main] o.s.w.s.m.m.a.RequestMappingHandlerMapping - Mapped "{[/swagger-resources]}" onto public org.springframework.http.ResponseEntity<java.util.List<springfox.documentation.swagger.web.SwaggerResource>> springfox.documentation.swagger.web.ApiResourceController.swaggerResources()
【xkcoding】2018-09-19 18:50:35.788 INFO  [main] o.s.w.s.m.m.a.RequestMappingHandlerMapping - Mapped "{[/error]}" onto public org.springframework.http.ResponseEntity<java.util.Map<java.lang.String, java.lang.Object>> org.springframework.boot.autoconfigure.web.servlet.error.BasicErrorController.error(javax.servlet.http.HttpServletRequest)
【xkcoding】2018-09-19 18:50:35.789 INFO  [main] o.s.w.s.m.m.a.RequestMappingHandlerMapping - Mapped "{[/error],produces=[text/html]}" onto public org.springframework.web.servlet.ModelAndView org.springframework.boot.autoconfigure.web.servlet.error.BasicErrorController.errorHtml(javax.servlet.http.HttpServletRequest,javax.servlet.http.HttpServletResponse)
【xkcoding】2018-09-19 18:50:35.999 INFO  [main] s.d.s.w.PropertySourcedRequestMappingHandlerMapping - Mapped URL path [/v2/api-docs] onto method [public org.springframework.http.ResponseEntity<springfox.documentation.spring.web.json.Json> springfox.documentation.swagger2.web.Swagger2Controller.getDocumentation(java.lang.String,javax.servlet.http.HttpServletRequest)]
【xkcoding】2018-09-19 18:50:36.219 INFO  [main] o.s.w.s.h.SimpleUrlHandlerMapping - Mapped URL path [/**/favicon.ico] onto handler of type [class org.springframework.web.servlet.resource.ResourceHttpRequestHandler]
【xkcoding】2018-09-19 18:50:36.441 INFO  [main] o.s.w.s.m.m.a.RequestMappingHandlerAdapter - Looking for @ControllerAdvice: org.springframework.boot.web.servlet.context.AnnotationConfigServletWebServerApplicationContext@4f1bfe23: startup date [Wed Sep 19 18:50:25 CST 2018]; root of context hierarchy
【xkcoding】2018-09-19 18:50:36.511 INFO  [main] o.s.w.s.h.SimpleUrlHandlerMapping - Mapped URL path [/webjars/**] onto handler of type [class org.springframework.web.servlet.resource.ResourceHttpRequestHandler]
【xkcoding】2018-09-19 18:50:36.511 INFO  [main] o.s.w.s.h.SimpleUrlHandlerMapping - Mapped URL path [/**] onto handler of type [class org.springframework.web.servlet.resource.ResourceHttpRequestHandler]
【xkcoding】2018-09-19 18:50:36.531 INFO  [main] o.s.w.s.m.m.a.ExceptionHandlerExceptionResolver - Detected @ExceptionHandler methods in globalExceptionHandler
【xkcoding】2018-09-19 18:50:37.013 INFO  [main] o.s.j.e.a.AnnotationMBeanExporter - Registering beans for JMX exposure on startup
【xkcoding】2018-09-19 18:50:37.015 INFO  [main] o.s.j.e.a.AnnotationMBeanExporter - Bean with name 'statFilter' has been autodetected for JMX exposure
【xkcoding】2018-09-19 18:50:37.016 INFO  [main] o.s.j.e.a.AnnotationMBeanExporter - Bean with name 'dataSource' has been autodetected for JMX exposure
【xkcoding】2018-09-19 18:50:37.022 INFO  [main] o.s.j.e.a.AnnotationMBeanExporter - Located MBean 'dataSource': registering with JMX server as MBean [com.alibaba.druid.spring.boot.autoconfigure:name=dataSource,type=DruidDataSourceWrapper]
【xkcoding】2018-09-19 18:50:37.023 INFO  [main] o.s.j.e.a.AnnotationMBeanExporter - Located MBean 'statFilter': registering with JMX server as MBean [com.alibaba.druid.filter.stat:name=statFilter,type=StatFilter]
【xkcoding】2018-09-19 18:50:37.027 INFO  [main] o.s.c.s.DefaultLifecycleProcessor - Starting beans in phase 2147483647
【xkcoding】2018-09-19 18:50:37.027 INFO  [main] s.d.s.w.p.DocumentationPluginsBootstrapper - Context refreshed
【xkcoding】2018-09-19 18:50:37.042 INFO  [main] s.d.s.w.p.DocumentationPluginsBootstrapper - Found 1 custom documentation plugin(s)
【xkcoding】2018-09-19 18:50:37.074 INFO  [main] s.d.s.w.s.ApiListingReferenceScanner - Scanning for api listing references
【xkcoding】2018-09-19 18:50:37.271 INFO  [main] s.d.s.w.r.o.CachingOperationNameGenerator - Generating unique operation named: upload2UsingPOST_1
【xkcoding】2018-09-19 18:50:37.340 INFO  [main] o.a.coyote.http11.Http11NioProtocol - Starting ProtocolHandler ["http-nio-8099"]
【xkcoding】2018-09-19 18:50:37.372 INFO  [main] o.a.tomcat.util.net.NioSelectorPool - Using a shared selector for servlet write/read
【xkcoding】2018-09-19 18:50:37.391 INFO  [main] o.s.b.w.e.tomcat.TomcatWebServer - Tomcat started on port(s): 8099 (http) with context path ''
【xkcoding】2018-09-19 18:50:37.396 INFO  [main] c.w.Springboot2MybatisDemoApplication - Started Springboot2MybatisDemoApplication in 12.952 seconds (JVM running for 14.006)
【xkcoding】2018-09-19 18:50:53.864 INFO  [http-nio-8099-exec-1] o.a.c.c.C.[Tomcat].[localhost].[/] - Initializing Spring FrameworkServlet 'dispatcherServlet'
【xkcoding】2018-09-19 18:50:53.874 INFO  [http-nio-8099-exec-1] o.s.web.servlet.DispatcherServlet - FrameworkServlet 'dispatcherServlet': initialization started
【xkcoding】2018-09-19 18:50:57.010 INFO  [http-nio-8099-exec-1] o.s.web.servlet.DispatcherServlet - FrameworkServlet 'dispatcherServlet': initialization completed in 3126 ms
【xkcoding】2018-09-19 18:51:05.884 INFO  [http-nio-8099-exec-1] com.winterchen.aspectj.AopLog - 【请求类名】：com.winterchen.controller.RoleController，【请求方法名】：baseInfo
【xkcoding】2018-09-19 18:52:42.744 INFO  [Thread-23] o.s.b.w.s.c.AnnotationConfigServletWebServerApplicationContext - Closing org.springframework.boot.web.servlet.context.AnnotationConfigServletWebServerApplicationContext@4f1bfe23: startup date [Wed Sep 19 18:50:25 CST 2018]; root of context hierarchy
【xkcoding】2018-09-19 18:52:42.747 INFO  [Thread-23] o.s.c.s.DefaultLifecycleProcessor - Stopping beans in phase 2147483647
【xkcoding】2018-09-19 18:52:42.750 INFO  [Thread-23] o.s.j.e.a.AnnotationMBeanExporter - Unregistering JMX-exposed beans on shutdown
【xkcoding】2018-09-19 18:52:42.752 INFO  [Thread-23] o.s.j.e.a.AnnotationMBeanExporter - Unregistering JMX-exposed beans
【xkcoding】2018-09-19 18:52:42.759 INFO  [Thread-23] c.alibaba.druid.pool.DruidDataSource - {dataSource-1} closed
【xkcoding】2018-09-19 18:52:45.945 INFO  [main] c.w.Springboot2MybatisDemoApplication - Starting Springboot2MybatisDemoApplication on yangfengdeMacBook-Pro.local with PID 8996 (/Users/yangfeng/plugs/important/w_lunwen/java/w-java-manage/target/classes started by yangfeng in /Users/yangfeng/plugs/important/w_lunwen/java/w-java-manage)
【xkcoding】2018-09-19 18:52:45.949 INFO  [main] c.w.Springboot2MybatisDemoApplication - No active profile set, falling back to default profiles: default
【xkcoding】2018-09-19 18:52:46.011 INFO  [main] o.s.b.w.s.c.AnnotationConfigServletWebServerApplicationContext - Refreshing org.springframework.boot.web.servlet.context.AnnotationConfigServletWebServerApplicationContext@38831718: startup date [Wed Sep 19 18:52:46 CST 2018]; root of context hierarchy
【xkcoding】2018-09-19 18:52:47.239 INFO  [main] o.s.c.s.PostProcessorRegistrationDelegate$BeanPostProcessorChecker - Bean 'org.springframework.transaction.annotation.ProxyTransactionManagementConfiguration' of type [org.springframework.transaction.annotation.ProxyTransactionManagementConfiguration$$EnhancerBySpringCGLIB$$c93f692] is not eligible for getting processed by all BeanPostProcessors (for example: not eligible for auto-proxying)
【xkcoding】2018-09-19 18:52:47.726 INFO  [main] o.s.b.w.e.tomcat.TomcatWebServer - Tomcat initialized with port(s): 8099 (http)
【xkcoding】2018-09-19 18:52:47.739 INFO  [main] o.a.coyote.http11.Http11NioProtocol - Initializing ProtocolHandler ["http-nio-8099"]
【xkcoding】2018-09-19 18:52:47.748 INFO  [main] o.a.catalina.core.StandardService - Starting service [Tomcat]
【xkcoding】2018-09-19 18:52:47.748 INFO  [main] o.a.catalina.core.StandardEngine - Starting Servlet Engine: Apache Tomcat/8.5.29
【xkcoding】2018-09-19 18:52:47.752 INFO  [localhost-startStop-1] o.a.c.core.AprLifecycleListener - The APR based Apache Tomcat Native library which allows optimal performance in production environments was not found on the java.library.path: [/Users/yangfeng/Library/Java/Extensions:/Library/Java/Extensions:/Network/Library/Java/Extensions:/System/Library/Java/Extensions:/usr/lib/java:.]
【xkcoding】2018-09-19 18:52:47.831 INFO  [localhost-startStop-1] o.a.c.c.C.[Tomcat].[localhost].[/] - Initializing Spring embedded WebApplicationContext
【xkcoding】2018-09-19 18:52:47.831 INFO  [localhost-startStop-1] o.s.web.context.ContextLoader - Root WebApplicationContext: initialization completed in 1820 ms
【xkcoding】2018-09-19 18:52:48.121 INFO  [localhost-startStop-1] o.s.b.w.s.ServletRegistrationBean - Servlet dispatcherServlet mapped to [/]
【xkcoding】2018-09-19 18:52:48.122 INFO  [localhost-startStop-1] o.s.b.w.s.ServletRegistrationBean - Servlet statViewServlet mapped to [/druid/*]
【xkcoding】2018-09-19 18:52:48.125 INFO  [localhost-startStop-1] o.s.b.w.s.FilterRegistrationBean - Mapping filter: 'characterEncodingFilter' to: [/*]
【xkcoding】2018-09-19 18:52:48.125 INFO  [localhost-startStop-1] o.s.b.w.s.FilterRegistrationBean - Mapping filter: 'hiddenHttpMethodFilter' to: [/*]
【xkcoding】2018-09-19 18:52:48.125 INFO  [localhost-startStop-1] o.s.b.w.s.FilterRegistrationBean - Mapping filter: 'httpPutFormContentFilter' to: [/*]
【xkcoding】2018-09-19 18:52:48.126 INFO  [localhost-startStop-1] o.s.b.w.s.FilterRegistrationBean - Mapping filter: 'requestContextFilter' to: [/*]
【xkcoding】2018-09-19 18:52:48.126 INFO  [localhost-startStop-1] o.s.b.w.s.FilterRegistrationBean - Mapping filter: 'webStatFilter' to urls: [/*]
【xkcoding】2018-09-19 18:52:48.126 INFO  [localhost-startStop-1] o.s.b.w.s.FilterRegistrationBean - Mapping filter: 'corsFilter' to: [/*]
【xkcoding】2018-09-19 18:52:48.200 INFO  [main] c.a.d.s.b.a.DruidDataSourceAutoConfigure - Init DruidDataSource
【xkcoding】2018-09-19 18:52:48.686 INFO  [main] c.alibaba.druid.pool.DruidDataSource - {dataSource-1} inited
【xkcoding】2018-09-19 18:52:49.788 INFO  [main] o.s.w.s.m.m.a.RequestMappingHandlerMapping - Mapped "{[/account/vlogin],methods=[POST]}" onto public java.util.Map<java.lang.String, java.lang.Object> com.winterchen.controller.AccountController.ilogin(java.lang.String,java.lang.String)
【xkcoding】2018-09-19 18:52:49.789 INFO  [main] o.s.w.s.m.m.a.RequestMappingHandlerMapping - Mapped "{[/account/delAccount],methods=[POST]}" onto public java.util.Map<java.lang.String, java.lang.Object> com.winterchen.controller.AccountController.delAccount(java.lang.Integer)
【xkcoding】2018-09-19 18:52:49.790 INFO  [main] o.s.w.s.m.m.a.RequestMappingHandlerMapping - Mapped "{[/account/deleteAccount],methods=[POST]}" onto public java.util.Map<java.lang.String, java.lang.Object> com.winterchen.controller.AccountController.deleteAccount(java.lang.String)
【xkcoding】2018-09-19 18:52:49.790 INFO  [main] o.s.w.s.m.m.a.RequestMappingHandlerMapping - Mapped "{[/account/AddEditAccount],methods=[POST]}" onto public java.util.Map<java.lang.String, java.lang.Object> com.winterchen.controller.AccountController.AddEditAccount(com.winterchen.model.AccountDomain)
【xkcoding】2018-09-19 18:52:49.790 INFO  [main] o.s.w.s.m.m.a.RequestMappingHandlerMapping - Mapped "{[/account/allAccount],methods=[GET]}" onto public java.lang.Object com.winterchen.controller.AccountController.allAccount(int,int)
【xkcoding】2018-09-19 18:52:49.791 INFO  [main] o.s.w.s.m.m.a.RequestMappingHandlerMapping - Mapped "{[/account/updatePwd],methods=[POST]}" onto public java.util.Map<java.lang.String, java.lang.Object> com.winterchen.controller.AccountController.updatePwd(java.lang.String,java.lang.String,java.lang.String)
【xkcoding】2018-09-19 18:52:49.794 INFO  [main] o.s.w.s.m.m.a.RequestMappingHandlerMapping - Mapped "{[/test4],methods=[GET]}" onto public java.lang.String com.winterchen.controller.ExceptionController.test4()
【xkcoding】2018-09-19 18:52:49.794 INFO  [main] o.s.w.s.m.m.a.RequestMappingHandlerMapping - Mapped "{[/test3],methods=[GET]}" onto public java.lang.String com.winterchen.controller.ExceptionController.test3(java.lang.Integer)
【xkcoding】2018-09-19 18:52:49.794 INFO  [main] o.s.w.s.m.m.a.RequestMappingHandlerMapping - Mapped "{[/test2],methods=[GET]}" onto public java.util.Map<java.lang.String, java.lang.String> com.winterchen.controller.ExceptionController.test2()
【xkcoding】2018-09-19 18:52:49.795 INFO  [main] o.s.w.s.m.m.a.RequestMappingHandlerMapping - Mapped "{[/post0],methods=[POST]}" onto public int com.winterchen.controller.ExceptionController.post0(int)
【xkcoding】2018-09-19 18:52:49.795 INFO  [main] o.s.w.s.m.m.a.RequestMappingHandlerMapping - Mapped "{[/test1],methods=[GET]}" onto public java.lang.String com.winterchen.controller.ExceptionController.test1()
【xkcoding】2018-09-19 18:52:49.795 INFO  [main] o.s.w.s.m.m.a.RequestMappingHandlerMapping - Mapped "{[/yf11/{id}],methods=[GET]}" onto public int com.winterchen.controller.ExceptionController.yf11(int)
【xkcoding】2018-09-19 18:52:49.796 INFO  [main] o.s.w.s.m.m.a.RequestMappingHandlerMapping - Mapped "{[/post1],methods=[POST]}" onto public int com.winterchen.controller.ExceptionController.post1(int)
【xkcoding】2018-09-19 18:52:49.796 INFO  [main] o.s.w.s.m.m.a.RequestMappingHandlerMapping - Mapped "{[/post2],methods=[POST]}" onto public int com.winterchen.controller.ExceptionController.post2(int)
【xkcoding】2018-09-19 18:52:49.796 INFO  [main] o.s.w.s.m.m.a.RequestMappingHandlerMapping - Mapped "{[/yf2],methods=[GET]}" onto public int com.winterchen.controller.ExceptionController.yf2(int)
【xkcoding】2018-09-19 18:52:49.797 INFO  [main] o.s.w.s.m.m.a.RequestMappingHandlerMapping - Mapped "{[/yf0],methods=[GET]}" onto public int com.winterchen.controller.ExceptionController.yf0(int)
【xkcoding】2018-09-19 18:52:49.797 INFO  [main] o.s.w.s.m.m.a.RequestMappingHandlerMapping - Mapped "{[/yf1],methods=[GET]}" onto public int com.winterchen.controller.ExceptionController.yf1(int)
【xkcoding】2018-09-19 18:52:49.799 INFO  [main] o.s.w.s.m.m.a.RequestMappingHandlerMapping - Mapped "{[/uploads],methods=[GET]}" onto public java.lang.String com.winterchen.controller.FileUploadController.index()
【xkcoding】2018-09-19 18:52:49.800 INFO  [main] o.s.w.s.m.m.a.RequestMappingHandlerMapping - Mapped "{[/uploads/upload3],methods=[POST]}" onto public void com.winterchen.controller.FileUploadController.upload2(java.lang.String) throws java.io.IOException
【xkcoding】2018-09-19 18:52:49.800 INFO  [main] o.s.w.s.m.m.a.RequestMappingHandlerMapping - Mapped "{[/uploads/upload2],methods=[POST]}" onto public java.util.List<java.util.Map<java.lang.String, java.lang.String>> com.winterchen.controller.FileUploadController.upload2(org.springframework.web.multipart.MultipartFile[]) throws java.io.IOException
【xkcoding】2018-09-19 18:52:49.801 INFO  [main] o.s.w.s.m.m.a.RequestMappingHandlerMapping - Mapped "{[/uploads/upload1],methods=[POST]}" onto public java.util.Map<java.lang.String, java.lang.String> com.winterchen.controller.FileUploadController.upload1(org.springframework.web.multipart.MultipartFile) throws java.io.IOException
【xkcoding】2018-09-19 18:52:49.802 INFO  [main] o.s.w.s.m.m.a.RequestMappingHandlerMapping - Mapped "{[/log/list],methods=[GET]}" onto public java.lang.Object com.winterchen.controller.LogController.findAllLog(int,int)
【xkcoding】2018-09-19 18:52:49.802 INFO  [main] o.s.w.s.m.m.a.RequestMappingHandlerMapping - Mapped "{[/wx/user/baseInfo],methods=[POST]}" onto public java.util.Map<java.lang.String, java.lang.Object> com.winterchen.controller.RoleController.baseInfo(com.winterchen.model.RoleDomain)
【xkcoding】2018-09-19 18:52:49.803 INFO  [main] o.s.w.s.m.m.a.RequestMappingHandlerMapping - Mapped "{[/team/add],methods=[POST]}" onto public java.util.Map<java.lang.String, java.lang.Object> com.winterchen.controller.TeamController.add(com.winterchen.model.TeamDomain)
【xkcoding】2018-09-19 18:52:49.804 INFO  [main] o.s.w.s.m.m.a.RequestMappingHandlerMapping - Mapped "{[/team/show],methods=[GET]}" onto public java.util.Map<java.lang.String, java.lang.Object> com.winterchen.controller.TeamController.show()
【xkcoding】2018-09-19 18:52:49.808 INFO  [main] o.s.w.s.m.m.a.RequestMappingHandlerMapping - Mapped "{[/user/add],methods=[POST]}" onto public java.util.Map<java.lang.String, java.lang.Object> com.winterchen.controller.UserController.addUser(com.winterchen.model.UserDomain)
【xkcoding】2018-09-19 18:52:49.809 INFO  [main] o.s.w.s.m.m.a.RequestMappingHandlerMapping - Mapped "{[/user/alone],methods=[POST]}" onto public java.util.Map<java.lang.String, java.lang.Object> com.winterchen.controller.UserController.alone(java.lang.Integer)
【xkcoding】2018-09-19 18:52:49.809 INFO  [main] o.s.w.s.m.m.a.RequestMappingHandlerMapping - Mapped "{[/user/all],methods=[GET]}" onto public java.lang.Object com.winterchen.controller.UserController.findAllUser(int,int,java.lang.String,java.lang.String)
【xkcoding】2018-09-19 18:52:49.809 INFO  [main] o.s.w.s.m.m.a.RequestMappingHandlerMapping - Mapped "{[/user/del],methods=[POST]}" onto public java.util.Map<java.lang.String, java.lang.Object> com.winterchen.controller.UserController.removeArea(java.lang.Integer)
【xkcoding】2018-09-19 18:52:49.814 INFO  [main] o.s.w.s.m.m.a.RequestMappingHandlerMapping - Mapped "{[/swagger-resources/configuration/security]}" onto public org.springframework.http.ResponseEntity<springfox.documentation.swagger.web.SecurityConfiguration> springfox.documentation.swagger.web.ApiResourceController.securityConfiguration()
【xkcoding】2018-09-19 18:52:49.814 INFO  [main] o.s.w.s.m.m.a.RequestMappingHandlerMapping - Mapped "{[/swagger-resources/configuration/ui]}" onto public org.springframework.http.ResponseEntity<springfox.documentation.swagger.web.UiConfiguration> springfox.documentation.swagger.web.ApiResourceController.uiConfiguration()
【xkcoding】2018-09-19 18:52:49.815 INFO  [main] o.s.w.s.m.m.a.RequestMappingHandlerMapping - Mapped "{[/swagger-resources]}" onto public org.springframework.http.ResponseEntity<java.util.List<springfox.documentation.swagger.web.SwaggerResource>> springfox.documentation.swagger.web.ApiResourceController.swaggerResources()
【xkcoding】2018-09-19 18:52:49.818 INFO  [main] o.s.w.s.m.m.a.RequestMappingHandlerMapping - Mapped "{[/error]}" onto public org.springframework.http.ResponseEntity<java.util.Map<java.lang.String, java.lang.Object>> org.springframework.boot.autoconfigure.web.servlet.error.BasicErrorController.error(javax.servlet.http.HttpServletRequest)
【xkcoding】2018-09-19 18:52:49.819 INFO  [main] o.s.w.s.m.m.a.RequestMappingHandlerMapping - Mapped "{[/error],produces=[text/html]}" onto public org.springframework.web.servlet.ModelAndView org.springframework.boot.autoconfigure.web.servlet.error.BasicErrorController.errorHtml(javax.servlet.http.HttpServletRequest,javax.servlet.http.HttpServletResponse)
【xkcoding】2018-09-19 18:52:50.035 INFO  [main] s.d.s.w.PropertySourcedRequestMappingHandlerMapping - Mapped URL path [/v2/api-docs] onto method [public org.springframework.http.ResponseEntity<springfox.documentation.spring.web.json.Json> springfox.documentation.swagger2.web.Swagger2Controller.getDocumentation(java.lang.String,javax.servlet.http.HttpServletRequest)]
【xkcoding】2018-09-19 18:52:50.279 INFO  [main] o.s.w.s.h.SimpleUrlHandlerMapping - Mapped URL path [/**/favicon.ico] onto handler of type [class org.springframework.web.servlet.resource.ResourceHttpRequestHandler]
【xkcoding】2018-09-19 18:52:50.512 INFO  [main] o.s.w.s.m.m.a.RequestMappingHandlerAdapter - Looking for @ControllerAdvice: org.springframework.boot.web.servlet.context.AnnotationConfigServletWebServerApplicationContext@38831718: startup date [Wed Sep 19 18:52:46 CST 2018]; root of context hierarchy
【xkcoding】2018-09-19 18:52:50.575 INFO  [main] o.s.w.s.h.SimpleUrlHandlerMapping - Mapped URL path [/webjars/**] onto handler of type [class org.springframework.web.servlet.resource.ResourceHttpRequestHandler]
【xkcoding】2018-09-19 18:52:50.575 INFO  [main] o.s.w.s.h.SimpleUrlHandlerMapping - Mapped URL path [/**] onto handler of type [class org.springframework.web.servlet.resource.ResourceHttpRequestHandler]
【xkcoding】2018-09-19 18:52:50.596 INFO  [main] o.s.w.s.m.m.a.ExceptionHandlerExceptionResolver - Detected @ExceptionHandler methods in globalExceptionHandler
【xkcoding】2018-09-19 18:52:51.010 INFO  [main] o.s.j.e.a.AnnotationMBeanExporter - Registering beans for JMX exposure on startup
【xkcoding】2018-09-19 18:52:51.013 INFO  [main] o.s.j.e.a.AnnotationMBeanExporter - Bean with name 'statFilter' has been autodetected for JMX exposure
【xkcoding】2018-09-19 18:52:51.014 INFO  [main] o.s.j.e.a.AnnotationMBeanExporter - Bean with name 'dataSource' has been autodetected for JMX exposure
【xkcoding】2018-09-19 18:52:51.022 INFO  [main] o.s.j.e.a.AnnotationMBeanExporter - Located MBean 'dataSource': registering with JMX server as MBean [com.alibaba.druid.spring.boot.autoconfigure:name=dataSource,type=DruidDataSourceWrapper]
【xkcoding】2018-09-19 18:52:51.023 INFO  [main] o.s.j.e.a.AnnotationMBeanExporter - Located MBean 'statFilter': registering with JMX server as MBean [com.alibaba.druid.filter.stat:name=statFilter,type=StatFilter]
【xkcoding】2018-09-19 18:52:51.028 INFO  [main] o.s.c.s.DefaultLifecycleProcessor - Starting beans in phase 2147483647
【xkcoding】2018-09-19 18:52:51.029 INFO  [main] s.d.s.w.p.DocumentationPluginsBootstrapper - Context refreshed
【xkcoding】2018-09-19 18:52:51.046 INFO  [main] s.d.s.w.p.DocumentationPluginsBootstrapper - Found 1 custom documentation plugin(s)
【xkcoding】2018-09-19 18:52:51.088 INFO  [main] s.d.s.w.s.ApiListingReferenceScanner - Scanning for api listing references
【xkcoding】2018-09-19 18:52:51.293 INFO  [main] s.d.s.w.r.o.CachingOperationNameGenerator - Generating unique operation named: upload2UsingPOST_1
【xkcoding】2018-09-19 18:52:51.371 INFO  [main] o.a.coyote.http11.Http11NioProtocol - Starting ProtocolHandler ["http-nio-8099"]
【xkcoding】2018-09-19 18:52:51.398 INFO  [main] o.a.tomcat.util.net.NioSelectorPool - Using a shared selector for servlet write/read
【xkcoding】2018-09-19 18:52:51.414 INFO  [main] o.s.b.w.e.tomcat.TomcatWebServer - Tomcat started on port(s): 8099 (http) with context path ''
【xkcoding】2018-09-19 18:52:51.420 INFO  [main] c.w.Springboot2MybatisDemoApplication - Started Springboot2MybatisDemoApplication in 6.255 seconds (JVM running for 7.769)
【xkcoding】2018-09-19 18:53:24.302 INFO  [http-nio-8099-exec-1] o.a.c.c.C.[Tomcat].[localhost].[/] - Initializing Spring FrameworkServlet 'dispatcherServlet'
【xkcoding】2018-09-19 18:53:24.302 INFO  [http-nio-8099-exec-1] o.s.web.servlet.DispatcherServlet - FrameworkServlet 'dispatcherServlet': initialization started
【xkcoding】2018-09-19 18:53:24.324 INFO  [http-nio-8099-exec-1] o.s.web.servlet.DispatcherServlet - FrameworkServlet 'dispatcherServlet': initialization completed in 22 ms
【xkcoding】2018-09-19 18:53:24.367 INFO  [http-nio-8099-exec-1] com.winterchen.aspectj.AopLog - 【请求类名】：com.winterchen.controller.RoleController，【请求方法名】：baseInfo
【xkcoding】2018-09-19 18:54:24.474 INFO  [http-nio-8099-exec-2] com.winterchen.aspectj.AopLog - 【请求类名】：com.winterchen.controller.RoleController，【请求方法名】：baseInfo
【xkcoding】2018-09-19 18:58:23.292 INFO  [Thread-16] o.s.b.w.s.c.AnnotationConfigServletWebServerApplicationContext - Closing org.springframework.boot.web.servlet.context.AnnotationConfigServletWebServerApplicationContext@38831718: startup date [Wed Sep 19 18:52:46 CST 2018]; root of context hierarchy
【xkcoding】2018-09-19 18:58:23.297 INFO  [Thread-16] o.s.c.s.DefaultLifecycleProcessor - Stopping beans in phase 2147483647
【xkcoding】2018-09-19 18:58:23.299 INFO  [Thread-16] o.s.j.e.a.AnnotationMBeanExporter - Unregistering JMX-exposed beans on shutdown
【xkcoding】2018-09-19 18:58:23.300 INFO  [Thread-16] o.s.j.e.a.AnnotationMBeanExporter - Unregistering JMX-exposed beans
【xkcoding】2018-09-19 18:58:23.305 INFO  [Thread-16] c.alibaba.druid.pool.DruidDataSource - {dataSource-1} closed
【xkcoding】2018-09-19 18:58:27.055 INFO  [main] c.w.Springboot2MybatisDemoApplication - Starting Springboot2MybatisDemoApplication on yangfengdeMacBook-Pro.local with PID 9022 (/Users/yangfeng/plugs/important/w_lunwen/java/w-java-manage/target/classes started by yangfeng in /Users/yangfeng/plugs/important/w_lunwen/java/w-java-manage)
【xkcoding】2018-09-19 18:58:27.060 INFO  [main] c.w.Springboot2MybatisDemoApplication - No active profile set, falling back to default profiles: default
【xkcoding】2018-09-19 18:58:27.161 INFO  [main] o.s.b.w.s.c.AnnotationConfigServletWebServerApplicationContext - Refreshing org.springframework.boot.web.servlet.context.AnnotationConfigServletWebServerApplicationContext@3c9c0d96: startup date [Wed Sep 19 18:58:27 CST 2018]; root of context hierarchy
【xkcoding】2018-09-19 18:58:28.283 INFO  [main] o.s.c.s.PostProcessorRegistrationDelegate$BeanPostProcessorChecker - Bean 'org.springframework.transaction.annotation.ProxyTransactionManagementConfiguration' of type [org.springframework.transaction.annotation.ProxyTransactionManagementConfiguration$$EnhancerBySpringCGLIB$$3fd0db51] is not eligible for getting processed by all BeanPostProcessors (for example: not eligible for auto-proxying)
【xkcoding】2018-09-19 18:58:28.734 INFO  [main] o.s.b.w.e.tomcat.TomcatWebServer - Tomcat initialized with port(s): 8099 (http)
【xkcoding】2018-09-19 18:58:28.750 INFO  [main] o.a.coyote.http11.Http11NioProtocol - Initializing ProtocolHandler ["http-nio-8099"]
【xkcoding】2018-09-19 18:58:28.766 INFO  [main] o.a.catalina.core.StandardService - Starting service [Tomcat]
【xkcoding】2018-09-19 18:58:28.766 INFO  [main] o.a.catalina.core.StandardEngine - Starting Servlet Engine: Apache Tomcat/8.5.29
【xkcoding】2018-09-19 18:58:28.771 INFO  [localhost-startStop-1] o.a.c.core.AprLifecycleListener - The APR based Apache Tomcat Native library which allows optimal performance in production environments was not found on the java.library.path: [/Users/yangfeng/Library/Java/Extensions:/Library/Java/Extensions:/Network/Library/Java/Extensions:/System/Library/Java/Extensions:/usr/lib/java:.]
【xkcoding】2018-09-19 18:58:28.851 INFO  [localhost-startStop-1] o.a.c.c.C.[Tomcat].[localhost].[/] - Initializing Spring embedded WebApplicationContext
【xkcoding】2018-09-19 18:58:28.851 INFO  [localhost-startStop-1] o.s.web.context.ContextLoader - Root WebApplicationContext: initialization completed in 1690 ms
【xkcoding】2018-09-19 18:58:29.142 INFO  [localhost-startStop-1] o.s.b.w.s.ServletRegistrationBean - Servlet dispatcherServlet mapped to [/]
【xkcoding】2018-09-19 18:58:29.143 INFO  [localhost-startStop-1] o.s.b.w.s.ServletRegistrationBean - Servlet statViewServlet mapped to [/druid/*]
【xkcoding】2018-09-19 18:58:29.147 INFO  [localhost-startStop-1] o.s.b.w.s.FilterRegistrationBean - Mapping filter: 'characterEncodingFilter' to: [/*]
【xkcoding】2018-09-19 18:58:29.147 INFO  [localhost-startStop-1] o.s.b.w.s.FilterRegistrationBean - Mapping filter: 'hiddenHttpMethodFilter' to: [/*]
【xkcoding】2018-09-19 18:58:29.147 INFO  [localhost-startStop-1] o.s.b.w.s.FilterRegistrationBean - Mapping filter: 'httpPutFormContentFilter' to: [/*]
【xkcoding】2018-09-19 18:58:29.147 INFO  [localhost-startStop-1] o.s.b.w.s.FilterRegistrationBean - Mapping filter: 'requestContextFilter' to: [/*]
【xkcoding】2018-09-19 18:58:29.147 INFO  [localhost-startStop-1] o.s.b.w.s.FilterRegistrationBean - Mapping filter: 'webStatFilter' to urls: [/*]
【xkcoding】2018-09-19 18:58:29.148 INFO  [localhost-startStop-1] o.s.b.w.s.FilterRegistrationBean - Mapping filter: 'corsFilter' to: [/*]
【xkcoding】2018-09-19 18:58:29.231 INFO  [main] c.a.d.s.b.a.DruidDataSourceAutoConfigure - Init DruidDataSource
【xkcoding】2018-09-19 18:58:29.720 INFO  [main] c.alibaba.druid.pool.DruidDataSource - {dataSource-1} inited
【xkcoding】2018-09-19 18:58:30.500 INFO  [main] o.s.w.s.m.m.a.RequestMappingHandlerMapping - Mapped "{[/account/vlogin],methods=[POST]}" onto public java.util.Map<java.lang.String, java.lang.Object> com.winterchen.controller.AccountController.ilogin(java.lang.String,java.lang.String)
【xkcoding】2018-09-19 18:58:30.500 INFO  [main] o.s.w.s.m.m.a.RequestMappingHandlerMapping - Mapped "{[/account/delAccount],methods=[POST]}" onto public java.util.Map<java.lang.String, java.lang.Object> com.winterchen.controller.AccountController.delAccount(java.lang.Integer)
【xkcoding】2018-09-19 18:58:30.501 INFO  [main] o.s.w.s.m.m.a.RequestMappingHandlerMapping - Mapped "{[/account/deleteAccount],methods=[POST]}" onto public java.util.Map<java.lang.String, java.lang.Object> com.winterchen.controller.AccountController.deleteAccount(java.lang.String)
【xkcoding】2018-09-19 18:58:30.501 INFO  [main] o.s.w.s.m.m.a.RequestMappingHandlerMapping - Mapped "{[/account/AddEditAccount],methods=[POST]}" onto public java.util.Map<java.lang.String, java.lang.Object> com.winterchen.controller.AccountController.AddEditAccount(com.winterchen.model.AccountDomain)
【xkcoding】2018-09-19 18:58:30.501 INFO  [main] o.s.w.s.m.m.a.RequestMappingHandlerMapping - Mapped "{[/account/allAccount],methods=[GET]}" onto public java.lang.Object com.winterchen.controller.AccountController.allAccount(int,int)
【xkcoding】2018-09-19 18:58:30.501 INFO  [main] o.s.w.s.m.m.a.RequestMappingHandlerMapping - Mapped "{[/account/updatePwd],methods=[POST]}" onto public java.util.Map<java.lang.String, java.lang.Object> com.winterchen.controller.AccountController.updatePwd(java.lang.String,java.lang.String,java.lang.String)
【xkcoding】2018-09-19 18:58:30.503 INFO  [main] o.s.w.s.m.m.a.RequestMappingHandlerMapping - Mapped "{[/test3],methods=[GET]}" onto public java.lang.String com.winterchen.controller.ExceptionController.test3(java.lang.Integer)
【xkcoding】2018-09-19 18:58:30.504 INFO  [main] o.s.w.s.m.m.a.RequestMappingHandlerMapping - Mapped "{[/post2],methods=[POST]}" onto public int com.winterchen.controller.ExceptionController.post2(int)
【xkcoding】2018-09-19 18:58:30.504 INFO  [main] o.s.w.s.m.m.a.RequestMappingHandlerMapping - Mapped "{[/test2],methods=[GET]}" onto public java.util.Map<java.lang.String, java.lang.String> com.winterchen.controller.ExceptionController.test2()
【xkcoding】2018-09-19 18:58:30.504 INFO  [main] o.s.w.s.m.m.a.RequestMappingHandlerMapping - Mapped "{[/test4],methods=[GET]}" onto public java.lang.String com.winterchen.controller.ExceptionController.test4()
【xkcoding】2018-09-19 18:58:30.504 INFO  [main] o.s.w.s.m.m.a.RequestMappingHandlerMapping - Mapped "{[/yf0],methods=[GET]}" onto public int com.winterchen.controller.ExceptionController.yf0(int)
【xkcoding】2018-09-19 18:58:30.505 INFO  [main] o.s.w.s.m.m.a.RequestMappingHandlerMapping - Mapped "{[/test1],methods=[GET]}" onto public java.lang.String com.winterchen.controller.ExceptionController.test1()
【xkcoding】2018-09-19 18:58:30.505 INFO  [main] o.s.w.s.m.m.a.RequestMappingHandlerMapping - Mapped "{[/yf1],methods=[GET]}" onto public int com.winterchen.controller.ExceptionController.yf1(int)
【xkcoding】2018-09-19 18:58:30.505 INFO  [main] o.s.w.s.m.m.a.RequestMappingHandlerMapping - Mapped "{[/yf2],methods=[GET]}" onto public int com.winterchen.controller.ExceptionController.yf2(int)
【xkcoding】2018-09-19 18:58:30.505 INFO  [main] o.s.w.s.m.m.a.RequestMappingHandlerMapping - Mapped "{[/post1],methods=[POST]}" onto public int com.winterchen.controller.ExceptionController.post1(int)
【xkcoding】2018-09-19 18:58:30.506 INFO  [main] o.s.w.s.m.m.a.RequestMappingHandlerMapping - Mapped "{[/yf11/{id}],methods=[GET]}" onto public int com.winterchen.controller.ExceptionController.yf11(int)
【xkcoding】2018-09-19 18:58:30.506 INFO  [main] o.s.w.s.m.m.a.RequestMappingHandlerMapping - Mapped "{[/post0],methods=[POST]}" onto public int com.winterchen.controller.ExceptionController.post0(int)
【xkcoding】2018-09-19 18:58:30.507 INFO  [main] o.s.w.s.m.m.a.RequestMappingHandlerMapping - Mapped "{[/uploads],methods=[GET]}" onto public java.lang.String com.winterchen.controller.FileUploadController.index()
【xkcoding】2018-09-19 18:58:30.508 INFO  [main] o.s.w.s.m.m.a.RequestMappingHandlerMapping - Mapped "{[/uploads/upload1],methods=[POST]}" onto public java.util.Map<java.lang.String, java.lang.String> com.winterchen.controller.FileUploadController.upload1(org.springframework.web.multipart.MultipartFile) throws java.io.IOException
【xkcoding】2018-09-19 18:58:30.509 INFO  [main] o.s.w.s.m.m.a.RequestMappingHandlerMapping - Mapped "{[/uploads/upload3],methods=[POST]}" onto public void com.winterchen.controller.FileUploadController.upload2(java.lang.String) throws java.io.IOException
【xkcoding】2018-09-19 18:58:30.509 INFO  [main] o.s.w.s.m.m.a.RequestMappingHandlerMapping - Mapped "{[/uploads/upload2],methods=[POST]}" onto public java.util.List<java.util.Map<java.lang.String, java.lang.String>> com.winterchen.controller.FileUploadController.upload2(org.springframework.web.multipart.MultipartFile[]) throws java.io.IOException
【xkcoding】2018-09-19 18:58:30.510 INFO  [main] o.s.w.s.m.m.a.RequestMappingHandlerMapping - Mapped "{[/log/list],methods=[GET]}" onto public java.lang.Object com.winterchen.controller.LogController.findAllLog(int,int)
【xkcoding】2018-09-19 18:58:30.510 INFO  [main] o.s.w.s.m.m.a.RequestMappingHandlerMapping - Mapped "{[/wx/user/baseInfo],methods=[POST]}" onto public java.util.Map<java.lang.String, java.lang.Object> com.winterchen.controller.RoleController.baseInfo(com.winterchen.model.RoleDomain)
【xkcoding】2018-09-19 18:58:30.511 INFO  [main] o.s.w.s.m.m.a.RequestMappingHandlerMapping - Mapped "{[/team/add],methods=[POST]}" onto public java.util.Map<java.lang.String, java.lang.Object> com.winterchen.controller.TeamController.add(com.winterchen.model.TeamDomain)
【xkcoding】2018-09-19 18:58:30.512 INFO  [main] o.s.w.s.m.m.a.RequestMappingHandlerMapping - Mapped "{[/team/show],methods=[GET]}" onto public java.util.Map<java.lang.String, java.lang.Object> com.winterchen.controller.TeamController.show()
【xkcoding】2018-09-19 18:58:30.518 INFO  [main] o.s.w.s.m.m.a.RequestMappingHandlerMapping - Mapped "{[/user/alone],methods=[POST]}" onto public java.util.Map<java.lang.String, java.lang.Object> com.winterchen.controller.UserController.alone(java.lang.Integer)
【xkcoding】2018-09-19 18:58:30.519 INFO  [main] o.s.w.s.m.m.a.RequestMappingHandlerMapping - Mapped "{[/user/all],methods=[GET]}" onto public java.lang.Object com.winterchen.controller.UserController.findAllUser(int,int,java.lang.String,java.lang.String)
【xkcoding】2018-09-19 18:58:30.519 INFO  [main] o.s.w.s.m.m.a.RequestMappingHandlerMapping - Mapped "{[/user/del],methods=[POST]}" onto public java.util.Map<java.lang.String, java.lang.Object> com.winterchen.controller.UserController.removeArea(java.lang.Integer)
【xkcoding】2018-09-19 18:58:30.519 INFO  [main] o.s.w.s.m.m.a.RequestMappingHandlerMapping - Mapped "{[/user/add],methods=[POST]}" onto public java.util.Map<java.lang.String, java.lang.Object> com.winterchen.controller.UserController.addUser(com.winterchen.model.UserDomain)
【xkcoding】2018-09-19 18:58:30.523 INFO  [main] o.s.w.s.m.m.a.RequestMappingHandlerMapping - Mapped "{[/swagger-resources/configuration/security]}" onto public org.springframework.http.ResponseEntity<springfox.documentation.swagger.web.SecurityConfiguration> springfox.documentation.swagger.web.ApiResourceController.securityConfiguration()
【xkcoding】2018-09-19 18:58:30.524 INFO  [main] o.s.w.s.m.m.a.RequestMappingHandlerMapping - Mapped "{[/swagger-resources/configuration/ui]}" onto public org.springframework.http.ResponseEntity<springfox.documentation.swagger.web.UiConfiguration> springfox.documentation.swagger.web.ApiResourceController.uiConfiguration()
【xkcoding】2018-09-19 18:58:30.524 INFO  [main] o.s.w.s.m.m.a.RequestMappingHandlerMapping - Mapped "{[/swagger-resources]}" onto public org.springframework.http.ResponseEntity<java.util.List<springfox.documentation.swagger.web.SwaggerResource>> springfox.documentation.swagger.web.ApiResourceController.swaggerResources()
【xkcoding】2018-09-19 18:58:30.527 INFO  [main] o.s.w.s.m.m.a.RequestMappingHandlerMapping - Mapped "{[/error]}" onto public org.springframework.http.ResponseEntity<java.util.Map<java.lang.String, java.lang.Object>> org.springframework.boot.autoconfigure.web.servlet.error.BasicErrorController.error(javax.servlet.http.HttpServletRequest)
【xkcoding】2018-09-19 18:58:30.527 INFO  [main] o.s.w.s.m.m.a.RequestMappingHandlerMapping - Mapped "{[/error],produces=[text/html]}" onto public org.springframework.web.servlet.ModelAndView org.springframework.boot.autoconfigure.web.servlet.error.BasicErrorController.errorHtml(javax.servlet.http.HttpServletRequest,javax.servlet.http.HttpServletResponse)
【xkcoding】2018-09-19 18:58:30.684 INFO  [main] s.d.s.w.PropertySourcedRequestMappingHandlerMapping - Mapped URL path [/v2/api-docs] onto method [public org.springframework.http.ResponseEntity<springfox.documentation.spring.web.json.Json> springfox.documentation.swagger2.web.Swagger2Controller.getDocumentation(java.lang.String,javax.servlet.http.HttpServletRequest)]
【xkcoding】2018-09-19 18:58:30.870 INFO  [main] o.s.w.s.h.SimpleUrlHandlerMapping - Mapped URL path [/**/favicon.ico] onto handler of type [class org.springframework.web.servlet.resource.ResourceHttpRequestHandler]
【xkcoding】2018-09-19 18:58:31.073 INFO  [main] o.s.w.s.m.m.a.RequestMappingHandlerAdapter - Looking for @ControllerAdvice: org.springframework.boot.web.servlet.context.AnnotationConfigServletWebServerApplicationContext@3c9c0d96: startup date [Wed Sep 19 18:58:27 CST 2018]; root of context hierarchy
【xkcoding】2018-09-19 18:58:31.143 INFO  [main] o.s.w.s.h.SimpleUrlHandlerMapping - Mapped URL path [/webjars/**] onto handler of type [class org.springframework.web.servlet.resource.ResourceHttpRequestHandler]
【xkcoding】2018-09-19 18:58:31.144 INFO  [main] o.s.w.s.h.SimpleUrlHandlerMapping - Mapped URL path [/**] onto handler of type [class org.springframework.web.servlet.resource.ResourceHttpRequestHandler]
【xkcoding】2018-09-19 18:58:31.163 INFO  [main] o.s.w.s.m.m.a.ExceptionHandlerExceptionResolver - Detected @ExceptionHandler methods in globalExceptionHandler
【xkcoding】2018-09-19 18:58:31.640 INFO  [main] o.s.j.e.a.AnnotationMBeanExporter - Registering beans for JMX exposure on startup
【xkcoding】2018-09-19 18:58:31.642 INFO  [main] o.s.j.e.a.AnnotationMBeanExporter - Bean with name 'statFilter' has been autodetected for JMX exposure
【xkcoding】2018-09-19 18:58:31.642 INFO  [main] o.s.j.e.a.AnnotationMBeanExporter - Bean with name 'dataSource' has been autodetected for JMX exposure
【xkcoding】2018-09-19 18:58:31.649 INFO  [main] o.s.j.e.a.AnnotationMBeanExporter - Located MBean 'dataSource': registering with JMX server as MBean [com.alibaba.druid.spring.boot.autoconfigure:name=dataSource,type=DruidDataSourceWrapper]
【xkcoding】2018-09-19 18:58:31.650 INFO  [main] o.s.j.e.a.AnnotationMBeanExporter - Located MBean 'statFilter': registering with JMX server as MBean [com.alibaba.druid.filter.stat:name=statFilter,type=StatFilter]
【xkcoding】2018-09-19 18:58:31.653 INFO  [main] o.s.c.s.DefaultLifecycleProcessor - Starting beans in phase 2147483647
【xkcoding】2018-09-19 18:58:31.654 INFO  [main] s.d.s.w.p.DocumentationPluginsBootstrapper - Context refreshed
【xkcoding】2018-09-19 18:58:31.668 INFO  [main] s.d.s.w.p.DocumentationPluginsBootstrapper - Found 1 custom documentation plugin(s)
【xkcoding】2018-09-19 18:58:31.701 INFO  [main] s.d.s.w.s.ApiListingReferenceScanner - Scanning for api listing references
【xkcoding】2018-09-19 18:58:31.889 INFO  [main] s.d.s.w.r.o.CachingOperationNameGenerator - Generating unique operation named: upload2UsingPOST_1
【xkcoding】2018-09-19 18:58:31.996 INFO  [main] o.a.coyote.http11.Http11NioProtocol - Starting ProtocolHandler ["http-nio-8099"]
【xkcoding】2018-09-19 18:58:32.030 INFO  [main] o.a.tomcat.util.net.NioSelectorPool - Using a shared selector for servlet write/read
【xkcoding】2018-09-19 18:58:32.044 INFO  [main] o.s.b.w.e.tomcat.TomcatWebServer - Tomcat started on port(s): 8099 (http) with context path ''
【xkcoding】2018-09-19 18:58:32.049 INFO  [main] c.w.Springboot2MybatisDemoApplication - Started Springboot2MybatisDemoApplication in 5.587 seconds (JVM running for 6.39)
【xkcoding】2018-09-19 18:58:48.839 INFO  [http-nio-8099-exec-1] o.a.c.c.C.[Tomcat].[localhost].[/] - Initializing Spring FrameworkServlet 'dispatcherServlet'
【xkcoding】2018-09-19 18:58:48.840 INFO  [http-nio-8099-exec-1] o.s.web.servlet.DispatcherServlet - FrameworkServlet 'dispatcherServlet': initialization started
【xkcoding】2018-09-19 18:58:48.862 INFO  [http-nio-8099-exec-1] o.s.web.servlet.DispatcherServlet - FrameworkServlet 'dispatcherServlet': initialization completed in 22 ms
【xkcoding】2018-09-19 18:58:48.938 INFO  [http-nio-8099-exec-1] com.winterchen.aspectj.AopLog - 【请求类名】：com.winterchen.controller.RoleController，【请求方法名】：baseInfo
【xkcoding】2018-09-19 18:59:23.061 INFO  [Thread-15] o.s.b.w.s.c.AnnotationConfigServletWebServerApplicationContext - Closing org.springframework.boot.web.servlet.context.AnnotationConfigServletWebServerApplicationContext@3c9c0d96: startup date [Wed Sep 19 18:58:27 CST 2018]; root of context hierarchy
【xkcoding】2018-09-19 18:59:23.069 INFO  [Thread-15] o.s.c.s.DefaultLifecycleProcessor - Stopping beans in phase 2147483647
【xkcoding】2018-09-19 18:59:23.071 INFO  [Thread-15] o.s.j.e.a.AnnotationMBeanExporter - Unregistering JMX-exposed beans on shutdown
【xkcoding】2018-09-19 18:59:23.072 INFO  [Thread-15] o.s.j.e.a.AnnotationMBeanExporter - Unregistering JMX-exposed beans
【xkcoding】2018-09-19 18:59:23.082 INFO  [Thread-15] c.alibaba.druid.pool.DruidDataSource - {dataSource-1} closed
【xkcoding】2018-09-19 19:00:40.399 INFO  [main] c.w.Springboot2MybatisDemoApplication - Starting Springboot2MybatisDemoApplication on yangfengdeMacBook-Pro.local with PID 9046 (/Users/yangfeng/plugs/important/w_lunwen/java/w-java-manage/target/classes started by yangfeng in /Users/yangfeng/plugs/important/w_lunwen/java/w-java-manage)
【xkcoding】2018-09-19 19:00:40.403 INFO  [main] c.w.Springboot2MybatisDemoApplication - No active profile set, falling back to default profiles: default
【xkcoding】2018-09-19 19:00:40.499 INFO  [main] o.s.b.w.s.c.AnnotationConfigServletWebServerApplicationContext - Refreshing org.springframework.boot.web.servlet.context.AnnotationConfigServletWebServerApplicationContext@363042d7: startup date [Wed Sep 19 19:00:40 CST 2018]; root of context hierarchy
【xkcoding】2018-09-19 19:00:41.620 INFO  [main] o.s.c.s.PostProcessorRegistrationDelegate$BeanPostProcessorChecker - Bean 'org.springframework.transaction.annotation.ProxyTransactionManagementConfiguration' of type [org.springframework.transaction.annotation.ProxyTransactionManagementConfiguration$$EnhancerBySpringCGLIB$$e5dfee13] is not eligible for getting processed by all BeanPostProcessors (for example: not eligible for auto-proxying)
【xkcoding】2018-09-19 19:00:42.058 INFO  [main] o.s.b.w.e.tomcat.TomcatWebServer - Tomcat initialized with port(s): 8099 (http)
【xkcoding】2018-09-19 19:00:42.069 INFO  [main] o.a.coyote.http11.Http11NioProtocol - Initializing ProtocolHandler ["http-nio-8099"]
【xkcoding】2018-09-19 19:00:42.079 INFO  [main] o.a.catalina.core.StandardService - Starting service [Tomcat]
【xkcoding】2018-09-19 19:00:42.079 INFO  [main] o.a.catalina.core.StandardEngine - Starting Servlet Engine: Apache Tomcat/8.5.29
【xkcoding】2018-09-19 19:00:42.083 INFO  [localhost-startStop-1] o.a.c.core.AprLifecycleListener - The APR based Apache Tomcat Native library which allows optimal performance in production environments was not found on the java.library.path: [/Users/yangfeng/Library/Java/Extensions:/Library/Java/Extensions:/Network/Library/Java/Extensions:/System/Library/Java/Extensions:/usr/lib/java:.]
【xkcoding】2018-09-19 19:00:42.159 INFO  [localhost-startStop-1] o.a.c.c.C.[Tomcat].[localhost].[/] - Initializing Spring embedded WebApplicationContext
【xkcoding】2018-09-19 19:00:42.160 INFO  [localhost-startStop-1] o.s.web.context.ContextLoader - Root WebApplicationContext: initialization completed in 1661 ms
【xkcoding】2018-09-19 19:00:42.460 INFO  [localhost-startStop-1] o.s.b.w.s.ServletRegistrationBean - Servlet dispatcherServlet mapped to [/]
【xkcoding】2018-09-19 19:00:42.462 INFO  [localhost-startStop-1] o.s.b.w.s.ServletRegistrationBean - Servlet statViewServlet mapped to [/druid/*]
【xkcoding】2018-09-19 19:00:42.465 INFO  [localhost-startStop-1] o.s.b.w.s.FilterRegistrationBean - Mapping filter: 'characterEncodingFilter' to: [/*]
【xkcoding】2018-09-19 19:00:42.465 INFO  [localhost-startStop-1] o.s.b.w.s.FilterRegistrationBean - Mapping filter: 'hiddenHttpMethodFilter' to: [/*]
【xkcoding】2018-09-19 19:00:42.465 INFO  [localhost-startStop-1] o.s.b.w.s.FilterRegistrationBean - Mapping filter: 'httpPutFormContentFilter' to: [/*]
【xkcoding】2018-09-19 19:00:42.466 INFO  [localhost-startStop-1] o.s.b.w.s.FilterRegistrationBean - Mapping filter: 'requestContextFilter' to: [/*]
【xkcoding】2018-09-19 19:00:42.466 INFO  [localhost-startStop-1] o.s.b.w.s.FilterRegistrationBean - Mapping filter: 'webStatFilter' to urls: [/*]
【xkcoding】2018-09-19 19:00:42.466 INFO  [localhost-startStop-1] o.s.b.w.s.FilterRegistrationBean - Mapping filter: 'corsFilter' to: [/*]
【xkcoding】2018-09-19 19:00:42.544 INFO  [main] c.a.d.s.b.a.DruidDataSourceAutoConfigure - Init DruidDataSource
【xkcoding】2018-09-19 19:00:43.057 INFO  [main] c.alibaba.druid.pool.DruidDataSource - {dataSource-1} inited
【xkcoding】2018-09-19 19:00:43.821 INFO  [main] o.s.w.s.m.m.a.RequestMappingHandlerMapping - Mapped "{[/account/vlogin],methods=[POST]}" onto public java.util.Map<java.lang.String, java.lang.Object> com.winterchen.controller.AccountController.ilogin(java.lang.String,java.lang.String)
【xkcoding】2018-09-19 19:00:43.822 INFO  [main] o.s.w.s.m.m.a.RequestMappingHandlerMapping - Mapped "{[/account/delAccount],methods=[POST]}" onto public java.util.Map<java.lang.String, java.lang.Object> com.winterchen.controller.AccountController.delAccount(java.lang.Integer)
【xkcoding】2018-09-19 19:00:43.822 INFO  [main] o.s.w.s.m.m.a.RequestMappingHandlerMapping - Mapped "{[/account/deleteAccount],methods=[POST]}" onto public java.util.Map<java.lang.String, java.lang.Object> com.winterchen.controller.AccountController.deleteAccount(java.lang.String)
【xkcoding】2018-09-19 19:00:43.823 INFO  [main] o.s.w.s.m.m.a.RequestMappingHandlerMapping - Mapped "{[/account/AddEditAccount],methods=[POST]}" onto public java.util.Map<java.lang.String, java.lang.Object> com.winterchen.controller.AccountController.AddEditAccount(com.winterchen.model.AccountDomain)
【xkcoding】2018-09-19 19:00:43.823 INFO  [main] o.s.w.s.m.m.a.RequestMappingHandlerMapping - Mapped "{[/account/allAccount],methods=[GET]}" onto public java.lang.Object com.winterchen.controller.AccountController.allAccount(int,int)
【xkcoding】2018-09-19 19:00:43.823 INFO  [main] o.s.w.s.m.m.a.RequestMappingHandlerMapping - Mapped "{[/account/updatePwd],methods=[POST]}" onto public java.util.Map<java.lang.String, java.lang.Object> com.winterchen.controller.AccountController.updatePwd(java.lang.String,java.lang.String,java.lang.String)
【xkcoding】2018-09-19 19:00:43.825 INFO  [main] o.s.w.s.m.m.a.RequestMappingHandlerMapping - Mapped "{[/yf1],methods=[GET]}" onto public int com.winterchen.controller.ExceptionController.yf1(int)
【xkcoding】2018-09-19 19:00:43.825 INFO  [main] o.s.w.s.m.m.a.RequestMappingHandlerMapping - Mapped "{[/test4],methods=[GET]}" onto public java.lang.String com.winterchen.controller.ExceptionController.test4()
【xkcoding】2018-09-19 19:00:43.826 INFO  [main] o.s.w.s.m.m.a.RequestMappingHandlerMapping - Mapped "{[/test2],methods=[GET]}" onto public java.util.Map<java.lang.String, java.lang.String> com.winterchen.controller.ExceptionController.test2()
【xkcoding】2018-09-19 19:00:43.826 INFO  [main] o.s.w.s.m.m.a.RequestMappingHandlerMapping - Mapped "{[/test3],methods=[GET]}" onto public java.lang.String com.winterchen.controller.ExceptionController.test3(java.lang.Integer)
【xkcoding】2018-09-19 19:00:43.826 INFO  [main] o.s.w.s.m.m.a.RequestMappingHandlerMapping - Mapped "{[/post0],methods=[POST]}" onto public int com.winterchen.controller.ExceptionController.post0(int)
【xkcoding】2018-09-19 19:00:43.827 INFO  [main] o.s.w.s.m.m.a.RequestMappingHandlerMapping - Mapped "{[/post2],methods=[POST]}" onto public int com.winterchen.controller.ExceptionController.post2(int)
【xkcoding】2018-09-19 19:00:43.827 INFO  [main] o.s.w.s.m.m.a.RequestMappingHandlerMapping - Mapped "{[/post1],methods=[POST]}" onto public int com.winterchen.controller.ExceptionController.post1(int)
【xkcoding】2018-09-19 19:00:43.827 INFO  [main] o.s.w.s.m.m.a.RequestMappingHandlerMapping - Mapped "{[/test1],methods=[GET]}" onto public java.lang.String com.winterchen.controller.ExceptionController.test1()
【xkcoding】2018-09-19 19:00:43.827 INFO  [main] o.s.w.s.m.m.a.RequestMappingHandlerMapping - Mapped "{[/yf2],methods=[GET]}" onto public int com.winterchen.controller.ExceptionController.yf2(int)
【xkcoding】2018-09-19 19:00:43.828 INFO  [main] o.s.w.s.m.m.a.RequestMappingHandlerMapping - Mapped "{[/yf11/{id}],methods=[GET]}" onto public int com.winterchen.controller.ExceptionController.yf11(int)
【xkcoding】2018-09-19 19:00:43.828 INFO  [main] o.s.w.s.m.m.a.RequestMappingHandlerMapping - Mapped "{[/yf0],methods=[GET]}" onto public int com.winterchen.controller.ExceptionController.yf0(int)
【xkcoding】2018-09-19 19:00:43.830 INFO  [main] o.s.w.s.m.m.a.RequestMappingHandlerMapping - Mapped "{[/uploads],methods=[GET]}" onto public java.lang.String com.winterchen.controller.FileUploadController.index()
【xkcoding】2018-09-19 19:00:43.833 INFO  [main] o.s.w.s.m.m.a.RequestMappingHandlerMapping - Mapped "{[/uploads/upload1],methods=[POST]}" onto public java.util.Map<java.lang.String, java.lang.String> com.winterchen.controller.FileUploadController.upload1(org.springframework.web.multipart.MultipartFile) throws java.io.IOException
【xkcoding】2018-09-19 19:00:43.835 INFO  [main] o.s.w.s.m.m.a.RequestMappingHandlerMapping - Mapped "{[/uploads/upload3],methods=[POST]}" onto public void com.winterchen.controller.FileUploadController.upload2(java.lang.String) throws java.io.IOException
【xkcoding】2018-09-19 19:00:43.836 INFO  [main] o.s.w.s.m.m.a.RequestMappingHandlerMapping - Mapped "{[/uploads/upload2],methods=[POST]}" onto public java.util.List<java.util.Map<java.lang.String, java.lang.String>> com.winterchen.controller.FileUploadController.upload2(org.springframework.web.multipart.MultipartFile[]) throws java.io.IOException
【xkcoding】2018-09-19 19:00:43.836 INFO  [main] o.s.w.s.m.m.a.RequestMappingHandlerMapping - Mapped "{[/log/list],methods=[GET]}" onto public java.lang.Object com.winterchen.controller.LogController.findAllLog(int,int)
【xkcoding】2018-09-19 19:00:43.837 INFO  [main] o.s.w.s.m.m.a.RequestMappingHandlerMapping - Mapped "{[/wx/user/baseInfo],methods=[POST]}" onto public java.util.Map<java.lang.String, java.lang.Object> com.winterchen.controller.RoleController.baseInfo(com.winterchen.model.RoleDomain)
【xkcoding】2018-09-19 19:00:43.838 INFO  [main] o.s.w.s.m.m.a.RequestMappingHandlerMapping - Mapped "{[/team/add],methods=[POST]}" onto public java.util.Map<java.lang.String, java.lang.Object> com.winterchen.controller.TeamController.add(com.winterchen.model.TeamDomain)
【xkcoding】2018-09-19 19:00:43.838 INFO  [main] o.s.w.s.m.m.a.RequestMappingHandlerMapping - Mapped "{[/team/show],methods=[GET]}" onto public java.util.Map<java.lang.String, java.lang.Object> com.winterchen.controller.TeamController.show()
【xkcoding】2018-09-19 19:00:43.842 INFO  [main] o.s.w.s.m.m.a.RequestMappingHandlerMapping - Mapped "{[/user/alone],methods=[POST]}" onto public java.util.Map<java.lang.String, java.lang.Object> com.winterchen.controller.UserController.alone(java.lang.Integer)
【xkcoding】2018-09-19 19:00:43.842 INFO  [main] o.s.w.s.m.m.a.RequestMappingHandlerMapping - Mapped "{[/user/add],methods=[POST]}" onto public java.util.Map<java.lang.String, java.lang.Object> com.winterchen.controller.UserController.addUser(com.winterchen.model.UserDomain)
【xkcoding】2018-09-19 19:00:43.843 INFO  [main] o.s.w.s.m.m.a.RequestMappingHandlerMapping - Mapped "{[/user/all],methods=[GET]}" onto public java.lang.Object com.winterchen.controller.UserController.findAllUser(int,int,java.lang.String,java.lang.String)
【xkcoding】2018-09-19 19:00:43.843 INFO  [main] o.s.w.s.m.m.a.RequestMappingHandlerMapping - Mapped "{[/user/del],methods=[POST]}" onto public java.util.Map<java.lang.String, java.lang.Object> com.winterchen.controller.UserController.removeArea(java.lang.Integer)
【xkcoding】2018-09-19 19:00:43.847 INFO  [main] o.s.w.s.m.m.a.RequestMappingHandlerMapping - Mapped "{[/swagger-resources/configuration/security]}" onto public org.springframework.http.ResponseEntity<springfox.documentation.swagger.web.SecurityConfiguration> springfox.documentation.swagger.web.ApiResourceController.securityConfiguration()
【xkcoding】2018-09-19 19:00:43.848 INFO  [main] o.s.w.s.m.m.a.RequestMappingHandlerMapping - Mapped "{[/swagger-resources/configuration/ui]}" onto public org.springframework.http.ResponseEntity<springfox.documentation.swagger.web.UiConfiguration> springfox.documentation.swagger.web.ApiResourceController.uiConfiguration()
【xkcoding】2018-09-19 19:00:43.848 INFO  [main] o.s.w.s.m.m.a.RequestMappingHandlerMapping - Mapped "{[/swagger-resources]}" onto public org.springframework.http.ResponseEntity<java.util.List<springfox.documentation.swagger.web.SwaggerResource>> springfox.documentation.swagger.web.ApiResourceController.swaggerResources()
【xkcoding】2018-09-19 19:00:43.851 INFO  [main] o.s.w.s.m.m.a.RequestMappingHandlerMapping - Mapped "{[/error]}" onto public org.springframework.http.ResponseEntity<java.util.Map<java.lang.String, java.lang.Object>> org.springframework.boot.autoconfigure.web.servlet.error.BasicErrorController.error(javax.servlet.http.HttpServletRequest)
【xkcoding】2018-09-19 19:00:43.851 INFO  [main] o.s.w.s.m.m.a.RequestMappingHandlerMapping - Mapped "{[/error],produces=[text/html]}" onto public org.springframework.web.servlet.ModelAndView org.springframework.boot.autoconfigure.web.servlet.error.BasicErrorController.errorHtml(javax.servlet.http.HttpServletRequest,javax.servlet.http.HttpServletResponse)
【xkcoding】2018-09-19 19:00:44.027 INFO  [main] s.d.s.w.PropertySourcedRequestMappingHandlerMapping - Mapped URL path [/v2/api-docs] onto method [public org.springframework.http.ResponseEntity<springfox.documentation.spring.web.json.Json> springfox.documentation.swagger2.web.Swagger2Controller.getDocumentation(java.lang.String,javax.servlet.http.HttpServletRequest)]
【xkcoding】2018-09-19 19:00:44.248 INFO  [main] o.s.w.s.h.SimpleUrlHandlerMapping - Mapped URL path [/**/favicon.ico] onto handler of type [class org.springframework.web.servlet.resource.ResourceHttpRequestHandler]
【xkcoding】2018-09-19 19:00:44.463 INFO  [main] o.s.w.s.m.m.a.RequestMappingHandlerAdapter - Looking for @ControllerAdvice: org.springframework.boot.web.servlet.context.AnnotationConfigServletWebServerApplicationContext@363042d7: startup date [Wed Sep 19 19:00:40 CST 2018]; root of context hierarchy
【xkcoding】2018-09-19 19:00:44.531 INFO  [main] o.s.w.s.h.SimpleUrlHandlerMapping - Mapped URL path [/webjars/**] onto handler of type [class org.springframework.web.servlet.resource.ResourceHttpRequestHandler]
【xkcoding】2018-09-19 19:00:44.531 INFO  [main] o.s.w.s.h.SimpleUrlHandlerMapping - Mapped URL path [/**] onto handler of type [class org.springframework.web.servlet.resource.ResourceHttpRequestHandler]
【xkcoding】2018-09-19 19:00:44.551 INFO  [main] o.s.w.s.m.m.a.ExceptionHandlerExceptionResolver - Detected @ExceptionHandler methods in globalExceptionHandler
【xkcoding】2018-09-19 19:00:45.023 INFO  [main] o.s.j.e.a.AnnotationMBeanExporter - Registering beans for JMX exposure on startup
【xkcoding】2018-09-19 19:00:45.025 INFO  [main] o.s.j.e.a.AnnotationMBeanExporter - Bean with name 'statFilter' has been autodetected for JMX exposure
【xkcoding】2018-09-19 19:00:45.025 INFO  [main] o.s.j.e.a.AnnotationMBeanExporter - Bean with name 'dataSource' has been autodetected for JMX exposure
【xkcoding】2018-09-19 19:00:45.031 INFO  [main] o.s.j.e.a.AnnotationMBeanExporter - Located MBean 'dataSource': registering with JMX server as MBean [com.alibaba.druid.spring.boot.autoconfigure:name=dataSource,type=DruidDataSourceWrapper]
【xkcoding】2018-09-19 19:00:45.032 INFO  [main] o.s.j.e.a.AnnotationMBeanExporter - Located MBean 'statFilter': registering with JMX server as MBean [com.alibaba.druid.filter.stat:name=statFilter,type=StatFilter]
【xkcoding】2018-09-19 19:00:45.036 INFO  [main] o.s.c.s.DefaultLifecycleProcessor - Starting beans in phase 2147483647
【xkcoding】2018-09-19 19:00:45.036 INFO  [main] s.d.s.w.p.DocumentationPluginsBootstrapper - Context refreshed
【xkcoding】2018-09-19 19:00:45.050 INFO  [main] s.d.s.w.p.DocumentationPluginsBootstrapper - Found 1 custom documentation plugin(s)
【xkcoding】2018-09-19 19:00:45.082 INFO  [main] s.d.s.w.s.ApiListingReferenceScanner - Scanning for api listing references
【xkcoding】2018-09-19 19:00:45.264 INFO  [main] s.d.s.w.r.o.CachingOperationNameGenerator - Generating unique operation named: upload2UsingPOST_1
【xkcoding】2018-09-19 19:00:45.367 INFO  [main] o.a.coyote.http11.Http11NioProtocol - Starting ProtocolHandler ["http-nio-8099"]
【xkcoding】2018-09-19 19:00:45.400 INFO  [main] o.a.tomcat.util.net.NioSelectorPool - Using a shared selector for servlet write/read
【xkcoding】2018-09-19 19:00:45.414 INFO  [main] o.s.b.w.e.tomcat.TomcatWebServer - Tomcat started on port(s): 8099 (http) with context path ''
【xkcoding】2018-09-19 19:00:45.419 INFO  [main] c.w.Springboot2MybatisDemoApplication - Started Springboot2MybatisDemoApplication in 5.568 seconds (JVM running for 6.385)
【xkcoding】2018-09-19 19:01:06.059 INFO  [http-nio-8099-exec-1] o.a.c.c.C.[Tomcat].[localhost].[/] - Initializing Spring FrameworkServlet 'dispatcherServlet'
【xkcoding】2018-09-19 19:01:06.059 INFO  [http-nio-8099-exec-1] o.s.web.servlet.DispatcherServlet - FrameworkServlet 'dispatcherServlet': initialization started
【xkcoding】2018-09-19 19:01:06.083 INFO  [http-nio-8099-exec-1] o.s.web.servlet.DispatcherServlet - FrameworkServlet 'dispatcherServlet': initialization completed in 24 ms
【xkcoding】2018-09-19 19:01:06.121 INFO  [http-nio-8099-exec-1] com.winterchen.aspectj.AopLog - 【请求类名】：com.winterchen.controller.TeamController，【请求方法名】：show
【xkcoding】2018-09-19 19:02:52.857 INFO  [http-nio-8099-exec-3] com.winterchen.aspectj.AopLog - 【请求类名】：com.winterchen.controller.RoleController，【请求方法名】：baseInfo
【xkcoding】2018-09-19 19:03:07.248 INFO  [Thread-15] o.s.b.w.s.c.AnnotationConfigServletWebServerApplicationContext - Closing org.springframework.boot.web.servlet.context.AnnotationConfigServletWebServerApplicationContext@363042d7: startup date [Wed Sep 19 19:00:40 CST 2018]; root of context hierarchy
【xkcoding】2018-09-19 19:03:07.250 INFO  [Thread-15] o.s.c.s.DefaultLifecycleProcessor - Stopping beans in phase 2147483647
【xkcoding】2018-09-19 19:03:07.251 INFO  [Thread-15] o.s.j.e.a.AnnotationMBeanExporter - Unregistering JMX-exposed beans on shutdown
【xkcoding】2018-09-19 19:03:07.252 INFO  [Thread-15] o.s.j.e.a.AnnotationMBeanExporter - Unregistering JMX-exposed beans
【xkcoding】2018-09-19 19:03:07.265 INFO  [Thread-15] c.alibaba.druid.pool.DruidDataSource - {dataSource-1} closed
