【xkcoding】2018-11-02 09:29:27.311 INFO  [main] c.w.Springboot2MybatisDemoApplication - Starting Springboot2MybatisDemoApplication on yangfengdeMacBook-Pro.local with PID 61963 (/Users/yangfeng/plugs/important/w_lunwen/java/w-java-manage/target/classes started by yangfeng in /Users/yangfeng/plugs/important/w_lunwen/java/w-java-manage)
【xkcoding】2018-11-02 09:29:27.316 INFO  [main] c.w.Springboot2MybatisDemoApplication - No active profile set, falling back to default profiles: default
【xkcoding】2018-11-02 09:29:27.406 INFO  [main] o.s.b.w.s.c.AnnotationConfigServletWebServerApplicationContext - Refreshing org.springframework.boot.web.servlet.context.AnnotationConfigServletWebServerApplicationContext@3668d4: startup date [Fri Nov 02 09:29:27 CST 2018]; root of context hierarchy
【xkcoding】2018-11-02 09:29:28.855 INFO  [main] o.s.c.s.PostProcessorRegistrationDelegate$BeanPostProcessorChecker - Bean 'org.springframework.transaction.annotation.ProxyTransactionManagementConfiguration' of type [org.springframework.transaction.annotation.ProxyTransactionManagementConfiguration$$EnhancerBySpringCGLIB$$f399b06c] is not eligible for getting processed by all BeanPostProcessors (for example: not eligible for auto-proxying)
【xkcoding】2018-11-02 09:29:29.391 INFO  [main] o.s.b.w.e.tomcat.TomcatWebServer - Tomcat initialized with port(s): 8099 (http)
【xkcoding】2018-11-02 09:29:29.408 INFO  [main] o.a.coyote.http11.Http11NioProtocol - Initializing ProtocolHandler ["http-nio-8099"]
【xkcoding】2018-11-02 09:29:29.419 INFO  [main] o.a.catalina.core.StandardService - Starting service [Tomcat]
【xkcoding】2018-11-02 09:29:29.419 INFO  [main] o.a.catalina.core.StandardEngine - Starting Servlet Engine: Apache Tomcat/8.5.29
【xkcoding】2018-11-02 09:29:29.424 INFO  [localhost-startStop-1] o.a.c.core.AprLifecycleListener - The APR based Apache Tomcat Native library which allows optimal performance in production environments was not found on the java.library.path: [/Users/yangfeng/Library/Java/Extensions:/Library/Java/Extensions:/Network/Library/Java/Extensions:/System/Library/Java/Extensions:/usr/lib/java:.]
【xkcoding】2018-11-02 09:29:29.582 INFO  [localhost-startStop-1] o.a.c.c.C.[Tomcat].[localhost].[/] - Initializing Spring embedded WebApplicationContext
【xkcoding】2018-11-02 09:29:29.583 INFO  [localhost-startStop-1] o.s.web.context.ContextLoader - Root WebApplicationContext: initialization completed in 2177 ms
【xkcoding】2018-11-02 09:29:29.791 INFO  [localhost-startStop-1] o.s.b.w.s.ServletRegistrationBean - Servlet dispatcherServlet mapped to [/]
【xkcoding】2018-11-02 09:29:29.793 INFO  [localhost-startStop-1] o.s.b.w.s.ServletRegistrationBean - Servlet statViewServlet mapped to [/druid/*]
【xkcoding】2018-11-02 09:29:29.796 INFO  [localhost-startStop-1] o.s.b.w.s.FilterRegistrationBean - Mapping filter: 'characterEncodingFilter' to: [/*]
【xkcoding】2018-11-02 09:29:29.797 INFO  [localhost-startStop-1] o.s.b.w.s.FilterRegistrationBean - Mapping filter: 'hiddenHttpMethodFilter' to: [/*]
【xkcoding】2018-11-02 09:29:29.797 INFO  [localhost-startStop-1] o.s.b.w.s.FilterRegistrationBean - Mapping filter: 'httpPutFormContentFilter' to: [/*]
【xkcoding】2018-11-02 09:29:29.797 INFO  [localhost-startStop-1] o.s.b.w.s.FilterRegistrationBean - Mapping filter: 'requestContextFilter' to: [/*]
【xkcoding】2018-11-02 09:29:29.797 INFO  [localhost-startStop-1] o.s.b.w.s.FilterRegistrationBean - Mapping filter: 'webStatFilter' to urls: [/*]
【xkcoding】2018-11-02 09:29:29.797 INFO  [localhost-startStop-1] o.s.b.w.s.FilterRegistrationBean - Mapping filter: 'corsFilter' to: [/*]
【xkcoding】2018-11-02 09:29:29.882 INFO  [main] c.a.d.s.b.a.DruidDataSourceAutoConfigure - Init DruidDataSource
【xkcoding】2018-11-02 09:29:30.408 INFO  [main] c.alibaba.druid.pool.DruidDataSource - {dataSource-1} inited
【xkcoding】2018-11-02 09:29:31.458 INFO  [main] o.s.w.s.m.m.a.RequestMappingHandlerMapping - Mapped "{[/account/vlogin],methods=[POST]}" onto public java.util.Map<java.lang.String, java.lang.Object> com.winterchen.controller.AccountController.ilogin(java.lang.String,java.lang.String)
【xkcoding】2018-11-02 09:29:31.459 INFO  [main] o.s.w.s.m.m.a.RequestMappingHandlerMapping - Mapped "{[/account/delAccount],methods=[POST]}" onto public java.util.Map<java.lang.String, java.lang.Object> com.winterchen.controller.AccountController.delAccount(java.lang.Integer)
【xkcoding】2018-11-02 09:29:31.460 INFO  [main] o.s.w.s.m.m.a.RequestMappingHandlerMapping - Mapped "{[/account/deleteAccount],methods=[POST]}" onto public java.util.Map<java.lang.String, java.lang.Object> com.winterchen.controller.AccountController.deleteAccount(java.lang.String)
【xkcoding】2018-11-02 09:29:31.460 INFO  [main] o.s.w.s.m.m.a.RequestMappingHandlerMapping - Mapped "{[/account/AddEditAccount],methods=[POST]}" onto public java.util.Map<java.lang.String, java.lang.Object> com.winterchen.controller.AccountController.AddEditAccount(com.winterchen.model.AccountDomain)
【xkcoding】2018-11-02 09:29:31.461 INFO  [main] o.s.w.s.m.m.a.RequestMappingHandlerMapping - Mapped "{[/account/allAccount],methods=[GET]}" onto public java.lang.Object com.winterchen.controller.AccountController.allAccount(int,int)
【xkcoding】2018-11-02 09:29:31.461 INFO  [main] o.s.w.s.m.m.a.RequestMappingHandlerMapping - Mapped "{[/account/updatePwd],methods=[POST]}" onto public java.util.Map<java.lang.String, java.lang.Object> com.winterchen.controller.AccountController.updatePwd(java.lang.String,java.lang.String,java.lang.String)
【xkcoding】2018-11-02 09:29:31.462 INFO  [main] o.s.w.s.m.m.a.RequestMappingHandlerMapping - Mapped "{[/article/getList],methods=[GET]}" onto public java.util.List<com.winterchen.model.ArticleTypeDomain> com.winterchen.controller.ArticleTypeController.getList(java.lang.String)
【xkcoding】2018-11-02 09:29:31.464 INFO  [main] o.s.w.s.m.m.a.RequestMappingHandlerMapping - Mapped "{[/capitalDetail/saveCapitalDetail],methods=[POST]}" onto public java.util.Map<java.lang.String, java.lang.Object> com.winterchen.controller.CapitalDetailController.CapitalDetailInfo(com.winterchen.model.CapitalDetail) throws java.lang.Exception
【xkcoding】2018-11-02 09:29:31.464 INFO  [main] o.s.w.s.m.m.a.RequestMappingHandlerMapping - Mapped "{[/capitalDetail/listCapitalDetail.do],methods=[POST]}" onto public java.lang.Object com.winterchen.controller.CapitalDetailController.selectCapitalDetails(java.util.Map<java.lang.String, java.lang.Object>) throws java.lang.Exception
【xkcoding】2018-11-02 09:29:31.465 INFO  [main] o.s.w.s.m.m.a.RequestMappingHandlerMapping - Mapped "{[/email/htmlEmail]}" onto public com.winterchen.util.email.result.ServerResponse com.winterchen.controller.EmailController.htmlEmail(java.lang.String,java.lang.String,java.lang.String,java.lang.String)
【xkcoding】2018-11-02 09:29:31.467 INFO  [main] o.s.w.s.m.m.a.RequestMappingHandlerMapping - Mapped "{[/yf1],methods=[GET]}" onto public int com.winterchen.controller.ExceptionController.yf1(int)
【xkcoding】2018-11-02 09:29:31.468 INFO  [main] o.s.w.s.m.m.a.RequestMappingHandlerMapping - Mapped "{[/yf0],methods=[GET]}" onto public int com.winterchen.controller.ExceptionController.yf0(int)
【xkcoding】2018-11-02 09:29:31.468 INFO  [main] o.s.w.s.m.m.a.RequestMappingHandlerMapping - Mapped "{[/yf2],methods=[GET]}" onto public int com.winterchen.controller.ExceptionController.yf2(int)
【xkcoding】2018-11-02 09:29:31.468 INFO  [main] o.s.w.s.m.m.a.RequestMappingHandlerMapping - Mapped "{[/yf11/{id}],methods=[GET]}" onto public int com.winterchen.controller.ExceptionController.yf11(int)
【xkcoding】2018-11-02 09:29:31.469 INFO  [main] o.s.w.s.m.m.a.RequestMappingHandlerMapping - Mapped "{[/post0],methods=[POST]}" onto public int com.winterchen.controller.ExceptionController.post0(int)
【xkcoding】2018-11-02 09:29:31.469 INFO  [main] o.s.w.s.m.m.a.RequestMappingHandlerMapping - Mapped "{[/post1],methods=[POST]}" onto public int com.winterchen.controller.ExceptionController.post1(int)
【xkcoding】2018-11-02 09:29:31.469 INFO  [main] o.s.w.s.m.m.a.RequestMappingHandlerMapping - Mapped "{[/post2],methods=[POST]}" onto public int com.winterchen.controller.ExceptionController.post2(int)
【xkcoding】2018-11-02 09:29:31.469 INFO  [main] o.s.w.s.m.m.a.RequestMappingHandlerMapping - Mapped "{[/test1],methods=[GET]}" onto public java.lang.String com.winterchen.controller.ExceptionController.test1()
【xkcoding】2018-11-02 09:29:31.470 INFO  [main] o.s.w.s.m.m.a.RequestMappingHandlerMapping - Mapped "{[/test2],methods=[GET]}" onto public java.util.Map<java.lang.String, java.lang.String> com.winterchen.controller.ExceptionController.test2()
【xkcoding】2018-11-02 09:29:31.470 INFO  [main] o.s.w.s.m.m.a.RequestMappingHandlerMapping - Mapped "{[/test3],methods=[GET]}" onto public java.lang.String com.winterchen.controller.ExceptionController.test3(java.lang.Integer)
【xkcoding】2018-11-02 09:29:31.470 INFO  [main] o.s.w.s.m.m.a.RequestMappingHandlerMapping - Mapped "{[/test4],methods=[GET]}" onto public java.lang.String com.winterchen.controller.ExceptionController.test4()
【xkcoding】2018-11-02 09:29:31.475 INFO  [main] o.s.w.s.m.m.a.RequestMappingHandlerMapping - Mapped "{[/uploads/index.html],methods=[GET]}" onto public java.lang.String com.winterchen.controller.FileUploadController.index()
【xkcoding】2018-11-02 09:29:31.476 INFO  [main] o.s.w.s.m.m.a.RequestMappingHandlerMapping - Mapped "{[/uploads/teacher.html],methods=[GET]}" onto public java.lang.String com.winterchen.controller.FileUploadController.teacher()
【xkcoding】2018-11-02 09:29:31.477 INFO  [main] o.s.w.s.m.m.a.RequestMappingHandlerMapping - Mapped "{[/uploads/upload1],methods=[POST]}" onto public java.util.Map<java.lang.String, java.lang.String> com.winterchen.controller.FileUploadController.upload1(org.springframework.web.multipart.MultipartFile,java.lang.String,java.lang.String,javax.servlet.http.HttpServletRequest) throws java.io.IOException
【xkcoding】2018-11-02 09:29:31.477 INFO  [main] o.s.w.s.m.m.a.RequestMappingHandlerMapping - Mapped "{[/uploads/upload_1],methods=[POST]}" onto public java.util.Map<java.lang.String, java.lang.String> com.winterchen.controller.FileUploadController.upload_1(org.springframework.web.multipart.MultipartFile,java.lang.String,java.lang.String,javax.servlet.http.HttpServletRequest) throws java.io.IOException
【xkcoding】2018-11-02 09:29:31.478 INFO  [main] o.s.w.s.m.m.a.RequestMappingHandlerMapping - Mapped "{[/uploads/userDownLoad],methods=[POST]}" onto public java.util.Map<java.lang.String, java.lang.Object> com.winterchen.controller.FileUploadController.userDownLoad(java.lang.String,java.lang.String,javax.servlet.http.HttpServletRequest) throws java.io.IOException
【xkcoding】2018-11-02 09:29:31.478 INFO  [main] o.s.w.s.m.m.a.RequestMappingHandlerMapping - Mapped "{[/uploads/getUserFile],methods=[POST]}" onto public java.util.Map<java.lang.String, java.lang.Object> com.winterchen.controller.FileUploadController.getUserFile(java.lang.String,java.lang.String,javax.servlet.http.HttpServletRequest) throws java.io.IOException
【xkcoding】2018-11-02 09:29:31.479 INFO  [main] o.s.w.s.m.m.a.RequestMappingHandlerMapping - Mapped "{[/uploads/upload2],methods=[POST]}" onto public java.util.List<java.util.Map<java.lang.String, java.lang.String>> com.winterchen.controller.FileUploadController.upload2(org.springframework.web.multipart.MultipartFile[]) throws java.io.IOException
【xkcoding】2018-11-02 09:29:31.479 INFO  [main] o.s.w.s.m.m.a.RequestMappingHandlerMapping - Mapped "{[/uploads/upload3],methods=[POST]}" onto public void com.winterchen.controller.FileUploadController.upload2(java.lang.String) throws java.io.IOException
【xkcoding】2018-11-02 09:29:31.480 INFO  [main] o.s.w.s.m.m.a.RequestMappingHandlerMapping - Mapped "{[/uploads/down.html],methods=[GET]}" onto public java.lang.String com.winterchen.controller.FileUploadController.down()
【xkcoding】2018-11-02 09:29:31.480 INFO  [main] o.s.w.s.m.m.a.RequestMappingHandlerMapping - Mapped "{[/account/getPhone],methods=[POST]}" onto public java.lang.Object com.winterchen.controller.GetPhoneController.JsonResult(java.lang.String,java.lang.String,java.lang.String)
【xkcoding】2018-11-02 09:29:31.481 INFO  [main] o.s.w.s.m.m.a.RequestMappingHandlerMapping - Mapped "{[/log/list],methods=[GET]}" onto public java.lang.Object com.winterchen.controller.LogController.findAllLog(int,int)
【xkcoding】2018-11-02 09:29:31.485 INFO  [main] o.s.w.s.m.m.a.RequestMappingHandlerMapping - Mapped "{[/wx/api/list],methods=[GET]}" onto public java.util.Map<java.lang.String, java.lang.Object> com.winterchen.controller.OrderInfoController.list(int,int,int,java.lang.String,java.lang.String,int,java.lang.String)
【xkcoding】2018-11-02 09:29:31.486 INFO  [main] o.s.w.s.m.m.a.RequestMappingHandlerMapping - Mapped "{[/wx/api/insert],methods=[POST]}" onto public java.util.Map<java.lang.String, java.lang.Object> com.winterchen.controller.OrderInfoController.insert(com.winterchen.model.OrderInfoDomain)
【xkcoding】2018-11-02 09:29:31.486 INFO  [main] o.s.w.s.m.m.a.RequestMappingHandlerMapping - Mapped "{[/wx/api/getOrder],methods=[GET]}" onto public java.lang.Object com.winterchen.controller.OrderInfoController.getOrder(java.lang.String,java.lang.String)
【xkcoding】2018-11-02 09:29:31.487 INFO  [main] o.s.w.s.m.m.a.RequestMappingHandlerMapping - Mapped "{[/wx/api/getStatus],methods=[GET]}" onto public java.util.Map<java.lang.String, java.lang.Object> com.winterchen.controller.OrderInfoController.getStatus(java.lang.String)
【xkcoding】2018-11-02 09:29:31.487 INFO  [main] o.s.w.s.m.m.a.RequestMappingHandlerMapping - Mapped "{[/wx/api/orderDetail],methods=[GET]}" onto public java.lang.Object com.winterchen.controller.OrderInfoController.orderDetail(java.lang.String)
【xkcoding】2018-11-02 09:29:31.487 INFO  [main] o.s.w.s.m.m.a.RequestMappingHandlerMapping - Mapped "{[/wx/api/closeOrder],methods=[GET]}" onto public java.util.Map<java.lang.String, java.lang.Object> com.winterchen.controller.OrderInfoController.closeOrder(java.lang.String)
【xkcoding】2018-11-02 09:29:31.488 INFO  [main] o.s.w.s.m.m.a.RequestMappingHandlerMapping - Mapped "{[/wx/api/robOrder],methods=[GET]}" onto public java.util.Map<java.lang.String, java.lang.Object> com.winterchen.controller.OrderInfoController.robOrder(java.lang.String,java.lang.String)
【xkcoding】2018-11-02 09:29:31.488 INFO  [main] o.s.w.s.m.m.a.RequestMappingHandlerMapping - Mapped "{[/wx/api/returno],methods=[GET]}" onto public java.util.Map<java.lang.String, java.lang.Object> com.winterchen.controller.OrderInfoController.returno(java.lang.String,int,int)
【xkcoding】2018-11-02 09:29:31.489 INFO  [main] o.s.w.s.m.m.a.RequestMappingHandlerMapping - Mapped "{[/wx/api/fpTeacher],methods=[GET]}" onto public java.util.Map<java.lang.String, java.lang.Object> com.winterchen.controller.OrderInfoController.fpTeacher(java.lang.String,java.lang.String)
【xkcoding】2018-11-02 09:29:31.490 INFO  [main] o.s.w.s.m.m.a.RequestMappingHandlerMapping - Mapped "{[/order/list],methods=[GET]}" onto public java.util.Map<java.lang.String, java.lang.Object> com.winterchen.controller.OrderManageController.list(int,int,int,java.lang.String,int,int,java.lang.String,java.lang.String,java.lang.String)
【xkcoding】2018-11-02 09:29:31.491 INFO  [main] o.s.w.s.m.m.a.RequestMappingHandlerMapping - Mapped "{[/order/show],methods=[GET]}" onto public java.util.Map<java.lang.String, java.lang.Object> com.winterchen.controller.OrderManageController.show(java.lang.String,java.lang.String)
【xkcoding】2018-11-02 09:29:31.491 INFO  [main] o.s.w.s.m.m.a.RequestMappingHandlerMapping - Mapped "{[/order/list7],methods=[GET]}" onto public java.util.Map<java.lang.String, java.lang.Object> com.winterchen.controller.OrderManageController.list7(int,int,java.lang.String,java.lang.String,java.lang.String)
【xkcoding】2018-11-02 09:29:31.491 INFO  [main] o.s.w.s.m.m.a.RequestMappingHandlerMapping - Mapped "{[/order/getTeachInfo],methods=[GET]}" onto public java.lang.Object com.winterchen.controller.OrderManageController.getTeachInfo(java.lang.String)
【xkcoding】2018-11-02 09:29:31.492 INFO  [main] o.s.w.s.m.m.a.RequestMappingHandlerMapping - Mapped "{[/wx/api/evaluate],methods=[POST]}" onto public java.util.Map<java.lang.String, java.lang.Object> com.winterchen.controller.OrderPxController.evaluate(com.winterchen.model.OrderPxDomain)
【xkcoding】2018-11-02 09:29:31.493 INFO  [main] o.s.w.s.m.m.a.RequestMappingHandlerMapping - Mapped "{[/evaluate/info],methods=[GET]}" onto public java.lang.Object com.winterchen.controller.PxInfoController.info(java.lang.String)
【xkcoding】2018-11-02 09:29:31.494 INFO  [main] o.s.w.s.m.m.a.RequestMappingHandlerMapping - Mapped "{[/wx/user/update],methods=[POST]}" onto public java.util.Map<java.lang.String, java.lang.Object> com.winterchen.controller.RoleController.update(com.winterchen.model.RoleDomain)
【xkcoding】2018-11-02 09:29:31.495 INFO  [main] o.s.w.s.m.m.a.RequestMappingHandlerMapping - Mapped "{[/wx/user/list],methods=[GET]}" onto public java.util.List<com.winterchen.model.RoleDomain> com.winterchen.controller.RoleController.list(java.lang.String)
【xkcoding】2018-11-02 09:29:31.495 INFO  [main] o.s.w.s.m.m.a.RequestMappingHandlerMapping - Mapped "{[/wx/user/setRole],methods=[POST]}" onto public java.util.Map<java.lang.String, java.lang.Object> com.winterchen.controller.RoleController.setRole(java.lang.String,java.lang.String,java.lang.String)
【xkcoding】2018-11-02 09:29:31.496 INFO  [main] o.s.w.s.m.m.a.RequestMappingHandlerMapping - Mapped "{[/wx/user/allRole],methods=[GET]}" onto public java.util.Map<java.lang.String, java.lang.Object> com.winterchen.controller.RoleController.allRole(int,int,java.lang.String,java.lang.String,java.lang.String)
【xkcoding】2018-11-02 09:29:31.496 INFO  [main] o.s.w.s.m.m.a.RequestMappingHandlerMapping - Mapped "{[/wx/user/baseInfo],methods=[POST]}" onto public java.util.Map<java.lang.String, java.lang.Object> com.winterchen.controller.RoleController.baseInfo(com.winterchen.model.RoleDomain)
【xkcoding】2018-11-02 09:29:31.496 INFO  [main] o.s.w.s.m.m.a.RequestMappingHandlerMapping - Mapped "{[/index],methods=[GET]}" onto public java.lang.String com.winterchen.controller.TESTs.index()
【xkcoding】2018-11-02 09:29:31.497 INFO  [main] o.s.w.s.m.m.a.RequestMappingHandlerMapping - Mapped "{[/team/add],methods=[POST]}" onto public java.util.Map<java.lang.String, java.lang.Object> com.winterchen.controller.TeamController.add(com.winterchen.model.TeamDomain)
【xkcoding】2018-11-02 09:29:31.498 INFO  [main] o.s.w.s.m.m.a.RequestMappingHandlerMapping - Mapped "{[/team/show],methods=[GET]}" onto public java.util.Map<java.lang.String, java.lang.Object> com.winterchen.controller.TeamController.show()
【xkcoding】2018-11-02 09:29:31.498 INFO  [main] o.s.w.s.m.m.a.RequestMappingHandlerMapping - Mapped "{[/team/dict],methods=[GET]}" onto public java.util.Map<java.lang.String, java.lang.Object> com.winterchen.controller.TeamController.dict(java.lang.String)
【xkcoding】2018-11-02 09:29:31.498 INFO  [main] o.s.w.s.m.m.a.RequestMappingHandlerMapping - Mapped "{[/team/more],methods=[GET]}" onto public java.util.List<com.winterchen.model.dto.UserDto> com.winterchen.controller.TeamController.more()
【xkcoding】2018-11-02 09:29:31.499 INFO  [main] o.s.w.s.m.m.a.RequestMappingHandlerMapping - Mapped "{[/teamDes/findOne],methods=[GET]}" onto public java.util.Map<java.lang.String, java.lang.Object> com.winterchen.controller.TeamDesController.findOne(java.lang.String)
【xkcoding】2018-11-02 09:29:31.500 INFO  [main] o.s.w.s.m.m.a.RequestMappingHandlerMapping - Mapped "{[/user/add],methods=[POST]}" onto public java.util.Map<java.lang.String, java.lang.Object> com.winterchen.controller.UserController.addUser(com.winterchen.model.UserDomain)
【xkcoding】2018-11-02 09:29:31.501 INFO  [main] o.s.w.s.m.m.a.RequestMappingHandlerMapping - Mapped "{[/user/all],methods=[GET]}" onto public java.lang.Object com.winterchen.controller.UserController.findAllUser(int,int,java.lang.String,java.lang.String)
【xkcoding】2018-11-02 09:29:31.501 INFO  [main] o.s.w.s.m.m.a.RequestMappingHandlerMapping - Mapped "{[/user/alone],methods=[POST]}" onto public java.util.Map<java.lang.String, java.lang.Object> com.winterchen.controller.UserController.alone(java.lang.Integer)
【xkcoding】2018-11-02 09:29:31.501 INFO  [main] o.s.w.s.m.m.a.RequestMappingHandlerMapping - Mapped "{[/user/del],methods=[POST]}" onto public java.util.Map<java.lang.String, java.lang.Object> com.winterchen.controller.UserController.removeArea(java.lang.Integer)
【xkcoding】2018-11-02 09:29:31.502 INFO  [main] o.s.w.s.m.m.a.RequestMappingHandlerMapping - Mapped "{[/weixin/wxPay]}" onto public com.winterchen.util.wx.weixin.Json com.winterchen.controller.WeixinController.wxPay(java.lang.String,java.lang.String,java.lang.String,java.lang.String,javax.servlet.http.HttpServletRequest)
【xkcoding】2018-11-02 09:29:31.502 INFO  [main] o.s.w.s.m.m.a.RequestMappingHandlerMapping - Mapped "{[/weixin/wxNotify]}" onto public void com.winterchen.controller.WeixinController.wxNotify(javax.servlet.http.HttpServletRequest,javax.servlet.http.HttpServletResponse) throws java.lang.Exception
【xkcoding】2018-11-02 09:29:31.504 INFO  [main] o.s.w.s.m.m.a.RequestMappingHandlerMapping - Mapped "{[/withdraw/saveWithdraw],methods=[POST]}" onto public java.util.Map<java.lang.String, java.lang.Object> com.winterchen.controller.WithdrawController.WithdrawInfo(com.winterchen.model.Withdraw) throws java.lang.Exception
【xkcoding】2018-11-02 09:29:31.504 INFO  [main] o.s.w.s.m.m.a.RequestMappingHandlerMapping - Mapped "{[/withdraw/listWithdraw.do],methods=[POST]}" onto public java.lang.Object com.winterchen.controller.WithdrawController.selectWithdraws(java.util.Map<java.lang.String, java.lang.Object>) throws java.lang.Exception
【xkcoding】2018-11-02 09:29:31.505 INFO  [main] o.s.w.s.m.m.a.RequestMappingHandlerMapping - Mapped "{[/withdraw/updateWithdraw],methods=[POST]}" onto public java.util.Map<java.lang.String, java.lang.Object> com.winterchen.controller.WithdrawController.updateWithdrawInfo(com.winterchen.model.Withdraw) throws java.lang.Exception
【xkcoding】2018-11-02 09:29:31.512 INFO  [main] o.s.w.s.m.m.a.RequestMappingHandlerMapping - Mapped "{[/swagger-resources/configuration/security]}" onto public org.springframework.http.ResponseEntity<springfox.documentation.swagger.web.SecurityConfiguration> springfox.documentation.swagger.web.ApiResourceController.securityConfiguration()
【xkcoding】2018-11-02 09:29:31.512 INFO  [main] o.s.w.s.m.m.a.RequestMappingHandlerMapping - Mapped "{[/swagger-resources/configuration/ui]}" onto public org.springframework.http.ResponseEntity<springfox.documentation.swagger.web.UiConfiguration> springfox.documentation.swagger.web.ApiResourceController.uiConfiguration()
【xkcoding】2018-11-02 09:29:31.513 INFO  [main] o.s.w.s.m.m.a.RequestMappingHandlerMapping - Mapped "{[/swagger-resources]}" onto public org.springframework.http.ResponseEntity<java.util.List<springfox.documentation.swagger.web.SwaggerResource>> springfox.documentation.swagger.web.ApiResourceController.swaggerResources()
【xkcoding】2018-11-02 09:29:31.516 INFO  [main] o.s.w.s.m.m.a.RequestMappingHandlerMapping - Mapped "{[/error]}" onto public org.springframework.http.ResponseEntity<java.util.Map<java.lang.String, java.lang.Object>> org.springframework.boot.autoconfigure.web.servlet.error.BasicErrorController.error(javax.servlet.http.HttpServletRequest)
【xkcoding】2018-11-02 09:29:31.516 INFO  [main] o.s.w.s.m.m.a.RequestMappingHandlerMapping - Mapped "{[/error],produces=[text/html]}" onto public org.springframework.web.servlet.ModelAndView org.springframework.boot.autoconfigure.web.servlet.error.BasicErrorController.errorHtml(javax.servlet.http.HttpServletRequest,javax.servlet.http.HttpServletResponse)
【xkcoding】2018-11-02 09:29:31.735 INFO  [main] s.d.s.w.PropertySourcedRequestMappingHandlerMapping - Mapped URL path [/v2/api-docs] onto method [public org.springframework.http.ResponseEntity<springfox.documentation.spring.web.json.Json> springfox.documentation.swagger2.web.Swagger2Controller.getDocumentation(java.lang.String,javax.servlet.http.HttpServletRequest)]
【xkcoding】2018-11-02 09:29:31.990 INFO  [main] o.s.w.s.h.SimpleUrlHandlerMapping - Mapped URL path [/**/favicon.ico] onto handler of type [class org.springframework.web.servlet.resource.ResourceHttpRequestHandler]
【xkcoding】2018-11-02 09:29:32.245 INFO  [main] o.s.w.s.m.m.a.RequestMappingHandlerAdapter - Looking for @ControllerAdvice: org.springframework.boot.web.servlet.context.AnnotationConfigServletWebServerApplicationContext@3668d4: startup date [Fri Nov 02 09:29:27 CST 2018]; root of context hierarchy
【xkcoding】2018-11-02 09:29:32.319 INFO  [main] o.s.w.s.h.SimpleUrlHandlerMapping - Mapped URL path [/webjars/**] onto handler of type [class org.springframework.web.servlet.resource.ResourceHttpRequestHandler]
【xkcoding】2018-11-02 09:29:32.319 INFO  [main] o.s.w.s.h.SimpleUrlHandlerMapping - Mapped URL path [/**] onto handler of type [class org.springframework.web.servlet.resource.ResourceHttpRequestHandler]
【xkcoding】2018-11-02 09:29:32.346 INFO  [main] o.s.w.s.m.m.a.ExceptionHandlerExceptionResolver - Detected @ExceptionHandler methods in globalExceptionHandler
【xkcoding】2018-11-02 09:29:32.506 INFO  [main] o.s.b.a.w.s.WelcomePageHandlerMapping - Adding welcome page template: index
【xkcoding】2018-11-02 09:29:32.711 INFO  [main] o.s.w.s.v.f.FreeMarkerConfigurer - ClassTemplateLoader for Spring macros added to FreeMarker configuration
【xkcoding】2018-11-02 09:29:32.989 INFO  [main] o.s.j.e.a.AnnotationMBeanExporter - Registering beans for JMX exposure on startup
【xkcoding】2018-11-02 09:29:32.991 INFO  [main] o.s.j.e.a.AnnotationMBeanExporter - Bean with name 'statFilter' has been autodetected for JMX exposure
【xkcoding】2018-11-02 09:29:32.992 INFO  [main] o.s.j.e.a.AnnotationMBeanExporter - Bean with name 'dataSource' has been autodetected for JMX exposure
【xkcoding】2018-11-02 09:29:33.000 INFO  [main] o.s.j.e.a.AnnotationMBeanExporter - Located MBean 'dataSource': registering with JMX server as MBean [com.alibaba.druid.spring.boot.autoconfigure:name=dataSource,type=DruidDataSourceWrapper]
【xkcoding】2018-11-02 09:29:33.001 INFO  [main] o.s.j.e.a.AnnotationMBeanExporter - Located MBean 'statFilter': registering with JMX server as MBean [com.alibaba.druid.filter.stat:name=statFilter,type=StatFilter]
【xkcoding】2018-11-02 09:29:33.007 INFO  [main] o.s.c.s.DefaultLifecycleProcessor - Starting beans in phase 2147483647
【xkcoding】2018-11-02 09:29:33.008 INFO  [main] s.d.s.w.p.DocumentationPluginsBootstrapper - Context refreshed
【xkcoding】2018-11-02 09:29:33.034 INFO  [main] s.d.s.w.p.DocumentationPluginsBootstrapper - Found 1 custom documentation plugin(s)
【xkcoding】2018-11-02 09:29:33.074 INFO  [main] s.d.s.w.s.ApiListingReferenceScanner - Scanning for api listing references
【xkcoding】2018-11-02 09:29:33.364 INFO  [main] s.d.s.w.r.o.CachingOperationNameGenerator - Generating unique operation named: upload2UsingPOST_1
【xkcoding】2018-11-02 09:29:33.454 INFO  [main] s.d.s.w.r.o.CachingOperationNameGenerator - Generating unique operation named: listUsingGET_1
【xkcoding】2018-11-02 09:29:33.485 INFO  [main] s.d.s.w.r.o.CachingOperationNameGenerator - Generating unique operation named: listUsingGET_2
【xkcoding】2018-11-02 09:29:33.507 INFO  [main] s.d.s.w.r.o.CachingOperationNameGenerator - Generating unique operation named: showUsingGET_1
【xkcoding】2018-11-02 09:29:33.511 INFO  [main] s.d.s.w.r.o.CachingOperationNameGenerator - Generating unique operation named: indexUsingGET_1
【xkcoding】2018-11-02 09:29:33.595 INFO  [main] o.a.coyote.http11.Http11NioProtocol - Starting ProtocolHandler ["http-nio-8099"]
【xkcoding】2018-11-02 09:29:33.621 INFO  [main] o.a.tomcat.util.net.NioSelectorPool - Using a shared selector for servlet write/read
【xkcoding】2018-11-02 09:29:33.638 INFO  [main] o.s.b.w.e.tomcat.TomcatWebServer - Tomcat started on port(s): 8099 (http) with context path ''
【xkcoding】2018-11-02 09:29:33.643 INFO  [main] c.w.Springboot2MybatisDemoApplication - Started Springboot2MybatisDemoApplication in 6.892 seconds (JVM running for 7.703)
【xkcoding】2018-11-02 09:29:40.657 INFO  [http-nio-8099-exec-1] o.a.c.c.C.[Tomcat].[localhost].[/] - Initializing Spring FrameworkServlet 'dispatcherServlet'
【xkcoding】2018-11-02 09:29:40.657 INFO  [http-nio-8099-exec-1] o.s.web.servlet.DispatcherServlet - FrameworkServlet 'dispatcherServlet': initialization started
【xkcoding】2018-11-02 09:29:40.686 INFO  [http-nio-8099-exec-1] o.s.web.servlet.DispatcherServlet - FrameworkServlet 'dispatcherServlet': initialization completed in 29 ms
【xkcoding】2018-11-02 09:29:40.742 INFO  [http-nio-8099-exec-1] com.winterchen.aspectj.AopLog - 【请求类名】：com.winterchen.controller.OrderManageController，【请求方法名】：list7
【xkcoding】2018-11-02 09:29:46.346 INFO  [http-nio-8099-exec-2] com.winterchen.aspectj.AopLog - 【请求类名】：com.winterchen.controller.AccountController，【请求方法名】：ilogin
【xkcoding】2018-11-02 09:29:47.985 INFO  [http-nio-8099-exec-3] com.winterchen.aspectj.AopLog - 【请求类名】：com.winterchen.controller.OrderManageController，【请求方法名】：list
【xkcoding】2018-11-02 09:29:48.854 INFO  [http-nio-8099-exec-4] com.winterchen.aspectj.AopLog - 【请求类名】：com.winterchen.controller.OrderManageController，【请求方法名】：list7
【xkcoding】2018-11-02 09:29:50.538 INFO  [http-nio-8099-exec-5] com.winterchen.aspectj.AopLog - 【请求类名】：com.winterchen.controller.OrderManageController，【请求方法名】：show
【xkcoding】2018-11-02 09:29:50.563 INFO  [http-nio-8099-exec-6] com.winterchen.aspectj.AopLog - 【请求类名】：com.winterchen.controller.FileUploadController，【请求方法名】：getUserFile
【xkcoding】2018-11-02 09:29:50.580 INFO  [http-nio-8099-exec-7] com.winterchen.aspectj.AopLog - 【请求类名】：com.winterchen.controller.FileUploadController，【请求方法名】：userDownLoad
【xkcoding】2018-11-02 09:29:50.598 INFO  [http-nio-8099-exec-8] com.winterchen.aspectj.AopLog - 【请求类名】：com.winterchen.controller.TeamController，【请求方法名】：show
【xkcoding】2018-11-02 09:30:20.939 INFO  [http-nio-8099-exec-9] com.winterchen.aspectj.AopLog - 【请求类名】：com.winterchen.controller.OrderManageController，【请求方法名】：show
【xkcoding】2018-11-02 09:30:20.958 INFO  [http-nio-8099-exec-10] com.winterchen.aspectj.AopLog - 【请求类名】：com.winterchen.controller.FileUploadController，【请求方法名】：getUserFile
【xkcoding】2018-11-02 09:30:20.972 INFO  [http-nio-8099-exec-1] com.winterchen.aspectj.AopLog - 【请求类名】：com.winterchen.controller.FileUploadController，【请求方法名】：userDownLoad
【xkcoding】2018-11-02 09:30:20.982 INFO  [http-nio-8099-exec-2] com.winterchen.aspectj.AopLog - 【请求类名】：com.winterchen.controller.TeamController，【请求方法名】：show
【xkcoding】2018-11-02 09:30:28.752 INFO  [http-nio-8099-exec-3] com.winterchen.aspectj.AopLog - 【请求类名】：com.winterchen.controller.OrderManageController，【请求方法名】：show
【xkcoding】2018-11-02 09:30:28.768 INFO  [http-nio-8099-exec-4] com.winterchen.aspectj.AopLog - 【请求类名】：com.winterchen.controller.FileUploadController，【请求方法名】：getUserFile
【xkcoding】2018-11-02 09:30:28.778 INFO  [http-nio-8099-exec-5] com.winterchen.aspectj.AopLog - 【请求类名】：com.winterchen.controller.FileUploadController，【请求方法名】：userDownLoad
【xkcoding】2018-11-02 09:30:28.789 INFO  [http-nio-8099-exec-6] com.winterchen.aspectj.AopLog - 【请求类名】：com.winterchen.controller.TeamController，【请求方法名】：show
【xkcoding】2018-11-02 09:30:29.538 INFO  [http-nio-8099-exec-7] com.winterchen.aspectj.AopLog - 【请求类名】：com.winterchen.controller.OrderManageController，【请求方法名】：list
【xkcoding】2018-11-02 09:30:30.398 INFO  [http-nio-8099-exec-8] com.winterchen.aspectj.AopLog - 【请求类名】：com.winterchen.controller.OrderManageController，【请求方法名】：list7
【xkcoding】2018-11-02 09:30:31.521 INFO  [http-nio-8099-exec-9] com.winterchen.aspectj.AopLog - 【请求类名】：com.winterchen.controller.OrderManageController，【请求方法名】：list
【xkcoding】2018-11-02 09:30:55.617 INFO  [http-nio-8099-exec-10] com.winterchen.aspectj.AopLog - 【请求类名】：com.winterchen.controller.OrderManageController，【请求方法名】：list7
【xkcoding】2018-11-02 09:31:10.492 INFO  [http-nio-8099-exec-1] com.winterchen.aspectj.AopLog - 【请求类名】：com.winterchen.controller.AccountController，【请求方法名】：allAccount
【xkcoding】2018-11-02 09:31:12.294 INFO  [http-nio-8099-exec-2] com.winterchen.aspectj.AopLog - 【请求类名】：com.winterchen.controller.TeamController，【请求方法名】：dict
【xkcoding】2018-11-02 09:31:12.295 INFO  [http-nio-8099-exec-3] com.winterchen.aspectj.AopLog - 【请求类名】：com.winterchen.controller.RoleController，【请求方法名】：allRole
【xkcoding】2018-11-02 09:31:12.336 INFO  [http-nio-8099-exec-4] com.winterchen.aspectj.AopLog - 【请求类名】：com.winterchen.controller.TeamController，【请求方法名】：show
【xkcoding】2018-11-02 09:31:17.832 INFO  [http-nio-8099-exec-5] com.winterchen.aspectj.AopLog - 【请求类名】：com.winterchen.controller.UserController，【请求方法名】：findAllUser
【xkcoding】2018-11-02 09:31:17.852 INFO  [http-nio-8099-exec-5] o.s.b.f.xml.XmlBeanDefinitionReader - Loading XML bean definitions from class path resource [org/springframework/jdbc/support/sql-error-codes.xml]
【xkcoding】2018-11-02 09:31:17.886 INFO  [http-nio-8099-exec-5] o.s.j.support.SQLErrorCodesFactory - SQLErrorCodes loaded: [DB2, Derby, H2, HDB, HSQL, Informix, MS-SQL, MySQL, Oracle, PostgreSQL, Sybase]
【xkcoding】2018-11-02 09:50:33.456 INFO  [http-nio-8099-exec-8] com.winterchen.aspectj.AopLog - 【请求类名】：com.winterchen.controller.OrderInfoController，【请求方法名】：list
【xkcoding】2018-11-02 09:50:35.610 INFO  [http-nio-8099-exec-9] com.winterchen.aspectj.AopLog - 【请求类名】：com.winterchen.controller.OrderInfoController，【请求方法名】：orderDetail
【xkcoding】2018-11-02 09:50:38.058 INFO  [http-nio-8099-exec-10] com.winterchen.aspectj.AopLog - 【请求类名】：com.winterchen.controller.OrderInfoController，【请求方法名】：list
【xkcoding】2018-11-02 10:17:40.874 INFO  [http-nio-8099-exec-2] com.winterchen.aspectj.AopLog - 【请求类名】：com.winterchen.controller.RoleController，【请求方法名】：allRole
【xkcoding】2018-11-02 10:17:40.969 INFO  [http-nio-8099-exec-3] com.winterchen.aspectj.AopLog - 【请求类名】：com.winterchen.controller.OrderInfoController，【请求方法名】：getStatus
【xkcoding】2018-11-02 17:03:21.770 INFO  [http-nio-8099-exec-5] com.winterchen.aspectj.AopLog - 【请求类名】：com.winterchen.controller.OrderManageController，【请求方法名】：show
