【xkcoding】2018-10-18 09:54:10.516 INFO  [http-nio-8099-exec-5] com.winterchen.aspectj.AopLog - 【请求类名】：com.winterchen.controller.RoleController，【请求方法名】：allRole
【xkcoding】2018-10-18 09:54:21.415 INFO  [http-nio-8099-exec-6] com.winterchen.aspectj.AopLog - 【请求类名】：com.winterchen.controller.ArticleTypeController，【请求方法名】：getList
【xkcoding】2018-10-18 16:55:36.088 INFO  [Thread-15] o.s.b.w.s.c.AnnotationConfigServletWebServerApplicationContext - Closing org.springframework.boot.web.servlet.context.AnnotationConfigServletWebServerApplicationContext@25aca718: startup date [Wed Oct 17 18:10:31 CST 2018]; root of context hierarchy
【xkcoding】2018-10-18 16:55:36.196 INFO  [Thread-15] o.s.c.s.DefaultLifecycleProcessor - Stopping beans in phase 2147483647
【xkcoding】2018-10-18 16:55:36.202 INFO  [Thread-15] o.s.j.e.a.AnnotationMBeanExporter - Unregistering JMX-exposed beans on shutdown
【xkcoding】2018-10-18 16:55:36.204 INFO  [Thread-15] o.s.j.e.a.AnnotationMBeanExporter - Unregistering JMX-exposed beans
【xkcoding】2018-10-18 16:55:36.218 INFO  [Thread-15] c.alibaba.druid.pool.DruidDataSource - {dataSource-1} closed
【xkcoding】2018-10-18 16:55:40.615 INFO  [main] c.w.Springboot2MybatisDemoApplication - Starting Springboot2MybatisDemoApplication on yangfengdeMacBook-Pro.local with PID 76202 (/Users/yangfeng/plugs/important/w_lunwen/java/w-java-manage/target/classes started by yangfeng in /Users/yangfeng/plugs/important/w_lunwen/java/w-java-manage)
【xkcoding】2018-10-18 16:55:40.620 INFO  [main] c.w.Springboot2MybatisDemoApplication - No active profile set, falling back to default profiles: default
【xkcoding】2018-10-18 16:55:40.687 INFO  [main] o.s.b.w.s.c.AnnotationConfigServletWebServerApplicationContext - Refreshing org.springframework.boot.web.servlet.context.AnnotationConfigServletWebServerApplicationContext@386f0da3: startup date [Thu Oct 18 16:55:40 CST 2018]; root of context hierarchy
【xkcoding】2018-10-18 16:55:42.172 INFO  [main] o.s.c.s.PostProcessorRegistrationDelegate$BeanPostProcessorChecker - Bean 'org.springframework.transaction.annotation.ProxyTransactionManagementConfiguration' of type [org.springframework.transaction.annotation.ProxyTransactionManagementConfiguration$$EnhancerBySpringCGLIB$$a469db4c] is not eligible for getting processed by all BeanPostProcessors (for example: not eligible for auto-proxying)
【xkcoding】2018-10-18 16:55:42.644 INFO  [main] o.s.b.w.e.tomcat.TomcatWebServer - Tomcat initialized with port(s): 8099 (http)
【xkcoding】2018-10-18 16:55:42.659 INFO  [main] o.a.coyote.http11.Http11NioProtocol - Initializing ProtocolHandler ["http-nio-8099"]
【xkcoding】2018-10-18 16:55:42.668 INFO  [main] o.a.catalina.core.StandardService - Starting service [Tomcat]
【xkcoding】2018-10-18 16:55:42.669 INFO  [main] o.a.catalina.core.StandardEngine - Starting Servlet Engine: Apache Tomcat/8.5.29
【xkcoding】2018-10-18 16:55:42.673 INFO  [localhost-startStop-1] o.a.c.core.AprLifecycleListener - The APR based Apache Tomcat Native library which allows optimal performance in production environments was not found on the java.library.path: [/Users/yangfeng/Library/Java/Extensions:/Library/Java/Extensions:/Network/Library/Java/Extensions:/System/Library/Java/Extensions:/usr/lib/java:.]
【xkcoding】2018-10-18 16:55:42.836 INFO  [localhost-startStop-1] o.a.c.c.C.[Tomcat].[localhost].[/] - Initializing Spring embedded WebApplicationContext
【xkcoding】2018-10-18 16:55:42.836 INFO  [localhost-startStop-1] o.s.web.context.ContextLoader - Root WebApplicationContext: initialization completed in 2149 ms
【xkcoding】2018-10-18 16:55:43.044 INFO  [localhost-startStop-1] o.s.b.w.s.ServletRegistrationBean - Servlet dispatcherServlet mapped to [/]
【xkcoding】2018-10-18 16:55:43.046 INFO  [localhost-startStop-1] o.s.b.w.s.ServletRegistrationBean - Servlet statViewServlet mapped to [/druid/*]
【xkcoding】2018-10-18 16:55:43.049 INFO  [localhost-startStop-1] o.s.b.w.s.FilterRegistrationBean - Mapping filter: 'characterEncodingFilter' to: [/*]
【xkcoding】2018-10-18 16:55:43.050 INFO  [localhost-startStop-1] o.s.b.w.s.FilterRegistrationBean - Mapping filter: 'hiddenHttpMethodFilter' to: [/*]
【xkcoding】2018-10-18 16:55:43.050 INFO  [localhost-startStop-1] o.s.b.w.s.FilterRegistrationBean - Mapping filter: 'httpPutFormContentFilter' to: [/*]
【xkcoding】2018-10-18 16:55:43.050 INFO  [localhost-startStop-1] o.s.b.w.s.FilterRegistrationBean - Mapping filter: 'requestContextFilter' to: [/*]
【xkcoding】2018-10-18 16:55:43.050 INFO  [localhost-startStop-1] o.s.b.w.s.FilterRegistrationBean - Mapping filter: 'webStatFilter' to urls: [/*]
【xkcoding】2018-10-18 16:55:43.051 INFO  [localhost-startStop-1] o.s.b.w.s.FilterRegistrationBean - Mapping filter: 'corsFilter' to: [/*]
【xkcoding】2018-10-18 16:55:43.135 INFO  [main] c.a.d.s.b.a.DruidDataSourceAutoConfigure - Init DruidDataSource
【xkcoding】2018-10-18 16:55:43.616 INFO  [main] c.alibaba.druid.pool.DruidDataSource - {dataSource-1} inited
【xkcoding】2018-10-18 16:55:44.572 INFO  [main] o.s.w.s.m.m.a.RequestMappingHandlerMapping - Mapped "{[/account/vlogin],methods=[POST]}" onto public java.util.Map<java.lang.String, java.lang.Object> com.winterchen.controller.AccountController.ilogin(java.lang.String,java.lang.String)
【xkcoding】2018-10-18 16:55:44.573 INFO  [main] o.s.w.s.m.m.a.RequestMappingHandlerMapping - Mapped "{[/account/delAccount],methods=[POST]}" onto public java.util.Map<java.lang.String, java.lang.Object> com.winterchen.controller.AccountController.delAccount(java.lang.Integer)
【xkcoding】2018-10-18 16:55:44.573 INFO  [main] o.s.w.s.m.m.a.RequestMappingHandlerMapping - Mapped "{[/account/deleteAccount],methods=[POST]}" onto public java.util.Map<java.lang.String, java.lang.Object> com.winterchen.controller.AccountController.deleteAccount(java.lang.String)
【xkcoding】2018-10-18 16:55:44.573 INFO  [main] o.s.w.s.m.m.a.RequestMappingHandlerMapping - Mapped "{[/account/AddEditAccount],methods=[POST]}" onto public java.util.Map<java.lang.String, java.lang.Object> com.winterchen.controller.AccountController.AddEditAccount(com.winterchen.model.AccountDomain)
【xkcoding】2018-10-18 16:55:44.574 INFO  [main] o.s.w.s.m.m.a.RequestMappingHandlerMapping - Mapped "{[/account/allAccount],methods=[GET]}" onto public java.lang.Object com.winterchen.controller.AccountController.allAccount(int,int)
【xkcoding】2018-10-18 16:55:44.574 INFO  [main] o.s.w.s.m.m.a.RequestMappingHandlerMapping - Mapped "{[/account/updatePwd],methods=[POST]}" onto public java.util.Map<java.lang.String, java.lang.Object> com.winterchen.controller.AccountController.updatePwd(java.lang.String,java.lang.String,java.lang.String)
【xkcoding】2018-10-18 16:55:44.575 INFO  [main] o.s.w.s.m.m.a.RequestMappingHandlerMapping - Mapped "{[/article/getList],methods=[GET]}" onto public java.util.List<com.winterchen.model.ArticleTypeDomain> com.winterchen.controller.ArticleTypeController.getList(java.lang.String)
【xkcoding】2018-10-18 16:55:44.577 INFO  [main] o.s.w.s.m.m.a.RequestMappingHandlerMapping - Mapped "{[/yf0],methods=[GET]}" onto public int com.winterchen.controller.ExceptionController.yf0(int)
【xkcoding】2018-10-18 16:55:44.577 INFO  [main] o.s.w.s.m.m.a.RequestMappingHandlerMapping - Mapped "{[/yf1],methods=[GET]}" onto public int com.winterchen.controller.ExceptionController.yf1(int)
【xkcoding】2018-10-18 16:55:44.577 INFO  [main] o.s.w.s.m.m.a.RequestMappingHandlerMapping - Mapped "{[/yf2],methods=[GET]}" onto public int com.winterchen.controller.ExceptionController.yf2(int)
【xkcoding】2018-10-18 16:55:44.578 INFO  [main] o.s.w.s.m.m.a.RequestMappingHandlerMapping - Mapped "{[/yf11/{id}],methods=[GET]}" onto public int com.winterchen.controller.ExceptionController.yf11(int)
【xkcoding】2018-10-18 16:55:44.578 INFO  [main] o.s.w.s.m.m.a.RequestMappingHandlerMapping - Mapped "{[/post0],methods=[POST]}" onto public int com.winterchen.controller.ExceptionController.post0(int)
【xkcoding】2018-10-18 16:55:44.578 INFO  [main] o.s.w.s.m.m.a.RequestMappingHandlerMapping - Mapped "{[/post1],methods=[POST]}" onto public int com.winterchen.controller.ExceptionController.post1(int)
【xkcoding】2018-10-18 16:55:44.578 INFO  [main] o.s.w.s.m.m.a.RequestMappingHandlerMapping - Mapped "{[/post2],methods=[POST]}" onto public int com.winterchen.controller.ExceptionController.post2(int)
【xkcoding】2018-10-18 16:55:44.579 INFO  [main] o.s.w.s.m.m.a.RequestMappingHandlerMapping - Mapped "{[/test1],methods=[GET]}" onto public java.lang.String com.winterchen.controller.ExceptionController.test1()
【xkcoding】2018-10-18 16:55:44.579 INFO  [main] o.s.w.s.m.m.a.RequestMappingHandlerMapping - Mapped "{[/test2],methods=[GET]}" onto public java.util.Map<java.lang.String, java.lang.String> com.winterchen.controller.ExceptionController.test2()
【xkcoding】2018-10-18 16:55:44.579 INFO  [main] o.s.w.s.m.m.a.RequestMappingHandlerMapping - Mapped "{[/test3],methods=[GET]}" onto public java.lang.String com.winterchen.controller.ExceptionController.test3(java.lang.Integer)
【xkcoding】2018-10-18 16:55:44.579 INFO  [main] o.s.w.s.m.m.a.RequestMappingHandlerMapping - Mapped "{[/test4],methods=[GET]}" onto public java.lang.String com.winterchen.controller.ExceptionController.test4()
【xkcoding】2018-10-18 16:55:44.581 INFO  [main] o.s.w.s.m.m.a.RequestMappingHandlerMapping - Mapped "{[/uploads],methods=[GET]}" onto public java.lang.String com.winterchen.controller.FileUploadController.index()
【xkcoding】2018-10-18 16:55:44.582 INFO  [main] o.s.w.s.m.m.a.RequestMappingHandlerMapping - Mapped "{[/uploads/upload1],methods=[POST]}" onto public java.util.Map<java.lang.String, java.lang.String> com.winterchen.controller.FileUploadController.upload1(org.springframework.web.multipart.MultipartFile) throws java.io.IOException
【xkcoding】2018-10-18 16:55:44.582 INFO  [main] o.s.w.s.m.m.a.RequestMappingHandlerMapping - Mapped "{[/uploads/upload3],methods=[POST]}" onto public void com.winterchen.controller.FileUploadController.upload2(java.lang.String) throws java.io.IOException
【xkcoding】2018-10-18 16:55:44.583 INFO  [main] o.s.w.s.m.m.a.RequestMappingHandlerMapping - Mapped "{[/uploads/upload2],methods=[POST]}" onto public java.util.List<java.util.Map<java.lang.String, java.lang.String>> com.winterchen.controller.FileUploadController.upload2(org.springframework.web.multipart.MultipartFile[]) throws java.io.IOException
【xkcoding】2018-10-18 16:55:44.583 INFO  [main] o.s.w.s.m.m.a.RequestMappingHandlerMapping - Mapped "{[/account/getPhone],methods=[POST]}" onto public java.lang.Object com.winterchen.controller.GetPhoneController.JsonResult(java.lang.String,java.lang.String,java.lang.String)
【xkcoding】2018-10-18 16:55:44.584 INFO  [main] o.s.w.s.m.m.a.RequestMappingHandlerMapping - Mapped "{[/log/list],methods=[GET]}" onto public java.lang.Object com.winterchen.controller.LogController.findAllLog(int,int)
【xkcoding】2018-10-18 16:55:44.585 INFO  [main] o.s.w.s.m.m.a.RequestMappingHandlerMapping - Mapped "{[/wx/api/insert],methods=[POST]}" onto public java.util.Map<java.lang.String, java.lang.Object> com.winterchen.controller.OrderInfoController.insert(com.winterchen.model.OrderInfoDomain)
【xkcoding】2018-10-18 16:55:44.585 INFO  [main] o.s.w.s.m.m.a.RequestMappingHandlerMapping - Mapped "{[/wx/api/getOrder],methods=[GET]}" onto public java.lang.Object com.winterchen.controller.OrderInfoController.getOrder(java.lang.String,java.lang.String)
【xkcoding】2018-10-18 16:55:44.586 INFO  [main] o.s.w.s.m.m.a.RequestMappingHandlerMapping - Mapped "{[/order/list],methods=[GET]}" onto public java.util.Map<java.lang.String, java.lang.Object> com.winterchen.controller.OrderManageController.list(int,int,int,java.lang.String,int,int,java.lang.String,java.lang.String)
【xkcoding】2018-10-18 16:55:44.589 INFO  [main] o.s.w.s.m.m.a.RequestMappingHandlerMapping - Mapped "{[/wx/user/update],methods=[POST]}" onto public java.util.Map<java.lang.String, java.lang.Object> com.winterchen.controller.RoleController.update(com.winterchen.model.RoleDomain)
【xkcoding】2018-10-18 16:55:44.590 INFO  [main] o.s.w.s.m.m.a.RequestMappingHandlerMapping - Mapped "{[/wx/user/setRole],methods=[POST]}" onto public java.util.Map<java.lang.String, java.lang.Object> com.winterchen.controller.RoleController.setRole(java.lang.String,java.lang.String,java.lang.String)
【xkcoding】2018-10-18 16:55:44.590 INFO  [main] o.s.w.s.m.m.a.RequestMappingHandlerMapping - Mapped "{[/wx/user/baseInfo],methods=[POST]}" onto public java.util.Map<java.lang.String, java.lang.Object> com.winterchen.controller.RoleController.baseInfo(com.winterchen.model.RoleDomain)
【xkcoding】2018-10-18 16:55:44.591 INFO  [main] o.s.w.s.m.m.a.RequestMappingHandlerMapping - Mapped "{[/wx/user/allRole],methods=[GET]}" onto public java.util.Map<java.lang.String, java.lang.Object> com.winterchen.controller.RoleController.allRole(int,int,java.lang.String,java.lang.String,java.lang.String)
【xkcoding】2018-10-18 16:55:44.593 INFO  [main] o.s.w.s.m.m.a.RequestMappingHandlerMapping - Mapped "{[/index],methods=[GET]}" onto public java.lang.String com.winterchen.controller.TESTs.index()
【xkcoding】2018-10-18 16:55:44.595 INFO  [main] o.s.w.s.m.m.a.RequestMappingHandlerMapping - Mapped "{[/team/add],methods=[POST]}" onto public java.util.Map<java.lang.String, java.lang.Object> com.winterchen.controller.TeamController.add(com.winterchen.model.TeamDomain)
【xkcoding】2018-10-18 16:55:44.595 INFO  [main] o.s.w.s.m.m.a.RequestMappingHandlerMapping - Mapped "{[/team/show],methods=[GET]}" onto public java.util.Map<java.lang.String, java.lang.Object> com.winterchen.controller.TeamController.show()
【xkcoding】2018-10-18 16:55:44.595 INFO  [main] o.s.w.s.m.m.a.RequestMappingHandlerMapping - Mapped "{[/team/dict],methods=[GET]}" onto public java.util.Map<java.lang.String, java.lang.Object> com.winterchen.controller.TeamController.dict(java.lang.String)
【xkcoding】2018-10-18 16:55:44.596 INFO  [main] o.s.w.s.m.m.a.RequestMappingHandlerMapping - Mapped "{[/team/more],methods=[GET]}" onto public java.util.List<com.winterchen.model.dto.UserDto> com.winterchen.controller.TeamController.more()
【xkcoding】2018-10-18 16:55:44.596 INFO  [main] o.s.w.s.m.m.a.RequestMappingHandlerMapping - Mapped "{[/teamDes/findOne],methods=[GET]}" onto public java.util.Map<java.lang.String, java.lang.Object> com.winterchen.controller.TeamDesController.findOne(java.lang.String)
【xkcoding】2018-10-18 16:55:44.597 INFO  [main] o.s.w.s.m.m.a.RequestMappingHandlerMapping - Mapped "{[/user/add],methods=[POST]}" onto public java.util.Map<java.lang.String, java.lang.Object> com.winterchen.controller.UserController.addUser(com.winterchen.model.UserDomain)
【xkcoding】2018-10-18 16:55:44.597 INFO  [main] o.s.w.s.m.m.a.RequestMappingHandlerMapping - Mapped "{[/user/all],methods=[GET]}" onto public java.lang.Object com.winterchen.controller.UserController.findAllUser(int,int,java.lang.String,java.lang.String)
【xkcoding】2018-10-18 16:55:44.598 INFO  [main] o.s.w.s.m.m.a.RequestMappingHandlerMapping - Mapped "{[/user/alone],methods=[POST]}" onto public java.util.Map<java.lang.String, java.lang.Object> com.winterchen.controller.UserController.alone(java.lang.Integer)
【xkcoding】2018-10-18 16:55:44.598 INFO  [main] o.s.w.s.m.m.a.RequestMappingHandlerMapping - Mapped "{[/user/del],methods=[POST]}" onto public java.util.Map<java.lang.String, java.lang.Object> com.winterchen.controller.UserController.removeArea(java.lang.Integer)
【xkcoding】2018-10-18 16:55:44.599 INFO  [main] o.s.w.s.m.m.a.RequestMappingHandlerMapping - Mapped "{[/weixin/wxPay]}" onto public com.winterchen.util.wx.weixin.Json com.winterchen.controller.WeixinController.wxPay(java.lang.String,java.lang.String,java.lang.String,java.lang.String,javax.servlet.http.HttpServletRequest)
【xkcoding】2018-10-18 16:55:44.599 INFO  [main] o.s.w.s.m.m.a.RequestMappingHandlerMapping - Mapped "{[/weixin/wxNotify]}" onto public void com.winterchen.controller.WeixinController.wxNotify(javax.servlet.http.HttpServletRequest,javax.servlet.http.HttpServletResponse) throws java.lang.Exception
【xkcoding】2018-10-18 16:55:44.603 INFO  [main] o.s.w.s.m.m.a.RequestMappingHandlerMapping - Mapped "{[/swagger-resources/configuration/security]}" onto public org.springframework.http.ResponseEntity<springfox.documentation.swagger.web.SecurityConfiguration> springfox.documentation.swagger.web.ApiResourceController.securityConfiguration()
【xkcoding】2018-10-18 16:55:44.604 INFO  [main] o.s.w.s.m.m.a.RequestMappingHandlerMapping - Mapped "{[/swagger-resources/configuration/ui]}" onto public org.springframework.http.ResponseEntity<springfox.documentation.swagger.web.UiConfiguration> springfox.documentation.swagger.web.ApiResourceController.uiConfiguration()
【xkcoding】2018-10-18 16:55:44.605 INFO  [main] o.s.w.s.m.m.a.RequestMappingHandlerMapping - Mapped "{[/swagger-resources]}" onto public org.springframework.http.ResponseEntity<java.util.List<springfox.documentation.swagger.web.SwaggerResource>> springfox.documentation.swagger.web.ApiResourceController.swaggerResources()
【xkcoding】2018-10-18 16:55:44.608 INFO  [main] o.s.w.s.m.m.a.RequestMappingHandlerMapping - Mapped "{[/error]}" onto public org.springframework.http.ResponseEntity<java.util.Map<java.lang.String, java.lang.Object>> org.springframework.boot.autoconfigure.web.servlet.error.BasicErrorController.error(javax.servlet.http.HttpServletRequest)
【xkcoding】2018-10-18 16:55:44.608 INFO  [main] o.s.w.s.m.m.a.RequestMappingHandlerMapping - Mapped "{[/error],produces=[text/html]}" onto public org.springframework.web.servlet.ModelAndView org.springframework.boot.autoconfigure.web.servlet.error.BasicErrorController.errorHtml(javax.servlet.http.HttpServletRequest,javax.servlet.http.HttpServletResponse)
【xkcoding】2018-10-18 16:55:44.769 INFO  [main] s.d.s.w.PropertySourcedRequestMappingHandlerMapping - Mapped URL path [/v2/api-docs] onto method [public org.springframework.http.ResponseEntity<springfox.documentation.spring.web.json.Json> springfox.documentation.swagger2.web.Swagger2Controller.getDocumentation(java.lang.String,javax.servlet.http.HttpServletRequest)]
【xkcoding】2018-10-18 16:55:44.963 INFO  [main] o.s.w.s.h.SimpleUrlHandlerMapping - Mapped URL path [/**/favicon.ico] onto handler of type [class org.springframework.web.servlet.resource.ResourceHttpRequestHandler]
【xkcoding】2018-10-18 16:55:45.231 INFO  [main] o.s.w.s.m.m.a.RequestMappingHandlerAdapter - Looking for @ControllerAdvice: org.springframework.boot.web.servlet.context.AnnotationConfigServletWebServerApplicationContext@386f0da3: startup date [Thu Oct 18 16:55:40 CST 2018]; root of context hierarchy
【xkcoding】2018-10-18 16:55:45.302 INFO  [main] o.s.w.s.h.SimpleUrlHandlerMapping - Mapped URL path [/webjars/**] onto handler of type [class org.springframework.web.servlet.resource.ResourceHttpRequestHandler]
【xkcoding】2018-10-18 16:55:45.302 INFO  [main] o.s.w.s.h.SimpleUrlHandlerMapping - Mapped URL path [/**] onto handler of type [class org.springframework.web.servlet.resource.ResourceHttpRequestHandler]
【xkcoding】2018-10-18 16:55:45.323 INFO  [main] o.s.w.s.m.m.a.ExceptionHandlerExceptionResolver - Detected @ExceptionHandler methods in globalExceptionHandler
【xkcoding】2018-10-18 16:55:45.797 INFO  [main] o.s.j.e.a.AnnotationMBeanExporter - Registering beans for JMX exposure on startup
【xkcoding】2018-10-18 16:55:45.800 INFO  [main] o.s.j.e.a.AnnotationMBeanExporter - Bean with name 'statFilter' has been autodetected for JMX exposure
【xkcoding】2018-10-18 16:55:45.800 INFO  [main] o.s.j.e.a.AnnotationMBeanExporter - Bean with name 'dataSource' has been autodetected for JMX exposure
【xkcoding】2018-10-18 16:55:45.808 INFO  [main] o.s.j.e.a.AnnotationMBeanExporter - Located MBean 'dataSource': registering with JMX server as MBean [com.alibaba.druid.spring.boot.autoconfigure:name=dataSource,type=DruidDataSourceWrapper]
【xkcoding】2018-10-18 16:55:45.809 INFO  [main] o.s.j.e.a.AnnotationMBeanExporter - Located MBean 'statFilter': registering with JMX server as MBean [com.alibaba.druid.filter.stat:name=statFilter,type=StatFilter]
【xkcoding】2018-10-18 16:55:45.815 INFO  [main] o.s.c.s.DefaultLifecycleProcessor - Starting beans in phase 2147483647
【xkcoding】2018-10-18 16:55:45.815 INFO  [main] s.d.s.w.p.DocumentationPluginsBootstrapper - Context refreshed
【xkcoding】2018-10-18 16:55:45.836 INFO  [main] s.d.s.w.p.DocumentationPluginsBootstrapper - Found 1 custom documentation plugin(s)
【xkcoding】2018-10-18 16:55:45.871 INFO  [main] s.d.s.w.s.ApiListingReferenceScanner - Scanning for api listing references
【xkcoding】2018-10-18 16:55:46.080 INFO  [main] s.d.s.w.r.o.CachingOperationNameGenerator - Generating unique operation named: upload2UsingPOST_1
【xkcoding】2018-10-18 16:55:46.142 INFO  [main] s.d.s.w.r.o.CachingOperationNameGenerator - Generating unique operation named: indexUsingGET_1
【xkcoding】2018-10-18 16:55:46.208 INFO  [main] o.a.coyote.http11.Http11NioProtocol - Starting ProtocolHandler ["http-nio-8099"]
【xkcoding】2018-10-18 16:55:46.231 INFO  [main] o.a.tomcat.util.net.NioSelectorPool - Using a shared selector for servlet write/read
【xkcoding】2018-10-18 16:55:46.246 INFO  [main] o.s.b.w.e.tomcat.TomcatWebServer - Tomcat started on port(s): 8099 (http) with context path ''
【xkcoding】2018-10-18 16:55:46.251 INFO  [main] c.w.Springboot2MybatisDemoApplication - Started Springboot2MybatisDemoApplication in 6.187 seconds (JVM running for 6.969)
【xkcoding】2018-10-18 16:56:17.806 INFO  [http-nio-8099-exec-2] o.a.c.c.C.[Tomcat].[localhost].[/] - Initializing Spring FrameworkServlet 'dispatcherServlet'
【xkcoding】2018-10-18 16:56:17.806 INFO  [http-nio-8099-exec-2] o.s.web.servlet.DispatcherServlet - FrameworkServlet 'dispatcherServlet': initialization started
【xkcoding】2018-10-18 16:56:17.845 INFO  [http-nio-8099-exec-2] o.s.web.servlet.DispatcherServlet - FrameworkServlet 'dispatcherServlet': initialization completed in 38 ms
【xkcoding】2018-10-18 16:56:17.884 INFO  [http-nio-8099-exec-1] com.winterchen.aspectj.AopLog - 【请求类名】：com.winterchen.controller.TeamController，【请求方法名】：show
【xkcoding】2018-10-18 16:56:17.891 INFO  [http-nio-8099-exec-2] com.winterchen.aspectj.AopLog - 【请求类名】：com.winterchen.controller.TeamDesController，【请求方法名】：findOne
【xkcoding】2018-10-18 16:56:18.748 INFO  [http-nio-8099-exec-3] com.winterchen.aspectj.AopLog - 【请求类名】：com.winterchen.controller.TeamDesController，【请求方法名】：findOne
【xkcoding】2018-10-18 16:56:24.791 INFO  [http-nio-8099-exec-4] com.winterchen.aspectj.AopLog - 【请求类名】：com.winterchen.controller.ArticleTypeController，【请求方法名】：getList
【xkcoding】2018-10-18 16:56:28.343 INFO  [http-nio-8099-exec-5] com.winterchen.aspectj.AopLog - 【请求类名】：com.winterchen.controller.OrderInfoController，【请求方法名】：insert
【xkcoding】2018-10-18 16:56:28.432 INFO  [http-nio-8099-exec-6] com.winterchen.aspectj.AopLog - 【请求类名】：com.winterchen.controller.OrderInfoController，【请求方法名】：getOrder
【xkcoding】2018-10-18 16:56:34.897 INFO  [http-nio-8099-exec-7] com.winterchen.aspectj.AopLog - 【请求类名】：com.winterchen.controller.WeixinController，【请求方法名】：wxPay
【xkcoding】2018-10-18 16:57:36.022 INFO  [Thread-16] o.s.b.w.s.c.AnnotationConfigServletWebServerApplicationContext - Closing org.springframework.boot.web.servlet.context.AnnotationConfigServletWebServerApplicationContext@386f0da3: startup date [Thu Oct 18 16:55:40 CST 2018]; root of context hierarchy
【xkcoding】2018-10-18 16:57:36.025 INFO  [Thread-16] o.s.c.s.DefaultLifecycleProcessor - Stopping beans in phase 2147483647
【xkcoding】2018-10-18 16:57:36.027 INFO  [Thread-16] o.s.j.e.a.AnnotationMBeanExporter - Unregistering JMX-exposed beans on shutdown
【xkcoding】2018-10-18 16:57:36.027 INFO  [Thread-16] o.s.j.e.a.AnnotationMBeanExporter - Unregistering JMX-exposed beans
【xkcoding】2018-10-18 16:57:36.033 INFO  [Thread-16] c.alibaba.druid.pool.DruidDataSource - {dataSource-1} closed
【xkcoding】2018-10-18 16:57:40.093 INFO  [main] c.w.Springboot2MybatisDemoApplication - Starting Springboot2MybatisDemoApplication on yangfengdeMacBook-Pro.local with PID 76568 (/Users/yangfeng/plugs/important/w_lunwen/java/w-java-manage/target/classes started by yangfeng in /Users/yangfeng/plugs/important/w_lunwen/java/w-java-manage)
【xkcoding】2018-10-18 16:57:40.097 INFO  [main] c.w.Springboot2MybatisDemoApplication - No active profile set, falling back to default profiles: default
【xkcoding】2018-10-18 16:57:40.198 INFO  [main] o.s.b.w.s.c.AnnotationConfigServletWebServerApplicationContext - Refreshing org.springframework.boot.web.servlet.context.AnnotationConfigServletWebServerApplicationContext@52066604: startup date [Thu Oct 18 16:57:40 CST 2018]; root of context hierarchy
【xkcoding】2018-10-18 16:57:41.383 INFO  [main] o.s.c.s.PostProcessorRegistrationDelegate$BeanPostProcessorChecker - Bean 'org.springframework.transaction.annotation.ProxyTransactionManagementConfiguration' of type [org.springframework.transaction.annotation.ProxyTransactionManagementConfiguration$$EnhancerBySpringCGLIB$$290a7acf] is not eligible for getting processed by all BeanPostProcessors (for example: not eligible for auto-proxying)
【xkcoding】2018-10-18 16:57:41.833 INFO  [main] o.s.b.w.e.tomcat.TomcatWebServer - Tomcat initialized with port(s): 8099 (http)
【xkcoding】2018-10-18 16:57:41.844 INFO  [main] o.a.coyote.http11.Http11NioProtocol - Initializing ProtocolHandler ["http-nio-8099"]
【xkcoding】2018-10-18 16:57:41.854 INFO  [main] o.a.catalina.core.StandardService - Starting service [Tomcat]
【xkcoding】2018-10-18 16:57:41.854 INFO  [main] o.a.catalina.core.StandardEngine - Starting Servlet Engine: Apache Tomcat/8.5.29
【xkcoding】2018-10-18 16:57:41.858 INFO  [localhost-startStop-1] o.a.c.core.AprLifecycleListener - The APR based Apache Tomcat Native library which allows optimal performance in production environments was not found on the java.library.path: [/Users/yangfeng/Library/Java/Extensions:/Library/Java/Extensions:/Network/Library/Java/Extensions:/System/Library/Java/Extensions:/usr/lib/java:.]
【xkcoding】2018-10-18 16:57:42.011 INFO  [localhost-startStop-1] o.a.c.c.C.[Tomcat].[localhost].[/] - Initializing Spring embedded WebApplicationContext
【xkcoding】2018-10-18 16:57:42.011 INFO  [localhost-startStop-1] o.s.web.context.ContextLoader - Root WebApplicationContext: initialization completed in 1814 ms
【xkcoding】2018-10-18 16:57:42.229 INFO  [localhost-startStop-1] o.s.b.w.s.ServletRegistrationBean - Servlet dispatcherServlet mapped to [/]
【xkcoding】2018-10-18 16:57:42.230 INFO  [localhost-startStop-1] o.s.b.w.s.ServletRegistrationBean - Servlet statViewServlet mapped to [/druid/*]
【xkcoding】2018-10-18 16:57:42.234 INFO  [localhost-startStop-1] o.s.b.w.s.FilterRegistrationBean - Mapping filter: 'characterEncodingFilter' to: [/*]
【xkcoding】2018-10-18 16:57:42.234 INFO  [localhost-startStop-1] o.s.b.w.s.FilterRegistrationBean - Mapping filter: 'hiddenHttpMethodFilter' to: [/*]
【xkcoding】2018-10-18 16:57:42.234 INFO  [localhost-startStop-1] o.s.b.w.s.FilterRegistrationBean - Mapping filter: 'httpPutFormContentFilter' to: [/*]
【xkcoding】2018-10-18 16:57:42.234 INFO  [localhost-startStop-1] o.s.b.w.s.FilterRegistrationBean - Mapping filter: 'requestContextFilter' to: [/*]
【xkcoding】2018-10-18 16:57:42.234 INFO  [localhost-startStop-1] o.s.b.w.s.FilterRegistrationBean - Mapping filter: 'webStatFilter' to urls: [/*]
【xkcoding】2018-10-18 16:57:42.234 INFO  [localhost-startStop-1] o.s.b.w.s.FilterRegistrationBean - Mapping filter: 'corsFilter' to: [/*]
【xkcoding】2018-10-18 16:57:42.313 INFO  [main] c.a.d.s.b.a.DruidDataSourceAutoConfigure - Init DruidDataSource
【xkcoding】2018-10-18 16:57:42.804 INFO  [main] c.alibaba.druid.pool.DruidDataSource - {dataSource-1} inited
【xkcoding】2018-10-18 16:57:43.670 INFO  [main] o.s.w.s.m.m.a.RequestMappingHandlerMapping - Mapped "{[/account/vlogin],methods=[POST]}" onto public java.util.Map<java.lang.String, java.lang.Object> com.winterchen.controller.AccountController.ilogin(java.lang.String,java.lang.String)
【xkcoding】2018-10-18 16:57:43.671 INFO  [main] o.s.w.s.m.m.a.RequestMappingHandlerMapping - Mapped "{[/account/delAccount],methods=[POST]}" onto public java.util.Map<java.lang.String, java.lang.Object> com.winterchen.controller.AccountController.delAccount(java.lang.Integer)
【xkcoding】2018-10-18 16:57:43.672 INFO  [main] o.s.w.s.m.m.a.RequestMappingHandlerMapping - Mapped "{[/account/deleteAccount],methods=[POST]}" onto public java.util.Map<java.lang.String, java.lang.Object> com.winterchen.controller.AccountController.deleteAccount(java.lang.String)
【xkcoding】2018-10-18 16:57:43.672 INFO  [main] o.s.w.s.m.m.a.RequestMappingHandlerMapping - Mapped "{[/account/AddEditAccount],methods=[POST]}" onto public java.util.Map<java.lang.String, java.lang.Object> com.winterchen.controller.AccountController.AddEditAccount(com.winterchen.model.AccountDomain)
【xkcoding】2018-10-18 16:57:43.672 INFO  [main] o.s.w.s.m.m.a.RequestMappingHandlerMapping - Mapped "{[/account/allAccount],methods=[GET]}" onto public java.lang.Object com.winterchen.controller.AccountController.allAccount(int,int)
【xkcoding】2018-10-18 16:57:43.673 INFO  [main] o.s.w.s.m.m.a.RequestMappingHandlerMapping - Mapped "{[/account/updatePwd],methods=[POST]}" onto public java.util.Map<java.lang.String, java.lang.Object> com.winterchen.controller.AccountController.updatePwd(java.lang.String,java.lang.String,java.lang.String)
【xkcoding】2018-10-18 16:57:43.673 INFO  [main] o.s.w.s.m.m.a.RequestMappingHandlerMapping - Mapped "{[/article/getList],methods=[GET]}" onto public java.util.List<com.winterchen.model.ArticleTypeDomain> com.winterchen.controller.ArticleTypeController.getList(java.lang.String)
【xkcoding】2018-10-18 16:57:43.675 INFO  [main] o.s.w.s.m.m.a.RequestMappingHandlerMapping - Mapped "{[/post2],methods=[POST]}" onto public int com.winterchen.controller.ExceptionController.post2(int)
【xkcoding】2018-10-18 16:57:43.675 INFO  [main] o.s.w.s.m.m.a.RequestMappingHandlerMapping - Mapped "{[/yf11/{id}],methods=[GET]}" onto public int com.winterchen.controller.ExceptionController.yf11(int)
【xkcoding】2018-10-18 16:57:43.676 INFO  [main] o.s.w.s.m.m.a.RequestMappingHandlerMapping - Mapped "{[/test2],methods=[GET]}" onto public java.util.Map<java.lang.String, java.lang.String> com.winterchen.controller.ExceptionController.test2()
【xkcoding】2018-10-18 16:57:43.676 INFO  [main] o.s.w.s.m.m.a.RequestMappingHandlerMapping - Mapped "{[/yf2],methods=[GET]}" onto public int com.winterchen.controller.ExceptionController.yf2(int)
【xkcoding】2018-10-18 16:57:43.676 INFO  [main] o.s.w.s.m.m.a.RequestMappingHandlerMapping - Mapped "{[/test3],methods=[GET]}" onto public java.lang.String com.winterchen.controller.ExceptionController.test3(java.lang.Integer)
【xkcoding】2018-10-18 16:57:43.677 INFO  [main] o.s.w.s.m.m.a.RequestMappingHandlerMapping - Mapped "{[/post1],methods=[POST]}" onto public int com.winterchen.controller.ExceptionController.post1(int)
【xkcoding】2018-10-18 16:57:43.677 INFO  [main] o.s.w.s.m.m.a.RequestMappingHandlerMapping - Mapped "{[/test1],methods=[GET]}" onto public java.lang.String com.winterchen.controller.ExceptionController.test1()
【xkcoding】2018-10-18 16:57:43.677 INFO  [main] o.s.w.s.m.m.a.RequestMappingHandlerMapping - Mapped "{[/test4],methods=[GET]}" onto public java.lang.String com.winterchen.controller.ExceptionController.test4()
【xkcoding】2018-10-18 16:57:43.677 INFO  [main] o.s.w.s.m.m.a.RequestMappingHandlerMapping - Mapped "{[/yf1],methods=[GET]}" onto public int com.winterchen.controller.ExceptionController.yf1(int)
【xkcoding】2018-10-18 16:57:43.678 INFO  [main] o.s.w.s.m.m.a.RequestMappingHandlerMapping - Mapped "{[/yf0],methods=[GET]}" onto public int com.winterchen.controller.ExceptionController.yf0(int)
【xkcoding】2018-10-18 16:57:43.678 INFO  [main] o.s.w.s.m.m.a.RequestMappingHandlerMapping - Mapped "{[/post0],methods=[POST]}" onto public int com.winterchen.controller.ExceptionController.post0(int)
【xkcoding】2018-10-18 16:57:43.679 INFO  [main] o.s.w.s.m.m.a.RequestMappingHandlerMapping - Mapped "{[/uploads],methods=[GET]}" onto public java.lang.String com.winterchen.controller.FileUploadController.index()
【xkcoding】2018-10-18 16:57:43.680 INFO  [main] o.s.w.s.m.m.a.RequestMappingHandlerMapping - Mapped "{[/uploads/upload1],methods=[POST]}" onto public java.util.Map<java.lang.String, java.lang.String> com.winterchen.controller.FileUploadController.upload1(org.springframework.web.multipart.MultipartFile) throws java.io.IOException
【xkcoding】2018-10-18 16:57:43.681 INFO  [main] o.s.w.s.m.m.a.RequestMappingHandlerMapping - Mapped "{[/uploads/upload3],methods=[POST]}" onto public void com.winterchen.controller.FileUploadController.upload2(java.lang.String) throws java.io.IOException
【xkcoding】2018-10-18 16:57:43.681 INFO  [main] o.s.w.s.m.m.a.RequestMappingHandlerMapping - Mapped "{[/uploads/upload2],methods=[POST]}" onto public java.util.List<java.util.Map<java.lang.String, java.lang.String>> com.winterchen.controller.FileUploadController.upload2(org.springframework.web.multipart.MultipartFile[]) throws java.io.IOException
【xkcoding】2018-10-18 16:57:43.682 INFO  [main] o.s.w.s.m.m.a.RequestMappingHandlerMapping - Mapped "{[/account/getPhone],methods=[POST]}" onto public java.lang.Object com.winterchen.controller.GetPhoneController.JsonResult(java.lang.String,java.lang.String,java.lang.String)
【xkcoding】2018-10-18 16:57:43.682 INFO  [main] o.s.w.s.m.m.a.RequestMappingHandlerMapping - Mapped "{[/log/list],methods=[GET]}" onto public java.lang.Object com.winterchen.controller.LogController.findAllLog(int,int)
【xkcoding】2018-10-18 16:57:43.683 INFO  [main] o.s.w.s.m.m.a.RequestMappingHandlerMapping - Mapped "{[/wx/api/insert],methods=[POST]}" onto public java.util.Map<java.lang.String, java.lang.Object> com.winterchen.controller.OrderInfoController.insert(com.winterchen.model.OrderInfoDomain)
【xkcoding】2018-10-18 16:57:43.684 INFO  [main] o.s.w.s.m.m.a.RequestMappingHandlerMapping - Mapped "{[/wx/api/getOrder],methods=[GET]}" onto public java.lang.Object com.winterchen.controller.OrderInfoController.getOrder(java.lang.String,java.lang.String)
【xkcoding】2018-10-18 16:57:43.684 INFO  [main] o.s.w.s.m.m.a.RequestMappingHandlerMapping - Mapped "{[/order/list],methods=[GET]}" onto public java.util.Map<java.lang.String, java.lang.Object> com.winterchen.controller.OrderManageController.list(int,int,int,java.lang.String,int,int,java.lang.String,java.lang.String)
【xkcoding】2018-10-18 16:57:43.688 INFO  [main] o.s.w.s.m.m.a.RequestMappingHandlerMapping - Mapped "{[/wx/user/update],methods=[POST]}" onto public java.util.Map<java.lang.String, java.lang.Object> com.winterchen.controller.RoleController.update(com.winterchen.model.RoleDomain)
【xkcoding】2018-10-18 16:57:43.688 INFO  [main] o.s.w.s.m.m.a.RequestMappingHandlerMapping - Mapped "{[/wx/user/allRole],methods=[GET]}" onto public java.util.Map<java.lang.String, java.lang.Object> com.winterchen.controller.RoleController.allRole(int,int,java.lang.String,java.lang.String,java.lang.String)
【xkcoding】2018-10-18 16:57:43.688 INFO  [main] o.s.w.s.m.m.a.RequestMappingHandlerMapping - Mapped "{[/wx/user/setRole],methods=[POST]}" onto public java.util.Map<java.lang.String, java.lang.Object> com.winterchen.controller.RoleController.setRole(java.lang.String,java.lang.String,java.lang.String)
【xkcoding】2018-10-18 16:57:43.689 INFO  [main] o.s.w.s.m.m.a.RequestMappingHandlerMapping - Mapped "{[/wx/user/baseInfo],methods=[POST]}" onto public java.util.Map<java.lang.String, java.lang.Object> com.winterchen.controller.RoleController.baseInfo(com.winterchen.model.RoleDomain)
【xkcoding】2018-10-18 16:57:43.691 INFO  [main] o.s.w.s.m.m.a.RequestMappingHandlerMapping - Mapped "{[/index],methods=[GET]}" onto public java.lang.String com.winterchen.controller.TESTs.index()
【xkcoding】2018-10-18 16:57:43.692 INFO  [main] o.s.w.s.m.m.a.RequestMappingHandlerMapping - Mapped "{[/team/add],methods=[POST]}" onto public java.util.Map<java.lang.String, java.lang.Object> com.winterchen.controller.TeamController.add(com.winterchen.model.TeamDomain)
【xkcoding】2018-10-18 16:57:43.693 INFO  [main] o.s.w.s.m.m.a.RequestMappingHandlerMapping - Mapped "{[/team/more],methods=[GET]}" onto public java.util.List<com.winterchen.model.dto.UserDto> com.winterchen.controller.TeamController.more()
【xkcoding】2018-10-18 16:57:43.693 INFO  [main] o.s.w.s.m.m.a.RequestMappingHandlerMapping - Mapped "{[/team/dict],methods=[GET]}" onto public java.util.Map<java.lang.String, java.lang.Object> com.winterchen.controller.TeamController.dict(java.lang.String)
【xkcoding】2018-10-18 16:57:43.693 INFO  [main] o.s.w.s.m.m.a.RequestMappingHandlerMapping - Mapped "{[/team/show],methods=[GET]}" onto public java.util.Map<java.lang.String, java.lang.Object> com.winterchen.controller.TeamController.show()
【xkcoding】2018-10-18 16:57:43.694 INFO  [main] o.s.w.s.m.m.a.RequestMappingHandlerMapping - Mapped "{[/teamDes/findOne],methods=[GET]}" onto public java.util.Map<java.lang.String, java.lang.Object> com.winterchen.controller.TeamDesController.findOne(java.lang.String)
【xkcoding】2018-10-18 16:57:43.695 INFO  [main] o.s.w.s.m.m.a.RequestMappingHandlerMapping - Mapped "{[/user/alone],methods=[POST]}" onto public java.util.Map<java.lang.String, java.lang.Object> com.winterchen.controller.UserController.alone(java.lang.Integer)
【xkcoding】2018-10-18 16:57:43.695 INFO  [main] o.s.w.s.m.m.a.RequestMappingHandlerMapping - Mapped "{[/user/add],methods=[POST]}" onto public java.util.Map<java.lang.String, java.lang.Object> com.winterchen.controller.UserController.addUser(com.winterchen.model.UserDomain)
【xkcoding】2018-10-18 16:57:43.695 INFO  [main] o.s.w.s.m.m.a.RequestMappingHandlerMapping - Mapped "{[/user/all],methods=[GET]}" onto public java.lang.Object com.winterchen.controller.UserController.findAllUser(int,int,java.lang.String,java.lang.String)
【xkcoding】2018-10-18 16:57:43.696 INFO  [main] o.s.w.s.m.m.a.RequestMappingHandlerMapping - Mapped "{[/user/del],methods=[POST]}" onto public java.util.Map<java.lang.String, java.lang.Object> com.winterchen.controller.UserController.removeArea(java.lang.Integer)
【xkcoding】2018-10-18 16:57:43.696 INFO  [main] o.s.w.s.m.m.a.RequestMappingHandlerMapping - Mapped "{[/weixin/wxPay]}" onto public com.winterchen.util.wx.weixin.Json com.winterchen.controller.WeixinController.wxPay(java.lang.String,java.lang.String,java.lang.String,java.lang.String,javax.servlet.http.HttpServletRequest)
【xkcoding】2018-10-18 16:57:43.697 INFO  [main] o.s.w.s.m.m.a.RequestMappingHandlerMapping - Mapped "{[/weixin/wxNotify]}" onto public void com.winterchen.controller.WeixinController.wxNotify(javax.servlet.http.HttpServletRequest,javax.servlet.http.HttpServletResponse) throws java.lang.Exception
【xkcoding】2018-10-18 16:57:43.700 INFO  [main] o.s.w.s.m.m.a.RequestMappingHandlerMapping - Mapped "{[/swagger-resources/configuration/security]}" onto public org.springframework.http.ResponseEntity<springfox.documentation.swagger.web.SecurityConfiguration> springfox.documentation.swagger.web.ApiResourceController.securityConfiguration()
【xkcoding】2018-10-18 16:57:43.701 INFO  [main] o.s.w.s.m.m.a.RequestMappingHandlerMapping - Mapped "{[/swagger-resources/configuration/ui]}" onto public org.springframework.http.ResponseEntity<springfox.documentation.swagger.web.UiConfiguration> springfox.documentation.swagger.web.ApiResourceController.uiConfiguration()
【xkcoding】2018-10-18 16:57:43.702 INFO  [main] o.s.w.s.m.m.a.RequestMappingHandlerMapping - Mapped "{[/swagger-resources]}" onto public org.springframework.http.ResponseEntity<java.util.List<springfox.documentation.swagger.web.SwaggerResource>> springfox.documentation.swagger.web.ApiResourceController.swaggerResources()
【xkcoding】2018-10-18 16:57:43.705 INFO  [main] o.s.w.s.m.m.a.RequestMappingHandlerMapping - Mapped "{[/error]}" onto public org.springframework.http.ResponseEntity<java.util.Map<java.lang.String, java.lang.Object>> org.springframework.boot.autoconfigure.web.servlet.error.BasicErrorController.error(javax.servlet.http.HttpServletRequest)
【xkcoding】2018-10-18 16:57:43.705 INFO  [main] o.s.w.s.m.m.a.RequestMappingHandlerMapping - Mapped "{[/error],produces=[text/html]}" onto public org.springframework.web.servlet.ModelAndView org.springframework.boot.autoconfigure.web.servlet.error.BasicErrorController.errorHtml(javax.servlet.http.HttpServletRequest,javax.servlet.http.HttpServletResponse)
【xkcoding】2018-10-18 16:57:43.864 INFO  [main] s.d.s.w.PropertySourcedRequestMappingHandlerMapping - Mapped URL path [/v2/api-docs] onto method [public org.springframework.http.ResponseEntity<springfox.documentation.spring.web.json.Json> springfox.documentation.swagger2.web.Swagger2Controller.getDocumentation(java.lang.String,javax.servlet.http.HttpServletRequest)]
【xkcoding】2018-10-18 16:57:44.047 INFO  [main] o.s.w.s.h.SimpleUrlHandlerMapping - Mapped URL path [/**/favicon.ico] onto handler of type [class org.springframework.web.servlet.resource.ResourceHttpRequestHandler]
【xkcoding】2018-10-18 16:57:44.245 INFO  [main] o.s.w.s.m.m.a.RequestMappingHandlerAdapter - Looking for @ControllerAdvice: org.springframework.boot.web.servlet.context.AnnotationConfigServletWebServerApplicationContext@52066604: startup date [Thu Oct 18 16:57:40 CST 2018]; root of context hierarchy
【xkcoding】2018-10-18 16:57:44.313 INFO  [main] o.s.w.s.h.SimpleUrlHandlerMapping - Mapped URL path [/webjars/**] onto handler of type [class org.springframework.web.servlet.resource.ResourceHttpRequestHandler]
【xkcoding】2018-10-18 16:57:44.313 INFO  [main] o.s.w.s.h.SimpleUrlHandlerMapping - Mapped URL path [/**] onto handler of type [class org.springframework.web.servlet.resource.ResourceHttpRequestHandler]
【xkcoding】2018-10-18 16:57:44.334 INFO  [main] o.s.w.s.m.m.a.ExceptionHandlerExceptionResolver - Detected @ExceptionHandler methods in globalExceptionHandler
【xkcoding】2018-10-18 16:57:44.840 INFO  [main] o.s.j.e.a.AnnotationMBeanExporter - Registering beans for JMX exposure on startup
【xkcoding】2018-10-18 16:57:44.842 INFO  [main] o.s.j.e.a.AnnotationMBeanExporter - Bean with name 'statFilter' has been autodetected for JMX exposure
【xkcoding】2018-10-18 16:57:44.842 INFO  [main] o.s.j.e.a.AnnotationMBeanExporter - Bean with name 'dataSource' has been autodetected for JMX exposure
【xkcoding】2018-10-18 16:57:44.850 INFO  [main] o.s.j.e.a.AnnotationMBeanExporter - Located MBean 'dataSource': registering with JMX server as MBean [com.alibaba.druid.spring.boot.autoconfigure:name=dataSource,type=DruidDataSourceWrapper]
【xkcoding】2018-10-18 16:57:44.851 INFO  [main] o.s.j.e.a.AnnotationMBeanExporter - Located MBean 'statFilter': registering with JMX server as MBean [com.alibaba.druid.filter.stat:name=statFilter,type=StatFilter]
【xkcoding】2018-10-18 16:57:44.855 INFO  [main] o.s.c.s.DefaultLifecycleProcessor - Starting beans in phase 2147483647
【xkcoding】2018-10-18 16:57:44.855 INFO  [main] s.d.s.w.p.DocumentationPluginsBootstrapper - Context refreshed
【xkcoding】2018-10-18 16:57:44.869 INFO  [main] s.d.s.w.p.DocumentationPluginsBootstrapper - Found 1 custom documentation plugin(s)
【xkcoding】2018-10-18 16:57:44.903 INFO  [main] s.d.s.w.s.ApiListingReferenceScanner - Scanning for api listing references
【xkcoding】2018-10-18 16:57:45.116 INFO  [main] s.d.s.w.r.o.CachingOperationNameGenerator - Generating unique operation named: upload2UsingPOST_1
【xkcoding】2018-10-18 16:57:45.184 INFO  [main] s.d.s.w.r.o.CachingOperationNameGenerator - Generating unique operation named: indexUsingGET_1
【xkcoding】2018-10-18 16:57:45.251 INFO  [main] o.a.coyote.http11.Http11NioProtocol - Starting ProtocolHandler ["http-nio-8099"]
【xkcoding】2018-10-18 16:57:45.291 INFO  [main] o.a.tomcat.util.net.NioSelectorPool - Using a shared selector for servlet write/read
【xkcoding】2018-10-18 16:57:45.307 INFO  [main] o.s.b.w.e.tomcat.TomcatWebServer - Tomcat started on port(s): 8099 (http) with context path ''
【xkcoding】2018-10-18 16:57:45.312 INFO  [main] c.w.Springboot2MybatisDemoApplication - Started Springboot2MybatisDemoApplication in 5.788 seconds (JVM running for 6.507)
【xkcoding】2018-10-18 16:57:53.002 INFO  [http-nio-8099-exec-1] o.a.c.c.C.[Tomcat].[localhost].[/] - Initializing Spring FrameworkServlet 'dispatcherServlet'
【xkcoding】2018-10-18 16:57:53.002 INFO  [http-nio-8099-exec-1] o.s.web.servlet.DispatcherServlet - FrameworkServlet 'dispatcherServlet': initialization started
【xkcoding】2018-10-18 16:57:53.027 INFO  [http-nio-8099-exec-1] o.s.web.servlet.DispatcherServlet - FrameworkServlet 'dispatcherServlet': initialization completed in 25 ms
【xkcoding】2018-10-18 16:57:53.062 INFO  [http-nio-8099-exec-1] com.winterchen.aspectj.AopLog - 【请求类名】：com.winterchen.controller.WeixinController，【请求方法名】：wxPay
【xkcoding】2018-10-18 16:58:37.784 INFO  [http-nio-8099-exec-2] com.winterchen.aspectj.AopLog - 【请求类名】：com.winterchen.controller.RoleController，【请求方法名】：allRole
【xkcoding】2018-10-18 16:58:45.381 INFO  [http-nio-8099-exec-3] com.winterchen.aspectj.AopLog - 【请求类名】：com.winterchen.controller.ArticleTypeController，【请求方法名】：getList
【xkcoding】2018-10-18 16:58:53.097 INFO  [http-nio-8099-exec-5] com.winterchen.aspectj.AopLog - 【请求类名】：com.winterchen.controller.TeamController，【请求方法名】：show
【xkcoding】2018-10-18 16:58:53.099 INFO  [http-nio-8099-exec-4] com.winterchen.aspectj.AopLog - 【请求类名】：com.winterchen.controller.TeamDesController，【请求方法名】：findOne
【xkcoding】2018-10-18 16:58:58.211 INFO  [http-nio-8099-exec-6] com.winterchen.aspectj.AopLog - 【请求类名】：com.winterchen.controller.ArticleTypeController，【请求方法名】：getList
【xkcoding】2018-10-18 16:59:01.154 INFO  [http-nio-8099-exec-7] com.winterchen.aspectj.AopLog - 【请求类名】：com.winterchen.controller.OrderInfoController，【请求方法名】：insert
【xkcoding】2018-10-18 16:59:01.244 INFO  [http-nio-8099-exec-8] com.winterchen.aspectj.AopLog - 【请求类名】：com.winterchen.controller.OrderInfoController，【请求方法名】：getOrder
【xkcoding】2018-10-18 16:59:04.811 INFO  [http-nio-8099-exec-9] com.winterchen.aspectj.AopLog - 【请求类名】：com.winterchen.controller.WeixinController，【请求方法名】：wxPay
【xkcoding】2018-10-18 17:00:35.441 INFO  [http-nio-8099-exec-3] com.winterchen.aspectj.AopLog - 【请求类名】：com.winterchen.controller.RoleController，【请求方法名】：allRole
【xkcoding】2018-10-18 17:00:55.476 INFO  [http-nio-8099-exec-5] com.winterchen.aspectj.AopLog - 【请求类名】：com.winterchen.controller.RoleController，【请求方法名】：allRole
【xkcoding】2018-10-18 17:01:05.422 INFO  [http-nio-8099-exec-4] com.winterchen.aspectj.AopLog - 【请求类名】：com.winterchen.controller.ArticleTypeController，【请求方法名】：getList
【xkcoding】2018-10-18 17:01:07.704 INFO  [http-nio-8099-exec-6] com.winterchen.aspectj.AopLog - 【请求类名】：com.winterchen.controller.ArticleTypeController，【请求方法名】：getList
【xkcoding】2018-10-18 17:03:59.565 INFO  [http-nio-8099-exec-8] com.winterchen.aspectj.AopLog - 【请求类名】：com.winterchen.controller.RoleController，【请求方法名】：allRole
【xkcoding】2018-10-18 17:04:32.776 INFO  [http-nio-8099-exec-9] com.winterchen.aspectj.AopLog - 【请求类名】：com.winterchen.controller.RoleController，【请求方法名】：allRole
【xkcoding】2018-10-18 17:04:36.559 INFO  [http-nio-8099-exec-10] com.winterchen.aspectj.AopLog - 【请求类名】：com.winterchen.controller.ArticleTypeController，【请求方法名】：getList
【xkcoding】2018-10-18 17:04:46.397 INFO  [http-nio-8099-exec-1] com.winterchen.aspectj.AopLog - 【请求类名】：com.winterchen.controller.TeamDesController，【请求方法名】：findOne
【xkcoding】2018-10-18 17:04:46.408 INFO  [http-nio-8099-exec-2] com.winterchen.aspectj.AopLog - 【请求类名】：com.winterchen.controller.TeamController，【请求方法名】：show
【xkcoding】2018-10-18 17:04:48.028 INFO  [http-nio-8099-exec-3] com.winterchen.aspectj.AopLog - 【请求类名】：com.winterchen.controller.TeamDesController，【请求方法名】：findOne
【xkcoding】2018-10-18 17:05:02.366 INFO  [http-nio-8099-exec-4] com.winterchen.aspectj.AopLog - 【请求类名】：com.winterchen.controller.ArticleTypeController，【请求方法名】：getList
【xkcoding】2018-10-18 17:05:13.525 INFO  [http-nio-8099-exec-6] com.winterchen.aspectj.AopLog - 【请求类名】：com.winterchen.controller.OrderInfoController，【请求方法名】：insert
【xkcoding】2018-10-18 17:05:13.676 INFO  [http-nio-8099-exec-7] com.winterchen.aspectj.AopLog - 【请求类名】：com.winterchen.controller.OrderInfoController，【请求方法名】：getOrder
【xkcoding】2018-10-18 17:05:21.003 INFO  [http-nio-8099-exec-8] com.winterchen.aspectj.AopLog - 【请求类名】：com.winterchen.controller.WeixinController，【请求方法名】：wxPay
【xkcoding】2018-10-18 17:06:05.243 INFO  [http-nio-8099-exec-10] com.winterchen.aspectj.AopLog - 【请求类名】：com.winterchen.controller.RoleController，【请求方法名】：allRole
【xkcoding】2018-10-18 17:09:16.283 INFO  [http-nio-8099-exec-2] com.winterchen.aspectj.AopLog - 【请求类名】：com.winterchen.controller.OrderInfoController，【请求方法名】：insert
【xkcoding】2018-10-18 17:09:16.448 INFO  [http-nio-8099-exec-3] com.winterchen.aspectj.AopLog - 【请求类名】：com.winterchen.controller.OrderInfoController，【请求方法名】：getOrder
