【xkcoding】2018-09-26 10:20:12.081 INFO  [main] c.w.Springboot2MybatisDemoApplication - Starting Springboot2MybatisDemoApplication on yangfengdeMacBook-Pro.local with PID 11668 (/Users/yangfeng/plugs/important/w_lunwen/java/w-java-manage/target/classes started by yangfeng in /Users/yangfeng/plugs/important/w_lunwen/java/w-java-manage)
【xkcoding】2018-09-26 10:20:12.086 INFO  [main] c.w.Springboot2MybatisDemoApplication - No active profile set, falling back to default profiles: default
【xkcoding】2018-09-26 10:20:12.157 INFO  [main] o.s.b.w.s.c.AnnotationConfigServletWebServerApplicationContext - Refreshing org.springframework.boot.web.servlet.context.AnnotationConfigServletWebServerApplicationContext@512535ff: startup date [Wed Sep 26 10:20:12 CST 2018]; root of context hierarchy
【xkcoding】2018-09-26 10:20:13.502 INFO  [main] o.s.c.s.PostProcessorRegistrationDelegate$BeanPostProcessorChecker - Bean 'org.springframework.transaction.annotation.ProxyTransactionManagementConfiguration' of type [org.springframework.transaction.annotation.ProxyTransactionManagementConfiguration$$EnhancerBySpringCGLIB$$e899d67c] is not eligible for getting processed by all BeanPostProcessors (for example: not eligible for auto-proxying)
【xkcoding】2018-09-26 10:20:14.022 INFO  [main] o.s.b.w.e.tomcat.TomcatWebServer - Tomcat initialized with port(s): 8099 (http)
【xkcoding】2018-09-26 10:20:14.037 INFO  [main] o.a.coyote.http11.Http11NioProtocol - Initializing ProtocolHandler ["http-nio-8099"]
【xkcoding】2018-09-26 10:20:14.046 INFO  [main] o.a.catalina.core.StandardService - Starting service [Tomcat]
【xkcoding】2018-09-26 10:20:14.046 INFO  [main] o.a.catalina.core.StandardEngine - Starting Servlet Engine: Apache Tomcat/8.5.29
【xkcoding】2018-09-26 10:20:14.051 INFO  [localhost-startStop-1] o.a.c.core.AprLifecycleListener - The APR based Apache Tomcat Native library which allows optimal performance in production environments was not found on the java.library.path: [/Users/yangfeng/Library/Java/Extensions:/Library/Java/Extensions:/Network/Library/Java/Extensions:/System/Library/Java/Extensions:/usr/lib/java:.]
【xkcoding】2018-09-26 10:20:14.149 INFO  [localhost-startStop-1] o.a.c.c.C.[Tomcat].[localhost].[/] - Initializing Spring embedded WebApplicationContext
【xkcoding】2018-09-26 10:20:14.149 INFO  [localhost-startStop-1] o.s.web.context.ContextLoader - Root WebApplicationContext: initialization completed in 1992 ms
【xkcoding】2018-09-26 10:20:14.464 INFO  [localhost-startStop-1] o.s.b.w.s.ServletRegistrationBean - Servlet dispatcherServlet mapped to [/]
【xkcoding】2018-09-26 10:20:14.466 INFO  [localhost-startStop-1] o.s.b.w.s.ServletRegistrationBean - Servlet statViewServlet mapped to [/druid/*]
【xkcoding】2018-09-26 10:20:14.471 INFO  [localhost-startStop-1] o.s.b.w.s.FilterRegistrationBean - Mapping filter: 'characterEncodingFilter' to: [/*]
【xkcoding】2018-09-26 10:20:14.471 INFO  [localhost-startStop-1] o.s.b.w.s.FilterRegistrationBean - Mapping filter: 'hiddenHttpMethodFilter' to: [/*]
【xkcoding】2018-09-26 10:20:14.471 INFO  [localhost-startStop-1] o.s.b.w.s.FilterRegistrationBean - Mapping filter: 'httpPutFormContentFilter' to: [/*]
【xkcoding】2018-09-26 10:20:14.471 INFO  [localhost-startStop-1] o.s.b.w.s.FilterRegistrationBean - Mapping filter: 'requestContextFilter' to: [/*]
【xkcoding】2018-09-26 10:20:14.472 INFO  [localhost-startStop-1] o.s.b.w.s.FilterRegistrationBean - Mapping filter: 'webStatFilter' to urls: [/*]
【xkcoding】2018-09-26 10:20:14.472 INFO  [localhost-startStop-1] o.s.b.w.s.FilterRegistrationBean - Mapping filter: 'corsFilter' to: [/*]
【xkcoding】2018-09-26 10:20:14.602 INFO  [main] c.a.d.s.b.a.DruidDataSourceAutoConfigure - Init DruidDataSource
【xkcoding】2018-09-26 10:20:15.194 INFO  [main] c.alibaba.druid.pool.DruidDataSource - {dataSource-1} inited
【xkcoding】2018-09-26 10:20:16.073 INFO  [main] o.s.w.s.m.m.a.RequestMappingHandlerMapping - Mapped "{[/account/delAccount],methods=[POST]}" onto public java.util.Map<java.lang.String, java.lang.Object> com.winterchen.controller.AccountController.delAccount(java.lang.Integer)
【xkcoding】2018-09-26 10:20:16.074 INFO  [main] o.s.w.s.m.m.a.RequestMappingHandlerMapping - Mapped "{[/account/vlogin],methods=[POST]}" onto public java.util.Map<java.lang.String, java.lang.Object> com.winterchen.controller.AccountController.ilogin(java.lang.String,java.lang.String)
【xkcoding】2018-09-26 10:20:16.074 INFO  [main] o.s.w.s.m.m.a.RequestMappingHandlerMapping - Mapped "{[/account/deleteAccount],methods=[POST]}" onto public java.util.Map<java.lang.String, java.lang.Object> com.winterchen.controller.AccountController.deleteAccount(java.lang.String)
【xkcoding】2018-09-26 10:20:16.074 INFO  [main] o.s.w.s.m.m.a.RequestMappingHandlerMapping - Mapped "{[/account/AddEditAccount],methods=[POST]}" onto public java.util.Map<java.lang.String, java.lang.Object> com.winterchen.controller.AccountController.AddEditAccount(com.winterchen.model.AccountDomain)
【xkcoding】2018-09-26 10:20:16.075 INFO  [main] o.s.w.s.m.m.a.RequestMappingHandlerMapping - Mapped "{[/account/allAccount],methods=[GET]}" onto public java.lang.Object com.winterchen.controller.AccountController.allAccount(int,int)
【xkcoding】2018-09-26 10:20:16.075 INFO  [main] o.s.w.s.m.m.a.RequestMappingHandlerMapping - Mapped "{[/account/updatePwd],methods=[POST]}" onto public java.util.Map<java.lang.String, java.lang.Object> com.winterchen.controller.AccountController.updatePwd(java.lang.String,java.lang.String,java.lang.String)
【xkcoding】2018-09-26 10:20:16.076 INFO  [main] o.s.w.s.m.m.a.RequestMappingHandlerMapping - Mapped "{[/article/getList],methods=[GET]}" onto public java.util.List<com.winterchen.model.ArticleTypeDomain> com.winterchen.controller.ArticleTypeController.getList(java.lang.String)
【xkcoding】2018-09-26 10:20:16.088 INFO  [main] o.s.w.s.m.m.a.RequestMappingHandlerMapping - Mapped "{[/yf1],methods=[GET]}" onto public int com.winterchen.controller.ExceptionController.yf1(int)
【xkcoding】2018-09-26 10:20:16.089 INFO  [main] o.s.w.s.m.m.a.RequestMappingHandlerMapping - Mapped "{[/yf2],methods=[GET]}" onto public int com.winterchen.controller.ExceptionController.yf2(int)
【xkcoding】2018-09-26 10:20:16.089 INFO  [main] o.s.w.s.m.m.a.RequestMappingHandlerMapping - Mapped "{[/yf11/{id}],methods=[GET]}" onto public int com.winterchen.controller.ExceptionController.yf11(int)
【xkcoding】2018-09-26 10:20:16.089 INFO  [main] o.s.w.s.m.m.a.RequestMappingHandlerMapping - Mapped "{[/post0],methods=[POST]}" onto public int com.winterchen.controller.ExceptionController.post0(int)
【xkcoding】2018-09-26 10:20:16.090 INFO  [main] o.s.w.s.m.m.a.RequestMappingHandlerMapping - Mapped "{[/yf0],methods=[GET]}" onto public int com.winterchen.controller.ExceptionController.yf0(int)
【xkcoding】2018-09-26 10:20:16.090 INFO  [main] o.s.w.s.m.m.a.RequestMappingHandlerMapping - Mapped "{[/post1],methods=[POST]}" onto public int com.winterchen.controller.ExceptionController.post1(int)
【xkcoding】2018-09-26 10:20:16.090 INFO  [main] o.s.w.s.m.m.a.RequestMappingHandlerMapping - Mapped "{[/post2],methods=[POST]}" onto public int com.winterchen.controller.ExceptionController.post2(int)
【xkcoding】2018-09-26 10:20:16.090 INFO  [main] o.s.w.s.m.m.a.RequestMappingHandlerMapping - Mapped "{[/test1],methods=[GET]}" onto public java.lang.String com.winterchen.controller.ExceptionController.test1()
【xkcoding】2018-09-26 10:20:16.091 INFO  [main] o.s.w.s.m.m.a.RequestMappingHandlerMapping - Mapped "{[/test2],methods=[GET]}" onto public java.util.Map<java.lang.String, java.lang.String> com.winterchen.controller.ExceptionController.test2()
【xkcoding】2018-09-26 10:20:16.091 INFO  [main] o.s.w.s.m.m.a.RequestMappingHandlerMapping - Mapped "{[/test3],methods=[GET]}" onto public java.lang.String com.winterchen.controller.ExceptionController.test3(java.lang.Integer)
【xkcoding】2018-09-26 10:20:16.091 INFO  [main] o.s.w.s.m.m.a.RequestMappingHandlerMapping - Mapped "{[/test4],methods=[GET]}" onto public java.lang.String com.winterchen.controller.ExceptionController.test4()
【xkcoding】2018-09-26 10:20:16.092 INFO  [main] o.s.w.s.m.m.a.RequestMappingHandlerMapping - Mapped "{[/uploads],methods=[GET]}" onto public java.lang.String com.winterchen.controller.FileUploadController.index()
【xkcoding】2018-09-26 10:20:16.101 INFO  [main] o.s.w.s.m.m.a.RequestMappingHandlerMapping - Mapped "{[/uploads/upload1],methods=[POST]}" onto public java.util.Map<java.lang.String, java.lang.String> com.winterchen.controller.FileUploadController.upload1(org.springframework.web.multipart.MultipartFile) throws java.io.IOException
【xkcoding】2018-09-26 10:20:16.101 INFO  [main] o.s.w.s.m.m.a.RequestMappingHandlerMapping - Mapped "{[/uploads/upload3],methods=[POST]}" onto public void com.winterchen.controller.FileUploadController.upload2(java.lang.String) throws java.io.IOException
【xkcoding】2018-09-26 10:20:16.102 INFO  [main] o.s.w.s.m.m.a.RequestMappingHandlerMapping - Mapped "{[/uploads/upload2],methods=[POST]}" onto public java.util.List<java.util.Map<java.lang.String, java.lang.String>> com.winterchen.controller.FileUploadController.upload2(org.springframework.web.multipart.MultipartFile[]) throws java.io.IOException
【xkcoding】2018-09-26 10:20:16.103 INFO  [main] o.s.w.s.m.m.a.RequestMappingHandlerMapping - Mapped "{[/log/list],methods=[GET]}" onto public java.lang.Object com.winterchen.controller.LogController.findAllLog(int,int)
【xkcoding】2018-09-26 10:20:16.104 INFO  [main] o.s.w.s.m.m.a.RequestMappingHandlerMapping - Mapped "{[/wx/user/setRole],methods=[POST]}" onto public java.util.Map<java.lang.String, java.lang.Object> com.winterchen.controller.RoleController.setRole(java.lang.String,java.lang.String,java.lang.String)
【xkcoding】2018-09-26 10:20:16.104 INFO  [main] o.s.w.s.m.m.a.RequestMappingHandlerMapping - Mapped "{[/wx/user/allRole],methods=[GET]}" onto public java.util.Map<java.lang.String, java.lang.Object> com.winterchen.controller.RoleController.allRole(int,int,java.lang.String,java.lang.String,java.lang.String)
【xkcoding】2018-09-26 10:20:16.104 INFO  [main] o.s.w.s.m.m.a.RequestMappingHandlerMapping - Mapped "{[/wx/user/baseInfo],methods=[POST]}" onto public java.util.Map<java.lang.String, java.lang.Object> com.winterchen.controller.RoleController.baseInfo(com.winterchen.model.RoleDomain)
【xkcoding】2018-09-26 10:20:16.108 INFO  [main] o.s.w.s.m.m.a.RequestMappingHandlerMapping - Mapped "{[/team/add],methods=[POST]}" onto public java.util.Map<java.lang.String, java.lang.Object> com.winterchen.controller.TeamController.add(com.winterchen.model.TeamDomain)
【xkcoding】2018-09-26 10:20:16.109 INFO  [main] o.s.w.s.m.m.a.RequestMappingHandlerMapping - Mapped "{[/team/show],methods=[GET]}" onto public java.util.Map<java.lang.String, java.lang.Object> com.winterchen.controller.TeamController.show()
【xkcoding】2018-09-26 10:20:16.109 INFO  [main] o.s.w.s.m.m.a.RequestMappingHandlerMapping - Mapped "{[/team/dict],methods=[GET]}" onto public java.util.Map<java.lang.String, java.lang.Object> com.winterchen.controller.TeamController.dict(java.lang.String)
【xkcoding】2018-09-26 10:20:16.109 INFO  [main] o.s.w.s.m.m.a.RequestMappingHandlerMapping - Mapped "{[/team/more],methods=[GET]}" onto public java.util.List<com.winterchen.model.dto.UserDto> com.winterchen.controller.TeamController.more()
【xkcoding】2018-09-26 10:20:16.110 INFO  [main] o.s.w.s.m.m.a.RequestMappingHandlerMapping - Mapped "{[/teamDes/findOne],methods=[GET]}" onto public java.util.Map<java.lang.String, java.lang.Object> com.winterchen.controller.TeamDesController.findOne(java.lang.String)
【xkcoding】2018-09-26 10:20:16.113 INFO  [main] o.s.w.s.m.m.a.RequestMappingHandlerMapping - Mapped "{[/user/add],methods=[POST]}" onto public java.util.Map<java.lang.String, java.lang.Object> com.winterchen.controller.UserController.addUser(com.winterchen.model.UserDomain)
【xkcoding】2018-09-26 10:20:16.114 INFO  [main] o.s.w.s.m.m.a.RequestMappingHandlerMapping - Mapped "{[/user/all],methods=[GET]}" onto public java.lang.Object com.winterchen.controller.UserController.findAllUser(int,int,java.lang.String,java.lang.String)
【xkcoding】2018-09-26 10:20:16.114 INFO  [main] o.s.w.s.m.m.a.RequestMappingHandlerMapping - Mapped "{[/user/alone],methods=[POST]}" onto public java.util.Map<java.lang.String, java.lang.Object> com.winterchen.controller.UserController.alone(java.lang.Integer)
【xkcoding】2018-09-26 10:20:16.114 INFO  [main] o.s.w.s.m.m.a.RequestMappingHandlerMapping - Mapped "{[/user/del],methods=[POST]}" onto public java.util.Map<java.lang.String, java.lang.Object> com.winterchen.controller.UserController.removeArea(java.lang.Integer)
【xkcoding】2018-09-26 10:20:16.120 INFO  [main] o.s.w.s.m.m.a.RequestMappingHandlerMapping - Mapped "{[/swagger-resources/configuration/security]}" onto public org.springframework.http.ResponseEntity<springfox.documentation.swagger.web.SecurityConfiguration> springfox.documentation.swagger.web.ApiResourceController.securityConfiguration()
【xkcoding】2018-09-26 10:20:16.121 INFO  [main] o.s.w.s.m.m.a.RequestMappingHandlerMapping - Mapped "{[/swagger-resources/configuration/ui]}" onto public org.springframework.http.ResponseEntity<springfox.documentation.swagger.web.UiConfiguration> springfox.documentation.swagger.web.ApiResourceController.uiConfiguration()
【xkcoding】2018-09-26 10:20:16.122 INFO  [main] o.s.w.s.m.m.a.RequestMappingHandlerMapping - Mapped "{[/swagger-resources]}" onto public org.springframework.http.ResponseEntity<java.util.List<springfox.documentation.swagger.web.SwaggerResource>> springfox.documentation.swagger.web.ApiResourceController.swaggerResources()
【xkcoding】2018-09-26 10:20:16.125 INFO  [main] o.s.w.s.m.m.a.RequestMappingHandlerMapping - Mapped "{[/error]}" onto public org.springframework.http.ResponseEntity<java.util.Map<java.lang.String, java.lang.Object>> org.springframework.boot.autoconfigure.web.servlet.error.BasicErrorController.error(javax.servlet.http.HttpServletRequest)
【xkcoding】2018-09-26 10:20:16.125 INFO  [main] o.s.w.s.m.m.a.RequestMappingHandlerMapping - Mapped "{[/error],produces=[text/html]}" onto public org.springframework.web.servlet.ModelAndView org.springframework.boot.autoconfigure.web.servlet.error.BasicErrorController.errorHtml(javax.servlet.http.HttpServletRequest,javax.servlet.http.HttpServletResponse)
【xkcoding】2018-09-26 10:20:16.297 INFO  [main] s.d.s.w.PropertySourcedRequestMappingHandlerMapping - Mapped URL path [/v2/api-docs] onto method [public org.springframework.http.ResponseEntity<springfox.documentation.spring.web.json.Json> springfox.documentation.swagger2.web.Swagger2Controller.getDocumentation(java.lang.String,javax.servlet.http.HttpServletRequest)]
【xkcoding】2018-09-26 10:20:16.531 INFO  [main] o.s.w.s.h.SimpleUrlHandlerMapping - Mapped URL path [/**/favicon.ico] onto handler of type [class org.springframework.web.servlet.resource.ResourceHttpRequestHandler]
【xkcoding】2018-09-26 10:20:16.777 INFO  [main] o.s.w.s.m.m.a.RequestMappingHandlerAdapter - Looking for @ControllerAdvice: org.springframework.boot.web.servlet.context.AnnotationConfigServletWebServerApplicationContext@512535ff: startup date [Wed Sep 26 10:20:12 CST 2018]; root of context hierarchy
【xkcoding】2018-09-26 10:20:16.848 INFO  [main] o.s.w.s.h.SimpleUrlHandlerMapping - Mapped URL path [/webjars/**] onto handler of type [class org.springframework.web.servlet.resource.ResourceHttpRequestHandler]
【xkcoding】2018-09-26 10:20:16.848 INFO  [main] o.s.w.s.h.SimpleUrlHandlerMapping - Mapped URL path [/**] onto handler of type [class org.springframework.web.servlet.resource.ResourceHttpRequestHandler]
【xkcoding】2018-09-26 10:20:16.869 INFO  [main] o.s.w.s.m.m.a.ExceptionHandlerExceptionResolver - Detected @ExceptionHandler methods in globalExceptionHandler
【xkcoding】2018-09-26 10:20:17.341 INFO  [main] o.s.j.e.a.AnnotationMBeanExporter - Registering beans for JMX exposure on startup
【xkcoding】2018-09-26 10:20:17.343 INFO  [main] o.s.j.e.a.AnnotationMBeanExporter - Bean with name 'statFilter' has been autodetected for JMX exposure
【xkcoding】2018-09-26 10:20:17.344 INFO  [main] o.s.j.e.a.AnnotationMBeanExporter - Bean with name 'dataSource' has been autodetected for JMX exposure
【xkcoding】2018-09-26 10:20:17.351 INFO  [main] o.s.j.e.a.AnnotationMBeanExporter - Located MBean 'dataSource': registering with JMX server as MBean [com.alibaba.druid.spring.boot.autoconfigure:name=dataSource,type=DruidDataSourceWrapper]
【xkcoding】2018-09-26 10:20:17.352 INFO  [main] o.s.j.e.a.AnnotationMBeanExporter - Located MBean 'statFilter': registering with JMX server as MBean [com.alibaba.druid.filter.stat:name=statFilter,type=StatFilter]
【xkcoding】2018-09-26 10:20:17.358 INFO  [main] o.s.c.s.DefaultLifecycleProcessor - Starting beans in phase 2147483647
【xkcoding】2018-09-26 10:20:17.358 INFO  [main] s.d.s.w.p.DocumentationPluginsBootstrapper - Context refreshed
【xkcoding】2018-09-26 10:20:17.379 INFO  [main] s.d.s.w.p.DocumentationPluginsBootstrapper - Found 1 custom documentation plugin(s)
【xkcoding】2018-09-26 10:20:17.416 INFO  [main] s.d.s.w.s.ApiListingReferenceScanner - Scanning for api listing references
【xkcoding】2018-09-26 10:20:17.655 INFO  [main] s.d.s.w.r.o.CachingOperationNameGenerator - Generating unique operation named: upload2UsingPOST_1
【xkcoding】2018-09-26 10:20:17.773 INFO  [main] o.a.coyote.http11.Http11NioProtocol - Starting ProtocolHandler ["http-nio-8099"]
【xkcoding】2018-09-26 10:20:17.797 INFO  [main] o.a.tomcat.util.net.NioSelectorPool - Using a shared selector for servlet write/read
【xkcoding】2018-09-26 10:20:17.811 INFO  [main] o.s.b.w.e.tomcat.TomcatWebServer - Tomcat started on port(s): 8099 (http) with context path ''
【xkcoding】2018-09-26 10:20:17.815 INFO  [main] c.w.Springboot2MybatisDemoApplication - Started Springboot2MybatisDemoApplication in 6.509 seconds (JVM running for 7.709)
【xkcoding】2018-09-26 10:23:45.585 INFO  [http-nio-8099-exec-1] o.a.c.c.C.[Tomcat].[localhost].[/] - Initializing Spring FrameworkServlet 'dispatcherServlet'
【xkcoding】2018-09-26 10:23:45.586 INFO  [http-nio-8099-exec-1] o.s.web.servlet.DispatcherServlet - FrameworkServlet 'dispatcherServlet': initialization started
【xkcoding】2018-09-26 10:23:45.610 INFO  [http-nio-8099-exec-1] o.s.web.servlet.DispatcherServlet - FrameworkServlet 'dispatcherServlet': initialization completed in 24 ms
【xkcoding】2018-09-26 10:23:45.655 INFO  [http-nio-8099-exec-1] com.winterchen.aspectj.AopLog - 【请求类名】：com.winterchen.controller.RoleController，【请求方法名】：allRole
【xkcoding】2018-09-26 10:37:15.643 INFO  [http-nio-8099-exec-3] com.winterchen.aspectj.AopLog - 【请求类名】：com.winterchen.controller.ArticleTypeController，【请求方法名】：getList
【xkcoding】2018-09-26 10:37:22.528 INFO  [http-nio-8099-exec-4] com.winterchen.aspectj.AopLog - 【请求类名】：com.winterchen.controller.ArticleTypeController，【请求方法名】：getList
【xkcoding】2018-09-26 10:40:58.174 INFO  [http-nio-8099-exec-6] com.winterchen.aspectj.AopLog - 【请求类名】：com.winterchen.controller.RoleController，【请求方法名】：allRole
【xkcoding】2018-09-26 10:41:23.547 INFO  [http-nio-8099-exec-7] com.winterchen.aspectj.AopLog - 【请求类名】：com.winterchen.controller.RoleController，【请求方法名】：allRole
【xkcoding】2018-09-26 10:42:26.664 INFO  [http-nio-8099-exec-9] com.winterchen.aspectj.AopLog - 【请求类名】：com.winterchen.controller.RoleController，【请求方法名】：allRole
【xkcoding】2018-09-26 10:42:56.852 INFO  [http-nio-8099-exec-10] com.winterchen.aspectj.AopLog - 【请求类名】：com.winterchen.controller.RoleController，【请求方法名】：allRole
【xkcoding】2018-09-26 10:43:04.623 INFO  [http-nio-8099-exec-1] com.winterchen.aspectj.AopLog - 【请求类名】：com.winterchen.controller.RoleController，【请求方法名】：allRole
【xkcoding】2018-09-26 10:43:48.825 INFO  [http-nio-8099-exec-2] com.winterchen.aspectj.AopLog - 【请求类名】：com.winterchen.controller.RoleController，【请求方法名】：allRole
【xkcoding】2018-09-26 10:44:32.924 INFO  [http-nio-8099-exec-3] com.winterchen.aspectj.AopLog - 【请求类名】：com.winterchen.controller.RoleController，【请求方法名】：allRole
【xkcoding】2018-09-26 10:44:49.841 INFO  [http-nio-8099-exec-4] com.winterchen.aspectj.AopLog - 【请求类名】：com.winterchen.controller.RoleController，【请求方法名】：allRole
【xkcoding】2018-09-26 10:44:55.580 INFO  [http-nio-8099-exec-5] com.winterchen.aspectj.AopLog - 【请求类名】：com.winterchen.controller.RoleController，【请求方法名】：allRole
【xkcoding】2018-09-26 10:45:05.683 INFO  [http-nio-8099-exec-6] com.winterchen.aspectj.AopLog - 【请求类名】：com.winterchen.controller.RoleController，【请求方法名】：allRole
【xkcoding】2018-09-26 10:45:13.773 INFO  [http-nio-8099-exec-7] com.winterchen.aspectj.AopLog - 【请求类名】：com.winterchen.controller.RoleController，【请求方法名】：allRole
【xkcoding】2018-09-26 10:45:17.715 INFO  [http-nio-8099-exec-8] com.winterchen.aspectj.AopLog - 【请求类名】：com.winterchen.controller.RoleController，【请求方法名】：allRole
【xkcoding】2018-09-26 10:45:59.836 INFO  [http-nio-8099-exec-9] com.winterchen.aspectj.AopLog - 【请求类名】：com.winterchen.controller.RoleController，【请求方法名】：allRole
【xkcoding】2018-09-26 10:46:15.716 INFO  [http-nio-8099-exec-10] com.winterchen.aspectj.AopLog - 【请求类名】：com.winterchen.controller.RoleController，【请求方法名】：allRole
【xkcoding】2018-09-26 10:49:19.113 INFO  [http-nio-8099-exec-2] com.winterchen.aspectj.AopLog - 【请求类名】：com.winterchen.controller.RoleController，【请求方法名】：allRole
【xkcoding】2018-09-26 10:49:31.147 INFO  [http-nio-8099-exec-3] com.winterchen.aspectj.AopLog - 【请求类名】：com.winterchen.controller.RoleController，【请求方法名】：allRole
【xkcoding】2018-09-26 10:49:40.928 INFO  [http-nio-8099-exec-4] com.winterchen.aspectj.AopLog - 【请求类名】：com.winterchen.controller.RoleController，【请求方法名】：allRole
【xkcoding】2018-09-26 10:51:27.114 INFO  [http-nio-8099-exec-6] com.winterchen.aspectj.AopLog - 【请求类名】：com.winterchen.controller.RoleController，【请求方法名】：allRole
【xkcoding】2018-09-26 11:06:37.357 INFO  [http-nio-8099-exec-8] com.winterchen.aspectj.AopLog - 【请求类名】：com.winterchen.controller.RoleController，【请求方法名】：allRole
【xkcoding】2018-09-26 11:06:44.033 INFO  [http-nio-8099-exec-9] com.winterchen.aspectj.AopLog - 【请求类名】：com.winterchen.controller.ArticleTypeController，【请求方法名】：getList
【xkcoding】2018-09-26 11:07:08.604 INFO  [http-nio-8099-exec-10] com.winterchen.aspectj.AopLog - 【请求类名】：com.winterchen.controller.ArticleTypeController，【请求方法名】：getList
【xkcoding】2018-09-26 11:07:12.416 INFO  [http-nio-8099-exec-1] com.winterchen.aspectj.AopLog - 【请求类名】：com.winterchen.controller.ArticleTypeController，【请求方法名】：getList
【xkcoding】2018-09-26 11:09:41.975 INFO  [http-nio-8099-exec-3] com.winterchen.aspectj.AopLog - 【请求类名】：com.winterchen.controller.RoleController，【请求方法名】：allRole
【xkcoding】2018-09-26 11:11:48.018 INFO  [http-nio-8099-exec-5] com.winterchen.aspectj.AopLog - 【请求类名】：com.winterchen.controller.RoleController，【请求方法名】：allRole
【xkcoding】2018-09-26 11:11:51.568 INFO  [http-nio-8099-exec-6] com.winterchen.aspectj.AopLog - 【请求类名】：com.winterchen.controller.ArticleTypeController，【请求方法名】：getList
【xkcoding】2018-09-26 11:11:59.827 INFO  [http-nio-8099-exec-7] com.winterchen.aspectj.AopLog - 【请求类名】：com.winterchen.controller.TeamDesController，【请求方法名】：findOne
【xkcoding】2018-09-26 11:11:59.829 INFO  [http-nio-8099-exec-8] com.winterchen.aspectj.AopLog - 【请求类名】：com.winterchen.controller.TeamController，【请求方法名】：show
【xkcoding】2018-09-26 11:12:01.431 INFO  [http-nio-8099-exec-9] com.winterchen.aspectj.AopLog - 【请求类名】：com.winterchen.controller.TeamDesController，【请求方法名】：findOne
【xkcoding】2018-09-26 13:44:49.946 INFO  [http-nio-8099-exec-2] com.winterchen.aspectj.AopLog - 【请求类名】：com.winterchen.controller.RoleController，【请求方法名】：allRole
【xkcoding】2018-09-26 13:44:57.732 INFO  [http-nio-8099-exec-3] com.winterchen.aspectj.AopLog - 【请求类名】：com.winterchen.controller.TeamDesController，【请求方法名】：findOne
【xkcoding】2018-09-26 13:44:57.732 INFO  [http-nio-8099-exec-4] com.winterchen.aspectj.AopLog - 【请求类名】：com.winterchen.controller.TeamController，【请求方法名】：show
【xkcoding】2018-09-26 13:44:59.215 INFO  [http-nio-8099-exec-5] com.winterchen.aspectj.AopLog - 【请求类名】：com.winterchen.controller.TeamDesController，【请求方法名】：findOne
【xkcoding】2018-09-26 13:44:59.850 INFO  [http-nio-8099-exec-6] com.winterchen.aspectj.AopLog - 【请求类名】：com.winterchen.controller.TeamDesController，【请求方法名】：findOne
【xkcoding】2018-09-26 13:45:00.497 INFO  [http-nio-8099-exec-8] com.winterchen.aspectj.AopLog - 【请求类名】：com.winterchen.controller.TeamDesController，【请求方法名】：findOne
【xkcoding】2018-09-26 13:45:04.597 INFO  [http-nio-8099-exec-7] com.winterchen.aspectj.AopLog - 【请求类名】：com.winterchen.controller.ArticleTypeController，【请求方法名】：getList
【xkcoding】2018-09-26 13:45:56.807 INFO  [http-nio-8099-exec-9] com.winterchen.aspectj.AopLog - 【请求类名】：com.winterchen.controller.TeamDesController，【请求方法名】：findOne
【xkcoding】2018-09-26 13:45:56.807 INFO  [http-nio-8099-exec-10] com.winterchen.aspectj.AopLog - 【请求类名】：com.winterchen.controller.TeamController，【请求方法名】：show
【xkcoding】2018-09-26 13:48:21.681 INFO  [http-nio-8099-exec-3] com.winterchen.aspectj.AopLog - 【请求类名】：com.winterchen.controller.TeamDesController，【请求方法名】：findOne
【xkcoding】2018-09-26 13:48:21.682 INFO  [http-nio-8099-exec-4] com.winterchen.aspectj.AopLog - 【请求类名】：com.winterchen.controller.TeamController，【请求方法名】：show
【xkcoding】2018-09-26 13:48:30.041 INFO  [http-nio-8099-exec-5] com.winterchen.aspectj.AopLog - 【请求类名】：com.winterchen.controller.ArticleTypeController，【请求方法名】：getList
【xkcoding】2018-09-26 13:48:40.398 INFO  [http-nio-8099-exec-6] com.winterchen.aspectj.AopLog - 【请求类名】：com.winterchen.controller.ArticleTypeController，【请求方法名】：getList
【xkcoding】2018-09-26 13:49:10.340 INFO  [http-nio-8099-exec-8] com.winterchen.aspectj.AopLog - 【请求类名】：com.winterchen.controller.ArticleTypeController，【请求方法名】：getList
【xkcoding】2018-09-26 13:49:13.063 INFO  [http-nio-8099-exec-7] com.winterchen.aspectj.AopLog - 【请求类名】：com.winterchen.controller.ArticleTypeController，【请求方法名】：getList
【xkcoding】2018-09-26 13:49:15.540 INFO  [http-nio-8099-exec-9] com.winterchen.aspectj.AopLog - 【请求类名】：com.winterchen.controller.ArticleTypeController，【请求方法名】：getList
【xkcoding】2018-09-26 13:50:06.065 INFO  [http-nio-8099-exec-2] com.winterchen.aspectj.AopLog - 【请求类名】：com.winterchen.controller.RoleController，【请求方法名】：allRole
【xkcoding】2018-09-26 13:50:46.990 INFO  [http-nio-8099-exec-1] com.winterchen.aspectj.AopLog - 【请求类名】：com.winterchen.controller.RoleController，【请求方法名】：allRole
【xkcoding】2018-09-26 13:52:13.996 INFO  [http-nio-8099-exec-4] com.winterchen.aspectj.AopLog - 【请求类名】：com.winterchen.controller.RoleController，【请求方法名】：allRole
【xkcoding】2018-09-26 13:52:16.964 INFO  [http-nio-8099-exec-5] com.winterchen.aspectj.AopLog - 【请求类名】：com.winterchen.controller.ArticleTypeController，【请求方法名】：getList
【xkcoding】2018-09-26 13:52:20.832 INFO  [http-nio-8099-exec-6] com.winterchen.aspectj.AopLog - 【请求类名】：com.winterchen.controller.ArticleTypeController，【请求方法名】：getList
【xkcoding】2018-09-26 13:52:28.087 INFO  [http-nio-8099-exec-8] com.winterchen.aspectj.AopLog - 【请求类名】：com.winterchen.controller.ArticleTypeController，【请求方法名】：getList
【xkcoding】2018-09-26 13:54:05.292 INFO  [http-nio-8099-exec-9] com.winterchen.aspectj.AopLog - 【请求类名】：com.winterchen.controller.RoleController，【请求方法名】：allRole
【xkcoding】2018-09-26 13:54:10.027 INFO  [http-nio-8099-exec-10] com.winterchen.aspectj.AopLog - 【请求类名】：com.winterchen.controller.RoleController，【请求方法名】：allRole
【xkcoding】2018-09-26 13:54:24.088 INFO  [http-nio-8099-exec-2] com.winterchen.aspectj.AopLog - 【请求类名】：com.winterchen.controller.RoleController，【请求方法名】：allRole
【xkcoding】2018-09-26 13:54:31.975 INFO  [http-nio-8099-exec-1] com.winterchen.aspectj.AopLog - 【请求类名】：com.winterchen.controller.RoleController，【请求方法名】：allRole
【xkcoding】2018-09-26 13:54:33.320 INFO  [http-nio-8099-exec-3] com.winterchen.aspectj.AopLog - 【请求类名】：com.winterchen.controller.TeamDesController，【请求方法名】：findOne
【xkcoding】2018-09-26 13:54:33.320 INFO  [http-nio-8099-exec-4] com.winterchen.aspectj.AopLog - 【请求类名】：com.winterchen.controller.TeamController，【请求方法名】：show
【xkcoding】2018-09-26 13:54:37.608 INFO  [http-nio-8099-exec-5] com.winterchen.aspectj.AopLog - 【请求类名】：com.winterchen.controller.ArticleTypeController，【请求方法名】：getList
【xkcoding】2018-09-26 13:55:32.341 INFO  [http-nio-8099-exec-6] com.winterchen.aspectj.AopLog - 【请求类名】：com.winterchen.controller.RoleController，【请求方法名】：allRole
【xkcoding】2018-09-26 13:55:42.824 INFO  [http-nio-8099-exec-7] com.winterchen.aspectj.AopLog - 【请求类名】：com.winterchen.controller.ArticleTypeController，【请求方法名】：getList
【xkcoding】2018-09-26 13:58:19.052 INFO  [http-nio-8099-exec-10] com.winterchen.aspectj.AopLog - 【请求类名】：com.winterchen.controller.ArticleTypeController，【请求方法名】：getList
【xkcoding】2018-09-26 13:58:49.516 INFO  [http-nio-8099-exec-2] com.winterchen.aspectj.AopLog - 【请求类名】：com.winterchen.controller.ArticleTypeController，【请求方法名】：getList
【xkcoding】2018-09-26 13:59:47.382 INFO  [http-nio-8099-exec-1] com.winterchen.aspectj.AopLog - 【请求类名】：com.winterchen.controller.RoleController，【请求方法名】：allRole
【xkcoding】2018-09-26 13:59:49.525 INFO  [http-nio-8099-exec-3] com.winterchen.aspectj.AopLog - 【请求类名】：com.winterchen.controller.TeamDesController，【请求方法名】：findOne
【xkcoding】2018-09-26 13:59:49.525 INFO  [http-nio-8099-exec-4] com.winterchen.aspectj.AopLog - 【请求类名】：com.winterchen.controller.TeamController，【请求方法名】：show
【xkcoding】2018-09-26 13:59:52.428 INFO  [http-nio-8099-exec-5] com.winterchen.aspectj.AopLog - 【请求类名】：com.winterchen.controller.ArticleTypeController，【请求方法名】：getList
【xkcoding】2018-09-26 13:59:56.996 INFO  [http-nio-8099-exec-6] com.winterchen.aspectj.AopLog - 【请求类名】：com.winterchen.controller.ArticleTypeController，【请求方法名】：getList
【xkcoding】2018-09-26 14:00:41.679 INFO  [http-nio-8099-exec-8] com.winterchen.aspectj.AopLog - 【请求类名】：com.winterchen.controller.ArticleTypeController，【请求方法名】：getList
【xkcoding】2018-09-26 14:01:03.430 INFO  [http-nio-8099-exec-9] com.winterchen.aspectj.AopLog - 【请求类名】：com.winterchen.controller.RoleController，【请求方法名】：allRole
【xkcoding】2018-09-26 14:01:34.337 INFO  [http-nio-8099-exec-10] com.winterchen.aspectj.AopLog - 【请求类名】：com.winterchen.controller.RoleController，【请求方法名】：allRole
【xkcoding】2018-09-26 14:01:38.932 INFO  [http-nio-8099-exec-2] com.winterchen.aspectj.AopLog - 【请求类名】：com.winterchen.controller.ArticleTypeController，【请求方法名】：getList
【xkcoding】2018-09-26 14:01:49.347 INFO  [http-nio-8099-exec-1] com.winterchen.aspectj.AopLog - 【请求类名】：com.winterchen.controller.RoleController，【请求方法名】：allRole
【xkcoding】2018-09-26 14:02:42.463 INFO  [http-nio-8099-exec-3] com.winterchen.aspectj.AopLog - 【请求类名】：com.winterchen.controller.RoleController，【请求方法名】：allRole
【xkcoding】2018-09-26 14:02:43.844 INFO  [http-nio-8099-exec-4] com.winterchen.aspectj.AopLog - 【请求类名】：com.winterchen.controller.TeamDesController，【请求方法名】：findOne
【xkcoding】2018-09-26 14:02:43.845 INFO  [http-nio-8099-exec-5] com.winterchen.aspectj.AopLog - 【请求类名】：com.winterchen.controller.TeamController，【请求方法名】：show
【xkcoding】2018-09-26 14:02:46.433 INFO  [http-nio-8099-exec-6] com.winterchen.aspectj.AopLog - 【请求类名】：com.winterchen.controller.ArticleTypeController，【请求方法名】：getList
【xkcoding】2018-09-26 14:02:56.123 INFO  [http-nio-8099-exec-8] com.winterchen.aspectj.AopLog - 【请求类名】：com.winterchen.controller.RoleController，【请求方法名】：allRole
【xkcoding】2018-09-26 14:02:58.402 INFO  [http-nio-8099-exec-7] com.winterchen.aspectj.AopLog - 【请求类名】：com.winterchen.controller.TeamDesController，【请求方法名】：findOne
【xkcoding】2018-09-26 14:02:58.402 INFO  [http-nio-8099-exec-9] com.winterchen.aspectj.AopLog - 【请求类名】：com.winterchen.controller.TeamController，【请求方法名】：show
【xkcoding】2018-09-26 14:03:02.042 INFO  [http-nio-8099-exec-10] com.winterchen.aspectj.AopLog - 【请求类名】：com.winterchen.controller.ArticleTypeController，【请求方法名】：getList
【xkcoding】2018-09-26 14:04:07.382 INFO  [http-nio-8099-exec-3] com.winterchen.aspectj.AopLog - 【请求类名】：com.winterchen.controller.ArticleTypeController，【请求方法名】：getList
【xkcoding】2018-09-26 14:04:12.670 INFO  [http-nio-8099-exec-4] com.winterchen.aspectj.AopLog - 【请求类名】：com.winterchen.controller.ArticleTypeController，【请求方法名】：getList
【xkcoding】2018-09-26 14:04:26.091 INFO  [http-nio-8099-exec-5] com.winterchen.aspectj.AopLog - 【请求类名】：com.winterchen.controller.ArticleTypeController，【请求方法名】：getList
【xkcoding】2018-09-26 14:04:32.600 INFO  [http-nio-8099-exec-6] com.winterchen.aspectj.AopLog - 【请求类名】：com.winterchen.controller.ArticleTypeController，【请求方法名】：getList
【xkcoding】2018-09-26 14:04:37.213 INFO  [http-nio-8099-exec-8] com.winterchen.aspectj.AopLog - 【请求类名】：com.winterchen.controller.ArticleTypeController，【请求方法名】：getList
【xkcoding】2018-09-26 14:05:14.367 INFO  [http-nio-8099-exec-7] com.winterchen.aspectj.AopLog - 【请求类名】：com.winterchen.controller.ArticleTypeController，【请求方法名】：getList
【xkcoding】2018-09-26 14:05:29.231 INFO  [http-nio-8099-exec-9] com.winterchen.aspectj.AopLog - 【请求类名】：com.winterchen.controller.ArticleTypeController，【请求方法名】：getList
【xkcoding】2018-09-26 14:11:59.963 INFO  [http-nio-8099-exec-2] com.winterchen.aspectj.AopLog - 【请求类名】：com.winterchen.controller.RoleController，【请求方法名】：allRole
【xkcoding】2018-09-26 14:12:03.222 INFO  [http-nio-8099-exec-1] com.winterchen.aspectj.AopLog - 【请求类名】：com.winterchen.controller.ArticleTypeController，【请求方法名】：getList
【xkcoding】2018-09-26 14:13:43.983 INFO  [http-nio-8099-exec-4] com.winterchen.aspectj.AopLog - 【请求类名】：com.winterchen.controller.RoleController，【请求方法名】：allRole
【xkcoding】2018-09-26 14:13:47.945 INFO  [http-nio-8099-exec-5] com.winterchen.aspectj.AopLog - 【请求类名】：com.winterchen.controller.ArticleTypeController，【请求方法名】：getList
【xkcoding】2018-09-26 14:13:56.668 INFO  [http-nio-8099-exec-6] com.winterchen.aspectj.AopLog - 【请求类名】：com.winterchen.controller.RoleController，【请求方法名】：allRole
【xkcoding】2018-09-26 14:13:57.824 INFO  [http-nio-8099-exec-8] com.winterchen.aspectj.AopLog - 【请求类名】：com.winterchen.controller.TeamDesController，【请求方法名】：findOne
【xkcoding】2018-09-26 14:13:57.826 INFO  [http-nio-8099-exec-7] com.winterchen.aspectj.AopLog - 【请求类名】：com.winterchen.controller.TeamController，【请求方法名】：show
【xkcoding】2018-09-26 14:14:01.780 INFO  [http-nio-8099-exec-9] com.winterchen.aspectj.AopLog - 【请求类名】：com.winterchen.controller.ArticleTypeController，【请求方法名】：getList
【xkcoding】2018-09-26 14:14:15.756 INFO  [http-nio-8099-exec-10] com.winterchen.aspectj.AopLog - 【请求类名】：com.winterchen.controller.RoleController，【请求方法名】：allRole
【xkcoding】2018-09-26 14:14:19.352 INFO  [http-nio-8099-exec-2] com.winterchen.aspectj.AopLog - 【请求类名】：com.winterchen.controller.ArticleTypeController，【请求方法名】：getList
【xkcoding】2018-09-26 14:14:32.474 INFO  [http-nio-8099-exec-1] com.winterchen.aspectj.AopLog - 【请求类名】：com.winterchen.controller.RoleController，【请求方法名】：allRole
【xkcoding】2018-09-26 14:14:40.970 INFO  [http-nio-8099-exec-3] com.winterchen.aspectj.AopLog - 【请求类名】：com.winterchen.controller.ArticleTypeController，【请求方法名】：getList
【xkcoding】2018-09-26 14:15:03.265 INFO  [http-nio-8099-exec-5] com.winterchen.aspectj.AopLog - 【请求类名】：com.winterchen.controller.RoleController，【请求方法名】：allRole
【xkcoding】2018-09-26 14:15:06.580 INFO  [http-nio-8099-exec-6] com.winterchen.aspectj.AopLog - 【请求类名】：com.winterchen.controller.ArticleTypeController，【请求方法名】：getList
【xkcoding】2018-09-26 14:15:40.004 INFO  [http-nio-8099-exec-8] com.winterchen.aspectj.AopLog - 【请求类名】：com.winterchen.controller.RoleController，【请求方法名】：allRole
【xkcoding】2018-09-26 14:15:46.351 INFO  [http-nio-8099-exec-7] com.winterchen.aspectj.AopLog - 【请求类名】：com.winterchen.controller.ArticleTypeController，【请求方法名】：getList
【xkcoding】2018-09-26 14:16:04.654 INFO  [http-nio-8099-exec-9] com.winterchen.aspectj.AopLog - 【请求类名】：com.winterchen.controller.ArticleTypeController，【请求方法名】：getList
【xkcoding】2018-09-26 17:13:41.162 INFO  [http-nio-8099-exec-2] com.winterchen.aspectj.AopLog - 【请求类名】：com.winterchen.controller.RoleController，【请求方法名】：allRole
【xkcoding】2018-09-26 17:13:45.742 INFO  [http-nio-8099-exec-1] com.winterchen.aspectj.AopLog - 【请求类名】：com.winterchen.controller.ArticleTypeController，【请求方法名】：getList
【xkcoding】2018-09-26 17:42:21.284 INFO  [Thread-16] o.s.b.w.s.c.AnnotationConfigServletWebServerApplicationContext - Closing org.springframework.boot.web.servlet.context.AnnotationConfigServletWebServerApplicationContext@512535ff: startup date [Wed Sep 26 10:20:12 CST 2018]; root of context hierarchy
【xkcoding】2018-09-26 17:42:21.311 INFO  [Thread-16] o.s.c.s.DefaultLifecycleProcessor - Stopping beans in phase 2147483647
【xkcoding】2018-09-26 17:42:21.324 INFO  [Thread-16] o.s.j.e.a.AnnotationMBeanExporter - Unregistering JMX-exposed beans on shutdown
【xkcoding】2018-09-26 17:42:21.326 INFO  [Thread-16] o.s.j.e.a.AnnotationMBeanExporter - Unregistering JMX-exposed beans
【xkcoding】2018-09-26 17:42:21.346 INFO  [Thread-16] c.alibaba.druid.pool.DruidDataSource - {dataSource-1} closed
【xkcoding】2018-09-26 17:42:25.508 INFO  [main] c.w.Springboot2MybatisDemoApplication - Starting Springboot2MybatisDemoApplication on yangfengdeMacBook-Pro.local with PID 16481 (/Users/yangfeng/plugs/important/w_lunwen/java/w-java-manage/target/classes started by yangfeng in /Users/yangfeng/plugs/important/w_lunwen/java/w-java-manage)
【xkcoding】2018-09-26 17:42:25.512 INFO  [main] c.w.Springboot2MybatisDemoApplication - No active profile set, falling back to default profiles: default
【xkcoding】2018-09-26 17:42:25.637 INFO  [main] o.s.b.w.s.c.AnnotationConfigServletWebServerApplicationContext - Refreshing org.springframework.boot.web.servlet.context.AnnotationConfigServletWebServerApplicationContext@10b9db7b: startup date [Wed Sep 26 17:42:25 CST 2018]; root of context hierarchy
【xkcoding】2018-09-26 17:42:26.811 INFO  [main] o.s.c.s.PostProcessorRegistrationDelegate$BeanPostProcessorChecker - Bean 'org.springframework.transaction.annotation.ProxyTransactionManagementConfiguration' of type [org.springframework.transaction.annotation.ProxyTransactionManagementConfiguration$$EnhancerBySpringCGLIB$$d34f59] is not eligible for getting processed by all BeanPostProcessors (for example: not eligible for auto-proxying)
【xkcoding】2018-09-26 17:42:27.304 INFO  [main] o.s.b.w.e.tomcat.TomcatWebServer - Tomcat initialized with port(s): 8099 (http)
【xkcoding】2018-09-26 17:42:27.315 INFO  [main] o.a.coyote.http11.Http11NioProtocol - Initializing ProtocolHandler ["http-nio-8099"]
【xkcoding】2018-09-26 17:42:27.325 INFO  [main] o.a.catalina.core.StandardService - Starting service [Tomcat]
【xkcoding】2018-09-26 17:42:27.325 INFO  [main] o.a.catalina.core.StandardEngine - Starting Servlet Engine: Apache Tomcat/8.5.29
【xkcoding】2018-09-26 17:42:27.329 INFO  [localhost-startStop-1] o.a.c.core.AprLifecycleListener - The APR based Apache Tomcat Native library which allows optimal performance in production environments was not found on the java.library.path: [/Users/yangfeng/Library/Java/Extensions:/Library/Java/Extensions:/Network/Library/Java/Extensions:/System/Library/Java/Extensions:/usr/lib/java:.]
【xkcoding】2018-09-26 17:42:27.472 INFO  [localhost-startStop-1] o.a.c.c.C.[Tomcat].[localhost].[/] - Initializing Spring embedded WebApplicationContext
【xkcoding】2018-09-26 17:42:27.472 INFO  [localhost-startStop-1] o.s.web.context.ContextLoader - Root WebApplicationContext: initialization completed in 1836 ms
【xkcoding】2018-09-26 17:42:27.707 INFO  [localhost-startStop-1] o.s.b.w.s.ServletRegistrationBean - Servlet dispatcherServlet mapped to [/]
【xkcoding】2018-09-26 17:42:27.711 INFO  [localhost-startStop-1] o.s.b.w.s.ServletRegistrationBean - Servlet statViewServlet mapped to [/druid/*]
【xkcoding】2018-09-26 17:42:27.714 INFO  [localhost-startStop-1] o.s.b.w.s.FilterRegistrationBean - Mapping filter: 'characterEncodingFilter' to: [/*]
【xkcoding】2018-09-26 17:42:27.714 INFO  [localhost-startStop-1] o.s.b.w.s.FilterRegistrationBean - Mapping filter: 'hiddenHttpMethodFilter' to: [/*]
【xkcoding】2018-09-26 17:42:27.714 INFO  [localhost-startStop-1] o.s.b.w.s.FilterRegistrationBean - Mapping filter: 'httpPutFormContentFilter' to: [/*]
【xkcoding】2018-09-26 17:42:27.714 INFO  [localhost-startStop-1] o.s.b.w.s.FilterRegistrationBean - Mapping filter: 'requestContextFilter' to: [/*]
【xkcoding】2018-09-26 17:42:27.715 INFO  [localhost-startStop-1] o.s.b.w.s.FilterRegistrationBean - Mapping filter: 'webStatFilter' to urls: [/*]
【xkcoding】2018-09-26 17:42:27.715 INFO  [localhost-startStop-1] o.s.b.w.s.FilterRegistrationBean - Mapping filter: 'corsFilter' to: [/*]
【xkcoding】2018-09-26 17:42:27.795 INFO  [main] c.a.d.s.b.a.DruidDataSourceAutoConfigure - Init DruidDataSource
【xkcoding】2018-09-26 17:42:28.335 INFO  [main] c.alibaba.druid.pool.DruidDataSource - {dataSource-1} inited
【xkcoding】2018-09-26 17:42:29.162 INFO  [main] o.s.w.s.m.m.a.RequestMappingHandlerMapping - Mapped "{[/account/vlogin],methods=[POST]}" onto public java.util.Map<java.lang.String, java.lang.Object> com.winterchen.controller.AccountController.ilogin(java.lang.String,java.lang.String)
【xkcoding】2018-09-26 17:42:29.165 INFO  [main] o.s.w.s.m.m.a.RequestMappingHandlerMapping - Mapped "{[/account/delAccount],methods=[POST]}" onto public java.util.Map<java.lang.String, java.lang.Object> com.winterchen.controller.AccountController.delAccount(java.lang.Integer)
【xkcoding】2018-09-26 17:42:29.166 INFO  [main] o.s.w.s.m.m.a.RequestMappingHandlerMapping - Mapped "{[/account/deleteAccount],methods=[POST]}" onto public java.util.Map<java.lang.String, java.lang.Object> com.winterchen.controller.AccountController.deleteAccount(java.lang.String)
【xkcoding】2018-09-26 17:42:29.166 INFO  [main] o.s.w.s.m.m.a.RequestMappingHandlerMapping - Mapped "{[/account/AddEditAccount],methods=[POST]}" onto public java.util.Map<java.lang.String, java.lang.Object> com.winterchen.controller.AccountController.AddEditAccount(com.winterchen.model.AccountDomain)
【xkcoding】2018-09-26 17:42:29.166 INFO  [main] o.s.w.s.m.m.a.RequestMappingHandlerMapping - Mapped "{[/account/allAccount],methods=[GET]}" onto public java.lang.Object com.winterchen.controller.AccountController.allAccount(int,int)
【xkcoding】2018-09-26 17:42:29.167 INFO  [main] o.s.w.s.m.m.a.RequestMappingHandlerMapping - Mapped "{[/account/updatePwd],methods=[POST]}" onto public java.util.Map<java.lang.String, java.lang.Object> com.winterchen.controller.AccountController.updatePwd(java.lang.String,java.lang.String,java.lang.String)
【xkcoding】2018-09-26 17:42:29.167 INFO  [main] o.s.w.s.m.m.a.RequestMappingHandlerMapping - Mapped "{[/article/getList],methods=[GET]}" onto public java.util.List<com.winterchen.model.ArticleTypeDomain> com.winterchen.controller.ArticleTypeController.getList(java.lang.String)
【xkcoding】2018-09-26 17:42:29.170 INFO  [main] o.s.w.s.m.m.a.RequestMappingHandlerMapping - Mapped "{[/test2],methods=[GET]}" onto public java.util.Map<java.lang.String, java.lang.String> com.winterchen.controller.ExceptionController.test2()
【xkcoding】2018-09-26 17:42:29.170 INFO  [main] o.s.w.s.m.m.a.RequestMappingHandlerMapping - Mapped "{[/test4],methods=[GET]}" onto public java.lang.String com.winterchen.controller.ExceptionController.test4()
【xkcoding】2018-09-26 17:42:29.170 INFO  [main] o.s.w.s.m.m.a.RequestMappingHandlerMapping - Mapped "{[/test1],methods=[GET]}" onto public java.lang.String com.winterchen.controller.ExceptionController.test1()
【xkcoding】2018-09-26 17:42:29.171 INFO  [main] o.s.w.s.m.m.a.RequestMappingHandlerMapping - Mapped "{[/yf0],methods=[GET]}" onto public int com.winterchen.controller.ExceptionController.yf0(int)
【xkcoding】2018-09-26 17:42:29.171 INFO  [main] o.s.w.s.m.m.a.RequestMappingHandlerMapping - Mapped "{[/post1],methods=[POST]}" onto public int com.winterchen.controller.ExceptionController.post1(int)
【xkcoding】2018-09-26 17:42:29.172 INFO  [main] o.s.w.s.m.m.a.RequestMappingHandlerMapping - Mapped "{[/test3],methods=[GET]}" onto public java.lang.String com.winterchen.controller.ExceptionController.test3(java.lang.Integer)
【xkcoding】2018-09-26 17:42:29.172 INFO  [main] o.s.w.s.m.m.a.RequestMappingHandlerMapping - Mapped "{[/post2],methods=[POST]}" onto public int com.winterchen.controller.ExceptionController.post2(int)
【xkcoding】2018-09-26 17:42:29.172 INFO  [main] o.s.w.s.m.m.a.RequestMappingHandlerMapping - Mapped "{[/yf11/{id}],methods=[GET]}" onto public int com.winterchen.controller.ExceptionController.yf11(int)
【xkcoding】2018-09-26 17:42:29.172 INFO  [main] o.s.w.s.m.m.a.RequestMappingHandlerMapping - Mapped "{[/yf2],methods=[GET]}" onto public int com.winterchen.controller.ExceptionController.yf2(int)
【xkcoding】2018-09-26 17:42:29.173 INFO  [main] o.s.w.s.m.m.a.RequestMappingHandlerMapping - Mapped "{[/yf1],methods=[GET]}" onto public int com.winterchen.controller.ExceptionController.yf1(int)
【xkcoding】2018-09-26 17:42:29.173 INFO  [main] o.s.w.s.m.m.a.RequestMappingHandlerMapping - Mapped "{[/post0],methods=[POST]}" onto public int com.winterchen.controller.ExceptionController.post0(int)
【xkcoding】2018-09-26 17:42:29.174 INFO  [main] o.s.w.s.m.m.a.RequestMappingHandlerMapping - Mapped "{[/uploads],methods=[GET]}" onto public java.lang.String com.winterchen.controller.FileUploadController.index()
【xkcoding】2018-09-26 17:42:29.176 INFO  [main] o.s.w.s.m.m.a.RequestMappingHandlerMapping - Mapped "{[/uploads/upload3],methods=[POST]}" onto public void com.winterchen.controller.FileUploadController.upload2(java.lang.String) throws java.io.IOException
【xkcoding】2018-09-26 17:42:29.176 INFO  [main] o.s.w.s.m.m.a.RequestMappingHandlerMapping - Mapped "{[/uploads/upload2],methods=[POST]}" onto public java.util.List<java.util.Map<java.lang.String, java.lang.String>> com.winterchen.controller.FileUploadController.upload2(org.springframework.web.multipart.MultipartFile[]) throws java.io.IOException
【xkcoding】2018-09-26 17:42:29.177 INFO  [main] o.s.w.s.m.m.a.RequestMappingHandlerMapping - Mapped "{[/uploads/upload1],methods=[POST]}" onto public java.util.Map<java.lang.String, java.lang.String> com.winterchen.controller.FileUploadController.upload1(org.springframework.web.multipart.MultipartFile) throws java.io.IOException
【xkcoding】2018-09-26 17:42:29.178 INFO  [main] o.s.w.s.m.m.a.RequestMappingHandlerMapping - Mapped "{[/log/list],methods=[GET]}" onto public java.lang.Object com.winterchen.controller.LogController.findAllLog(int,int)
【xkcoding】2018-09-26 17:42:29.178 INFO  [main] o.s.w.s.m.m.a.RequestMappingHandlerMapping - Mapped "{[/wx/api/insert],methods=[POST]}" onto public java.util.Map<java.lang.String, java.lang.Object> com.winterchen.controller.OrderInfoController.insert(com.winterchen.model.OrderInfoDomain)
【xkcoding】2018-09-26 17:42:29.179 INFO  [main] o.s.w.s.m.m.a.RequestMappingHandlerMapping - Mapped "{[/wx/user/baseInfo],methods=[POST]}" onto public java.util.Map<java.lang.String, java.lang.Object> com.winterchen.controller.RoleController.baseInfo(com.winterchen.model.RoleDomain)
【xkcoding】2018-09-26 17:42:29.180 INFO  [main] o.s.w.s.m.m.a.RequestMappingHandlerMapping - Mapped "{[/wx/user/allRole],methods=[GET]}" onto public java.util.Map<java.lang.String, java.lang.Object> com.winterchen.controller.RoleController.allRole(int,int,java.lang.String,java.lang.String,java.lang.String)
【xkcoding】2018-09-26 17:42:29.180 INFO  [main] o.s.w.s.m.m.a.RequestMappingHandlerMapping - Mapped "{[/wx/user/setRole],methods=[POST]}" onto public java.util.Map<java.lang.String, java.lang.Object> com.winterchen.controller.RoleController.setRole(java.lang.String,java.lang.String,java.lang.String)
【xkcoding】2018-09-26 17:42:29.184 INFO  [main] o.s.w.s.m.m.a.RequestMappingHandlerMapping - Mapped "{[/team/add],methods=[POST]}" onto public java.util.Map<java.lang.String, java.lang.Object> com.winterchen.controller.TeamController.add(com.winterchen.model.TeamDomain)
【xkcoding】2018-09-26 17:42:29.185 INFO  [main] o.s.w.s.m.m.a.RequestMappingHandlerMapping - Mapped "{[/team/show],methods=[GET]}" onto public java.util.Map<java.lang.String, java.lang.Object> com.winterchen.controller.TeamController.show()
【xkcoding】2018-09-26 17:42:29.185 INFO  [main] o.s.w.s.m.m.a.RequestMappingHandlerMapping - Mapped "{[/team/more],methods=[GET]}" onto public java.util.List<com.winterchen.model.dto.UserDto> com.winterchen.controller.TeamController.more()
【xkcoding】2018-09-26 17:42:29.185 INFO  [main] o.s.w.s.m.m.a.RequestMappingHandlerMapping - Mapped "{[/team/dict],methods=[GET]}" onto public java.util.Map<java.lang.String, java.lang.Object> com.winterchen.controller.TeamController.dict(java.lang.String)
【xkcoding】2018-09-26 17:42:29.186 INFO  [main] o.s.w.s.m.m.a.RequestMappingHandlerMapping - Mapped "{[/teamDes/findOne],methods=[GET]}" onto public java.util.Map<java.lang.String, java.lang.Object> com.winterchen.controller.TeamDesController.findOne(java.lang.String)
【xkcoding】2018-09-26 17:42:29.191 INFO  [main] o.s.w.s.m.m.a.RequestMappingHandlerMapping - Mapped "{[/user/alone],methods=[POST]}" onto public java.util.Map<java.lang.String, java.lang.Object> com.winterchen.controller.UserController.alone(java.lang.Integer)
【xkcoding】2018-09-26 17:42:29.191 INFO  [main] o.s.w.s.m.m.a.RequestMappingHandlerMapping - Mapped "{[/user/all],methods=[GET]}" onto public java.lang.Object com.winterchen.controller.UserController.findAllUser(int,int,java.lang.String,java.lang.String)
【xkcoding】2018-09-26 17:42:29.192 INFO  [main] o.s.w.s.m.m.a.RequestMappingHandlerMapping - Mapped "{[/user/del],methods=[POST]}" onto public java.util.Map<java.lang.String, java.lang.Object> com.winterchen.controller.UserController.removeArea(java.lang.Integer)
【xkcoding】2018-09-26 17:42:29.192 INFO  [main] o.s.w.s.m.m.a.RequestMappingHandlerMapping - Mapped "{[/user/add],methods=[POST]}" onto public java.util.Map<java.lang.String, java.lang.Object> com.winterchen.controller.UserController.addUser(com.winterchen.model.UserDomain)
【xkcoding】2018-09-26 17:42:29.196 INFO  [main] o.s.w.s.m.m.a.RequestMappingHandlerMapping - Mapped "{[/swagger-resources/configuration/security]}" onto public org.springframework.http.ResponseEntity<springfox.documentation.swagger.web.SecurityConfiguration> springfox.documentation.swagger.web.ApiResourceController.securityConfiguration()
【xkcoding】2018-09-26 17:42:29.197 INFO  [main] o.s.w.s.m.m.a.RequestMappingHandlerMapping - Mapped "{[/swagger-resources/configuration/ui]}" onto public org.springframework.http.ResponseEntity<springfox.documentation.swagger.web.UiConfiguration> springfox.documentation.swagger.web.ApiResourceController.uiConfiguration()
【xkcoding】2018-09-26 17:42:29.198 INFO  [main] o.s.w.s.m.m.a.RequestMappingHandlerMapping - Mapped "{[/swagger-resources]}" onto public org.springframework.http.ResponseEntity<java.util.List<springfox.documentation.swagger.web.SwaggerResource>> springfox.documentation.swagger.web.ApiResourceController.swaggerResources()
【xkcoding】2018-09-26 17:42:29.201 INFO  [main] o.s.w.s.m.m.a.RequestMappingHandlerMapping - Mapped "{[/error]}" onto public org.springframework.http.ResponseEntity<java.util.Map<java.lang.String, java.lang.Object>> org.springframework.boot.autoconfigure.web.servlet.error.BasicErrorController.error(javax.servlet.http.HttpServletRequest)
【xkcoding】2018-09-26 17:42:29.202 INFO  [main] o.s.w.s.m.m.a.RequestMappingHandlerMapping - Mapped "{[/error],produces=[text/html]}" onto public org.springframework.web.servlet.ModelAndView org.springframework.boot.autoconfigure.web.servlet.error.BasicErrorController.errorHtml(javax.servlet.http.HttpServletRequest,javax.servlet.http.HttpServletResponse)
【xkcoding】2018-09-26 17:42:29.398 INFO  [main] s.d.s.w.PropertySourcedRequestMappingHandlerMapping - Mapped URL path [/v2/api-docs] onto method [public org.springframework.http.ResponseEntity<springfox.documentation.spring.web.json.Json> springfox.documentation.swagger2.web.Swagger2Controller.getDocumentation(java.lang.String,javax.servlet.http.HttpServletRequest)]
【xkcoding】2018-09-26 17:42:29.612 INFO  [main] o.s.w.s.h.SimpleUrlHandlerMapping - Mapped URL path [/**/favicon.ico] onto handler of type [class org.springframework.web.servlet.resource.ResourceHttpRequestHandler]
【xkcoding】2018-09-26 17:42:29.840 INFO  [main] o.s.w.s.m.m.a.RequestMappingHandlerAdapter - Looking for @ControllerAdvice: org.springframework.boot.web.servlet.context.AnnotationConfigServletWebServerApplicationContext@10b9db7b: startup date [Wed Sep 26 17:42:25 CST 2018]; root of context hierarchy
【xkcoding】2018-09-26 17:42:29.914 INFO  [main] o.s.w.s.h.SimpleUrlHandlerMapping - Mapped URL path [/webjars/**] onto handler of type [class org.springframework.web.servlet.resource.ResourceHttpRequestHandler]
【xkcoding】2018-09-26 17:42:29.915 INFO  [main] o.s.w.s.h.SimpleUrlHandlerMapping - Mapped URL path [/**] onto handler of type [class org.springframework.web.servlet.resource.ResourceHttpRequestHandler]
【xkcoding】2018-09-26 17:42:29.934 INFO  [main] o.s.w.s.m.m.a.ExceptionHandlerExceptionResolver - Detected @ExceptionHandler methods in globalExceptionHandler
【xkcoding】2018-09-26 17:42:30.384 INFO  [main] o.s.j.e.a.AnnotationMBeanExporter - Registering beans for JMX exposure on startup
【xkcoding】2018-09-26 17:42:30.386 INFO  [main] o.s.j.e.a.AnnotationMBeanExporter - Bean with name 'statFilter' has been autodetected for JMX exposure
【xkcoding】2018-09-26 17:42:30.387 INFO  [main] o.s.j.e.a.AnnotationMBeanExporter - Bean with name 'dataSource' has been autodetected for JMX exposure
【xkcoding】2018-09-26 17:42:30.393 INFO  [main] o.s.j.e.a.AnnotationMBeanExporter - Located MBean 'dataSource': registering with JMX server as MBean [com.alibaba.druid.spring.boot.autoconfigure:name=dataSource,type=DruidDataSourceWrapper]
【xkcoding】2018-09-26 17:42:30.394 INFO  [main] o.s.j.e.a.AnnotationMBeanExporter - Located MBean 'statFilter': registering with JMX server as MBean [com.alibaba.druid.filter.stat:name=statFilter,type=StatFilter]
【xkcoding】2018-09-26 17:42:30.398 INFO  [main] o.s.c.s.DefaultLifecycleProcessor - Starting beans in phase 2147483647
【xkcoding】2018-09-26 17:42:30.398 INFO  [main] s.d.s.w.p.DocumentationPluginsBootstrapper - Context refreshed
【xkcoding】2018-09-26 17:42:30.412 INFO  [main] s.d.s.w.p.DocumentationPluginsBootstrapper - Found 1 custom documentation plugin(s)
【xkcoding】2018-09-26 17:42:30.445 INFO  [main] s.d.s.w.s.ApiListingReferenceScanner - Scanning for api listing references
【xkcoding】2018-09-26 17:42:30.704 INFO  [main] s.d.s.w.r.o.CachingOperationNameGenerator - Generating unique operation named: upload2UsingPOST_1
【xkcoding】2018-09-26 17:42:30.795 INFO  [main] o.a.coyote.http11.Http11NioProtocol - Starting ProtocolHandler ["http-nio-8099"]
【xkcoding】2018-09-26 17:42:30.819 INFO  [main] o.a.tomcat.util.net.NioSelectorPool - Using a shared selector for servlet write/read
【xkcoding】2018-09-26 17:42:30.832 INFO  [main] o.s.b.w.e.tomcat.TomcatWebServer - Tomcat started on port(s): 8099 (http) with context path ''
【xkcoding】2018-09-26 17:42:30.836 INFO  [main] c.w.Springboot2MybatisDemoApplication - Started Springboot2MybatisDemoApplication in 5.849 seconds (JVM running for 6.555)
【xkcoding】2018-09-26 17:43:47.394 INFO  [http-nio-8099-exec-1] o.a.c.c.C.[Tomcat].[localhost].[/] - Initializing Spring FrameworkServlet 'dispatcherServlet'
【xkcoding】2018-09-26 17:43:47.394 INFO  [http-nio-8099-exec-1] o.s.web.servlet.DispatcherServlet - FrameworkServlet 'dispatcherServlet': initialization started
【xkcoding】2018-09-26 17:43:47.425 INFO  [http-nio-8099-exec-1] o.s.web.servlet.DispatcherServlet - FrameworkServlet 'dispatcherServlet': initialization completed in 31 ms
【xkcoding】2018-09-26 17:45:00.674 INFO  [http-nio-8099-exec-6] com.winterchen.aspectj.AopLog - 【请求类名】：com.winterchen.controller.OrderInfoController，【请求方法名】：insert
【xkcoding】2018-09-26 17:45:00.749 INFO  [http-nio-8099-exec-6] o.s.b.f.xml.XmlBeanDefinitionReader - Loading XML bean definitions from class path resource [org/springframework/jdbc/support/sql-error-codes.xml]
【xkcoding】2018-09-26 17:45:00.787 INFO  [http-nio-8099-exec-6] o.s.j.support.SQLErrorCodesFactory - SQLErrorCodes loaded: [DB2, Derby, H2, HDB, HSQL, Informix, MS-SQL, MySQL, Oracle, PostgreSQL, Sybase]
【xkcoding】2018-09-26 17:46:03.379 INFO  [Thread-15] o.s.b.w.s.c.AnnotationConfigServletWebServerApplicationContext - Closing org.springframework.boot.web.servlet.context.AnnotationConfigServletWebServerApplicationContext@10b9db7b: startup date [Wed Sep 26 17:42:25 CST 2018]; root of context hierarchy
【xkcoding】2018-09-26 17:46:03.383 INFO  [Thread-15] o.s.c.s.DefaultLifecycleProcessor - Stopping beans in phase 2147483647
【xkcoding】2018-09-26 17:46:03.384 INFO  [Thread-15] o.s.j.e.a.AnnotationMBeanExporter - Unregistering JMX-exposed beans on shutdown
【xkcoding】2018-09-26 17:46:03.385 INFO  [Thread-15] o.s.j.e.a.AnnotationMBeanExporter - Unregistering JMX-exposed beans
【xkcoding】2018-09-26 17:46:03.389 INFO  [Thread-15] c.alibaba.druid.pool.DruidDataSource - {dataSource-1} closed
【xkcoding】2018-09-26 17:46:06.194 INFO  [main] c.w.Springboot2MybatisDemoApplication - Starting Springboot2MybatisDemoApplication on yangfengdeMacBook-Pro.local with PID 16487 (/Users/yangfeng/plugs/important/w_lunwen/java/w-java-manage/target/classes started by yangfeng in /Users/yangfeng/plugs/important/w_lunwen/java/w-java-manage)
【xkcoding】2018-09-26 17:46:06.199 INFO  [main] c.w.Springboot2MybatisDemoApplication - No active profile set, falling back to default profiles: default
【xkcoding】2018-09-26 17:46:06.303 INFO  [main] o.s.b.w.s.c.AnnotationConfigServletWebServerApplicationContext - Refreshing org.springframework.boot.web.servlet.context.AnnotationConfigServletWebServerApplicationContext@43b6123e: startup date [Wed Sep 26 17:46:06 CST 2018]; root of context hierarchy
【xkcoding】2018-09-26 17:46:07.510 INFO  [main] o.s.c.s.PostProcessorRegistrationDelegate$BeanPostProcessorChecker - Bean 'org.springframework.transaction.annotation.ProxyTransactionManagementConfiguration' of type [org.springframework.transaction.annotation.ProxyTransactionManagementConfiguration$$EnhancerBySpringCGLIB$$62047615] is not eligible for getting processed by all BeanPostProcessors (for example: not eligible for auto-proxying)
【xkcoding】2018-09-26 17:46:07.945 INFO  [main] o.s.b.w.e.tomcat.TomcatWebServer - Tomcat initialized with port(s): 8099 (http)
【xkcoding】2018-09-26 17:46:07.957 INFO  [main] o.a.coyote.http11.Http11NioProtocol - Initializing ProtocolHandler ["http-nio-8099"]
【xkcoding】2018-09-26 17:46:07.967 INFO  [main] o.a.catalina.core.StandardService - Starting service [Tomcat]
【xkcoding】2018-09-26 17:46:07.967 INFO  [main] o.a.catalina.core.StandardEngine - Starting Servlet Engine: Apache Tomcat/8.5.29
【xkcoding】2018-09-26 17:46:07.971 INFO  [localhost-startStop-1] o.a.c.core.AprLifecycleListener - The APR based Apache Tomcat Native library which allows optimal performance in production environments was not found on the java.library.path: [/Users/yangfeng/Library/Java/Extensions:/Library/Java/Extensions:/Network/Library/Java/Extensions:/System/Library/Java/Extensions:/usr/lib/java:.]
【xkcoding】2018-09-26 17:46:08.051 INFO  [localhost-startStop-1] o.a.c.c.C.[Tomcat].[localhost].[/] - Initializing Spring embedded WebApplicationContext
【xkcoding】2018-09-26 17:46:08.051 INFO  [localhost-startStop-1] o.s.web.context.ContextLoader - Root WebApplicationContext: initialization completed in 1749 ms
【xkcoding】2018-09-26 17:46:08.347 INFO  [localhost-startStop-1] o.s.b.w.s.ServletRegistrationBean - Servlet dispatcherServlet mapped to [/]
【xkcoding】2018-09-26 17:46:08.348 INFO  [localhost-startStop-1] o.s.b.w.s.ServletRegistrationBean - Servlet statViewServlet mapped to [/druid/*]
【xkcoding】2018-09-26 17:46:08.351 INFO  [localhost-startStop-1] o.s.b.w.s.FilterRegistrationBean - Mapping filter: 'characterEncodingFilter' to: [/*]
【xkcoding】2018-09-26 17:46:08.351 INFO  [localhost-startStop-1] o.s.b.w.s.FilterRegistrationBean - Mapping filter: 'hiddenHttpMethodFilter' to: [/*]
【xkcoding】2018-09-26 17:46:08.351 INFO  [localhost-startStop-1] o.s.b.w.s.FilterRegistrationBean - Mapping filter: 'httpPutFormContentFilter' to: [/*]
【xkcoding】2018-09-26 17:46:08.351 INFO  [localhost-startStop-1] o.s.b.w.s.FilterRegistrationBean - Mapping filter: 'requestContextFilter' to: [/*]
【xkcoding】2018-09-26 17:46:08.352 INFO  [localhost-startStop-1] o.s.b.w.s.FilterRegistrationBean - Mapping filter: 'webStatFilter' to urls: [/*]
【xkcoding】2018-09-26 17:46:08.352 INFO  [localhost-startStop-1] o.s.b.w.s.FilterRegistrationBean - Mapping filter: 'corsFilter' to: [/*]
【xkcoding】2018-09-26 17:46:08.426 INFO  [main] c.a.d.s.b.a.DruidDataSourceAutoConfigure - Init DruidDataSource
【xkcoding】2018-09-26 17:46:08.901 INFO  [main] c.alibaba.druid.pool.DruidDataSource - {dataSource-1} inited
【xkcoding】2018-09-26 17:46:09.723 INFO  [main] o.s.w.s.m.m.a.RequestMappingHandlerMapping - Mapped "{[/account/vlogin],methods=[POST]}" onto public java.util.Map<java.lang.String, java.lang.Object> com.winterchen.controller.AccountController.ilogin(java.lang.String,java.lang.String)
【xkcoding】2018-09-26 17:46:09.724 INFO  [main] o.s.w.s.m.m.a.RequestMappingHandlerMapping - Mapped "{[/account/delAccount],methods=[POST]}" onto public java.util.Map<java.lang.String, java.lang.Object> com.winterchen.controller.AccountController.delAccount(java.lang.Integer)
【xkcoding】2018-09-26 17:46:09.724 INFO  [main] o.s.w.s.m.m.a.RequestMappingHandlerMapping - Mapped "{[/account/deleteAccount],methods=[POST]}" onto public java.util.Map<java.lang.String, java.lang.Object> com.winterchen.controller.AccountController.deleteAccount(java.lang.String)
【xkcoding】2018-09-26 17:46:09.724 INFO  [main] o.s.w.s.m.m.a.RequestMappingHandlerMapping - Mapped "{[/account/AddEditAccount],methods=[POST]}" onto public java.util.Map<java.lang.String, java.lang.Object> com.winterchen.controller.AccountController.AddEditAccount(com.winterchen.model.AccountDomain)
【xkcoding】2018-09-26 17:46:09.724 INFO  [main] o.s.w.s.m.m.a.RequestMappingHandlerMapping - Mapped "{[/account/allAccount],methods=[GET]}" onto public java.lang.Object com.winterchen.controller.AccountController.allAccount(int,int)
【xkcoding】2018-09-26 17:46:09.725 INFO  [main] o.s.w.s.m.m.a.RequestMappingHandlerMapping - Mapped "{[/account/updatePwd],methods=[POST]}" onto public java.util.Map<java.lang.String, java.lang.Object> com.winterchen.controller.AccountController.updatePwd(java.lang.String,java.lang.String,java.lang.String)
【xkcoding】2018-09-26 17:46:09.725 INFO  [main] o.s.w.s.m.m.a.RequestMappingHandlerMapping - Mapped "{[/article/getList],methods=[GET]}" onto public java.util.List<com.winterchen.model.ArticleTypeDomain> com.winterchen.controller.ArticleTypeController.getList(java.lang.String)
【xkcoding】2018-09-26 17:46:09.727 INFO  [main] o.s.w.s.m.m.a.RequestMappingHandlerMapping - Mapped "{[/test2],methods=[GET]}" onto public java.util.Map<java.lang.String, java.lang.String> com.winterchen.controller.ExceptionController.test2()
【xkcoding】2018-09-26 17:46:09.728 INFO  [main] o.s.w.s.m.m.a.RequestMappingHandlerMapping - Mapped "{[/test4],methods=[GET]}" onto public java.lang.String com.winterchen.controller.ExceptionController.test4()
【xkcoding】2018-09-26 17:46:09.728 INFO  [main] o.s.w.s.m.m.a.RequestMappingHandlerMapping - Mapped "{[/test3],methods=[GET]}" onto public java.lang.String com.winterchen.controller.ExceptionController.test3(java.lang.Integer)
【xkcoding】2018-09-26 17:46:09.728 INFO  [main] o.s.w.s.m.m.a.RequestMappingHandlerMapping - Mapped "{[/post1],methods=[POST]}" onto public int com.winterchen.controller.ExceptionController.post1(int)
【xkcoding】2018-09-26 17:46:09.728 INFO  [main] o.s.w.s.m.m.a.RequestMappingHandlerMapping - Mapped "{[/test1],methods=[GET]}" onto public java.lang.String com.winterchen.controller.ExceptionController.test1()
【xkcoding】2018-09-26 17:46:09.729 INFO  [main] o.s.w.s.m.m.a.RequestMappingHandlerMapping - Mapped "{[/yf11/{id}],methods=[GET]}" onto public int com.winterchen.controller.ExceptionController.yf11(int)
【xkcoding】2018-09-26 17:46:09.729 INFO  [main] o.s.w.s.m.m.a.RequestMappingHandlerMapping - Mapped "{[/yf1],methods=[GET]}" onto public int com.winterchen.controller.ExceptionController.yf1(int)
【xkcoding】2018-09-26 17:46:09.729 INFO  [main] o.s.w.s.m.m.a.RequestMappingHandlerMapping - Mapped "{[/post2],methods=[POST]}" onto public int com.winterchen.controller.ExceptionController.post2(int)
【xkcoding】2018-09-26 17:46:09.729 INFO  [main] o.s.w.s.m.m.a.RequestMappingHandlerMapping - Mapped "{[/yf2],methods=[GET]}" onto public int com.winterchen.controller.ExceptionController.yf2(int)
【xkcoding】2018-09-26 17:46:09.729 INFO  [main] o.s.w.s.m.m.a.RequestMappingHandlerMapping - Mapped "{[/yf0],methods=[GET]}" onto public int com.winterchen.controller.ExceptionController.yf0(int)
【xkcoding】2018-09-26 17:46:09.730 INFO  [main] o.s.w.s.m.m.a.RequestMappingHandlerMapping - Mapped "{[/post0],methods=[POST]}" onto public int com.winterchen.controller.ExceptionController.post0(int)
【xkcoding】2018-09-26 17:46:09.731 INFO  [main] o.s.w.s.m.m.a.RequestMappingHandlerMapping - Mapped "{[/uploads],methods=[GET]}" onto public java.lang.String com.winterchen.controller.FileUploadController.index()
【xkcoding】2018-09-26 17:46:09.732 INFO  [main] o.s.w.s.m.m.a.RequestMappingHandlerMapping - Mapped "{[/uploads/upload3],methods=[POST]}" onto public void com.winterchen.controller.FileUploadController.upload2(java.lang.String) throws java.io.IOException
【xkcoding】2018-09-26 17:46:09.732 INFO  [main] o.s.w.s.m.m.a.RequestMappingHandlerMapping - Mapped "{[/uploads/upload2],methods=[POST]}" onto public java.util.List<java.util.Map<java.lang.String, java.lang.String>> com.winterchen.controller.FileUploadController.upload2(org.springframework.web.multipart.MultipartFile[]) throws java.io.IOException
【xkcoding】2018-09-26 17:46:09.733 INFO  [main] o.s.w.s.m.m.a.RequestMappingHandlerMapping - Mapped "{[/uploads/upload1],methods=[POST]}" onto public java.util.Map<java.lang.String, java.lang.String> com.winterchen.controller.FileUploadController.upload1(org.springframework.web.multipart.MultipartFile) throws java.io.IOException
【xkcoding】2018-09-26 17:46:09.733 INFO  [main] o.s.w.s.m.m.a.RequestMappingHandlerMapping - Mapped "{[/log/list],methods=[GET]}" onto public java.lang.Object com.winterchen.controller.LogController.findAllLog(int,int)
【xkcoding】2018-09-26 17:46:09.734 INFO  [main] o.s.w.s.m.m.a.RequestMappingHandlerMapping - Mapped "{[/wx/api/insert],methods=[POST]}" onto public java.util.Map<java.lang.String, java.lang.Object> com.winterchen.controller.OrderInfoController.insert(com.winterchen.model.OrderInfoDomain)
【xkcoding】2018-09-26 17:46:09.735 INFO  [main] o.s.w.s.m.m.a.RequestMappingHandlerMapping - Mapped "{[/wx/user/setRole],methods=[POST]}" onto public java.util.Map<java.lang.String, java.lang.Object> com.winterchen.controller.RoleController.setRole(java.lang.String,java.lang.String,java.lang.String)
【xkcoding】2018-09-26 17:46:09.735 INFO  [main] o.s.w.s.m.m.a.RequestMappingHandlerMapping - Mapped "{[/wx/user/baseInfo],methods=[POST]}" onto public java.util.Map<java.lang.String, java.lang.Object> com.winterchen.controller.RoleController.baseInfo(com.winterchen.model.RoleDomain)
【xkcoding】2018-09-26 17:46:09.735 INFO  [main] o.s.w.s.m.m.a.RequestMappingHandlerMapping - Mapped "{[/wx/user/allRole],methods=[GET]}" onto public java.util.Map<java.lang.String, java.lang.Object> com.winterchen.controller.RoleController.allRole(int,int,java.lang.String,java.lang.String,java.lang.String)
【xkcoding】2018-09-26 17:46:09.739 INFO  [main] o.s.w.s.m.m.a.RequestMappingHandlerMapping - Mapped "{[/team/add],methods=[POST]}" onto public java.util.Map<java.lang.String, java.lang.Object> com.winterchen.controller.TeamController.add(com.winterchen.model.TeamDomain)
【xkcoding】2018-09-26 17:46:09.739 INFO  [main] o.s.w.s.m.m.a.RequestMappingHandlerMapping - Mapped "{[/team/dict],methods=[GET]}" onto public java.util.Map<java.lang.String, java.lang.Object> com.winterchen.controller.TeamController.dict(java.lang.String)
【xkcoding】2018-09-26 17:46:09.739 INFO  [main] o.s.w.s.m.m.a.RequestMappingHandlerMapping - Mapped "{[/team/more],methods=[GET]}" onto public java.util.List<com.winterchen.model.dto.UserDto> com.winterchen.controller.TeamController.more()
【xkcoding】2018-09-26 17:46:09.739 INFO  [main] o.s.w.s.m.m.a.RequestMappingHandlerMapping - Mapped "{[/team/show],methods=[GET]}" onto public java.util.Map<java.lang.String, java.lang.Object> com.winterchen.controller.TeamController.show()
【xkcoding】2018-09-26 17:46:09.740 INFO  [main] o.s.w.s.m.m.a.RequestMappingHandlerMapping - Mapped "{[/teamDes/findOne],methods=[GET]}" onto public java.util.Map<java.lang.String, java.lang.Object> com.winterchen.controller.TeamDesController.findOne(java.lang.String)
【xkcoding】2018-09-26 17:46:09.744 INFO  [main] o.s.w.s.m.m.a.RequestMappingHandlerMapping - Mapped "{[/user/add],methods=[POST]}" onto public java.util.Map<java.lang.String, java.lang.Object> com.winterchen.controller.UserController.addUser(com.winterchen.model.UserDomain)
【xkcoding】2018-09-26 17:46:09.744 INFO  [main] o.s.w.s.m.m.a.RequestMappingHandlerMapping - Mapped "{[/user/alone],methods=[POST]}" onto public java.util.Map<java.lang.String, java.lang.Object> com.winterchen.controller.UserController.alone(java.lang.Integer)
【xkcoding】2018-09-26 17:46:09.744 INFO  [main] o.s.w.s.m.m.a.RequestMappingHandlerMapping - Mapped "{[/user/all],methods=[GET]}" onto public java.lang.Object com.winterchen.controller.UserController.findAllUser(int,int,java.lang.String,java.lang.String)
【xkcoding】2018-09-26 17:46:09.745 INFO  [main] o.s.w.s.m.m.a.RequestMappingHandlerMapping - Mapped "{[/user/del],methods=[POST]}" onto public java.util.Map<java.lang.String, java.lang.Object> com.winterchen.controller.UserController.removeArea(java.lang.Integer)
【xkcoding】2018-09-26 17:46:09.748 INFO  [main] o.s.w.s.m.m.a.RequestMappingHandlerMapping - Mapped "{[/swagger-resources/configuration/security]}" onto public org.springframework.http.ResponseEntity<springfox.documentation.swagger.web.SecurityConfiguration> springfox.documentation.swagger.web.ApiResourceController.securityConfiguration()
【xkcoding】2018-09-26 17:46:09.749 INFO  [main] o.s.w.s.m.m.a.RequestMappingHandlerMapping - Mapped "{[/swagger-resources/configuration/ui]}" onto public org.springframework.http.ResponseEntity<springfox.documentation.swagger.web.UiConfiguration> springfox.documentation.swagger.web.ApiResourceController.uiConfiguration()
【xkcoding】2018-09-26 17:46:09.749 INFO  [main] o.s.w.s.m.m.a.RequestMappingHandlerMapping - Mapped "{[/swagger-resources]}" onto public org.springframework.http.ResponseEntity<java.util.List<springfox.documentation.swagger.web.SwaggerResource>> springfox.documentation.swagger.web.ApiResourceController.swaggerResources()
【xkcoding】2018-09-26 17:46:09.752 INFO  [main] o.s.w.s.m.m.a.RequestMappingHandlerMapping - Mapped "{[/error]}" onto public org.springframework.http.ResponseEntity<java.util.Map<java.lang.String, java.lang.Object>> org.springframework.boot.autoconfigure.web.servlet.error.BasicErrorController.error(javax.servlet.http.HttpServletRequest)
【xkcoding】2018-09-26 17:46:09.752 INFO  [main] o.s.w.s.m.m.a.RequestMappingHandlerMapping - Mapped "{[/error],produces=[text/html]}" onto public org.springframework.web.servlet.ModelAndView org.springframework.boot.autoconfigure.web.servlet.error.BasicErrorController.errorHtml(javax.servlet.http.HttpServletRequest,javax.servlet.http.HttpServletResponse)
【xkcoding】2018-09-26 17:46:09.925 INFO  [main] s.d.s.w.PropertySourcedRequestMappingHandlerMapping - Mapped URL path [/v2/api-docs] onto method [public org.springframework.http.ResponseEntity<springfox.documentation.spring.web.json.Json> springfox.documentation.swagger2.web.Swagger2Controller.getDocumentation(java.lang.String,javax.servlet.http.HttpServletRequest)]
【xkcoding】2018-09-26 17:46:10.150 INFO  [main] o.s.w.s.h.SimpleUrlHandlerMapping - Mapped URL path [/**/favicon.ico] onto handler of type [class org.springframework.web.servlet.resource.ResourceHttpRequestHandler]
【xkcoding】2018-09-26 17:46:10.366 INFO  [main] o.s.w.s.m.m.a.RequestMappingHandlerAdapter - Looking for @ControllerAdvice: org.springframework.boot.web.servlet.context.AnnotationConfigServletWebServerApplicationContext@43b6123e: startup date [Wed Sep 26 17:46:06 CST 2018]; root of context hierarchy
【xkcoding】2018-09-26 17:46:10.440 INFO  [main] o.s.w.s.h.SimpleUrlHandlerMapping - Mapped URL path [/webjars/**] onto handler of type [class org.springframework.web.servlet.resource.ResourceHttpRequestHandler]
【xkcoding】2018-09-26 17:46:10.440 INFO  [main] o.s.w.s.h.SimpleUrlHandlerMapping - Mapped URL path [/**] onto handler of type [class org.springframework.web.servlet.resource.ResourceHttpRequestHandler]
【xkcoding】2018-09-26 17:46:10.464 INFO  [main] o.s.w.s.m.m.a.ExceptionHandlerExceptionResolver - Detected @ExceptionHandler methods in globalExceptionHandler
【xkcoding】2018-09-26 17:46:10.928 INFO  [main] o.s.j.e.a.AnnotationMBeanExporter - Registering beans for JMX exposure on startup
【xkcoding】2018-09-26 17:46:10.930 INFO  [main] o.s.j.e.a.AnnotationMBeanExporter - Bean with name 'statFilter' has been autodetected for JMX exposure
【xkcoding】2018-09-26 17:46:10.930 INFO  [main] o.s.j.e.a.AnnotationMBeanExporter - Bean with name 'dataSource' has been autodetected for JMX exposure
【xkcoding】2018-09-26 17:46:10.937 INFO  [main] o.s.j.e.a.AnnotationMBeanExporter - Located MBean 'dataSource': registering with JMX server as MBean [com.alibaba.druid.spring.boot.autoconfigure:name=dataSource,type=DruidDataSourceWrapper]
【xkcoding】2018-09-26 17:46:10.938 INFO  [main] o.s.j.e.a.AnnotationMBeanExporter - Located MBean 'statFilter': registering with JMX server as MBean [com.alibaba.druid.filter.stat:name=statFilter,type=StatFilter]
【xkcoding】2018-09-26 17:46:10.942 INFO  [main] o.s.c.s.DefaultLifecycleProcessor - Starting beans in phase 2147483647
【xkcoding】2018-09-26 17:46:10.943 INFO  [main] s.d.s.w.p.DocumentationPluginsBootstrapper - Context refreshed
【xkcoding】2018-09-26 17:46:10.961 INFO  [main] s.d.s.w.p.DocumentationPluginsBootstrapper - Found 1 custom documentation plugin(s)
【xkcoding】2018-09-26 17:46:10.995 INFO  [main] s.d.s.w.s.ApiListingReferenceScanner - Scanning for api listing references
【xkcoding】2018-09-26 17:46:11.223 INFO  [main] s.d.s.w.r.o.CachingOperationNameGenerator - Generating unique operation named: upload2UsingPOST_1
【xkcoding】2018-09-26 17:46:11.323 INFO  [main] o.a.coyote.http11.Http11NioProtocol - Starting ProtocolHandler ["http-nio-8099"]
【xkcoding】2018-09-26 17:46:11.349 INFO  [main] o.a.tomcat.util.net.NioSelectorPool - Using a shared selector for servlet write/read
【xkcoding】2018-09-26 17:46:11.364 INFO  [main] o.s.b.w.e.tomcat.TomcatWebServer - Tomcat started on port(s): 8099 (http) with context path ''
【xkcoding】2018-09-26 17:46:11.369 INFO  [main] c.w.Springboot2MybatisDemoApplication - Started Springboot2MybatisDemoApplication in 5.77 seconds (JVM running for 6.659)
【xkcoding】2018-09-26 17:46:16.161 INFO  [http-nio-8099-exec-1] o.a.c.c.C.[Tomcat].[localhost].[/] - Initializing Spring FrameworkServlet 'dispatcherServlet'
【xkcoding】2018-09-26 17:46:16.163 INFO  [http-nio-8099-exec-1] o.s.web.servlet.DispatcherServlet - FrameworkServlet 'dispatcherServlet': initialization started
【xkcoding】2018-09-26 17:46:16.188 INFO  [http-nio-8099-exec-1] o.s.web.servlet.DispatcherServlet - FrameworkServlet 'dispatcherServlet': initialization completed in 25 ms
【xkcoding】2018-09-26 17:46:16.236 INFO  [http-nio-8099-exec-1] com.winterchen.aspectj.AopLog - 【请求类名】：com.winterchen.controller.OrderInfoController，【请求方法名】：insert
【xkcoding】2018-09-26 17:46:16.282 INFO  [http-nio-8099-exec-1] o.s.b.f.xml.XmlBeanDefinitionReader - Loading XML bean definitions from class path resource [org/springframework/jdbc/support/sql-error-codes.xml]
【xkcoding】2018-09-26 17:46:16.312 INFO  [http-nio-8099-exec-1] o.s.j.support.SQLErrorCodesFactory - SQLErrorCodes loaded: [DB2, Derby, H2, HDB, HSQL, Informix, MS-SQL, MySQL, Oracle, PostgreSQL, Sybase]
【xkcoding】2018-09-26 17:46:56.314 INFO  [Thread-15] o.s.b.w.s.c.AnnotationConfigServletWebServerApplicationContext - Closing org.springframework.boot.web.servlet.context.AnnotationConfigServletWebServerApplicationContext@43b6123e: startup date [Wed Sep 26 17:46:06 CST 2018]; root of context hierarchy
【xkcoding】2018-09-26 17:46:56.317 INFO  [Thread-15] o.s.c.s.DefaultLifecycleProcessor - Stopping beans in phase 2147483647
【xkcoding】2018-09-26 17:46:56.318 INFO  [Thread-15] o.s.j.e.a.AnnotationMBeanExporter - Unregistering JMX-exposed beans on shutdown
【xkcoding】2018-09-26 17:46:56.319 INFO  [Thread-15] o.s.j.e.a.AnnotationMBeanExporter - Unregistering JMX-exposed beans
【xkcoding】2018-09-26 17:46:56.325 INFO  [Thread-15] c.alibaba.druid.pool.DruidDataSource - {dataSource-1} closed
【xkcoding】2018-09-26 17:46:58.928 INFO  [main] c.w.Springboot2MybatisDemoApplication - Starting Springboot2MybatisDemoApplication on yangfengdeMacBook-Pro.local with PID 16492 (/Users/yangfeng/plugs/important/w_lunwen/java/w-java-manage/target/classes started by yangfeng in /Users/yangfeng/plugs/important/w_lunwen/java/w-java-manage)
【xkcoding】2018-09-26 17:46:58.932 INFO  [main] c.w.Springboot2MybatisDemoApplication - No active profile set, falling back to default profiles: default
【xkcoding】2018-09-26 17:46:59.028 INFO  [main] o.s.b.w.s.c.AnnotationConfigServletWebServerApplicationContext - Refreshing org.springframework.boot.web.servlet.context.AnnotationConfigServletWebServerApplicationContext@4b3ed2f0: startup date [Wed Sep 26 17:46:59 CST 2018]; root of context hierarchy
【xkcoding】2018-09-26 17:47:00.173 INFO  [main] o.s.c.s.PostProcessorRegistrationDelegate$BeanPostProcessorChecker - Bean 'org.springframework.transaction.annotation.ProxyTransactionManagementConfiguration' of type [org.springframework.transaction.annotation.ProxyTransactionManagementConfiguration$$EnhancerBySpringCGLIB$$7dbe09f9] is not eligible for getting processed by all BeanPostProcessors (for example: not eligible for auto-proxying)
【xkcoding】2018-09-26 17:47:00.653 INFO  [main] o.s.b.w.e.tomcat.TomcatWebServer - Tomcat initialized with port(s): 8099 (http)
【xkcoding】2018-09-26 17:47:00.665 INFO  [main] o.a.coyote.http11.Http11NioProtocol - Initializing ProtocolHandler ["http-nio-8099"]
【xkcoding】2018-09-26 17:47:00.676 INFO  [main] o.a.catalina.core.StandardService - Starting service [Tomcat]
【xkcoding】2018-09-26 17:47:00.676 INFO  [main] o.a.catalina.core.StandardEngine - Starting Servlet Engine: Apache Tomcat/8.5.29
【xkcoding】2018-09-26 17:47:00.681 INFO  [localhost-startStop-1] o.a.c.core.AprLifecycleListener - The APR based Apache Tomcat Native library which allows optimal performance in production environments was not found on the java.library.path: [/Users/yangfeng/Library/Java/Extensions:/Library/Java/Extensions:/Network/Library/Java/Extensions:/System/Library/Java/Extensions:/usr/lib/java:.]
【xkcoding】2018-09-26 17:47:00.765 INFO  [localhost-startStop-1] o.a.c.c.C.[Tomcat].[localhost].[/] - Initializing Spring embedded WebApplicationContext
【xkcoding】2018-09-26 17:47:00.766 INFO  [localhost-startStop-1] o.s.web.context.ContextLoader - Root WebApplicationContext: initialization completed in 1739 ms
【xkcoding】2018-09-26 17:47:01.064 INFO  [localhost-startStop-1] o.s.b.w.s.ServletRegistrationBean - Servlet dispatcherServlet mapped to [/]
【xkcoding】2018-09-26 17:47:01.065 INFO  [localhost-startStop-1] o.s.b.w.s.ServletRegistrationBean - Servlet statViewServlet mapped to [/druid/*]
【xkcoding】2018-09-26 17:47:01.069 INFO  [localhost-startStop-1] o.s.b.w.s.FilterRegistrationBean - Mapping filter: 'characterEncodingFilter' to: [/*]
【xkcoding】2018-09-26 17:47:01.069 INFO  [localhost-startStop-1] o.s.b.w.s.FilterRegistrationBean - Mapping filter: 'hiddenHttpMethodFilter' to: [/*]
【xkcoding】2018-09-26 17:47:01.069 INFO  [localhost-startStop-1] o.s.b.w.s.FilterRegistrationBean - Mapping filter: 'httpPutFormContentFilter' to: [/*]
【xkcoding】2018-09-26 17:47:01.069 INFO  [localhost-startStop-1] o.s.b.w.s.FilterRegistrationBean - Mapping filter: 'requestContextFilter' to: [/*]
【xkcoding】2018-09-26 17:47:01.069 INFO  [localhost-startStop-1] o.s.b.w.s.FilterRegistrationBean - Mapping filter: 'webStatFilter' to urls: [/*]
【xkcoding】2018-09-26 17:47:01.070 INFO  [localhost-startStop-1] o.s.b.w.s.FilterRegistrationBean - Mapping filter: 'corsFilter' to: [/*]
【xkcoding】2018-09-26 17:47:01.148 INFO  [main] c.a.d.s.b.a.DruidDataSourceAutoConfigure - Init DruidDataSource
【xkcoding】2018-09-26 17:47:01.630 INFO  [main] c.alibaba.druid.pool.DruidDataSource - {dataSource-1} inited
【xkcoding】2018-09-26 17:47:02.451 INFO  [main] o.s.w.s.m.m.a.RequestMappingHandlerMapping - Mapped "{[/account/vlogin],methods=[POST]}" onto public java.util.Map<java.lang.String, java.lang.Object> com.winterchen.controller.AccountController.ilogin(java.lang.String,java.lang.String)
【xkcoding】2018-09-26 17:47:02.452 INFO  [main] o.s.w.s.m.m.a.RequestMappingHandlerMapping - Mapped "{[/account/delAccount],methods=[POST]}" onto public java.util.Map<java.lang.String, java.lang.Object> com.winterchen.controller.AccountController.delAccount(java.lang.Integer)
【xkcoding】2018-09-26 17:47:02.452 INFO  [main] o.s.w.s.m.m.a.RequestMappingHandlerMapping - Mapped "{[/account/deleteAccount],methods=[POST]}" onto public java.util.Map<java.lang.String, java.lang.Object> com.winterchen.controller.AccountController.deleteAccount(java.lang.String)
【xkcoding】2018-09-26 17:47:02.453 INFO  [main] o.s.w.s.m.m.a.RequestMappingHandlerMapping - Mapped "{[/account/AddEditAccount],methods=[POST]}" onto public java.util.Map<java.lang.String, java.lang.Object> com.winterchen.controller.AccountController.AddEditAccount(com.winterchen.model.AccountDomain)
【xkcoding】2018-09-26 17:47:02.453 INFO  [main] o.s.w.s.m.m.a.RequestMappingHandlerMapping - Mapped "{[/account/allAccount],methods=[GET]}" onto public java.lang.Object com.winterchen.controller.AccountController.allAccount(int,int)
【xkcoding】2018-09-26 17:47:02.453 INFO  [main] o.s.w.s.m.m.a.RequestMappingHandlerMapping - Mapped "{[/account/updatePwd],methods=[POST]}" onto public java.util.Map<java.lang.String, java.lang.Object> com.winterchen.controller.AccountController.updatePwd(java.lang.String,java.lang.String,java.lang.String)
【xkcoding】2018-09-26 17:47:02.454 INFO  [main] o.s.w.s.m.m.a.RequestMappingHandlerMapping - Mapped "{[/article/getList],methods=[GET]}" onto public java.util.List<com.winterchen.model.ArticleTypeDomain> com.winterchen.controller.ArticleTypeController.getList(java.lang.String)
【xkcoding】2018-09-26 17:47:02.456 INFO  [main] o.s.w.s.m.m.a.RequestMappingHandlerMapping - Mapped "{[/yf1],methods=[GET]}" onto public int com.winterchen.controller.ExceptionController.yf1(int)
【xkcoding】2018-09-26 17:47:02.457 INFO  [main] o.s.w.s.m.m.a.RequestMappingHandlerMapping - Mapped "{[/post0],methods=[POST]}" onto public int com.winterchen.controller.ExceptionController.post0(int)
【xkcoding】2018-09-26 17:47:02.457 INFO  [main] o.s.w.s.m.m.a.RequestMappingHandlerMapping - Mapped "{[/test1],methods=[GET]}" onto public java.lang.String com.winterchen.controller.ExceptionController.test1()
【xkcoding】2018-09-26 17:47:02.457 INFO  [main] o.s.w.s.m.m.a.RequestMappingHandlerMapping - Mapped "{[/test3],methods=[GET]}" onto public java.lang.String com.winterchen.controller.ExceptionController.test3(java.lang.Integer)
【xkcoding】2018-09-26 17:47:02.458 INFO  [main] o.s.w.s.m.m.a.RequestMappingHandlerMapping - Mapped "{[/post1],methods=[POST]}" onto public int com.winterchen.controller.ExceptionController.post1(int)
【xkcoding】2018-09-26 17:47:02.458 INFO  [main] o.s.w.s.m.m.a.RequestMappingHandlerMapping - Mapped "{[/test4],methods=[GET]}" onto public java.lang.String com.winterchen.controller.ExceptionController.test4()
【xkcoding】2018-09-26 17:47:02.458 INFO  [main] o.s.w.s.m.m.a.RequestMappingHandlerMapping - Mapped "{[/test2],methods=[GET]}" onto public java.util.Map<java.lang.String, java.lang.String> com.winterchen.controller.ExceptionController.test2()
【xkcoding】2018-09-26 17:47:02.459 INFO  [main] o.s.w.s.m.m.a.RequestMappingHandlerMapping - Mapped "{[/post2],methods=[POST]}" onto public int com.winterchen.controller.ExceptionController.post2(int)
【xkcoding】2018-09-26 17:47:02.459 INFO  [main] o.s.w.s.m.m.a.RequestMappingHandlerMapping - Mapped "{[/yf11/{id}],methods=[GET]}" onto public int com.winterchen.controller.ExceptionController.yf11(int)
【xkcoding】2018-09-26 17:47:02.459 INFO  [main] o.s.w.s.m.m.a.RequestMappingHandlerMapping - Mapped "{[/yf2],methods=[GET]}" onto public int com.winterchen.controller.ExceptionController.yf2(int)
【xkcoding】2018-09-26 17:47:02.460 INFO  [main] o.s.w.s.m.m.a.RequestMappingHandlerMapping - Mapped "{[/yf0],methods=[GET]}" onto public int com.winterchen.controller.ExceptionController.yf0(int)
【xkcoding】2018-09-26 17:47:02.461 INFO  [main] o.s.w.s.m.m.a.RequestMappingHandlerMapping - Mapped "{[/uploads],methods=[GET]}" onto public java.lang.String com.winterchen.controller.FileUploadController.index()
【xkcoding】2018-09-26 17:47:02.462 INFO  [main] o.s.w.s.m.m.a.RequestMappingHandlerMapping - Mapped "{[/uploads/upload1],methods=[POST]}" onto public java.util.Map<java.lang.String, java.lang.String> com.winterchen.controller.FileUploadController.upload1(org.springframework.web.multipart.MultipartFile) throws java.io.IOException
【xkcoding】2018-09-26 17:47:02.463 INFO  [main] o.s.w.s.m.m.a.RequestMappingHandlerMapping - Mapped "{[/uploads/upload3],methods=[POST]}" onto public void com.winterchen.controller.FileUploadController.upload2(java.lang.String) throws java.io.IOException
【xkcoding】2018-09-26 17:47:02.463 INFO  [main] o.s.w.s.m.m.a.RequestMappingHandlerMapping - Mapped "{[/uploads/upload2],methods=[POST]}" onto public java.util.List<java.util.Map<java.lang.String, java.lang.String>> com.winterchen.controller.FileUploadController.upload2(org.springframework.web.multipart.MultipartFile[]) throws java.io.IOException
【xkcoding】2018-09-26 17:47:02.464 INFO  [main] o.s.w.s.m.m.a.RequestMappingHandlerMapping - Mapped "{[/log/list],methods=[GET]}" onto public java.lang.Object com.winterchen.controller.LogController.findAllLog(int,int)
【xkcoding】2018-09-26 17:47:02.465 INFO  [main] o.s.w.s.m.m.a.RequestMappingHandlerMapping - Mapped "{[/wx/api/insert],methods=[POST]}" onto public java.util.Map<java.lang.String, java.lang.Object> com.winterchen.controller.OrderInfoController.insert(com.winterchen.model.OrderInfoDomain)
【xkcoding】2018-09-26 17:47:02.466 INFO  [main] o.s.w.s.m.m.a.RequestMappingHandlerMapping - Mapped "{[/wx/user/baseInfo],methods=[POST]}" onto public java.util.Map<java.lang.String, java.lang.Object> com.winterchen.controller.RoleController.baseInfo(com.winterchen.model.RoleDomain)
【xkcoding】2018-09-26 17:47:02.466 INFO  [main] o.s.w.s.m.m.a.RequestMappingHandlerMapping - Mapped "{[/wx/user/allRole],methods=[GET]}" onto public java.util.Map<java.lang.String, java.lang.Object> com.winterchen.controller.RoleController.allRole(int,int,java.lang.String,java.lang.String,java.lang.String)
【xkcoding】2018-09-26 17:47:02.467 INFO  [main] o.s.w.s.m.m.a.RequestMappingHandlerMapping - Mapped "{[/wx/user/setRole],methods=[POST]}" onto public java.util.Map<java.lang.String, java.lang.Object> com.winterchen.controller.RoleController.setRole(java.lang.String,java.lang.String,java.lang.String)
【xkcoding】2018-09-26 17:47:02.470 INFO  [main] o.s.w.s.m.m.a.RequestMappingHandlerMapping - Mapped "{[/team/add],methods=[POST]}" onto public java.util.Map<java.lang.String, java.lang.Object> com.winterchen.controller.TeamController.add(com.winterchen.model.TeamDomain)
【xkcoding】2018-09-26 17:47:02.471 INFO  [main] o.s.w.s.m.m.a.RequestMappingHandlerMapping - Mapped "{[/team/more],methods=[GET]}" onto public java.util.List<com.winterchen.model.dto.UserDto> com.winterchen.controller.TeamController.more()
【xkcoding】2018-09-26 17:47:02.471 INFO  [main] o.s.w.s.m.m.a.RequestMappingHandlerMapping - Mapped "{[/team/dict],methods=[GET]}" onto public java.util.Map<java.lang.String, java.lang.Object> com.winterchen.controller.TeamController.dict(java.lang.String)
【xkcoding】2018-09-26 17:47:02.471 INFO  [main] o.s.w.s.m.m.a.RequestMappingHandlerMapping - Mapped "{[/team/show],methods=[GET]}" onto public java.util.Map<java.lang.String, java.lang.Object> com.winterchen.controller.TeamController.show()
【xkcoding】2018-09-26 17:47:02.472 INFO  [main] o.s.w.s.m.m.a.RequestMappingHandlerMapping - Mapped "{[/teamDes/findOne],methods=[GET]}" onto public java.util.Map<java.lang.String, java.lang.Object> com.winterchen.controller.TeamDesController.findOne(java.lang.String)
【xkcoding】2018-09-26 17:47:02.476 INFO  [main] o.s.w.s.m.m.a.RequestMappingHandlerMapping - Mapped "{[/user/alone],methods=[POST]}" onto public java.util.Map<java.lang.String, java.lang.Object> com.winterchen.controller.UserController.alone(java.lang.Integer)
【xkcoding】2018-09-26 17:47:02.477 INFO  [main] o.s.w.s.m.m.a.RequestMappingHandlerMapping - Mapped "{[/user/add],methods=[POST]}" onto public java.util.Map<java.lang.String, java.lang.Object> com.winterchen.controller.UserController.addUser(com.winterchen.model.UserDomain)
【xkcoding】2018-09-26 17:47:02.477 INFO  [main] o.s.w.s.m.m.a.RequestMappingHandlerMapping - Mapped "{[/user/all],methods=[GET]}" onto public java.lang.Object com.winterchen.controller.UserController.findAllUser(int,int,java.lang.String,java.lang.String)
【xkcoding】2018-09-26 17:47:02.477 INFO  [main] o.s.w.s.m.m.a.RequestMappingHandlerMapping - Mapped "{[/user/del],methods=[POST]}" onto public java.util.Map<java.lang.String, java.lang.Object> com.winterchen.controller.UserController.removeArea(java.lang.Integer)
【xkcoding】2018-09-26 17:47:02.481 INFO  [main] o.s.w.s.m.m.a.RequestMappingHandlerMapping - Mapped "{[/swagger-resources/configuration/security]}" onto public org.springframework.http.ResponseEntity<springfox.documentation.swagger.web.SecurityConfiguration> springfox.documentation.swagger.web.ApiResourceController.securityConfiguration()
【xkcoding】2018-09-26 17:47:02.482 INFO  [main] o.s.w.s.m.m.a.RequestMappingHandlerMapping - Mapped "{[/swagger-resources]}" onto public org.springframework.http.ResponseEntity<java.util.List<springfox.documentation.swagger.web.SwaggerResource>> springfox.documentation.swagger.web.ApiResourceController.swaggerResources()
【xkcoding】2018-09-26 17:47:02.483 INFO  [main] o.s.w.s.m.m.a.RequestMappingHandlerMapping - Mapped "{[/swagger-resources/configuration/ui]}" onto public org.springframework.http.ResponseEntity<springfox.documentation.swagger.web.UiConfiguration> springfox.documentation.swagger.web.ApiResourceController.uiConfiguration()
【xkcoding】2018-09-26 17:47:02.485 INFO  [main] o.s.w.s.m.m.a.RequestMappingHandlerMapping - Mapped "{[/error]}" onto public org.springframework.http.ResponseEntity<java.util.Map<java.lang.String, java.lang.Object>> org.springframework.boot.autoconfigure.web.servlet.error.BasicErrorController.error(javax.servlet.http.HttpServletRequest)
【xkcoding】2018-09-26 17:47:02.486 INFO  [main] o.s.w.s.m.m.a.RequestMappingHandlerMapping - Mapped "{[/error],produces=[text/html]}" onto public org.springframework.web.servlet.ModelAndView org.springframework.boot.autoconfigure.web.servlet.error.BasicErrorController.errorHtml(javax.servlet.http.HttpServletRequest,javax.servlet.http.HttpServletResponse)
【xkcoding】2018-09-26 17:47:02.667 INFO  [main] s.d.s.w.PropertySourcedRequestMappingHandlerMapping - Mapped URL path [/v2/api-docs] onto method [public org.springframework.http.ResponseEntity<springfox.documentation.spring.web.json.Json> springfox.documentation.swagger2.web.Swagger2Controller.getDocumentation(java.lang.String,javax.servlet.http.HttpServletRequest)]
【xkcoding】2018-09-26 17:47:02.891 INFO  [main] o.s.w.s.h.SimpleUrlHandlerMapping - Mapped URL path [/**/favicon.ico] onto handler of type [class org.springframework.web.servlet.resource.ResourceHttpRequestHandler]
【xkcoding】2018-09-26 17:47:03.114 INFO  [main] o.s.w.s.m.m.a.RequestMappingHandlerAdapter - Looking for @ControllerAdvice: org.springframework.boot.web.servlet.context.AnnotationConfigServletWebServerApplicationContext@4b3ed2f0: startup date [Wed Sep 26 17:46:59 CST 2018]; root of context hierarchy
【xkcoding】2018-09-26 17:47:03.181 INFO  [main] o.s.w.s.h.SimpleUrlHandlerMapping - Mapped URL path [/webjars/**] onto handler of type [class org.springframework.web.servlet.resource.ResourceHttpRequestHandler]
【xkcoding】2018-09-26 17:47:03.181 INFO  [main] o.s.w.s.h.SimpleUrlHandlerMapping - Mapped URL path [/**] onto handler of type [class org.springframework.web.servlet.resource.ResourceHttpRequestHandler]
【xkcoding】2018-09-26 17:47:03.200 INFO  [main] o.s.w.s.m.m.a.ExceptionHandlerExceptionResolver - Detected @ExceptionHandler methods in globalExceptionHandler
【xkcoding】2018-09-26 17:47:03.689 INFO  [main] o.s.j.e.a.AnnotationMBeanExporter - Registering beans for JMX exposure on startup
【xkcoding】2018-09-26 17:47:03.691 INFO  [main] o.s.j.e.a.AnnotationMBeanExporter - Bean with name 'statFilter' has been autodetected for JMX exposure
【xkcoding】2018-09-26 17:47:03.691 INFO  [main] o.s.j.e.a.AnnotationMBeanExporter - Bean with name 'dataSource' has been autodetected for JMX exposure
【xkcoding】2018-09-26 17:47:03.698 INFO  [main] o.s.j.e.a.AnnotationMBeanExporter - Located MBean 'dataSource': registering with JMX server as MBean [com.alibaba.druid.spring.boot.autoconfigure:name=dataSource,type=DruidDataSourceWrapper]
【xkcoding】2018-09-26 17:47:03.699 INFO  [main] o.s.j.e.a.AnnotationMBeanExporter - Located MBean 'statFilter': registering with JMX server as MBean [com.alibaba.druid.filter.stat:name=statFilter,type=StatFilter]
【xkcoding】2018-09-26 17:47:03.703 INFO  [main] o.s.c.s.DefaultLifecycleProcessor - Starting beans in phase 2147483647
【xkcoding】2018-09-26 17:47:03.703 INFO  [main] s.d.s.w.p.DocumentationPluginsBootstrapper - Context refreshed
【xkcoding】2018-09-26 17:47:03.718 INFO  [main] s.d.s.w.p.DocumentationPluginsBootstrapper - Found 1 custom documentation plugin(s)
【xkcoding】2018-09-26 17:47:03.763 INFO  [main] s.d.s.w.s.ApiListingReferenceScanner - Scanning for api listing references
【xkcoding】2018-09-26 17:47:04.018 INFO  [main] s.d.s.w.r.o.CachingOperationNameGenerator - Generating unique operation named: upload2UsingPOST_1
【xkcoding】2018-09-26 17:47:04.112 INFO  [main] o.a.coyote.http11.Http11NioProtocol - Starting ProtocolHandler ["http-nio-8099"]
【xkcoding】2018-09-26 17:47:04.138 INFO  [main] o.a.tomcat.util.net.NioSelectorPool - Using a shared selector for servlet write/read
【xkcoding】2018-09-26 17:47:04.153 INFO  [main] o.s.b.w.e.tomcat.TomcatWebServer - Tomcat started on port(s): 8099 (http) with context path ''
【xkcoding】2018-09-26 17:47:04.158 INFO  [main] c.w.Springboot2MybatisDemoApplication - Started Springboot2MybatisDemoApplication in 5.739 seconds (JVM running for 6.538)
【xkcoding】2018-09-26 17:47:08.730 INFO  [http-nio-8099-exec-1] o.a.c.c.C.[Tomcat].[localhost].[/] - Initializing Spring FrameworkServlet 'dispatcherServlet'
【xkcoding】2018-09-26 17:47:08.731 INFO  [http-nio-8099-exec-1] o.s.web.servlet.DispatcherServlet - FrameworkServlet 'dispatcherServlet': initialization started
【xkcoding】2018-09-26 17:47:08.755 INFO  [http-nio-8099-exec-1] o.s.web.servlet.DispatcherServlet - FrameworkServlet 'dispatcherServlet': initialization completed in 24 ms
【xkcoding】2018-09-26 17:47:08.806 INFO  [http-nio-8099-exec-1] com.winterchen.aspectj.AopLog - 【请求类名】：com.winterchen.controller.OrderInfoController，【请求方法名】：insert
【xkcoding】2018-09-26 18:01:11.658 INFO  [http-nio-8099-exec-6] com.winterchen.aspectj.AopLog - 【请求类名】：com.winterchen.controller.AccountController，【请求方法名】：ilogin
【xkcoding】2018-09-26 18:01:13.596 INFO  [http-nio-8099-exec-7] com.winterchen.aspectj.AopLog - 【请求类名】：com.winterchen.controller.AccountController，【请求方法名】：allAccount
【xkcoding】2018-09-26 18:01:16.111 INFO  [http-nio-8099-exec-9] com.winterchen.aspectj.AopLog - 【请求类名】：com.winterchen.controller.TeamController，【请求方法名】：dict
【xkcoding】2018-09-26 18:01:16.111 INFO  [http-nio-8099-exec-8] com.winterchen.aspectj.AopLog - 【请求类名】：com.winterchen.controller.RoleController，【请求方法名】：allRole
【xkcoding】2018-09-26 18:01:16.172 INFO  [http-nio-8099-exec-10] com.winterchen.aspectj.AopLog - 【请求类名】：com.winterchen.controller.TeamController，【请求方法名】：show
